TN:
SF:/usr/include/c++/11/bits/basic_string.h
FN:251,_ZNSt7__cxx1112basic_stringIcSt11char_traitsIcESaIcEE16_M_construct_auxIPcEEvT_S7_St12__false_type
FNDA:0,_ZNSt7__cxx1112basic_stringIcSt11char_traitsIcESaIcEE16_M_construct_auxIPcEEvT_S7_St12__false_type
FN:271,_ZNSt7__cxx1112basic_stringIcSt11char_traitsIcESaIcEE12_M_constructIPcEEvT_S7_
FNDA:0,_ZNSt7__cxx1112basic_stringIcSt11char_traitsIcESaIcEE12_M_constructIPcEEvT_S7_
FN:533,_ZNSt7__cxx1112basic_stringIcSt11char_traitsIcESaIcEEC2IS3_EEPKcRKS3_
FNDA:23,_ZNSt7__cxx1112basic_stringIcSt11char_traitsIcESaIcEEC2IS3_EEPKcRKS3_
DA:251,0
DA:255,0
DA:256,0
DA:271,0
DA:274,0
DA:275,0
DA:533,23
DA:534,23
DA:536,23
DA:539,23
DA:540,23
end_of_record
SF:/home/noam/Desktop/OS_updated/EX4/9/Server/ActiveObject.h
end_of_record
SF:/usr/include/c++/11/bits/basic_string.tcc
FN:206,_ZNSt7__cxx1112basic_stringIcSt11char_traitsIcESaIcEE12_M_constructIPcEEvT_S7_St20forward_iterator_tag
FNDA:0,_ZNSt7__cxx1112basic_stringIcSt11char_traitsIcESaIcEE12_M_constructIPcEEvT_S7_St20forward_iterator_tag
FN:206,_ZNSt7__cxx1112basic_stringIcSt11char_traitsIcESaIcEE12_M_constructIPKcEEvT_S8_St20forward_iterator_tag
FNDA:23,_ZNSt7__cxx1112basic_stringIcSt11char_traitsIcESaIcEE12_M_constructIPKcEEvT_S8_St20forward_iterator_tag
DA:206,0
DA:211,0
DA:212,0
DA:215,0
DA:217,0
DA:219,0
DA:220,0
DA:225,0
DA:226,0
DA:228,0
DA:229,0
DA:232,0
DA:233,0
DA:206,23
DA:211,23
DA:212,0
DA:215,23
DA:217,23
DA:219,11
DA:220,11
DA:225,23
DA:226,0
DA:228,0
DA:229,0
DA:232,23
DA:233,23
end_of_record
SF:/usr/include/c++/11/bits/char_traits.h
FN:106,_ZN9__gnu_cxx11char_traitsIcE2eqERKcS3_
FNDA:0,_ZN9__gnu_cxx11char_traitsIcE2eqERKcS3_
FN:167,_ZN9__gnu_cxx11char_traitsIcE6lengthEPKc
FNDA:0,_ZN9__gnu_cxx11char_traitsIcE6lengthEPKc
FN:393,_ZNSt11char_traitsIcE6lengthEPKc
FNDA:23,_ZNSt11char_traitsIcE6lengthEPKc
DA:106,0
DA:107,0
DA:167,0
DA:170,0
DA:171,0
DA:172,0
DA:173,0
DA:290,23
DA:393,23
DA:396,23
DA:397,0
DA:399,23
end_of_record
SF:/usr/include/c++/11/bits/unique_ptr.h
FN:79,_ZNKSt14default_deleteINSt6thread6_StateEEclEPS1_
FNDA:0,_ZNKSt14default_deleteINSt6thread6_StateEEclEPS1_
FN:155,_ZNSt15__uniq_ptr_implINSt6thread6_StateESt14default_deleteIS1_EEC2EPS1_
FNDA:4,_ZNSt15__uniq_ptr_implINSt6thread6_StateESt14default_deleteIS1_EEC2EPS1_
FN:172,_ZNSt15__uniq_ptr_implINSt6thread6_StateESt14default_deleteIS1_EE6_M_ptrEv
FNDA:8,_ZNSt15__uniq_ptr_implINSt6thread6_StateESt14default_deleteIS1_EE6_M_ptrEv
FN:174,_ZNSt15__uniq_ptr_implINSt6thread6_StateESt14default_deleteIS1_EE10_M_deleterEv
FNDA:0,_ZNSt15__uniq_ptr_implINSt6thread6_StateESt14default_deleteIS1_EE10_M_deleterEv
FN:281,_ZNSt10unique_ptrINSt6thread6_StateESt14default_deleteIS1_EEC2IS3_vEEPS1_
FNDA:4,_ZNSt10unique_ptrINSt6thread6_StateESt14default_deleteIS1_EEC2IS3_vEEPS1_
FN:355,_ZNSt10unique_ptrINSt6thread6_StateESt14default_deleteIS1_EED2Ev
FNDA:4,_ZNSt10unique_ptrINSt6thread6_StateESt14default_deleteIS1_EED2Ev
FN:426,_ZNSt10unique_ptrINSt6thread6_StateESt14default_deleteIS1_EE11get_deleterEv
FNDA:0,_ZNSt10unique_ptrINSt6thread6_StateESt14default_deleteIS1_EE11get_deleterEv
DA:79,0
DA:85,0
DA:86,0
DA:155,4
DA:172,8
DA:174,0
DA:281,4
DA:282,4
DA:283,4
DA:355,4
DA:359,4
DA:360,4
DA:361,0
DA:362,4
DA:363,4
DA:426,0
DA:427,0
end_of_record
SF:/usr/include/c++/11/tuple
FN:80,_ZNSt10_Head_baseILm1ESt14default_deleteINSt6thread6_StateEELb1EEC2Ev
FNDA:4,_ZNSt10_Head_baseILm1ESt14default_deleteINSt6thread6_StateEELb1EEC2Ev
FN:124,_ZNSt10_Head_baseILm1ESt14default_deleteINSt6thread6_StateEELb1EE7_M_headERS4_
FNDA:0,_ZNSt10_Head_baseILm1ESt14default_deleteINSt6thread6_StateEELb1EE7_M_headERS4_
FN:189,_ZNSt10_Head_baseILm0EPNSt6thread6_StateELb0EEC2Ev
FNDA:4,_ZNSt10_Head_baseILm0EPNSt6thread6_StateELb0EEC2Ev
FN:192,_ZNSt10_Head_baseILm0EPFPvS0_ELb0EEC2ERKS2_
FNDA:4,_ZNSt10_Head_baseILm0EPFPvS0_ELb0EEC2ERKS2_
FN:199,_ZNSt10_Head_baseILm1EP16ActiveObjectArgsLb0EEC2IS1_EEOT_
FNDA:3,_ZNSt10_Head_baseILm1EP16ActiveObjectArgsLb0EEC2IS1_EEOT_
FN:233,_ZNSt10_Head_baseILm0EPFPvS0_ELb0EE7_M_headERS3_
FNDA:4,_ZNSt10_Head_baseILm0EPFPvS0_ELb0EE7_M_headERS3_
FN:233,_ZNSt10_Head_baseILm0EPNSt6thread6_StateELb0EE7_M_headERS3_
FNDA:8,_ZNSt10_Head_baseILm0EPNSt6thread6_StateELb0EE7_M_headERS3_
FN:233,_ZNSt10_Head_baseILm1EP16ActiveObjectArgsLb0EE7_M_headERS2_
FNDA:3,_ZNSt10_Head_baseILm1EP16ActiveObjectArgsLb0EE7_M_headERS2_
FN:268,_ZNSt11_Tuple_implILm0EJPFPvS0_EP16ActiveObjectArgsEE7_M_headERS5_
FNDA:3,_ZNSt11_Tuple_implILm0EJPFPvS0_EP16ActiveObjectArgsEE7_M_headERS5_
FN:268,_ZNSt11_Tuple_implILm0EJPNSt6thread6_StateESt14default_deleteIS1_EEE7_M_headERS5_
FNDA:8,_ZNSt11_Tuple_implILm0EJPNSt6thread6_StateESt14default_deleteIS1_EEE7_M_headERS5_
FN:279,_ZNSt11_Tuple_implILm0EJPNSt6thread6_StateESt14default_deleteIS1_EEEC2Ev
FNDA:4,_ZNSt11_Tuple_implILm0EJPNSt6thread6_StateESt14default_deleteIS1_EEEC2Ev
FN:290,_ZNSt11_Tuple_implILm0EJPFPvS0_EP16ActiveObjectArgsEEC2IRS1_JS4_EvEEOT_DpOT0_
FNDA:3,_ZNSt11_Tuple_implILm0EJPFPvS0_EP16ActiveObjectArgsEEC2IRS1_JS4_EvEEOT_DpOT0_
FN:424,_ZNSt11_Tuple_implILm1EJSt14default_deleteINSt6thread6_StateEEEE7_M_headERS4_
FNDA:0,_ZNSt11_Tuple_implILm1EJSt14default_deleteINSt6thread6_StateEEEE7_M_headERS4_
FN:424,_ZNSt11_Tuple_implILm1EJP16ActiveObjectArgsEE7_M_headERS2_
FNDA:3,_ZNSt11_Tuple_implILm1EJP16ActiveObjectArgsEE7_M_headERS2_
FN:430,_ZNSt11_Tuple_implILm1EJSt14default_deleteINSt6thread6_StateEEEEC2Ev
FNDA:4,_ZNSt11_Tuple_implILm1EJSt14default_deleteINSt6thread6_StateEEEEC2Ev
FN:440,_ZNSt11_Tuple_implILm1EJP16ActiveObjectArgsEEC2IS1_EEOT_
FNDA:3,_ZNSt11_Tuple_implILm1EJP16ActiveObjectArgsEEC2IS1_EEOT_
FN:1049,_ZNSt5tupleIJPNSt6thread6_StateESt14default_deleteIS1_EEEC2ILb1ELb1EEEv
FNDA:4,_ZNSt5tupleIJPNSt6thread6_StateESt14default_deleteIS1_EEEC2ILb1ELb1EEEv
FN:1077,_ZNSt5tupleIJPFPvS0_EP16ActiveObjectArgsEEC2IRS1_S4_Lb1EEEOT_OT0_
FNDA:3,_ZNSt5tupleIJPFPvS0_EP16ActiveObjectArgsEEC2IRS1_S4_Lb1EEEOT_OT0_
FN:1377,_ZSt12__get_helperILm1ESt14default_deleteINSt6thread6_StateEEJEERT0_RSt11_Tuple_implIXT_EJS4_DpT1_EE
FNDA:0,_ZSt12__get_helperILm1ESt14default_deleteINSt6thread6_StateEEJEERT0_RSt11_Tuple_implIXT_EJS4_DpT1_EE
FN:1377,_ZSt12__get_helperILm0EPNSt6thread6_StateEJSt14default_deleteIS1_EEERT0_RSt11_Tuple_implIXT_EJS5_DpT1_EE
FNDA:8,_ZSt12__get_helperILm0EPNSt6thread6_StateEJSt14default_deleteIS1_EEERT0_RSt11_Tuple_implIXT_EJS5_DpT1_EE
FN:1377,_ZSt12__get_helperILm0EPFPvS0_EJP16ActiveObjectArgsEERT0_RSt11_Tuple_implIXT_EJS5_DpT1_EE
FNDA:3,_ZSt12__get_helperILm0EPFPvS0_EJP16ActiveObjectArgsEERT0_RSt11_Tuple_implIXT_EJS5_DpT1_EE
FN:1377,_ZSt12__get_helperILm1EP16ActiveObjectArgsJEERT0_RSt11_Tuple_implIXT_EJS2_DpT1_EE
FNDA:3,_ZSt12__get_helperILm1EP16ActiveObjectArgsJEERT0_RSt11_Tuple_implIXT_EJS2_DpT1_EE
FN:1393,_ZSt3getILm1EJPNSt6thread6_StateESt14default_deleteIS1_EEERNSt13tuple_elementIXT_ESt5tupleIJDpT0_EEE4typeERS9_
FNDA:0,_ZSt3getILm1EJPNSt6thread6_StateESt14default_deleteIS1_EEERNSt13tuple_elementIXT_ESt5tupleIJDpT0_EEE4typeERS9_
FN:1393,_ZSt3getILm0EJPNSt6thread6_StateESt14default_deleteIS1_EEERNSt13tuple_elementIXT_ESt5tupleIJDpT0_EEE4typeERS9_
FNDA:8,_ZSt3getILm0EJPNSt6thread6_StateESt14default_deleteIS1_EEERNSt13tuple_elementIXT_ESt5tupleIJDpT0_EEE4typeERS9_
FN:1405,_ZSt3getILm0EJPFPvS0_EP16ActiveObjectArgsEEONSt13tuple_elementIXT_ESt5tupleIJDpT0_EEE4typeEOS9_
FNDA:3,_ZSt3getILm0EJPFPvS0_EP16ActiveObjectArgsEEONSt13tuple_elementIXT_ESt5tupleIJDpT0_EEE4typeEOS9_
FN:1405,_ZSt3getILm1EJPFPvS0_EP16ActiveObjectArgsEEONSt13tuple_elementIXT_ESt5tupleIJDpT0_EEE4typeEOS9_
FNDA:3,_ZSt3getILm1EJPFPvS0_EP16ActiveObjectArgsEEONSt13tuple_elementIXT_ESt5tupleIJDpT0_EEE4typeEOS9_
DA:80,4
DA:81,4
DA:124,0
DA:189,4
DA:190,4
DA:192,4
DA:193,4
DA:199,3
DA:200,3
DA:233,3
DA:233,4
DA:233,8
DA:268,3
DA:268,8
DA:279,4
DA:280,4
DA:290,3
DA:292,3
DA:293,3
DA:424,3
DA:424,0
DA:430,4
DA:431,4
DA:440,3
DA:441,3
DA:442,3
DA:1049,4
DA:1051,4
DA:1077,3
DA:1079,3
DA:1377,3
DA:1378,3
DA:1377,3
DA:1378,3
DA:1377,0
DA:1378,0
DA:1377,8
DA:1378,8
DA:1393,0
DA:1394,0
DA:1393,8
DA:1394,8
DA:1405,3
DA:1408,3
DA:1405,3
DA:1408,3
end_of_record
SF:/usr/include/c++/11/bits/stl_construct.h
FN:172,_ZNSt12_Destroy_auxILb1EE9__destroyIP4EdgeEEvT_S4_
FNDA:6,_ZNSt12_Destroy_auxILb1EE9__destroyIP4EdgeEEvT_S4_
FN:182,_ZSt8_DestroyIP4EdgeEvT_S2_
FNDA:6,_ZSt8_DestroyIP4EdgeEvT_S2_
DA:172,6
DA:182,6
DA:196,6
DA:197,6
end_of_record
SF:/usr/include/c++/11/bits/stl_iterator_base_types.h
FN:238,_ZSt19__iterator_categoryIPcENSt15iterator_traitsIT_E17iterator_categoryERKS2_
FNDA:0,_ZSt19__iterator_categoryIPcENSt15iterator_traitsIT_E17iterator_categoryERKS2_
FN:238,_ZSt19__iterator_categoryIPKcENSt15iterator_traitsIT_E17iterator_categoryERKS3_
FNDA:23,_ZSt19__iterator_categoryIPKcENSt15iterator_traitsIT_E17iterator_categoryERKS3_
DA:238,0
DA:239,0
DA:238,23
DA:239,23
end_of_record
SF:/usr/include/c++/11/iostream
end_of_record
SF:/usr/include/c++/11/bits/stl_vector.h
FN:276,_ZNSt12_Vector_baseI4EdgeSaIS0_EE19_M_get_Tp_allocatorEv
FNDA:17,_ZNSt12_Vector_baseI4EdgeSaIS0_EE19_M_get_Tp_allocatorEv
FN:333,_ZNSt12_Vector_baseI4EdgeSaIS0_EED2Ev
FNDA:4,_ZNSt12_Vector_baseI4EdgeSaIS0_EED2Ev
FN:350,_ZNSt12_Vector_baseI4EdgeSaIS0_EE13_M_deallocateEPS0_m
FNDA:8,_ZNSt12_Vector_baseI4EdgeSaIS0_EE13_M_deallocateEPS0_m
FN:678,_ZNSt6vectorI4EdgeSaIS0_EED2Ev
FNDA:4,_ZNSt6vectorI4EdgeSaIS0_EED2Ev
DA:276,17
DA:277,17
DA:333,4
DA:335,4
DA:336,4
DA:337,4
DA:350,8
DA:353,8
DA:354,7
DA:355,8
DA:678,4
DA:680,4
DA:681,4
DA:683,4
end_of_record
SF:/home/noam/Desktop/OS_updated/EX4/9/Server/ClientHandler.cpp
FN:18,_ZN10ClientDataC2Ei
FNDA:1,_ZN10ClientDataC2Ei
FN:23,_ZNK10ClientData9getSockFdEv
FNDA:1,_ZNK10ClientData9getSockFdEv
FN:28,_ZN13ClientHandlerC2EP10ClientData
FNDA:1,_ZN13ClientHandlerC2EP10ClientData
FN:56,_ZN13ClientHandlerD2Ev
FNDA:1,_ZN13ClientHandlerD2Ev
FN:68,_ZN13ClientHandler12handleClientEPv
FNDA:1,_ZN13ClientHandler12handleClientEPv
FN:75,_ZN13ClientHandler6handleEv
FNDA:1,_ZN13ClientHandler6handleEv
FN:93,_ZN13ClientHandler13handleCommandB5cxx11EPc
FNDA:17,_ZN13ClientHandler13handleCommandB5cxx11EPc
FN:127,_ZN13ClientHandler3addB5cxx11Ev
FNDA:5,_ZN13ClientHandler3addB5cxx11Ev
FN:145,_ZN13ClientHandler4addwB5cxx11Ev
FNDA:5,_ZN13ClientHandler4addwB5cxx11Ev
FN:169,_ZN13ClientHandler5cleanB5cxx11Ev
FNDA:2,_ZN13ClientHandler5cleanB5cxx11Ev
FN:181,_ZN13ClientHandler6randomB5cxx11Ev
FNDA:1,_ZN13ClientHandler6randomB5cxx11Ev
FN:212,_ZN13ClientHandler8activateB5cxx11Ev
FNDA:3,_ZN13ClientHandler8activateB5cxx11Ev
FN:222,_ZN13ClientHandler20activateActiveObjectEPv
FNDA:3,_ZN13ClientHandler20activateActiveObjectEPv
FN:228,_ZN13ClientHandler12activateAlgoEPv
FNDA:3,_ZN13ClientHandler12activateAlgoEPv
DA:18,1
DA:20,1
DA:21,1
DA:23,1
DA:25,1
DA:28,1
DA:30,1
DA:31,6
DA:32,1
DA:33,1
DA:34,1
DA:35,1
DA:36,5
DA:38,4
DA:39,4
DA:41,4
DA:42,4
DA:44,1
DA:46,4
DA:48,3
DA:50,4
DA:52,4
DA:53,4
DA:54,6
DA:56,1
DA:58,1
DA:59,1
DA:60,5
DA:62,4
DA:63,4
DA:64,4
DA:66,1
DA:68,1
DA:70,1
DA:71,1
DA:72,1
DA:73,1
DA:75,1
DA:77,1
DA:79,1
DA:80,1
DA:81,18
DA:83,17
DA:84,17
DA:86,17
DA:87,17
DA:88,17
DA:90,1
DA:91,1
DA:93,17
DA:95,17
DA:96,17
DA:98,0
DA:100,17
DA:102,5
DA:104,12
DA:106,5
DA:108,7
DA:110,2
DA:112,5
DA:114,1
DA:116,4
DA:118,3
DA:120,1
DA:122,1
DA:124,0
DA:127,5
DA:129,5
DA:130,5
DA:132,0
DA:134,5
DA:135,5
DA:136,5
DA:138,0
DA:140,5
DA:141,5
DA:142,5
DA:145,5
DA:147,5
DA:148,5
DA:150,0
DA:152,5
DA:153,5
DA:154,5
DA:156,0
DA:158,5
DA:159,5
DA:160,5
DA:162,0
DA:164,5
DA:165,5
DA:166,5
DA:169,2
DA:171,2
DA:172,2
DA:174,2
DA:175,2
DA:176,2
DA:178,0
DA:181,1
DA:183,1
DA:184,1
DA:186,0
DA:188,1
DA:189,1
DA:190,1
DA:191,1
DA:193,0
DA:195,1
DA:196,1
DA:197,1
DA:198,1
DA:200,0
DA:202,1
DA:203,7
DA:205,6
DA:208,1
DA:209,1
DA:212,3
DA:214,3
DA:215,3
DA:216,3
DA:217,3
DA:218,3
DA:219,6
DA:220,3
DA:222,3
DA:224,3
DA:225,3
DA:226,3
DA:228,3
DA:230,3
DA:231,3
DA:232,3
end_of_record
SF:/home/noam/Desktop/OS_updated/EX4/9/Server/Graph.h
end_of_record
SF:/usr/include/c++/11/bits/invoke.h
FN:60,_ZSt13__invoke_implIPvPFS0_S0_EJP16ActiveObjectArgsEET_St14__invoke_otherOT0_DpOT1_
FNDA:3,_ZSt13__invoke_implIPvPFS0_S0_EJP16ActiveObjectArgsEET_St14__invoke_otherOT0_DpOT1_
FN:90,_ZSt8__invokeIPFPvS0_EJP16ActiveObjectArgsEENSt15__invoke_resultIT_JDpT0_EE4typeEOS6_DpOS7_
FNDA:3,_ZSt8__invokeIPFPvS0_EJP16ActiveObjectArgsEENSt15__invoke_resultIT_JDpT0_EE4typeEOS6_DpOS7_
DA:60,3
DA:61,3
DA:90,3
DA:96,3
DA:97,0
end_of_record
SF:/usr/include/c++/11/bits/move.h
FN:77,_ZSt7forwardIPFPvS0_EEOT_RNSt16remove_referenceIS3_E4typeE
FNDA:12,_ZSt7forwardIPFPvS0_EEOT_RNSt16remove_referenceIS3_E4typeE
FN:77,_ZSt7forwardIP16ActiveObjectArgsEOT_RNSt16remove_referenceIS2_E4typeE
FNDA:30,_ZSt7forwardIP16ActiveObjectArgsEOT_RNSt16remove_referenceIS2_E4typeE
FN:77,_ZSt7forwardIRFPvS0_EEOT_RNSt16remove_referenceIS3_E4typeE
FNDA:20,_ZSt7forwardIRFPvS0_EEOT_RNSt16remove_referenceIS3_E4typeE
FN:104,_ZSt4moveIRSt5tupleIJPFPvS1_EP16ActiveObjectArgsEEEONSt16remove_referenceIT_E4typeEOS9_
FNDA:6,_ZSt4moveIRSt5tupleIJPFPvS1_EP16ActiveObjectArgsEEEONSt16remove_referenceIT_E4typeEOS9_
FN:104,_ZSt4moveIRPNSt6thread6_StateEEONSt16remove_referenceIT_E4typeEOS5_
FNDA:0,_ZSt4moveIRPNSt6thread6_StateEEONSt16remove_referenceIT_E4typeEOS5_
FN:104,_ZSt4moveIRSaIcEEONSt16remove_referenceIT_E4typeEOS3_
FNDA:0,_ZSt4moveIRSaIcEEONSt16remove_referenceIT_E4typeEOS3_
DA:77,12
DA:78,12
DA:77,30
DA:78,30
DA:77,20
DA:78,20
DA:104,6
DA:105,6
DA:104,0
DA:105,0
DA:104,0
DA:105,0
end_of_record
SF:/usr/include/c++/11/bits/stl_iterator_base_funcs.h
FN:98,_ZSt10__distanceIPcENSt15iterator_traitsIT_E15difference_typeES2_S2_St26random_access_iterator_tag
FNDA:0,_ZSt10__distanceIPcENSt15iterator_traitsIT_E15difference_typeES2_S2_St26random_access_iterator_tag
FN:98,_ZSt10__distanceIPKcENSt15iterator_traitsIT_E15difference_typeES3_S3_St26random_access_iterator_tag
FNDA:23,_ZSt10__distanceIPKcENSt15iterator_traitsIT_E15difference_typeES3_S3_St26random_access_iterator_tag
FN:138,_ZSt8distanceIPcENSt15iterator_traitsIT_E15difference_typeES2_S2_
FNDA:0,_ZSt8distanceIPcENSt15iterator_traitsIT_E15difference_typeES2_S2_
FN:138,_ZSt8distanceIPKcENSt15iterator_traitsIT_E15difference_typeES3_S3_
FNDA:23,_ZSt8distanceIPKcENSt15iterator_traitsIT_E15difference_typeES3_S3_
DA:98,0
DA:104,0
DA:98,23
DA:104,23
DA:138,0
DA:141,0
DA:142,0
DA:138,23
DA:141,23
DA:142,46
end_of_record
SF:/usr/include/c++/11/ext/type_traits.h
FN:152,_ZN9__gnu_cxx17__is_null_pointerIcEEbPT_
FNDA:0,_ZN9__gnu_cxx17__is_null_pointerIcEEbPT_
FN:152,_ZN9__gnu_cxx17__is_null_pointerIKcEEbPT_
FNDA:23,_ZN9__gnu_cxx17__is_null_pointerIKcEEbPT_
DA:152,0
DA:153,0
DA:152,23
DA:153,23
end_of_record
SF:/usr/include/c++/11/ext/new_allocator.h
FN:79,_ZN9__gnu_cxx13new_allocatorIcEC2Ev
FNDA:0,_ZN9__gnu_cxx13new_allocatorIcEC2Ev
FN:82,_ZN9__gnu_cxx13new_allocatorIcEC2ERKS1_
FNDA:0,_ZN9__gnu_cxx13new_allocatorIcEC2ERKS1_
FN:89,_ZN9__gnu_cxx13new_allocatorI4EdgeED2Ev
FNDA:7,_ZN9__gnu_cxx13new_allocatorI4EdgeED2Ev
FN:89,_ZN9__gnu_cxx13new_allocatorIcED2Ev
FNDA:0,_ZN9__gnu_cxx13new_allocatorIcED2Ev
FN:132,_ZN9__gnu_cxx13new_allocatorI4EdgeE10deallocateEPS1_m
FNDA:7,_ZN9__gnu_cxx13new_allocatorI4EdgeE10deallocateEPS1_m
DA:79,0
DA:82,0
DA:89,7
DA:89,0
DA:132,7
DA:145,7
end_of_record
SF:/usr/include/c++/11/bits/allocator.h
FN:174,_ZNSaI4EdgeED2Ev
FNDA:7,_ZNSaI4EdgeED2Ev
DA:174,7
end_of_record
SF:/usr/include/c++/11/bits/std_thread.h
FN:86,_ZNSt6thread2idC2Ev
FNDA:8,_ZNSt6thread2idC2Ev
FN:127,_ZNSt6threadC2IRFPvS1_EJP16ActiveObjectArgsEvEEOT_DpOT0_
FNDA:3,_ZNSt6threadC2IRFPvS1_EJP16ActiveObjectArgsEvEEOT_DpOT0_
FN:149,_ZNSt6threadD2Ev
FNDA:4,_ZNSt6threadD2Ev
FN:175,_ZNKSt6thread8joinableEv
FNDA:4,_ZNKSt6thread8joinableEv
FN:206,_ZNSt6thread11_State_implINS_8_InvokerISt5tupleIJPFPvS3_EP16ActiveObjectArgsEEEEEC2IJRS4_S7_EEEDpOT_
FNDA:3,_ZNSt6thread11_State_implINS_8_InvokerISt5tupleIJPFPvS3_EP16ActiveObjectArgsEEEEEC2IJRS4_S7_EEEDpOT_
FN:211,_ZNSt6thread11_State_implINS_8_InvokerISt5tupleIJPFPvS3_EP16ActiveObjectArgsEEEEE6_M_runEv
FNDA:3,_ZNSt6thread11_State_implINS_8_InvokerISt5tupleIJPFPvS3_EP16ActiveObjectArgsEEEEE6_M_runEv
FN:243,_ZNSt6thread8_InvokerISt5tupleIJPFPvS2_EP16ActiveObjectArgsEEEC2IJRS3_S6_EEEDpOT_
FNDA:3,_ZNSt6thread8_InvokerISt5tupleIJPFPvS2_EP16ActiveObjectArgsEEEC2IJRS3_S6_EEEDpOT_
FN:258,_ZNSt6thread8_InvokerISt5tupleIJPFPvS2_EP16ActiveObjectArgsEEE9_M_invokeIJLm0ELm1EEEES2_St12_Index_tupleIJXspT_EEE
FNDA:3,_ZNSt6thread8_InvokerISt5tupleIJPFPvS2_EP16ActiveObjectArgsEEE9_M_invokeIJLm0ELm1EEEES2_St12_Index_tupleIJXspT_EEE
FN:262,_ZNSt6thread8_InvokerISt5tupleIJPFPvS2_EP16ActiveObjectArgsEEEclEv
FNDA:3,_ZNSt6thread8_InvokerISt5tupleIJPFPvS2_EP16ActiveObjectArgsEEEclEv
FN:287,_ZSteqNSt6thread2idES0_
FNDA:4,_ZSteqNSt6thread2idES0_
DA:86,8
DA:127,3
DA:128,3
DA:138,3
DA:143,3
DA:144,3
DA:146,3
DA:149,4
DA:151,4
DA:152,0
DA:153,4
DA:175,4
DA:176,4
DA:206,3
DA:207,3
DA:208,3
DA:211,3
DA:243,3
DA:244,3
DA:245,3
DA:258,3
DA:259,3
DA:262,3
DA:266,3
DA:287,4
DA:293,4
end_of_record
SF:/usr/include/c++/11/ext/alloc_traits.h
FN:97,_ZN9__gnu_cxx14__alloc_traitsISaIcEcE17_S_select_on_copyERKS1_
FNDA:0,_ZN9__gnu_cxx14__alloc_traitsISaIcEcE17_S_select_on_copyERKS1_
DA:97,0
DA:98,0
end_of_record
SF:/usr/include/c++/11/bits/alloc_traits.h
FN:495,_ZNSt16allocator_traitsISaI4EdgeEE10deallocateERS1_PS0_m
FNDA:7,_ZNSt16allocator_traitsISaI4EdgeEE10deallocateERS1_PS0_m
FN:562,_ZNSt16allocator_traitsISaIcEE37select_on_container_copy_constructionERKS0_
FNDA:0,_ZNSt16allocator_traitsISaIcEE37select_on_container_copy_constructionERKS0_
FN:845,_ZSt8_DestroyIP4EdgeS0_EvT_S2_RSaIT0_E
FNDA:6,_ZSt8_DestroyIP4EdgeS0_EvT_S2_RSaIT0_E
DA:495,7
DA:496,7
DA:562,0
DA:563,0
DA:845,6
DA:848,6
DA:849,6
end_of_record
TN:
SF:/usr/include/c++/11/bits/stl_iterator_base_funcs.h
FN:98,_ZSt10__distanceIPKcENSt15iterator_traitsIT_E15difference_typeES3_S3_St26random_access_iterator_tag
FNDA:0,_ZSt10__distanceIPKcENSt15iterator_traitsIT_E15difference_typeES3_S3_St26random_access_iterator_tag
FN:138,_ZSt8distanceIPKcENSt15iterator_traitsIT_E15difference_typeES3_S3_
FNDA:0,_ZSt8distanceIPKcENSt15iterator_traitsIT_E15difference_typeES3_S3_
DA:98,0
DA:104,0
DA:138,0
DA:141,0
DA:142,0
end_of_record
SF:/usr/include/c++/11/ext/type_traits.h
FN:152,_ZN9__gnu_cxx17__is_null_pointerIKcEEbPT_
FNDA:0,_ZN9__gnu_cxx17__is_null_pointerIKcEEbPT_
DA:152,0
DA:153,0
end_of_record
SF:/usr/include/c++/11/bits/allocator.h
FN:156,_ZNSaISt13_Rb_tree_nodeISt4pairIKNSt7__cxx1112basic_stringIcSt11char_traitsIcESaIcEEEP14GraphAlgorithmEEEC2Ev
FNDA:1,_ZNSaISt13_Rb_tree_nodeISt4pairIKNSt7__cxx1112basic_stringIcSt11char_traitsIcESaIcEEEP14GraphAlgorithmEEEC2Ev
FN:174,_ZNSaISt13_Rb_tree_nodeISt4pairIKNSt7__cxx1112basic_stringIcSt11char_traitsIcESaIcEEEP14GraphAlgorithmEEED2Ev
FNDA:1,_ZNSaISt13_Rb_tree_nodeISt4pairIKNSt7__cxx1112basic_stringIcSt11char_traitsIcESaIcEEEP14GraphAlgorithmEEED2Ev
DA:156,1
DA:174,1
end_of_record
SF:/usr/include/c++/11/ext/new_allocator.h
FN:79,_ZN9__gnu_cxx13new_allocatorISt13_Rb_tree_nodeISt4pairIKNSt7__cxx1112basic_stringIcSt11char_traitsIcESaIcEEEP14GraphAlgorithmEEEC2Ev
FNDA:1,_ZN9__gnu_cxx13new_allocatorISt13_Rb_tree_nodeISt4pairIKNSt7__cxx1112basic_stringIcSt11char_traitsIcESaIcEEEP14GraphAlgorithmEEEC2Ev
FN:79,_ZN9__gnu_cxx13new_allocatorIcEC2Ev
FNDA:0,_ZN9__gnu_cxx13new_allocatorIcEC2Ev
FN:89,_ZN9__gnu_cxx13new_allocatorISt13_Rb_tree_nodeISt4pairIKNSt7__cxx1112basic_stringIcSt11char_traitsIcESaIcEEEP14GraphAlgorithmEEED2Ev
FNDA:1,_ZN9__gnu_cxx13new_allocatorISt13_Rb_tree_nodeISt4pairIKNSt7__cxx1112basic_stringIcSt11char_traitsIcESaIcEEEP14GraphAlgorithmEEED2Ev
FN:89,_ZN9__gnu_cxx13new_allocatorIcED2Ev
FNDA:0,_ZN9__gnu_cxx13new_allocatorIcED2Ev
FN:103,_ZN9__gnu_cxx13new_allocatorISt13_Rb_tree_nodeISt4pairIKNSt7__cxx1112basic_stringIcSt11char_traitsIcESaIcEEEP14GraphAlgorithmEEE8allocateEmPKv
FNDA:5,_ZN9__gnu_cxx13new_allocatorISt13_Rb_tree_nodeISt4pairIKNSt7__cxx1112basic_stringIcSt11char_traitsIcESaIcEEEP14GraphAlgorithmEEE8allocateEmPKv
FN:132,_ZN9__gnu_cxx13new_allocatorISt13_Rb_tree_nodeISt4pairIKNSt7__cxx1112basic_stringIcSt11char_traitsIcESaIcEEEP14GraphAlgorithmEEE10deallocateEPSD_m
FNDA:5,_ZN9__gnu_cxx13new_allocatorISt13_Rb_tree_nodeISt4pairIKNSt7__cxx1112basic_stringIcSt11char_traitsIcESaIcEEEP14GraphAlgorithmEEE10deallocateEPSD_m
FN:160,_ZN9__gnu_cxx13new_allocatorISt13_Rb_tree_nodeISt4pairIKNSt7__cxx1112basic_stringIcSt11char_traitsIcESaIcEEEP14GraphAlgorithmEEE9constructISC_JRKSt21piecewise_construct_tSt5tupleIJOS8_EESJ_IJEEEEEvPT_DpOT0_
FNDA:5,_ZN9__gnu_cxx13new_allocatorISt13_Rb_tree_nodeISt4pairIKNSt7__cxx1112basic_stringIcSt11char_traitsIcESaIcEEEP14GraphAlgorithmEEE9constructISC_JRKSt21piecewise_construct_tSt5tupleIJOS8_EESJ_IJEEEEEvPT_DpOT0_
FN:166,_ZN9__gnu_cxx13new_allocatorISt13_Rb_tree_nodeISt4pairIKNSt7__cxx1112basic_stringIcSt11char_traitsIcESaIcEEEP14GraphAlgorithmEEE7destroyISC_EEvPT_
FNDA:5,_ZN9__gnu_cxx13new_allocatorISt13_Rb_tree_nodeISt4pairIKNSt7__cxx1112basic_stringIcSt11char_traitsIcESaIcEEEP14GraphAlgorithmEEE7destroyISC_EEvPT_
FN:197,_ZNK9__gnu_cxx13new_allocatorISt13_Rb_tree_nodeISt4pairIKNSt7__cxx1112basic_stringIcSt11char_traitsIcESaIcEEEP14GraphAlgorithmEEE11_M_max_sizeEv
FNDA:5,_ZNK9__gnu_cxx13new_allocatorISt13_Rb_tree_nodeISt4pairIKNSt7__cxx1112basic_stringIcSt11char_traitsIcESaIcEEEP14GraphAlgorithmEEE11_M_max_sizeEv
DA:79,1
DA:79,0
DA:89,1
DA:89,0
DA:103,5
DA:111,5
DA:115,0
DA:116,0
DA:117,0
DA:127,5
DA:132,5
DA:145,5
DA:160,5
DA:162,5
DA:166,5
DA:168,5
DA:197,5
DA:200,5
end_of_record
SF:/usr/include/c++/11/bits/alloc_traits.h
FN:463,_ZNSt16allocator_traitsISaISt13_Rb_tree_nodeISt4pairIKNSt7__cxx1112basic_stringIcSt11char_traitsIcESaIcEEEP14GraphAlgorithmEEEE8allocateERSD_m
FNDA:5,_ZNSt16allocator_traitsISaISt13_Rb_tree_nodeISt4pairIKNSt7__cxx1112basic_stringIcSt11char_traitsIcESaIcEEEP14GraphAlgorithmEEEE8allocateERSD_m
FN:495,_ZNSt16allocator_traitsISaISt13_Rb_tree_nodeISt4pairIKNSt7__cxx1112basic_stringIcSt11char_traitsIcESaIcEEEP14GraphAlgorithmEEEE10deallocateERSD_PSC_m
FNDA:5,_ZNSt16allocator_traitsISaISt13_Rb_tree_nodeISt4pairIKNSt7__cxx1112basic_stringIcSt11char_traitsIcESaIcEEEP14GraphAlgorithmEEEE10deallocateERSD_PSC_m
FN:511,_ZNSt16allocator_traitsISaISt13_Rb_tree_nodeISt4pairIKNSt7__cxx1112basic_stringIcSt11char_traitsIcESaIcEEEP14GraphAlgorithmEEEE9constructISB_JRKSt21piecewise_construct_tSt5tupleIJOS7_EESJ_IJEEEEEvRSD_PT_DpOT0_
FNDA:5,_ZNSt16allocator_traitsISaISt13_Rb_tree_nodeISt4pairIKNSt7__cxx1112basic_stringIcSt11char_traitsIcESaIcEEEP14GraphAlgorithmEEEE9constructISB_JRKSt21piecewise_construct_tSt5tupleIJOS7_EESJ_IJEEEEEvRSD_PT_DpOT0_
FN:531,_ZNSt16allocator_traitsISaISt13_Rb_tree_nodeISt4pairIKNSt7__cxx1112basic_stringIcSt11char_traitsIcESaIcEEEP14GraphAlgorithmEEEE7destroyISB_EEvRSD_PT_
FNDA:5,_ZNSt16allocator_traitsISaISt13_Rb_tree_nodeISt4pairIKNSt7__cxx1112basic_stringIcSt11char_traitsIcESaIcEEEP14GraphAlgorithmEEEE7destroyISB_EEvRSD_PT_
DA:463,5
DA:464,5
DA:495,5
DA:496,5
DA:511,5
DA:516,5
DA:520,5
DA:531,5
DA:535,5
DA:539,5
end_of_record
SF:/usr/include/c++/11/bits/move.h
FN:77,_ZSt7forwardIONSt7__cxx1112basic_stringIcSt11char_traitsIcESaIcEEEEOT_RNSt16remove_referenceIS7_E4typeE
FNDA:5,_ZSt7forwardIONSt7__cxx1112basic_stringIcSt11char_traitsIcESaIcEEEEOT_RNSt16remove_referenceIS7_E4typeE
FN:77,_ZSt7forwardIRPSt13_Rb_tree_nodeISt4pairIKNSt7__cxx1112basic_stringIcSt11char_traitsIcESaIcEEEP14GraphAlgorithmEEEOT_RNSt16remove_referenceISF_E4typeE
FNDA:1,_ZSt7forwardIRPSt13_Rb_tree_nodeISt4pairIKNSt7__cxx1112basic_stringIcSt11char_traitsIcESaIcEEEP14GraphAlgorithmEEEOT_RNSt16remove_referenceISF_E4typeE
FN:77,_ZSt7forwardIRPSt18_Rb_tree_node_baseEOT_RNSt16remove_referenceIS3_E4typeE
FNDA:5,_ZSt7forwardIRPSt18_Rb_tree_node_baseEOT_RNSt16remove_referenceIS3_E4typeE
FN:77,_ZSt7forwardISt5tupleIJEEEOT_RNSt16remove_referenceIS2_E4typeE
FNDA:25,_ZSt7forwardISt5tupleIJEEEOT_RNSt16remove_referenceIS2_E4typeE
FN:77,_ZSt7forwardISt5tupleIJONSt7__cxx1112basic_stringIcSt11char_traitsIcESaIcEEEEEEOT_RNSt16remove_referenceIS9_E4typeE
FNDA:25,_ZSt7forwardISt5tupleIJONSt7__cxx1112basic_stringIcSt11char_traitsIcESaIcEEEEEEOT_RNSt16remove_referenceIS9_E4typeE
FN:77,_ZSt7forwardIRKSt21piecewise_construct_tEOT_RNSt16remove_referenceIS3_E4typeE
FNDA:25,_ZSt7forwardIRKSt21piecewise_construct_tEOT_RNSt16remove_referenceIS3_E4typeE
FN:77,_ZSt7forwardINSt7__cxx1112basic_stringIcSt11char_traitsIcESaIcEEEEOT_RNSt16remove_referenceIS6_E4typeE
FNDA:20,_ZSt7forwardINSt7__cxx1112basic_stringIcSt11char_traitsIcESaIcEEEEOT_RNSt16remove_referenceIS6_E4typeE
FN:104,_ZSt4moveIRNSt7__cxx1112basic_stringIcSt11char_traitsIcESaIcEEEEONSt16remove_referenceIT_E4typeEOS8_
FNDA:0,_ZSt4moveIRNSt7__cxx1112basic_stringIcSt11char_traitsIcESaIcEEEEONSt16remove_referenceIT_E4typeEOS8_
FN:104,_ZSt4moveIRSaIcEEONSt16remove_referenceIT_E4typeEOS3_
FNDA:0,_ZSt4moveIRSaIcEEONSt16remove_referenceIT_E4typeEOS3_
DA:77,5
DA:78,5
DA:77,1
DA:78,1
DA:77,5
DA:78,5
DA:77,25
DA:78,25
DA:77,25
DA:78,25
DA:77,25
DA:78,25
DA:77,20
DA:78,20
DA:104,0
DA:105,0
DA:104,0
DA:105,0
end_of_record
SF:/usr/include/c++/11/ext/aligned_buffer.h
FN:64,_ZN9__gnu_cxx16__aligned_membufISt4pairIKNSt7__cxx1112basic_stringIcSt11char_traitsIcESaIcEEEP14GraphAlgorithmEE7_M_addrEv
FNDA:19,_ZN9__gnu_cxx16__aligned_membufISt4pairIKNSt7__cxx1112basic_stringIcSt11char_traitsIcESaIcEEEP14GraphAlgorithmEE7_M_addrEv
FN:68,_ZNK9__gnu_cxx16__aligned_membufISt4pairIKNSt7__cxx1112basic_stringIcSt11char_traitsIcESaIcEEEP14GraphAlgorithmEE7_M_addrEv
FNDA:40,_ZNK9__gnu_cxx16__aligned_membufISt4pairIKNSt7__cxx1112basic_stringIcSt11char_traitsIcESaIcEEEP14GraphAlgorithmEE7_M_addrEv
FN:72,_ZN9__gnu_cxx16__aligned_membufISt4pairIKNSt7__cxx1112basic_stringIcSt11char_traitsIcESaIcEEEP14GraphAlgorithmEE6_M_ptrEv
FNDA:19,_ZN9__gnu_cxx16__aligned_membufISt4pairIKNSt7__cxx1112basic_stringIcSt11char_traitsIcESaIcEEEP14GraphAlgorithmEE6_M_ptrEv
FN:76,_ZNK9__gnu_cxx16__aligned_membufISt4pairIKNSt7__cxx1112basic_stringIcSt11char_traitsIcESaIcEEEP14GraphAlgorithmEE6_M_ptrEv
FNDA:40,_ZNK9__gnu_cxx16__aligned_membufISt4pairIKNSt7__cxx1112basic_stringIcSt11char_traitsIcESaIcEEEP14GraphAlgorithmEE6_M_ptrEv
DA:64,19
DA:65,19
DA:68,40
DA:69,40
DA:72,19
DA:73,19
DA:76,40
DA:77,40
end_of_record
SF:/home/noam/Desktop/OS_updated/EX4/9/Server/GraphAlgorithmFactory.h
end_of_record
SF:/usr/include/c++/11/bits/stl_map.h
FN:185,_ZNSt3mapINSt7__cxx1112basic_stringIcSt11char_traitsIcESaIcEEEP14GraphAlgorithmSt4lessIS5_ESaISt4pairIKS5_S7_EEEC2Ev
FNDA:1,_ZNSt3mapINSt7__cxx1112basic_stringIcSt11char_traitsIcESaIcEEEP14GraphAlgorithmSt4lessIS5_ESaISt4pairIKS5_S7_EEEC2Ev
FN:302,_ZNSt3mapINSt7__cxx1112basic_stringIcSt11char_traitsIcESaIcEEEP14GraphAlgorithmSt4lessIS5_ESaISt4pairIKS5_S7_EEED2Ev
FNDA:1,_ZNSt3mapINSt7__cxx1112basic_stringIcSt11char_traitsIcESaIcEEEP14GraphAlgorithmSt4lessIS5_ESaISt4pairIKS5_S7_EEED2Ev
FN:374,_ZNSt3mapINSt7__cxx1112basic_stringIcSt11char_traitsIcESaIcEEEP14GraphAlgorithmSt4lessIS5_ESaISt4pairIKS5_S7_EEE3endEv
FNDA:9,_ZNSt3mapINSt7__cxx1112basic_stringIcSt11char_traitsIcESaIcEEEP14GraphAlgorithmSt4lessIS5_ESaISt4pairIKS5_S7_EEE3endEv
FN:512,_ZNSt3mapINSt7__cxx1112basic_stringIcSt11char_traitsIcESaIcEEEP14GraphAlgorithmSt4lessIS5_ESaISt4pairIKS5_S7_EEEixEOS5_
FNDA:5,_ZNSt3mapINSt7__cxx1112basic_stringIcSt11char_traitsIcESaIcEEEP14GraphAlgorithmSt4lessIS5_ESaISt4pairIKS5_S7_EEEixEOS5_
FN:1142,_ZNKSt3mapINSt7__cxx1112basic_stringIcSt11char_traitsIcESaIcEEEP14GraphAlgorithmSt4lessIS5_ESaISt4pairIKS5_S7_EEE8key_compEv
FNDA:0,_ZNKSt3mapINSt7__cxx1112basic_stringIcSt11char_traitsIcESaIcEEEP14GraphAlgorithmSt4lessIS5_ESaISt4pairIKS5_S7_EEE8key_compEv
FN:1169,_ZNSt3mapINSt7__cxx1112basic_stringIcSt11char_traitsIcESaIcEEEP14GraphAlgorithmSt4lessIS5_ESaISt4pairIKS5_S7_EEE4findERSB_
FNDA:4,_ZNSt3mapINSt7__cxx1112basic_stringIcSt11char_traitsIcESaIcEEEP14GraphAlgorithmSt4lessIS5_ESaISt4pairIKS5_S7_EEE4findERSB_
FN:1258,_ZNSt3mapINSt7__cxx1112basic_stringIcSt11char_traitsIcESaIcEEEP14GraphAlgorithmSt4lessIS5_ESaISt4pairIKS5_S7_EEE11lower_boundERSB_
FNDA:5,_ZNSt3mapINSt7__cxx1112basic_stringIcSt11char_traitsIcESaIcEEEP14GraphAlgorithmSt4lessIS5_ESaISt4pairIKS5_S7_EEE11lower_boundERSB_
DA:185,1
DA:302,1
DA:374,9
DA:375,9
DA:512,5
DA:517,5
DA:519,5
DA:520,5
DA:521,5
DA:522,5
DA:523,5
DA:1142,0
DA:1143,0
DA:1169,4
DA:1170,4
DA:1258,5
DA:1259,5
end_of_record
SF:/usr/include/c++/11/bits/stl_pair.h
FN:322,_ZNSt4pairIPSt18_Rb_tree_node_baseS1_EC2IRS1_Lb1EEEOT_RKS1_
FNDA:0,_ZNSt4pairIPSt18_Rb_tree_node_baseS1_EC2IRS1_Lb1EEEOT_RKS1_
FN:336,_ZNSt4pairIPSt18_Rb_tree_node_baseS1_EC2IRS1_Lb1EEERKS1_OT_
FNDA:4,_ZNSt4pairIPSt18_Rb_tree_node_baseS1_EC2IRS1_Lb1EEERKS1_OT_
FN:352,_ZNSt4pairIPSt18_Rb_tree_node_baseS1_EC2IRPSt13_Rb_tree_nodeIS_IKNSt7__cxx1112basic_stringIcSt11char_traitsIcESaIcEEEP14GraphAlgorithmEERS1_Lb1EEEOT_OT0_
FNDA:1,_ZNSt4pairIPSt18_Rb_tree_node_baseS1_EC2IRPSt13_Rb_tree_nodeIS_IKNSt7__cxx1112basic_stringIcSt11char_traitsIcESaIcEEEP14GraphAlgorithmEERS1_Lb1EEEOT_OT0_
FN:352,_ZNSt4pairIPSt18_Rb_tree_node_baseS1_EC2IRS1_S4_Lb1EEEOT_OT0_
FNDA:0,_ZNSt4pairIPSt18_Rb_tree_node_baseS1_EC2IRS1_S4_Lb1EEEOT_OT0_
DA:322,0
DA:323,0
DA:336,4
DA:337,4
DA:352,1
DA:353,1
DA:352,0
DA:353,0
end_of_record
SF:/usr/include/c++/11/bits/stl_iterator_base_types.h
FN:238,_ZSt19__iterator_categoryIPKcENSt15iterator_traitsIT_E17iterator_categoryERKS3_
FNDA:0,_ZSt19__iterator_categoryIPKcENSt15iterator_traitsIT_E17iterator_categoryERKS3_
DA:238,0
DA:239,0
end_of_record
SF:/usr/include/c++/11/tuple
FN:199,_ZNSt10_Head_baseILm0EONSt7__cxx1112basic_stringIcSt11char_traitsIcESaIcEEELb0EEC2IS5_EEOT_
FNDA:5,_ZNSt10_Head_baseILm0EONSt7__cxx1112basic_stringIcSt11char_traitsIcESaIcEEELb0EEC2IS5_EEOT_
FN:233,_ZNSt10_Head_baseILm0EONSt7__cxx1112basic_stringIcSt11char_traitsIcESaIcEEELb0EE7_M_headERS7_
FNDA:5,_ZNSt10_Head_baseILm0EONSt7__cxx1112basic_stringIcSt11char_traitsIcESaIcEEELb0EE7_M_headERS7_
FN:424,_ZNSt11_Tuple_implILm0EJONSt7__cxx1112basic_stringIcSt11char_traitsIcESaIcEEEEE7_M_headERS7_
FNDA:5,_ZNSt11_Tuple_implILm0EJONSt7__cxx1112basic_stringIcSt11char_traitsIcESaIcEEEEE7_M_headERS7_
FN:440,_ZNSt11_Tuple_implILm0EJONSt7__cxx1112basic_stringIcSt11char_traitsIcESaIcEEEEEC2IS5_EEOT_
FNDA:5,_ZNSt11_Tuple_implILm0EJONSt7__cxx1112basic_stringIcSt11char_traitsIcESaIcEEEEEC2IS5_EEOT_
FN:454,_ZNSt11_Tuple_implILm0EJONSt7__cxx1112basic_stringIcSt11char_traitsIcESaIcEEEEEC2EOS7_
FNDA:5,_ZNSt11_Tuple_implILm0EJONSt7__cxx1112basic_stringIcSt11char_traitsIcESaIcEEEEEC2EOS7_
FN:742,_ZNSt5tupleIJONSt7__cxx1112basic_stringIcSt11char_traitsIcESaIcEEEEEC2IJS5_ELb1ELb1EEEDpOT_
FNDA:5,_ZNSt5tupleIJONSt7__cxx1112basic_stringIcSt11char_traitsIcESaIcEEEEEC2IJS5_ELb1ELb1EEEDpOT_
FN:756,_ZNSt5tupleIJONSt7__cxx1112basic_stringIcSt11char_traitsIcESaIcEEEEEC2EOS7_
FNDA:5,_ZNSt5tupleIJONSt7__cxx1112basic_stringIcSt11char_traitsIcESaIcEEEEEC2EOS7_
FN:1377,_ZSt12__get_helperILm0EONSt7__cxx1112basic_stringIcSt11char_traitsIcESaIcEEEJEERT0_RSt11_Tuple_implIXT_EJS7_DpT1_EE
FNDA:5,_ZSt12__get_helperILm0EONSt7__cxx1112basic_stringIcSt11char_traitsIcESaIcEEEJEERT0_RSt11_Tuple_implIXT_EJS7_DpT1_EE
FN:1393,_ZSt3getILm0EJONSt7__cxx1112basic_stringIcSt11char_traitsIcESaIcEEEEERNSt13tuple_elementIXT_ESt5tupleIJDpT0_EEE4typeERSB_
FNDA:5,_ZSt3getILm0EJONSt7__cxx1112basic_stringIcSt11char_traitsIcESaIcEEEEERNSt13tuple_elementIXT_ESt5tupleIJDpT0_EEE4typeERSB_
FN:1617,_ZSt16forward_as_tupleIJNSt7__cxx1112basic_stringIcSt11char_traitsIcESaIcEEEEESt5tupleIJDpOT_EES9_
FNDA:5,_ZSt16forward_as_tupleIJNSt7__cxx1112basic_stringIcSt11char_traitsIcESaIcEEEEESt5tupleIJDpOT_EES9_
FN:1804,_ZNSt4pairIKNSt7__cxx1112basic_stringIcSt11char_traitsIcESaIcEEEP14GraphAlgorithmEC2IJOS5_EJEEESt21piecewise_construct_tSt5tupleIJDpT_EESD_IJDpT0_EE
FNDA:5,_ZNSt4pairIKNSt7__cxx1112basic_stringIcSt11char_traitsIcESaIcEEEP14GraphAlgorithmEC2IJOS5_EJEEESt21piecewise_construct_tSt5tupleIJDpT_EESD_IJDpT0_EE
FN:1816,_ZNSt4pairIKNSt7__cxx1112basic_stringIcSt11char_traitsIcESaIcEEEP14GraphAlgorithmEC2IJOS5_EJLm0EEJEJEEERSt5tupleIJDpT_EERSC_IJDpT1_EESt12_Index_tupleIJXspT0_EEESL_IJXspT2_EEE
FNDA:5,_ZNSt4pairIKNSt7__cxx1112basic_stringIcSt11char_traitsIcESaIcEEEP14GraphAlgorithmEC2IJOS5_EJLm0EEJEJEEERSt5tupleIJDpT_EERSC_IJDpT1_EESt12_Index_tupleIJXspT0_EEESL_IJXspT2_EEE
DA:199,5
DA:200,5
DA:233,5
DA:424,5
DA:440,5
DA:441,5
DA:442,5
DA:454,5
DA:456,5
DA:457,5
DA:742,5
DA:744,5
DA:756,5
DA:1377,5
DA:1378,5
DA:1393,5
DA:1394,5
DA:1617,5
DA:1618,5
DA:1804,5
DA:1809,5
DA:1810,5
DA:1816,5
DA:1819,5
DA:1820,5
DA:1821,5
end_of_record
SF:/usr/include/c++/11/new
FN:174,_ZnwmPv
FNDA:0,_ZnwmPv
FN:180,_ZdlPvS_
FNDA:0,_ZdlPvS_
DA:174,0
DA:175,0
DA:180,0
end_of_record
SF:/home/noam/Desktop/OS_updated/EX4/9/Server/GraphAlgorithmFactory.cpp
FN:8,_ZN21GraphAlgorithmFactory24getGraphAlgorithmFactoryEv
FNDA:1,_ZN21GraphAlgorithmFactory24getGraphAlgorithmFactoryEv
FN:16,_ZN21GraphAlgorithmFactory17getGraphAlgorithmERKNSt7__cxx1112basic_stringIcSt11char_traitsIcESaIcEEE
FNDA:4,_ZN21GraphAlgorithmFactory17getGraphAlgorithmERKNSt7__cxx1112basic_stringIcSt11char_traitsIcESaIcEEE
FN:26,_ZN21GraphAlgorithmFactoryC2Ev
FNDA:1,_ZN21GraphAlgorithmFactoryC2Ev
DA:8,1
DA:11,1
DA:13,1
DA:16,4
DA:18,4
DA:19,4
DA:21,4
DA:23,0
DA:26,1
DA:29,1
DA:30,1
DA:31,1
DA:32,1
DA:33,1
DA:34,1
DA:35,1
DA:36,1
DA:37,1
DA:38,1
DA:39,1
end_of_record
SF:/usr/include/c++/11/bits/stl_function.h
FN:399,_ZNKSt4lessINSt7__cxx1112basic_stringIcSt11char_traitsIcESaIcEEEEclERKS5_S8_
FNDA:31,_ZNKSt4lessINSt7__cxx1112basic_stringIcSt11char_traitsIcESaIcEEEEclERKS5_S8_
FN:1174,_ZNKSt10_Select1stISt4pairIKNSt7__cxx1112basic_stringIcSt11char_traitsIcESaIcEEEP14GraphAlgorithmEEclERKSA_
FNDA:40,_ZNKSt10_Select1stISt4pairIKNSt7__cxx1112basic_stringIcSt11char_traitsIcESaIcEEEP14GraphAlgorithmEEclERKSA_
DA:399,31
DA:400,31
DA:1174,40
DA:1175,40
end_of_record
SF:/usr/include/c++/11/bits/basic_string.tcc
FN:206,_ZNSt7__cxx1112basic_stringIcSt11char_traitsIcESaIcEE12_M_constructIPKcEEvT_S8_St20forward_iterator_tag
FNDA:0,_ZNSt7__cxx1112basic_stringIcSt11char_traitsIcESaIcEE12_M_constructIPKcEEvT_S8_St20forward_iterator_tag
DA:206,0
DA:211,0
DA:212,0
DA:215,0
DA:217,0
DA:219,0
DA:220,0
DA:225,0
DA:226,0
DA:228,0
DA:229,0
DA:232,0
DA:233,0
end_of_record
SF:/usr/include/c++/11/bits/char_traits.h
FN:106,_ZN9__gnu_cxx11char_traitsIcE2eqERKcS3_
FNDA:0,_ZN9__gnu_cxx11char_traitsIcE2eqERKcS3_
FN:167,_ZN9__gnu_cxx11char_traitsIcE6lengthEPKc
FNDA:0,_ZN9__gnu_cxx11char_traitsIcE6lengthEPKc
FN:393,_ZNSt11char_traitsIcE6lengthEPKc
FNDA:0,_ZNSt11char_traitsIcE6lengthEPKc
FN:429,_ZNSt11char_traitsIcE4copyEPcPKcm
FNDA:0,_ZNSt11char_traitsIcE4copyEPcPKcm
DA:106,0
DA:107,0
DA:167,0
DA:170,0
DA:171,0
DA:172,0
DA:173,0
DA:290,0
DA:393,0
DA:396,0
DA:397,0
DA:399,0
DA:429,0
DA:431,0
DA:432,0
DA:437,0
end_of_record
SF:/usr/include/c++/11/bits/basic_string.h
FN:533,_ZNSt7__cxx1112basic_stringIcSt11char_traitsIcESaIcEEC2IS3_EEPKcRKS3_
FNDA:0,_ZNSt7__cxx1112basic_stringIcSt11char_traitsIcESaIcEEC2IS3_EEPKcRKS3_
FN:6340,_ZStltIcSt11char_traitsIcESaIcEEbRKNSt7__cxx1112basic_stringIT_T0_T1_EESA_
FNDA:31,_ZStltIcSt11char_traitsIcESaIcEEbRKNSt7__cxx1112basic_stringIT_T0_T1_EESA_
DA:533,0
DA:534,0
DA:536,0
DA:539,0
DA:540,0
DA:6340,31
DA:6343,31
end_of_record
SF:/usr/include/c++/11/bits/stl_tree.h
FN:146,_ZNSt20_Rb_tree_key_compareISt4lessINSt7__cxx1112basic_stringIcSt11char_traitsIcESaIcEEEEEC2Ev
FNDA:1,_ZNSt20_Rb_tree_key_compareISt4lessINSt7__cxx1112basic_stringIcSt11char_traitsIcESaIcEEEEEC2Ev
FN:173,_ZNSt15_Rb_tree_headerC2Ev
FNDA:1,_ZNSt15_Rb_tree_headerC2Ev
FN:206,_ZNSt15_Rb_tree_header8_M_resetEv
FNDA:1,_ZNSt15_Rb_tree_header8_M_resetEv
FN:234,_ZNSt13_Rb_tree_nodeISt4pairIKNSt7__cxx1112basic_stringIcSt11char_traitsIcESaIcEEEP14GraphAlgorithmEE9_M_valptrEv
FNDA:19,_ZNSt13_Rb_tree_nodeISt4pairIKNSt7__cxx1112basic_stringIcSt11char_traitsIcESaIcEEEP14GraphAlgorithmEE9_M_valptrEv
FN:238,_ZNKSt13_Rb_tree_nodeISt4pairIKNSt7__cxx1112basic_stringIcSt11char_traitsIcESaIcEEEP14GraphAlgorithmEE9_M_valptrEv
FNDA:40,_ZNKSt13_Rb_tree_nodeISt4pairIKNSt7__cxx1112basic_stringIcSt11char_traitsIcESaIcEEEP14GraphAlgorithmEE9_M_valptrEv
FN:273,_ZNSt17_Rb_tree_iteratorISt4pairIKNSt7__cxx1112basic_stringIcSt11char_traitsIcESaIcEEEP14GraphAlgorithmEEC2EPSt18_Rb_tree_node_base
FNDA:34,_ZNSt17_Rb_tree_iteratorISt4pairIKNSt7__cxx1112basic_stringIcSt11char_traitsIcESaIcEEEP14GraphAlgorithmEEC2EPSt18_Rb_tree_node_base
FN:277,_ZNKSt17_Rb_tree_iteratorISt4pairIKNSt7__cxx1112basic_stringIcSt11char_traitsIcESaIcEEEP14GraphAlgorithmEEdeEv
FNDA:5,_ZNKSt17_Rb_tree_iteratorISt4pairIKNSt7__cxx1112basic_stringIcSt11char_traitsIcESaIcEEEP14GraphAlgorithmEEdeEv
FN:281,_ZNKSt17_Rb_tree_iteratorISt4pairIKNSt7__cxx1112basic_stringIcSt11char_traitsIcESaIcEEEP14GraphAlgorithmEEptEv
FNDA:4,_ZNKSt17_Rb_tree_iteratorISt4pairIKNSt7__cxx1112basic_stringIcSt11char_traitsIcESaIcEEEP14GraphAlgorithmEEptEv
FN:285,_ZNSt17_Rb_tree_iteratorISt4pairIKNSt7__cxx1112basic_stringIcSt11char_traitsIcESaIcEEEP14GraphAlgorithmEEppEv
FNDA:0,_ZNSt17_Rb_tree_iteratorISt4pairIKNSt7__cxx1112basic_stringIcSt11char_traitsIcESaIcEEEP14GraphAlgorithmEEppEv
FN:300,_ZNSt17_Rb_tree_iteratorISt4pairIKNSt7__cxx1112basic_stringIcSt11char_traitsIcESaIcEEEP14GraphAlgorithmEEmmEv
FNDA:0,_ZNSt17_Rb_tree_iteratorISt4pairIKNSt7__cxx1112basic_stringIcSt11char_traitsIcESaIcEEEP14GraphAlgorithmEEmmEv
FN:315,_ZSteqRKSt17_Rb_tree_iteratorISt4pairIKNSt7__cxx1112basic_stringIcSt11char_traitsIcESaIcEEEP14GraphAlgorithmEESD_
FNDA:10,_ZSteqRKSt17_Rb_tree_iteratorISt4pairIKNSt7__cxx1112basic_stringIcSt11char_traitsIcESaIcEEEP14GraphAlgorithmEESD_
FN:320,_ZStneRKSt17_Rb_tree_iteratorISt4pairIKNSt7__cxx1112basic_stringIcSt11char_traitsIcESaIcEEEP14GraphAlgorithmEESD_
FNDA:4,_ZStneRKSt17_Rb_tree_iteratorISt4pairIKNSt7__cxx1112basic_stringIcSt11char_traitsIcESaIcEEEP14GraphAlgorithmEESD_
FN:350,_ZNSt23_Rb_tree_const_iteratorISt4pairIKNSt7__cxx1112basic_stringIcSt11char_traitsIcESaIcEEEP14GraphAlgorithmEEC2ERKSt17_Rb_tree_iteratorISA_E
FNDA:5,_ZNSt23_Rb_tree_const_iteratorISt4pairIKNSt7__cxx1112basic_stringIcSt11char_traitsIcESaIcEEEP14GraphAlgorithmEEC2ERKSt17_Rb_tree_iteratorISA_E
FN:354,_ZNKSt23_Rb_tree_const_iteratorISt4pairIKNSt7__cxx1112basic_stringIcSt11char_traitsIcESaIcEEEP14GraphAlgorithmEE13_M_const_castEv
FNDA:5,_ZNKSt23_Rb_tree_const_iteratorISt4pairIKNSt7__cxx1112basic_stringIcSt11char_traitsIcESaIcEEEP14GraphAlgorithmEE13_M_const_castEv
FN:547,_ZNSt8_Rb_treeINSt7__cxx1112basic_stringIcSt11char_traitsIcESaIcEEESt4pairIKS5_P14GraphAlgorithmESt10_Select1stISA_ESt4lessIS5_ESaISA_EE21_M_get_Node_allocatorEv
FNDA:20,_ZNSt8_Rb_treeINSt7__cxx1112basic_stringIcSt11char_traitsIcESaIcEEESt4pairIKS5_P14GraphAlgorithmESt10_Select1stISA_ESt4lessIS5_ESaISA_EE21_M_get_Node_allocatorEv
FN:560,_ZNSt8_Rb_treeINSt7__cxx1112basic_stringIcSt11char_traitsIcESaIcEEESt4pairIKS5_P14GraphAlgorithmESt10_Select1stISA_ESt4lessIS5_ESaISA_EE11_M_get_nodeEv
FNDA:5,_ZNSt8_Rb_treeINSt7__cxx1112basic_stringIcSt11char_traitsIcESaIcEEESt4pairIKS5_P14GraphAlgorithmESt10_Select1stISA_ESt4lessIS5_ESaISA_EE11_M_get_nodeEv
FN:564,_ZNSt8_Rb_treeINSt7__cxx1112basic_stringIcSt11char_traitsIcESaIcEEESt4pairIKS5_P14GraphAlgorithmESt10_Select1stISA_ESt4lessIS5_ESaISA_EE11_M_put_nodeEPSt13_Rb_tree_nodeISA_E
FNDA:5,_ZNSt8_Rb_treeINSt7__cxx1112basic_stringIcSt11char_traitsIcESaIcEEESt4pairIKS5_P14GraphAlgorithmESt10_Select1stISA_ESt4lessIS5_ESaISA_EE11_M_put_nodeEPSt13_Rb_tree_nodeISA_E
FN:590,_ZNSt8_Rb_treeINSt7__cxx1112basic_stringIcSt11char_traitsIcESaIcEEESt4pairIKS5_P14GraphAlgorithmESt10_Select1stISA_ESt4lessIS5_ESaISA_EE17_M_construct_nodeIJRKSt21piecewise_construct_tSt5tupleIJOS5_EESL_IJEEEEEvPSt13_Rb_tree_nodeISA_EDpOT_
FNDA:5,_ZNSt8_Rb_treeINSt7__cxx1112basic_stringIcSt11char_traitsIcESaIcEEESt4pairIKS5_P14GraphAlgorithmESt10_Select1stISA_ESt4lessIS5_ESaISA_EE17_M_construct_nodeIJRKSt21piecewise_construct_tSt5tupleIJOS5_EESL_IJEEEEEvPSt13_Rb_tree_nodeISA_EDpOT_
FN:609,_ZNSt8_Rb_treeINSt7__cxx1112basic_stringIcSt11char_traitsIcESaIcEEESt4pairIKS5_P14GraphAlgorithmESt10_Select1stISA_ESt4lessIS5_ESaISA_EE14_M_create_nodeIJRKSt21piecewise_construct_tSt5tupleIJOS5_EESL_IJEEEEEPSt13_Rb_tree_nodeISA_EDpOT_
FNDA:5,_ZNSt8_Rb_treeINSt7__cxx1112basic_stringIcSt11char_traitsIcESaIcEEESt4pairIKS5_P14GraphAlgorithmESt10_Select1stISA_ESt4lessIS5_ESaISA_EE14_M_create_nodeIJRKSt21piecewise_construct_tSt5tupleIJOS5_EESL_IJEEEEEPSt13_Rb_tree_nodeISA_EDpOT_
FN:618,_ZNSt8_Rb_treeINSt7__cxx1112basic_stringIcSt11char_traitsIcESaIcEEESt4pairIKS5_P14GraphAlgorithmESt10_Select1stISA_ESt4lessIS5_ESaISA_EE15_M_destroy_nodeEPSt13_Rb_tree_nodeISA_E
FNDA:5,_ZNSt8_Rb_treeINSt7__cxx1112basic_stringIcSt11char_traitsIcESaIcEEESt4pairIKS5_P14GraphAlgorithmESt10_Select1stISA_ESt4lessIS5_ESaISA_EE15_M_destroy_nodeEPSt13_Rb_tree_nodeISA_E
FN:629,_ZNSt8_Rb_treeINSt7__cxx1112basic_stringIcSt11char_traitsIcESaIcEEESt4pairIKS5_P14GraphAlgorithmESt10_Select1stISA_ESt4lessIS5_ESaISA_EE12_M_drop_nodeEPSt13_Rb_tree_nodeISA_E
FNDA:5,_ZNSt8_Rb_treeINSt7__cxx1112basic_stringIcSt11char_traitsIcESaIcEEESt4pairIKS5_P14GraphAlgorithmESt10_Select1stISA_ESt4lessIS5_ESaISA_EE12_M_drop_nodeEPSt13_Rb_tree_nodeISA_E
FN:667,_ZNSt8_Rb_treeINSt7__cxx1112basic_stringIcSt11char_traitsIcESaIcEEESt4pairIKS5_P14GraphAlgorithmESt10_Select1stISA_ESt4lessIS5_ESaISA_EE13_Rb_tree_implISE_Lb1EEC2Ev
FNDA:1,_ZNSt8_Rb_treeINSt7__cxx1112basic_stringIcSt11char_traitsIcESaIcEEESt4pairIKS5_P14GraphAlgorithmESt10_Select1stISA_ESt4lessIS5_ESaISA_EE13_Rb_tree_implISE_Lb1EEC2Ev
FN:718,_ZNSt8_Rb_treeINSt7__cxx1112basic_stringIcSt11char_traitsIcESaIcEEESt4pairIKS5_P14GraphAlgorithmESt10_Select1stISA_ESt4lessIS5_ESaISA_EE11_M_leftmostEv
FNDA:0,_ZNSt8_Rb_treeINSt7__cxx1112basic_stringIcSt11char_traitsIcESaIcEEESt4pairIKS5_P14GraphAlgorithmESt10_Select1stISA_ESt4lessIS5_ESaISA_EE11_M_leftmostEv
FN:726,_ZNSt8_Rb_treeINSt7__cxx1112basic_stringIcSt11char_traitsIcESaIcEEESt4pairIKS5_P14GraphAlgorithmESt10_Select1stISA_ESt4lessIS5_ESaISA_EE12_M_rightmostEv
FNDA:8,_ZNSt8_Rb_treeINSt7__cxx1112basic_stringIcSt11char_traitsIcESaIcEEESt4pairIKS5_P14GraphAlgorithmESt10_Select1stISA_ESt4lessIS5_ESaISA_EE12_M_rightmostEv
FN:734,_ZNKSt8_Rb_treeINSt7__cxx1112basic_stringIcSt11char_traitsIcESaIcEEESt4pairIKS5_P14GraphAlgorithmESt10_Select1stISA_ESt4lessIS5_ESaISA_EE9_M_mbeginEv
FNDA:11,_ZNKSt8_Rb_treeINSt7__cxx1112basic_stringIcSt11char_traitsIcESaIcEEESt4pairIKS5_P14GraphAlgorithmESt10_Select1stISA_ESt4lessIS5_ESaISA_EE9_M_mbeginEv
FN:738,_ZNSt8_Rb_treeINSt7__cxx1112basic_stringIcSt11char_traitsIcESaIcEEESt4pairIKS5_P14GraphAlgorithmESt10_Select1stISA_ESt4lessIS5_ESaISA_EE8_M_beginEv
FNDA:11,_ZNSt8_Rb_treeINSt7__cxx1112basic_stringIcSt11char_traitsIcESaIcEEESt4pairIKS5_P14GraphAlgorithmESt10_Select1stISA_ESt4lessIS5_ESaISA_EE8_M_beginEv
FN:749,_ZNSt8_Rb_treeINSt7__cxx1112basic_stringIcSt11char_traitsIcESaIcEEESt4pairIKS5_P14GraphAlgorithmESt10_Select1stISA_ESt4lessIS5_ESaISA_EE6_M_endEv
FNDA:20,_ZNSt8_Rb_treeINSt7__cxx1112basic_stringIcSt11char_traitsIcESaIcEEESt4pairIKS5_P14GraphAlgorithmESt10_Select1stISA_ESt4lessIS5_ESaISA_EE6_M_endEv
FN:757,_ZNSt8_Rb_treeINSt7__cxx1112basic_stringIcSt11char_traitsIcESaIcEEESt4pairIKS5_P14GraphAlgorithmESt10_Select1stISA_ESt4lessIS5_ESaISA_EE6_S_keyEPKSt13_Rb_tree_nodeISA_E
FNDA:40,_ZNSt8_Rb_treeINSt7__cxx1112basic_stringIcSt11char_traitsIcESaIcEEESt4pairIKS5_P14GraphAlgorithmESt10_Select1stISA_ESt4lessIS5_ESaISA_EE6_S_keyEPKSt13_Rb_tree_nodeISA_E
FN:779,_ZNSt8_Rb_treeINSt7__cxx1112basic_stringIcSt11char_traitsIcESaIcEEESt4pairIKS5_P14GraphAlgorithmESt10_Select1stISA_ESt4lessIS5_ESaISA_EE7_S_leftEPSt18_Rb_tree_node_base
FNDA:10,_ZNSt8_Rb_treeINSt7__cxx1112basic_stringIcSt11char_traitsIcESaIcEEESt4pairIKS5_P14GraphAlgorithmESt10_Select1stISA_ESt4lessIS5_ESaISA_EE7_S_leftEPSt18_Rb_tree_node_base
FN:787,_ZNSt8_Rb_treeINSt7__cxx1112basic_stringIcSt11char_traitsIcESaIcEEESt4pairIKS5_P14GraphAlgorithmESt10_Select1stISA_ESt4lessIS5_ESaISA_EE8_S_rightEPSt18_Rb_tree_node_base
FNDA:19,_ZNSt8_Rb_treeINSt7__cxx1112basic_stringIcSt11char_traitsIcESaIcEEESt4pairIKS5_P14GraphAlgorithmESt10_Select1stISA_ESt4lessIS5_ESaISA_EE8_S_rightEPSt18_Rb_tree_node_base
FN:795,_ZNSt8_Rb_treeINSt7__cxx1112basic_stringIcSt11char_traitsIcESaIcEEESt4pairIKS5_P14GraphAlgorithmESt10_Select1stISA_ESt4lessIS5_ESaISA_EE6_S_keyEPKSt18_Rb_tree_node_base
FNDA:12,_ZNSt8_Rb_treeINSt7__cxx1112basic_stringIcSt11char_traitsIcESaIcEEESt4pairIKS5_P14GraphAlgorithmESt10_Select1stISA_ESt4lessIS5_ESaISA_EE6_S_keyEPKSt18_Rb_tree_node_base
FN:928,_ZNSt8_Rb_treeINSt7__cxx1112basic_stringIcSt11char_traitsIcESaIcEEESt4pairIKS5_P14GraphAlgorithmESt10_Select1stISA_ESt4lessIS5_ESaISA_EEC2Ev
FNDA:1,_ZNSt8_Rb_treeINSt7__cxx1112basic_stringIcSt11char_traitsIcESaIcEEESt4pairIKS5_P14GraphAlgorithmESt10_Select1stISA_ESt4lessIS5_ESaISA_EEC2Ev
FN:983,_ZNSt8_Rb_treeINSt7__cxx1112basic_stringIcSt11char_traitsIcESaIcEEESt4pairIKS5_P14GraphAlgorithmESt10_Select1stISA_ESt4lessIS5_ESaISA_EED2Ev
FNDA:1,_ZNSt8_Rb_treeINSt7__cxx1112basic_stringIcSt11char_traitsIcESaIcEEESt4pairIKS5_P14GraphAlgorithmESt10_Select1stISA_ESt4lessIS5_ESaISA_EED2Ev
FN:991,_ZNKSt8_Rb_treeINSt7__cxx1112basic_stringIcSt11char_traitsIcESaIcEEESt4pairIKS5_P14GraphAlgorithmESt10_Select1stISA_ESt4lessIS5_ESaISA_EE8key_compEv
FNDA:0,_ZNKSt8_Rb_treeINSt7__cxx1112basic_stringIcSt11char_traitsIcESaIcEEESt4pairIKS5_P14GraphAlgorithmESt10_Select1stISA_ESt4lessIS5_ESaISA_EE8key_compEv
FN:995,_ZNSt8_Rb_treeINSt7__cxx1112basic_stringIcSt11char_traitsIcESaIcEEESt4pairIKS5_P14GraphAlgorithmESt10_Select1stISA_ESt4lessIS5_ESaISA_EE5beginEv
FNDA:1,_ZNSt8_Rb_treeINSt7__cxx1112basic_stringIcSt11char_traitsIcESaIcEEESt4pairIKS5_P14GraphAlgorithmESt10_Select1stISA_ESt4lessIS5_ESaISA_EE5beginEv
FN:1003,_ZNSt8_Rb_treeINSt7__cxx1112basic_stringIcSt11char_traitsIcESaIcEEESt4pairIKS5_P14GraphAlgorithmESt10_Select1stISA_ESt4lessIS5_ESaISA_EE3endEv
FNDA:13,_ZNSt8_Rb_treeINSt7__cxx1112basic_stringIcSt11char_traitsIcESaIcEEESt4pairIKS5_P14GraphAlgorithmESt10_Select1stISA_ESt4lessIS5_ESaISA_EE3endEv
FN:1031,_ZNKSt8_Rb_treeINSt7__cxx1112basic_stringIcSt11char_traitsIcESaIcEEESt4pairIKS5_P14GraphAlgorithmESt10_Select1stISA_ESt4lessIS5_ESaISA_EE4sizeEv
FNDA:5,_ZNKSt8_Rb_treeINSt7__cxx1112basic_stringIcSt11char_traitsIcESaIcEEESt4pairIKS5_P14GraphAlgorithmESt10_Select1stISA_ESt4lessIS5_ESaISA_EE4sizeEv
FN:1269,_ZNSt8_Rb_treeINSt7__cxx1112basic_stringIcSt11char_traitsIcESaIcEEESt4pairIKS5_P14GraphAlgorithmESt10_Select1stISA_ESt4lessIS5_ESaISA_EE11lower_boundERS7_
FNDA:5,_ZNSt8_Rb_treeINSt7__cxx1112basic_stringIcSt11char_traitsIcESaIcEEESt4pairIKS5_P14GraphAlgorithmESt10_Select1stISA_ESt4lessIS5_ESaISA_EE11lower_boundERS7_
FN:1883,_ZNSt8_Rb_treeINSt7__cxx1112basic_stringIcSt11char_traitsIcESaIcEEESt4pairIKS5_P14GraphAlgorithmESt10_Select1stISA_ESt4lessIS5_ESaISA_EE8_M_eraseEPSt13_Rb_tree_nodeISA_E
FNDA:6,_ZNSt8_Rb_treeINSt7__cxx1112basic_stringIcSt11char_traitsIcESaIcEEESt4pairIKS5_P14GraphAlgorithmESt10_Select1stISA_ESt4lessIS5_ESaISA_EE8_M_eraseEPSt13_Rb_tree_nodeISA_E
FN:1900,_ZNSt8_Rb_treeINSt7__cxx1112basic_stringIcSt11char_traitsIcESaIcEEESt4pairIKS5_P14GraphAlgorithmESt10_Select1stISA_ESt4lessIS5_ESaISA_EE14_M_lower_boundEPSt13_Rb_tree_nodeISA_EPSt18_Rb_tree_node_baseRS7_
FNDA:9,_ZNSt8_Rb_treeINSt7__cxx1112basic_stringIcSt11char_traitsIcESaIcEEESt4pairIKS5_P14GraphAlgorithmESt10_Select1stISA_ESt4lessIS5_ESaISA_EE14_M_lower_boundEPSt13_Rb_tree_nodeISA_EPSt18_Rb_tree_node_baseRS7_
FN:2061,_ZNSt8_Rb_treeINSt7__cxx1112basic_stringIcSt11char_traitsIcESaIcEEESt4pairIKS5_P14GraphAlgorithmESt10_Select1stISA_ESt4lessIS5_ESaISA_EE24_M_get_insert_unique_posERS7_
FNDA:1,_ZNSt8_Rb_treeINSt7__cxx1112basic_stringIcSt11char_traitsIcESaIcEEESt4pairIKS5_P14GraphAlgorithmESt10_Select1stISA_ESt4lessIS5_ESaISA_EE24_M_get_insert_unique_posERS7_
FN:2163,_ZNSt8_Rb_treeINSt7__cxx1112basic_stringIcSt11char_traitsIcESaIcEEESt4pairIKS5_P14GraphAlgorithmESt10_Select1stISA_ESt4lessIS5_ESaISA_EE29_M_get_insert_hint_unique_posESt23_Rb_tree_const_iteratorISA_ERS7_
FNDA:5,_ZNSt8_Rb_treeINSt7__cxx1112basic_stringIcSt11char_traitsIcESaIcEEESt4pairIKS5_P14GraphAlgorithmESt10_Select1stISA_ESt4lessIS5_ESaISA_EE29_M_get_insert_hint_unique_posESt23_Rb_tree_const_iteratorISA_ERS7_
FN:2330,_ZNSt8_Rb_treeINSt7__cxx1112basic_stringIcSt11char_traitsIcESaIcEEESt4pairIKS5_P14GraphAlgorithmESt10_Select1stISA_ESt4lessIS5_ESaISA_EE14_M_insert_nodeEPSt18_Rb_tree_node_baseSI_PSt13_Rb_tree_nodeISA_E
FNDA:5,_ZNSt8_Rb_treeINSt7__cxx1112basic_stringIcSt11char_traitsIcESaIcEEESt4pairIKS5_P14GraphAlgorithmESt10_Select1stISA_ESt4lessIS5_ESaISA_EE14_M_insert_nodeEPSt18_Rb_tree_node_baseSI_PSt13_Rb_tree_nodeISA_E
FN:2428,_ZNSt8_Rb_treeINSt7__cxx1112basic_stringIcSt11char_traitsIcESaIcEEESt4pairIKS5_P14GraphAlgorithmESt10_Select1stISA_ESt4lessIS5_ESaISA_EE22_M_emplace_hint_uniqueIJRKSt21piecewise_construct_tSt5tupleIJOS5_EESL_IJEEEEESt17_Rb_tree_iteratorISA_ESt23_Rb_tree_const_iteratorISA_EDpOT_
FNDA:5,_ZNSt8_Rb_treeINSt7__cxx1112basic_stringIcSt11char_traitsIcESaIcEEESt4pairIKS5_P14GraphAlgorithmESt10_Select1stISA_ESt4lessIS5_ESaISA_EE22_M_emplace_hint_uniqueIJRKSt21piecewise_construct_tSt5tupleIJOS5_EESL_IJEEEEESt17_Rb_tree_iteratorISA_ESt23_Rb_tree_const_iteratorISA_EDpOT_
FN:2520,_ZNSt8_Rb_treeINSt7__cxx1112basic_stringIcSt11char_traitsIcESaIcEEESt4pairIKS5_P14GraphAlgorithmESt10_Select1stISA_ESt4lessIS5_ESaISA_EE4findERS7_
FNDA:4,_ZNSt8_Rb_treeINSt7__cxx1112basic_stringIcSt11char_traitsIcESaIcEEESt4pairIKS5_P14GraphAlgorithmESt10_Select1stISA_ESt4lessIS5_ESaISA_EE4findERS7_
DA:146,1
DA:150,1
DA:173,1
DA:174,1
DA:175,1
DA:176,1
DA:177,1
DA:206,1
DA:208,1
DA:209,1
DA:210,1
DA:211,1
DA:212,1
DA:234,19
DA:235,19
DA:238,40
DA:239,40
DA:273,34
DA:274,34
DA:277,5
DA:278,5
DA:281,4
DA:282,4
DA:285,0
DA:287,0
DA:288,0
DA:300,0
DA:302,0
DA:303,0
DA:315,10
DA:316,10
DA:320,4
DA:321,4
DA:350,5
DA:351,5
DA:354,5
DA:355,5
DA:547,20
DA:548,20
DA:560,5
DA:561,5
DA:564,5
DA:565,5
DA:590,5
DA:594,5
DA:595,5
DA:599,0
DA:601,0
DA:602,0
DA:603,0
DA:605,5
DA:609,5
DA:611,5
DA:612,5
DA:613,5
DA:618,5
DA:623,5
DA:624,5
DA:626,5
DA:629,5
DA:631,5
DA:632,5
DA:633,5
DA:667,1
DA:671,1
DA:672,1
DA:718,0
DA:719,0
DA:726,8
DA:727,8
DA:734,11
DA:735,11
DA:738,11
DA:739,11
DA:749,20
DA:750,20
DA:757,40
DA:775,40
DA:779,10
DA:780,10
DA:787,19
DA:788,19
DA:795,12
DA:796,12
DA:928,1
DA:983,1
DA:984,1
DA:991,0
DA:992,0
DA:995,1
DA:996,1
DA:1003,13
DA:1004,13
DA:1031,5
DA:1032,5
DA:1269,5
DA:1270,5
DA:1883,6
DA:1887,11
DA:1889,5
DA:1890,5
DA:1891,5
DA:1892,5
DA:1894,6
DA:1900,9
DA:1904,28
DA:1905,19
DA:1906,5
DA:1908,14
DA:1909,9
DA:2061,1
DA:2065,1
DA:2066,1
DA:2067,1
DA:2068,1
DA:2070,0
DA:2071,0
DA:2072,0
DA:2074,1
DA:2075,1
DA:2077,1
DA:2078,1
DA:2080,0
DA:2082,0
DA:2083,0
DA:2084,0
DA:2163,5
DA:2167,5
DA:2171,5
DA:2173,5
DA:2174,5
DA:2175,4
DA:2177,1
DA:2179,0
DA:2182,0
DA:2183,0
DA:2184,0
DA:2185,0
DA:2187,0
DA:2188,0
DA:2190,0
DA:2193,0
DA:2195,0
DA:2198,0
DA:2199,0
DA:2200,0
DA:2201,0
DA:2203,0
DA:2204,0
DA:2206,0
DA:2209,0
DA:2213,0
DA:2330,5
DA:2333,5
DA:2334,10
DA:2337,5
DA:2338,5
DA:2339,5
DA:2340,5
DA:2428,5
DA:2431,5
DA:2435,5
DA:2437,5
DA:2438,5
DA:2440,0
DA:2441,0
DA:2443,0
DA:2445,0
DA:2446,0
DA:2520,4
DA:2523,4
DA:2524,8
DA:2525,4
DA:2526,12
end_of_record
TN:
SF:/usr/include/c++/11/bits/vector.tcc
FN:109,_ZNSt6vectorI4EdgeSaIS0_EE12emplace_backIJS0_EEERS0_DpOT_
FNDA:16,_ZNSt6vectorI4EdgeSaIS0_EE12emplace_backIJS0_EEERS0_DpOT_
FN:426,_ZNSt6vectorI4EdgeSaIS0_EE17_M_realloc_insertIJS0_EEEvN9__gnu_cxx17__normal_iteratorIPS0_S2_EEDpOT_
FNDA:4,_ZNSt6vectorI4EdgeSaIS0_EE17_M_realloc_insertIJS0_EEEvN9__gnu_cxx17__normal_iteratorIPS0_S2_EEDpOT_
DA:109,16
DA:112,16
DA:115,12
DA:117,12
DA:121,4
DA:123,16
DA:426,4
DA:436,4
DA:437,4
DA:438,4
DA:439,4
DA:440,4
DA:441,4
DA:449,4
DA:450,4
DA:456,4
DA:461,4
DA:462,4
DA:464,4
DA:466,4
DA:467,4
DA:500,4
DA:501,4
DA:502,4
DA:503,4
DA:504,4
DA:505,4
end_of_record
SF:/usr/include/c++/11/bits/stl_construct.h
FN:172,_ZNSt12_Destroy_auxILb1EE9__destroyIP4EdgeEEvT_S4_
FNDA:0,_ZNSt12_Destroy_auxILb1EE9__destroyIP4EdgeEEvT_S4_
FN:182,_ZSt8_DestroyIP4EdgeEvT_S2_
FNDA:0,_ZSt8_DestroyIP4EdgeEvT_S2_
DA:172,0
DA:182,0
DA:196,0
DA:197,0
end_of_record
SF:/usr/include/c++/11/iostream
end_of_record
SF:/usr/include/c++/11/new
FN:174,_ZnwmPv
FNDA:0,_ZnwmPv
DA:174,0
DA:175,0
end_of_record
SF:/usr/include/c++/11/bits/stl_vector.h
FN:97,_ZNSt12_Vector_baseI4EdgeSaIS0_EE17_Vector_impl_dataC2Ev
FNDA:4,_ZNSt12_Vector_baseI4EdgeSaIS0_EE17_Vector_impl_dataC2Ev
FN:131,_ZNSt12_Vector_baseI4EdgeSaIS0_EE12_Vector_implC2Ev
FNDA:1,_ZNSt12_Vector_baseI4EdgeSaIS0_EE12_Vector_implC2Ev
FN:276,_ZNSt12_Vector_baseI4EdgeSaIS0_EE19_M_get_Tp_allocatorEv
FNDA:0,_ZNSt12_Vector_baseI4EdgeSaIS0_EE19_M_get_Tp_allocatorEv
FN:280,_ZNKSt12_Vector_baseI4EdgeSaIS0_EE19_M_get_Tp_allocatorEv
FNDA:11,_ZNKSt12_Vector_baseI4EdgeSaIS0_EE19_M_get_Tp_allocatorEv
FN:288,_ZNSt12_Vector_baseI4EdgeSaIS0_EEC2Ev
FNDA:1,_ZNSt12_Vector_baseI4EdgeSaIS0_EEC2Ev
FN:343,_ZNSt12_Vector_baseI4EdgeSaIS0_EE11_M_allocateEm
FNDA:7,_ZNSt12_Vector_baseI4EdgeSaIS0_EE11_M_allocateEm
FN:350,_ZNSt12_Vector_baseI4EdgeSaIS0_EE13_M_deallocateEPS0_m
FNDA:0,_ZNSt12_Vector_baseI4EdgeSaIS0_EE13_M_deallocateEPS0_m
FN:453,_ZNSt6vectorI4EdgeSaIS0_EE14_S_do_relocateEPS0_S3_S3_RS1_St17integral_constantIbLb1EE
FNDA:8,_ZNSt6vectorI4EdgeSaIS0_EE14_S_do_relocateEPS0_S3_S3_RS1_St17integral_constantIbLb1EE
FN:465,_ZNSt6vectorI4EdgeSaIS0_EE11_S_relocateEPS0_S3_S3_RS1_
FNDA:8,_ZNSt6vectorI4EdgeSaIS0_EE11_S_relocateEPS0_S3_S3_RS1_
FN:487,_ZNSt6vectorI4EdgeSaIS0_EEC2Ev
FNDA:1,_ZNSt6vectorI4EdgeSaIS0_EEC2Ev
FN:811,_ZNSt6vectorI4EdgeSaIS0_EE5beginEv
FNDA:10,_ZNSt6vectorI4EdgeSaIS0_EE5beginEv
FN:820,_ZNKSt6vectorI4EdgeSaIS0_EE5beginEv
FNDA:0,_ZNKSt6vectorI4EdgeSaIS0_EE5beginEv
FN:829,_ZNSt6vectorI4EdgeSaIS0_EE3endEv
FNDA:26,_ZNSt6vectorI4EdgeSaIS0_EE3endEv
FN:838,_ZNKSt6vectorI4EdgeSaIS0_EE3endEv
FNDA:0,_ZNKSt6vectorI4EdgeSaIS0_EE3endEv
FN:918,_ZNKSt6vectorI4EdgeSaIS0_EE4sizeEv
FNDA:19,_ZNKSt6vectorI4EdgeSaIS0_EE4sizeEv
FN:923,_ZNKSt6vectorI4EdgeSaIS0_EE8max_sizeEv
FNDA:8,_ZNKSt6vectorI4EdgeSaIS0_EE8max_sizeEv
FN:1143,_ZNSt6vectorI4EdgeSaIS0_EE4backEv
FNDA:16,_ZNSt6vectorI4EdgeSaIS0_EE4backEv
FN:1203,_ZNSt6vectorI4EdgeSaIS0_EE9push_backEOS0_
FNDA:16,_ZNSt6vectorI4EdgeSaIS0_EE9push_backEOS0_
FN:1498,_ZNSt6vectorI4EdgeSaIS0_EE5clearEv
FNDA:3,_ZNSt6vectorI4EdgeSaIS0_EE5clearEv
FN:1756,_ZNKSt6vectorI4EdgeSaIS0_EE12_M_check_lenEmPKc
FNDA:4,_ZNKSt6vectorI4EdgeSaIS0_EE12_M_check_lenEmPKc
FN:1776,_ZNSt6vectorI4EdgeSaIS0_EE11_S_max_sizeERKS1_
FNDA:8,_ZNSt6vectorI4EdgeSaIS0_EE11_S_max_sizeERKS1_
FN:1792,_ZNSt6vectorI4EdgeSaIS0_EE15_M_erase_at_endEPS0_
FNDA:3,_ZNSt6vectorI4EdgeSaIS0_EE15_M_erase_at_endEPS0_
DA:97,4
DA:98,4
DA:99,4
DA:131,1
DA:133,1
DA:134,1
DA:276,0
DA:277,0
DA:280,11
DA:281,11
DA:288,1
DA:343,7
DA:346,7
DA:350,0
DA:353,0
DA:354,0
DA:355,0
DA:453,8
DA:456,8
DA:465,8
DA:469,8
DA:487,1
DA:811,10
DA:812,10
DA:820,0
DA:821,0
DA:829,26
DA:830,26
DA:838,0
DA:839,0
DA:918,19
DA:919,19
DA:923,8
DA:924,8
DA:1143,16
DA:1146,16
DA:1203,16
DA:1204,16
DA:1498,3
DA:1499,3
DA:1756,4
DA:1758,4
DA:1759,0
DA:1761,4
DA:1762,4
DA:1776,8
DA:1781,8
DA:1783,8
DA:1784,8
DA:1792,3
DA:1794,3
DA:1796,2
DA:1797,2
DA:1798,2
DA:1801,3
end_of_record
SF:/usr/include/c++/11/bits/stl_uninitialized.h
FN:1006,_ZSt14__relocate_a_1I4EdgeS0_ENSt9enable_ifIXsrSt24__is_bitwise_relocatableIT_vE5valueEPS3_E4typeES5_S5_S5_RSaIT0_E
FNDA:8,_ZSt14__relocate_a_1I4EdgeS0_ENSt9enable_ifIXsrSt24__is_bitwise_relocatableIT_vE5valueEPS3_E4typeES5_S5_S5_RSaIT0_E
FN:1040,_ZSt12__relocate_aIP4EdgeS1_SaIS0_EET0_T_S4_S3_RT1_
FNDA:8,_ZSt12__relocate_aIP4EdgeS1_SaIS0_EET0_T_S4_S3_RT1_
DA:1006,8
DA:1009,8
DA:1010,8
DA:1011,3
DA:1012,8
DA:1040,8
DA:1046,8
DA:1048,8
end_of_record
SF:/home/noam/Desktop/OS_updated/EX4/9/Server/Graph.cpp
FN:3,_ZN5GraphC2Ei
FNDA:1,_ZN5GraphC2Ei
FN:5,_ZN5Graph7addEdgeEiii
FNDA:16,_ZN5Graph7addEdgeEiii
FN:10,_ZNK5Graph7getSizeEv
FNDA:26,_ZNK5Graph7getSizeEv
FN:15,_ZNK5Graph8getEdgesEv
FNDA:13,_ZNK5Graph8getEdgesEv
FN:20,_ZN5Graph5cleanEi
FNDA:3,_ZN5Graph5cleanEi
FN:26,_ZlsRSoRK5Graph
FNDA:1,_ZlsRSoRK5Graph
DA:3,1
DA:5,16
DA:7,16
DA:8,16
DA:10,26
DA:12,26
DA:15,13
DA:17,13
DA:20,3
DA:22,3
DA:23,3
DA:24,3
DA:26,1
DA:28,1
DA:29,1
DA:30,1
DA:31,7
DA:33,6
DA:34,6
DA:36,1
end_of_record
SF:/usr/include/c++/11/bits/allocator.h
FN:156,_ZNSaI4EdgeEC2Ev
FNDA:1,_ZNSaI4EdgeEC2Ev
DA:156,1
end_of_record
SF:/usr/include/c++/11/ext/new_allocator.h
FN:79,_ZN9__gnu_cxx13new_allocatorI4EdgeEC2Ev
FNDA:1,_ZN9__gnu_cxx13new_allocatorI4EdgeEC2Ev
FN:103,_ZN9__gnu_cxx13new_allocatorI4EdgeE8allocateEmPKv
FNDA:7,_ZN9__gnu_cxx13new_allocatorI4EdgeE8allocateEmPKv
FN:132,_ZN9__gnu_cxx13new_allocatorI4EdgeE10deallocateEPS1_m
FNDA:0,_ZN9__gnu_cxx13new_allocatorI4EdgeE10deallocateEPS1_m
FN:154,_ZNK9__gnu_cxx13new_allocatorI4EdgeE8max_sizeEv
FNDA:8,_ZNK9__gnu_cxx13new_allocatorI4EdgeE8max_sizeEv
FN:160,_ZN9__gnu_cxx13new_allocatorI4EdgeE9constructIS1_JS1_EEEvPT_DpOT0_
FNDA:16,_ZN9__gnu_cxx13new_allocatorI4EdgeE9constructIS1_JS1_EEEvPT_DpOT0_
FN:197,_ZNK9__gnu_cxx13new_allocatorI4EdgeE11_M_max_sizeEv
FNDA:15,_ZNK9__gnu_cxx13new_allocatorI4EdgeE11_M_max_sizeEv
DA:79,1
DA:103,7
DA:111,7
DA:115,0
DA:116,0
DA:117,0
DA:127,7
DA:132,0
DA:145,0
DA:154,8
DA:155,8
DA:160,16
DA:162,16
DA:197,15
DA:200,15
end_of_record
SF:/usr/include/c++/11/bits/alloc_traits.h
FN:463,_ZNSt16allocator_traitsISaI4EdgeEE8allocateERS1_m
FNDA:7,_ZNSt16allocator_traitsISaI4EdgeEE8allocateERS1_m
FN:495,_ZNSt16allocator_traitsISaI4EdgeEE10deallocateERS1_PS0_m
FNDA:0,_ZNSt16allocator_traitsISaI4EdgeEE10deallocateERS1_PS0_m
FN:511,_ZNSt16allocator_traitsISaI4EdgeEE9constructIS0_JS0_EEEvRS1_PT_DpOT0_
FNDA:16,_ZNSt16allocator_traitsISaI4EdgeEE9constructIS0_JS0_EEEvRS1_PT_DpOT0_
FN:547,_ZNSt16allocator_traitsISaI4EdgeEE8max_sizeERKS1_
FNDA:8,_ZNSt16allocator_traitsISaI4EdgeEE8max_sizeERKS1_
FN:845,_ZSt8_DestroyIP4EdgeS0_EvT_S2_RSaIT0_E
FNDA:0,_ZSt8_DestroyIP4EdgeS0_EvT_S2_RSaIT0_E
DA:463,7
DA:464,7
DA:495,0
DA:496,0
DA:511,16
DA:516,16
DA:520,16
DA:547,8
DA:550,8
DA:845,0
DA:848,0
DA:849,0
end_of_record
SF:/usr/include/c++/11/bits/stl_algobase.h
FN:230,_ZSt3minImERKT_S2_S2_
FNDA:0,_ZSt3minImERKT_S2_S2_
FN:254,_ZSt3maxImERKT_S2_S2_
FNDA:0,_ZSt3maxImERKT_S2_S2_
FN:313,_ZSt12__niter_baseIP4EdgeET_S2_
FNDA:27,_ZSt12__niter_baseIP4EdgeET_S2_
DA:230,0
DA:235,0
DA:236,0
DA:237,0
DA:254,0
DA:259,0
DA:260,0
DA:261,0
DA:313,27
DA:315,27
end_of_record
SF:/usr/include/c++/11/bits/stl_iterator.h
FN:1027,_ZN9__gnu_cxx17__normal_iteratorIP4EdgeSt6vectorIS1_SaIS1_EEEC2ERKS2_
FNDA:61,_ZN9__gnu_cxx17__normal_iteratorIP4EdgeSt6vectorIS1_SaIS1_EEEC2ERKS2_
FN:1027,_ZN9__gnu_cxx17__normal_iteratorIPK4EdgeSt6vectorIS1_SaIS1_EEEC2ERKS3_
FNDA:0,_ZN9__gnu_cxx17__normal_iteratorIPK4EdgeSt6vectorIS1_SaIS1_EEEC2ERKS3_
FN:1042,_ZNK9__gnu_cxx17__normal_iteratorIP4EdgeSt6vectorIS1_SaIS1_EEEdeEv
FNDA:98,_ZNK9__gnu_cxx17__normal_iteratorIP4EdgeSt6vectorIS1_SaIS1_EEEdeEv
FN:1042,_ZNK9__gnu_cxx17__normal_iteratorIPK4EdgeSt6vectorIS1_SaIS1_EEEdeEv
FNDA:0,_ZNK9__gnu_cxx17__normal_iteratorIPK4EdgeSt6vectorIS1_SaIS1_EEEdeEv
FN:1052,_ZN9__gnu_cxx17__normal_iteratorIPK4EdgeSt6vectorIS1_SaIS1_EEEppEv
FNDA:0,_ZN9__gnu_cxx17__normal_iteratorIPK4EdgeSt6vectorIS1_SaIS1_EEEppEv
FN:1100,_ZNK9__gnu_cxx17__normal_iteratorIP4EdgeSt6vectorIS1_SaIS1_EEEmiEl
FNDA:16,_ZNK9__gnu_cxx17__normal_iteratorIP4EdgeSt6vectorIS1_SaIS1_EEEmiEl
FN:1105,_ZNK9__gnu_cxx17__normal_iteratorIP4EdgeSt6vectorIS1_SaIS1_EEE4baseEv
FNDA:118,_ZNK9__gnu_cxx17__normal_iteratorIP4EdgeSt6vectorIS1_SaIS1_EEE4baseEv
FN:1105,_ZNK9__gnu_cxx17__normal_iteratorIPK4EdgeSt6vectorIS1_SaIS1_EEE4baseEv
FNDA:0,_ZNK9__gnu_cxx17__normal_iteratorIPK4EdgeSt6vectorIS1_SaIS1_EEE4baseEv
FN:1179,_ZN9__gnu_cxxneIPK4EdgeSt6vectorIS1_SaIS1_EEEEbRKNS_17__normal_iteratorIT_T0_EESC_
FNDA:0,_ZN9__gnu_cxxneIPK4EdgeSt6vectorIS1_SaIS1_EEEEbRKNS_17__normal_iteratorIT_T0_EESC_
FN:1268,_ZN9__gnu_cxxmiIP4EdgeSt6vectorIS1_SaIS1_EEEENS_17__normal_iteratorIT_T0_E15difference_typeERKS9_SC_
FNDA:13,_ZN9__gnu_cxxmiIP4EdgeSt6vectorIS1_SaIS1_EEEENS_17__normal_iteratorIT_T0_E15difference_typeERKS9_SC_
DA:1027,61
DA:1028,61
DA:1027,0
DA:1028,0
DA:1042,98
DA:1043,98
DA:1042,0
DA:1043,0
DA:1052,0
DA:1054,0
DA:1055,0
DA:1100,16
DA:1101,16
DA:1105,118
DA:1106,118
DA:1105,0
DA:1106,0
DA:1179,0
DA:1182,0
DA:1268,13
DA:1271,13
end_of_record
SF:/usr/include/c++/11/bits/move.h
FN:77,_ZSt7forwardI4EdgeEOT_RNSt16remove_referenceIS1_E4typeE
FNDA:52,_ZSt7forwardI4EdgeEOT_RNSt16remove_referenceIS1_E4typeE
FN:104,_ZSt4moveIR4EdgeEONSt16remove_referenceIT_E4typeEOS3_
FNDA:44,_ZSt4moveIR4EdgeEONSt16remove_referenceIT_E4typeEOS3_
DA:77,52
DA:78,52
DA:104,44
DA:105,44
end_of_record
TN:
SF:/usr/include/c++/11/ext/alloc_traits.h
FN:97,_ZN9__gnu_cxx14__alloc_traitsISaIiEiE17_S_select_on_copyERKS1_
FNDA:137,_ZN9__gnu_cxx14__alloc_traitsISaIiEiE17_S_select_on_copyERKS1_
FN:103,_ZN9__gnu_cxx14__alloc_traitsISaIiEiE27_S_propagate_on_copy_assignEv
FNDA:3,_ZN9__gnu_cxx14__alloc_traitsISaIiEiE27_S_propagate_on_copy_assignEv
FN:112,_ZN9__gnu_cxx14__alloc_traitsISaIiEiE15_S_always_equalEv
FNDA:0,_ZN9__gnu_cxx14__alloc_traitsISaIiEiE15_S_always_equalEv
DA:97,137
DA:98,137
DA:103,3
DA:104,3
DA:112,0
DA:113,0
end_of_record
SF:/usr/include/c++/11/bits/alloc_traits.h
FN:463,_ZNSt16allocator_traitsISaIiEE8allocateERS0_m
FNDA:0,_ZNSt16allocator_traitsISaIiEE8allocateERS0_m
FN:495,_ZNSt16allocator_traitsISaIiEE10deallocateERS0_Pim
FNDA:0,_ZNSt16allocator_traitsISaIiEE10deallocateERS0_Pim
FN:511,_ZNSt16allocator_traitsISaIiEE9constructIiJRKiEEEvRS0_PT_DpOT0_
FNDA:0,_ZNSt16allocator_traitsISaIiEE9constructIiJRKiEEEvRS0_PT_DpOT0_
FN:547,_ZNSt16allocator_traitsISaIiEE8max_sizeERKS0_
FNDA:0,_ZNSt16allocator_traitsISaIiEE8max_sizeERKS0_
FN:562,_ZNSt16allocator_traitsISaIiEE37select_on_container_copy_constructionERKS0_
FNDA:137,_ZNSt16allocator_traitsISaIiEE37select_on_container_copy_constructionERKS0_
FN:678,_ZSt15__alloc_on_copyISaIiEEvRT_RKS1_
FNDA:0,_ZSt15__alloc_on_copyISaIiEEvRT_RKS1_
FN:845,_ZSt8_DestroyIN9__gnu_cxx17__normal_iteratorIPiSt6vectorIiSaIiEEEEiEvT_S7_RSaIT0_E
FNDA:0,_ZSt8_DestroyIN9__gnu_cxx17__normal_iteratorIPiSt6vectorIiSaIiEEEEiEvT_S7_RSaIT0_E
FN:845,_ZSt8_DestroyIPiiEvT_S1_RSaIT0_E
FNDA:0,_ZSt8_DestroyIPiiEvT_S1_RSaIT0_E
DA:463,0
DA:464,0
DA:495,0
DA:496,0
DA:511,0
DA:516,0
DA:520,0
DA:547,0
DA:550,0
DA:562,137
DA:563,137
DA:678,0
DA:688,0
DA:845,0
DA:848,0
DA:849,0
DA:845,0
DA:848,0
DA:849,0
end_of_record
SF:/usr/include/c++/11/ext/new_allocator.h
FN:79,_ZN9__gnu_cxx13new_allocatorIiEC2Ev
FNDA:0,_ZN9__gnu_cxx13new_allocatorIiEC2Ev
FN:82,_ZN9__gnu_cxx13new_allocatorIiEC2ERKS1_
FNDA:0,_ZN9__gnu_cxx13new_allocatorIiEC2ERKS1_
FN:89,_ZN9__gnu_cxx13new_allocatorIiED2Ev
FNDA:0,_ZN9__gnu_cxx13new_allocatorIiED2Ev
FN:103,_ZN9__gnu_cxx13new_allocatorIiE8allocateEmPKv
FNDA:0,_ZN9__gnu_cxx13new_allocatorIiE8allocateEmPKv
FN:132,_ZN9__gnu_cxx13new_allocatorIiE10deallocateEPim
FNDA:0,_ZN9__gnu_cxx13new_allocatorIiE10deallocateEPim
FN:154,_ZNK9__gnu_cxx13new_allocatorIiE8max_sizeEv
FNDA:0,_ZNK9__gnu_cxx13new_allocatorIiE8max_sizeEv
FN:160,_ZN9__gnu_cxx13new_allocatorIiE9constructIiJRKiEEEvPT_DpOT0_
FNDA:0,_ZN9__gnu_cxx13new_allocatorIiE9constructIiJRKiEEEvPT_DpOT0_
FN:197,_ZNK9__gnu_cxx13new_allocatorIiE11_M_max_sizeEv
FNDA:0,_ZNK9__gnu_cxx13new_allocatorIiE11_M_max_sizeEv
DA:79,0
DA:82,0
DA:89,0
DA:103,0
DA:111,0
DA:115,0
DA:116,0
DA:117,0
DA:127,0
DA:132,0
DA:145,0
DA:154,0
DA:155,0
DA:160,0
DA:162,0
DA:197,0
DA:200,0
end_of_record
SF:/usr/include/c++/11/bits/allocator.h
FN:156,_ZNSaIiEC2Ev
FNDA:0,_ZNSaIiEC2Ev
FN:159,_ZNSaIiEC2ERKS_
FNDA:0,_ZNSaIiEC2ERKS_
FN:174,_ZNSaIiED2Ev
FNDA:0,_ZNSaIiED2Ev
FN:209,_ZStneRKSaIiES1_
FNDA:0,_ZStneRKSaIiES1_
DA:156,0
DA:159,0
DA:160,0
DA:174,0
DA:209,0
DA:210,0
end_of_record
SF:/usr/include/c++/11/bits/stl_iterator.h
FN:1027,_ZN9__gnu_cxx17__normal_iteratorIPKiSt6vectorIiSaIiEEEC2ERKS2_
FNDA:0,_ZN9__gnu_cxx17__normal_iteratorIPKiSt6vectorIiSaIiEEEC2ERKS2_
FN:1027,_ZN9__gnu_cxx17__normal_iteratorIPiSt6vectorIiSaIiEEEC2ERKS1_
FNDA:0,_ZN9__gnu_cxx17__normal_iteratorIPiSt6vectorIiSaIiEEEC2ERKS1_
FN:1027,_ZN9__gnu_cxx17__normal_iteratorIPK4EdgeSt6vectorIS1_SaIS1_EEEC2ERKS3_
FNDA:0,_ZN9__gnu_cxx17__normal_iteratorIPK4EdgeSt6vectorIS1_SaIS1_EEEC2ERKS3_
FN:1033,_ZN9__gnu_cxx17__normal_iteratorIPKiSt6vectorIiSaIiEEEC2IPiEERKNS0_IT_NS_11__enable_ifIXsrSt10__are_sameIS9_S8_E7__valueES5_E6__typeEEE
FNDA:0,_ZN9__gnu_cxx17__normal_iteratorIPKiSt6vectorIiSaIiEEEC2IPiEERKNS0_IT_NS_11__enable_ifIXsrSt10__are_sameIS9_S8_E7__valueES5_E6__typeEEE
FN:1042,_ZNK9__gnu_cxx17__normal_iteratorIPK4EdgeSt6vectorIS1_SaIS1_EEEdeEv
FNDA:0,_ZNK9__gnu_cxx17__normal_iteratorIPK4EdgeSt6vectorIS1_SaIS1_EEEdeEv
FN:1042,_ZNK9__gnu_cxx17__normal_iteratorIPiSt6vectorIiSaIiEEEdeEv
FNDA:0,_ZNK9__gnu_cxx17__normal_iteratorIPiSt6vectorIiSaIiEEEdeEv
FN:1052,_ZN9__gnu_cxx17__normal_iteratorIPK4EdgeSt6vectorIS1_SaIS1_EEEppEv
FNDA:0,_ZN9__gnu_cxx17__normal_iteratorIPK4EdgeSt6vectorIS1_SaIS1_EEEppEv
FN:1052,_ZN9__gnu_cxx17__normal_iteratorIPiSt6vectorIiSaIiEEEppEv
FNDA:0,_ZN9__gnu_cxx17__normal_iteratorIPiSt6vectorIiSaIiEEEppEv
FN:1090,_ZNK9__gnu_cxx17__normal_iteratorIPiSt6vectorIiSaIiEEEplEl
FNDA:0,_ZNK9__gnu_cxx17__normal_iteratorIPiSt6vectorIiSaIiEEEplEl
FN:1105,_ZNK9__gnu_cxx17__normal_iteratorIPKiSt6vectorIiSaIiEEE4baseEv
FNDA:0,_ZNK9__gnu_cxx17__normal_iteratorIPKiSt6vectorIiSaIiEEE4baseEv
FN:1105,_ZNK9__gnu_cxx17__normal_iteratorIPiSt6vectorIiSaIiEEE4baseEv
FNDA:0,_ZNK9__gnu_cxx17__normal_iteratorIPiSt6vectorIiSaIiEEE4baseEv
FN:1105,_ZNK9__gnu_cxx17__normal_iteratorIPK4EdgeSt6vectorIS1_SaIS1_EEE4baseEv
FNDA:0,_ZNK9__gnu_cxx17__normal_iteratorIPK4EdgeSt6vectorIS1_SaIS1_EEE4baseEv
FN:1163,_ZN9__gnu_cxxeqIPiSt6vectorIiSaIiEEEEbRKNS_17__normal_iteratorIT_T0_EESA_
FNDA:0,_ZN9__gnu_cxxeqIPiSt6vectorIiSaIiEEEEbRKNS_17__normal_iteratorIT_T0_EESA_
FN:1163,_ZN9__gnu_cxxeqIPKiSt6vectorIiSaIiEEEEbRKNS_17__normal_iteratorIT_T0_EESB_
FNDA:0,_ZN9__gnu_cxxeqIPKiSt6vectorIiSaIiEEEEbRKNS_17__normal_iteratorIT_T0_EESB_
FN:1179,_ZN9__gnu_cxxneIPK4EdgeSt6vectorIS1_SaIS1_EEEEbRKNS_17__normal_iteratorIT_T0_EESC_
FNDA:0,_ZN9__gnu_cxxneIPK4EdgeSt6vectorIS1_SaIS1_EEEEbRKNS_17__normal_iteratorIT_T0_EESC_
FN:1179,_ZN9__gnu_cxxneIPiSt6vectorIiSaIiEEEEbRKNS_17__normal_iteratorIT_T0_EESA_
FNDA:0,_ZN9__gnu_cxxneIPiSt6vectorIiSaIiEEEEbRKNS_17__normal_iteratorIT_T0_EESA_
FN:1268,_ZN9__gnu_cxxmiIPKiSt6vectorIiSaIiEEEENS_17__normal_iteratorIT_T0_E15difference_typeERKS9_SC_
FNDA:0,_ZN9__gnu_cxxmiIPKiSt6vectorIiSaIiEEEENS_17__normal_iteratorIT_T0_E15difference_typeERKS9_SC_
FN:1268,_ZN9__gnu_cxxmiIPiSt6vectorIiSaIiEEEENS_17__normal_iteratorIT_T0_E15difference_typeERKS8_SB_
FNDA:0,_ZN9__gnu_cxxmiIPiSt6vectorIiSaIiEEEENS_17__normal_iteratorIT_T0_E15difference_typeERKS8_SB_
FN:1291,_ZSt12__niter_baseIPKiSt6vectorIiSaIiEEET_N9__gnu_cxx17__normal_iteratorIS5_T0_EE
FNDA:280,_ZSt12__niter_baseIPKiSt6vectorIiSaIiEEET_N9__gnu_cxx17__normal_iteratorIS5_T0_EE
FN:1291,_ZSt12__niter_baseIPiSt6vectorIiSaIiEEET_N9__gnu_cxx17__normal_iteratorIS4_T0_EE
FNDA:0,_ZSt12__niter_baseIPiSt6vectorIiSaIiEEET_N9__gnu_cxx17__normal_iteratorIS4_T0_EE
DA:1027,0
DA:1028,0
DA:1027,0
DA:1028,0
DA:1027,0
DA:1028,0
DA:1033,0
DA:1037,0
DA:1042,0
DA:1043,0
DA:1042,0
DA:1043,0
DA:1052,0
DA:1054,0
DA:1055,0
DA:1052,0
DA:1054,0
DA:1055,0
DA:1090,0
DA:1091,0
DA:1105,0
DA:1106,0
DA:1105,0
DA:1106,0
DA:1105,0
DA:1106,0
DA:1163,0
DA:1166,0
DA:1163,0
DA:1166,0
DA:1179,0
DA:1182,0
DA:1179,0
DA:1182,0
DA:1268,0
DA:1271,0
DA:1268,0
DA:1271,0
DA:1291,0
DA:1293,0
DA:1291,280
DA:1293,280
end_of_record
SF:/usr/include/c++/11/bits/stl_algobase.h
FN:230,_ZSt3minImERKT_S2_S2_
FNDA:0,_ZSt3minImERKT_S2_S2_
FN:254,_ZSt3maxImERKT_S2_S2_
FNDA:0,_ZSt3maxImERKT_S2_S2_
FN:313,_ZSt12__niter_baseIPiET_S1_
FNDA:0,_ZSt12__niter_baseIPiET_S1_
FN:328,_ZSt12__niter_wrapIN9__gnu_cxx17__normal_iteratorIPiSt6vectorIiSaIiEEEES2_ET_S7_T0_
FNDA:0,_ZSt12__niter_wrapIN9__gnu_cxx17__normal_iteratorIPiSt6vectorIiSaIiEEEES2_ET_S7_T0_
FN:335,_ZSt12__niter_wrapIPiET_RKS1_S1_
FNDA:140,_ZSt12__niter_wrapIPiET_RKS1_S1_
FN:420,_ZNSt11__copy_moveILb1ELb1ESt26random_access_iterator_tagE8__copy_mIiEEPT_PKS3_S6_S4_
FNDA:0,_ZNSt11__copy_moveILb1ELb1ESt26random_access_iterator_tagE8__copy_mIiEEPT_PKS3_S6_S4_
FN:420,_ZNSt11__copy_moveILb0ELb1ESt26random_access_iterator_tagE8__copy_mIiEEPT_PKS3_S6_S4_
FNDA:140,_ZNSt11__copy_moveILb0ELb1ESt26random_access_iterator_tagE8__copy_mIiEEPT_PKS3_S6_S4_
FN:486,_ZSt14__copy_move_a2ILb1EPiS0_ET1_T0_S2_S1_
FNDA:0,_ZSt14__copy_move_a2ILb1EPiS0_ET1_T0_S2_S1_
FN:486,_ZSt14__copy_move_a2ILb0EPKiPiET1_T0_S4_S3_
FNDA:140,_ZSt14__copy_move_a2ILb0EPKiPiET1_T0_S4_S3_
FN:486,_ZSt14__copy_move_a2ILb0EPiS0_ET1_T0_S2_S1_
FNDA:0,_ZSt14__copy_move_a2ILb0EPiS0_ET1_T0_S2_S1_
FN:521,_ZSt14__copy_move_a1ILb0EPiS0_ET1_T0_S2_S1_
FNDA:0,_ZSt14__copy_move_a1ILb0EPiS0_ET1_T0_S2_S1_
FN:521,_ZSt14__copy_move_a1ILb0EPKiPiET1_T0_S4_S3_
FNDA:140,_ZSt14__copy_move_a1ILb0EPKiPiET1_T0_S4_S3_
FN:521,_ZSt14__copy_move_a1ILb1EPiS0_ET1_T0_S2_S1_
FNDA:0,_ZSt14__copy_move_a1ILb1EPiS0_ET1_T0_S2_S1_
FN:527,_ZSt13__copy_move_aILb1EN9__gnu_cxx17__normal_iteratorIPiSt6vectorIiSaIiEEEES6_ET1_T0_S8_S7_
FNDA:0,_ZSt13__copy_move_aILb1EN9__gnu_cxx17__normal_iteratorIPiSt6vectorIiSaIiEEEES6_ET1_T0_S8_S7_
FN:527,_ZSt13__copy_move_aILb0EPiS0_ET1_T0_S2_S1_
FNDA:0,_ZSt13__copy_move_aILb0EPiS0_ET1_T0_S2_S1_
FN:527,_ZSt13__copy_move_aILb0EN9__gnu_cxx17__normal_iteratorIPKiSt6vectorIiSaIiEEEENS1_IPiS6_EEET1_T0_SB_SA_
FNDA:0,_ZSt13__copy_move_aILb0EN9__gnu_cxx17__normal_iteratorIPKiSt6vectorIiSaIiEEEENS1_IPiS6_EEET1_T0_SB_SA_
FN:527,_ZSt13__copy_move_aILb0EN9__gnu_cxx17__normal_iteratorIPKiSt6vectorIiSaIiEEEEPiET1_T0_SA_S9_
FNDA:140,_ZSt13__copy_move_aILb0EN9__gnu_cxx17__normal_iteratorIPKiSt6vectorIiSaIiEEEEPiET1_T0_SA_S9_
FN:611,_ZSt4copyIN9__gnu_cxx17__normal_iteratorIPKiSt6vectorIiSaIiEEEEPiET0_T_SA_S9_
FNDA:140,_ZSt4copyIN9__gnu_cxx17__normal_iteratorIPKiSt6vectorIiSaIiEEEEPiET0_T_SA_S9_
FN:611,_ZSt4copyIPiS0_ET0_T_S2_S1_
FNDA:0,_ZSt4copyIPiS0_ET0_T_S2_S1_
FN:611,_ZSt4copyIN9__gnu_cxx17__normal_iteratorIPKiSt6vectorIiSaIiEEEENS1_IPiS6_EEET0_T_SB_SA_
FNDA:0,_ZSt4copyIN9__gnu_cxx17__normal_iteratorIPKiSt6vectorIiSaIiEEEENS1_IPiS6_EEET0_T_SB_SA_
FN:644,_ZSt4moveIN9__gnu_cxx17__normal_iteratorIPiSt6vectorIiSaIiEEEES6_ET0_T_S8_S7_
FNDA:0,_ZSt4moveIN9__gnu_cxx17__normal_iteratorIPiSt6vectorIiSaIiEEEES6_ET0_T_S8_S7_
FN:2061,_ZSt9__find_ifIN9__gnu_cxx17__normal_iteratorIPiSt6vectorIiSaIiEEEENS0_5__ops16_Iter_equals_valIKiEEET_SB_SB_T0_St26random_access_iterator_tag
FNDA:0,_ZSt9__find_ifIN9__gnu_cxx17__normal_iteratorIPiSt6vectorIiSaIiEEEENS0_5__ops16_Iter_equals_valIKiEEET_SB_SB_T0_St26random_access_iterator_tag
FN:2112,_ZSt9__find_ifIN9__gnu_cxx17__normal_iteratorIPiSt6vectorIiSaIiEEEENS0_5__ops16_Iter_equals_valIKiEEET_SB_SB_T0_
FNDA:0,_ZSt9__find_ifIN9__gnu_cxx17__normal_iteratorIPiSt6vectorIiSaIiEEEENS0_5__ops16_Iter_equals_valIKiEEET_SB_SB_T0_
DA:230,0
DA:235,0
DA:236,0
DA:237,0
DA:254,0
DA:259,0
DA:260,0
DA:261,0
DA:313,0
DA:315,0
DA:328,0
DA:329,0
DA:335,140
DA:336,140
DA:420,0
DA:429,0
DA:430,0
DA:431,0
DA:432,0
DA:420,140
DA:429,140
DA:430,140
DA:431,100
DA:432,140
DA:486,0
DA:495,0
DA:486,0
DA:495,0
DA:486,140
DA:495,140
DA:521,0
DA:522,0
DA:521,0
DA:522,0
DA:521,140
DA:522,140
DA:527,140
DA:529,140
DA:532,140
DA:527,0
DA:529,0
DA:532,0
DA:527,0
DA:529,0
DA:532,0
DA:527,0
DA:529,0
DA:532,0
DA:611,140
DA:620,140
DA:611,0
DA:620,0
DA:611,0
DA:620,0
DA:644,0
DA:652,0
DA:653,0
DA:2061,0
DA:2065,0
DA:2067,0
DA:2069,0
DA:2070,0
DA:2071,0
DA:2073,0
DA:2074,0
DA:2075,0
DA:2077,0
DA:2078,0
DA:2079,0
DA:2081,0
DA:2082,0
DA:2083,0
DA:2086,0
DA:2088,0
DA:2089,0
DA:2090,0
DA:2091,0
DA:2093,0
DA:2094,0
DA:2095,0
DA:2096,0
DA:2098,0
DA:2099,0
DA:2100,0
DA:2101,0
DA:2103,0
DA:2105,0
DA:2112,0
DA:2114,0
DA:2115,0
end_of_record
SF:/home/noam/Desktop/OS_updated/EX4/9/Server/GraphUtilities.cpp
FN:5,_ZN14GraphUtilities13fillAdjMatrixERSt6vectorIS0_IiSaIiEESaIS2_EERK5Graph
FNDA:9,_ZN14GraphUtilities13fillAdjMatrixERSt6vectorIS0_IiSaIiEESaIS2_EERK5Graph
FN:16,_ZN14GraphUtilities12bronKerboschERSt6vectorIiSaIiEES3_S3_S3_RibRS0_IS2_SaIS2_EERK5Graph
FNDA:62,_ZN14GraphUtilities12bronKerboschERSt6vectorIiSaIiEES3_S3_S3_RibRS0_IS2_SaIS2_EERK5Graph
DA:5,9
DA:7,9
DA:8,57
DA:10,48
DA:11,48
DA:13,9
DA:16,62
DA:20,62
DA:22,20
DA:23,20
DA:25,3
DA:27,20
DA:30,42
DA:31,98
DA:34,56
DA:35,56
DA:37,56
DA:38,166
DA:41,110
DA:43,30
DA:46,122
DA:49,66
DA:51,34
DA:55,56
DA:58,56
DA:59,56
DA:60,56
DA:61,42
end_of_record
SF:/usr/include/c++/11/bits/move.h
FN:77,_ZSt7forwardIRKiEOT_RNSt16remove_referenceIS2_E4typeE
FNDA:0,_ZSt7forwardIRKiEOT_RNSt16remove_referenceIS2_E4typeE
FN:104,_ZSt4moveIRiEONSt16remove_referenceIT_E4typeEOS2_
FNDA:0,_ZSt4moveIRiEONSt16remove_referenceIT_E4typeEOS2_
DA:77,0
DA:78,0
DA:104,0
DA:105,0
end_of_record
SF:/usr/include/c++/11/bits/stl_construct.h
FN:172,_ZNSt12_Destroy_auxILb1EE9__destroyIN9__gnu_cxx17__normal_iteratorIPiSt6vectorIiSaIiEEEEEEvT_S9_
FNDA:0,_ZNSt12_Destroy_auxILb1EE9__destroyIN9__gnu_cxx17__normal_iteratorIPiSt6vectorIiSaIiEEEEEEvT_S9_
FN:172,_ZNSt12_Destroy_auxILb1EE9__destroyIPiEEvT_S3_
FNDA:0,_ZNSt12_Destroy_auxILb1EE9__destroyIPiEEvT_S3_
FN:182,_ZSt8_DestroyIN9__gnu_cxx17__normal_iteratorIPiSt6vectorIiSaIiEEEEEvT_S7_
FNDA:0,_ZSt8_DestroyIN9__gnu_cxx17__normal_iteratorIPiSt6vectorIiSaIiEEEEEvT_S7_
FN:182,_ZSt8_DestroyIPiEvT_S1_
FNDA:0,_ZSt8_DestroyIPiEvT_S1_
DA:172,0
DA:172,0
DA:182,0
DA:196,0
DA:197,0
DA:182,0
DA:196,0
DA:197,0
end_of_record
SF:/usr/include/c++/11/bits/stl_iterator_base_types.h
FN:238,_ZSt19__iterator_categoryIN9__gnu_cxx17__normal_iteratorIPiSt6vectorIiSaIiEEEEENSt15iterator_traitsIT_E17iterator_categoryERKS8_
FNDA:0,_ZSt19__iterator_categoryIN9__gnu_cxx17__normal_iteratorIPiSt6vectorIiSaIiEEEEENSt15iterator_traitsIT_E17iterator_categoryERKS8_
DA:238,0
DA:239,0
end_of_record
SF:/usr/include/c++/11/iostream
end_of_record
SF:/usr/include/c++/11/bits/cpp_type_traits.h
FN:560,_ZSt12__miter_baseIN9__gnu_cxx17__normal_iteratorIPiSt6vectorIiSaIiEEEEET_S7_
FNDA:0,_ZSt12__miter_baseIN9__gnu_cxx17__normal_iteratorIPiSt6vectorIiSaIiEEEEET_S7_
FN:560,_ZSt12__miter_baseIPiET_S1_
FNDA:0,_ZSt12__miter_baseIPiET_S1_
FN:560,_ZSt12__miter_baseIN9__gnu_cxx17__normal_iteratorIPKiSt6vectorIiSaIiEEEEET_S8_
FNDA:280,_ZSt12__miter_baseIN9__gnu_cxx17__normal_iteratorIPKiSt6vectorIiSaIiEEEEET_S8_
DA:560,0
DA:561,0
DA:560,0
DA:561,0
DA:560,280
DA:561,280
end_of_record
SF:/usr/include/c++/11/bits/vector.tcc
FN:184,_ZNSt6vectorIiSaIiEE8_M_eraseEN9__gnu_cxx17__normal_iteratorIPiS1_EES5_
FNDA:0,_ZNSt6vectorIiSaIiEE8_M_eraseEN9__gnu_cxx17__normal_iteratorIPiS1_EES5_
FN:198,_ZNSt6vectorIiSaIiEEaSERKS1_
FNDA:3,_ZNSt6vectorIiSaIiEEaSERKS1_
FN:426,_ZNSt6vectorIiSaIiEE17_M_realloc_insertIJRKiEEEvN9__gnu_cxx17__normal_iteratorIPiS1_EEDpOT_
FNDA:0,_ZNSt6vectorIiSaIiEE17_M_realloc_insertIJRKiEEEvN9__gnu_cxx17__normal_iteratorIPiS1_EEDpOT_
DA:184,0
DA:187,0
DA:189,0
DA:190,0
DA:191,0
DA:193,0
DA:198,3
DA:201,3
DA:205,3
DA:207,0
DA:208,0
DA:211,0
DA:212,0
DA:213,0
DA:214,0
DA:215,0
DA:216,0
DA:217,0
DA:219,0
DA:220,0
DA:223,3
DA:224,3
DA:226,3
DA:228,3
DA:229,3
DA:230,3
DA:231,3
DA:232,3
DA:233,3
DA:234,3
DA:236,0
DA:238,0
DA:239,0
DA:243,0
DA:245,0
DA:246,0
DA:248,0
DA:250,3
DA:252,3
DA:426,0
DA:436,0
DA:437,0
DA:438,0
DA:439,0
DA:440,0
DA:441,0
DA:449,0
DA:450,0
DA:456,0
DA:461,0
DA:462,0
DA:464,0
DA:466,0
DA:467,0
DA:500,0
DA:501,0
DA:502,0
DA:503,0
DA:504,0
DA:505,0
end_of_record
SF:/usr/include/c++/11/bits/predefined_ops.h
FN:262,_ZN9__gnu_cxx5__ops16_Iter_equals_valIKiEC2ERS2_
FNDA:0,_ZN9__gnu_cxx5__ops16_Iter_equals_valIKiEC2ERS2_
FN:269,_ZN9__gnu_cxx5__ops16_Iter_equals_valIKiEclINS_17__normal_iteratorIPiSt6vectorIiSaIiEEEEEEbT_
FNDA:0,_ZN9__gnu_cxx5__ops16_Iter_equals_valIKiEclINS_17__normal_iteratorIPiSt6vectorIiSaIiEEEEEEbT_
FN:276,_ZN9__gnu_cxx5__ops17__iter_equals_valIKiEENS0_16_Iter_equals_valIT_EERS4_
FNDA:0,_ZN9__gnu_cxx5__ops17__iter_equals_valIKiEENS0_16_Iter_equals_valIT_EERS4_
DA:262,0
DA:263,0
DA:264,0
DA:269,0
DA:270,0
DA:276,0
DA:277,0
end_of_record
SF:/usr/include/c++/11/bits/stl_algo.h
FN:813,_ZSt11__remove_ifIN9__gnu_cxx17__normal_iteratorIPiSt6vectorIiSaIiEEEENS0_5__ops16_Iter_equals_valIKiEEET_SB_SB_T0_
FNDA:0,_ZSt11__remove_ifIN9__gnu_cxx17__normal_iteratorIPiSt6vectorIiSaIiEEEENS0_5__ops16_Iter_equals_valIKiEEET_SB_SB_T0_
FN:850,_ZSt6removeIN9__gnu_cxx17__normal_iteratorIPiSt6vectorIiSaIiEEEEiET_S7_S7_RKT0_
FNDA:0,_ZSt6removeIN9__gnu_cxx17__normal_iteratorIPiSt6vectorIiSaIiEEEEiET_S7_S7_RKT0_
DA:813,0
DA:816,0
DA:817,0
DA:818,0
DA:819,0
DA:820,0
DA:821,0
DA:822,0
DA:824,0
DA:825,0
DA:827,0
DA:850,0
DA:860,0
DA:861,0
end_of_record
SF:/usr/include/c++/11/bits/stl_vector.h
FN:97,_ZNSt12_Vector_baseIiSaIiEE17_Vector_impl_dataC2Ev
FNDA:0,_ZNSt12_Vector_baseIiSaIiEE17_Vector_impl_dataC2Ev
FN:131,_ZNSt12_Vector_baseIiSaIiEE12_Vector_implC2Ev
FNDA:0,_ZNSt12_Vector_baseIiSaIiEE12_Vector_implC2Ev
FN:136,_ZNSt12_Vector_baseIiSaIiEE12_Vector_implC2ERKS0_
FNDA:155,_ZNSt12_Vector_baseIiSaIiEE12_Vector_implC2ERKS0_
FN:276,_ZNSt12_Vector_baseIiSaIiEE19_M_get_Tp_allocatorEv
FNDA:0,_ZNSt12_Vector_baseIiSaIiEE19_M_get_Tp_allocatorEv
FN:280,_ZNKSt12_Vector_baseIiSaIiEE19_M_get_Tp_allocatorEv
FNDA:0,_ZNKSt12_Vector_baseIiSaIiEE19_M_get_Tp_allocatorEv
FN:288,_ZNSt12_Vector_baseIiSaIiEEC2Ev
FNDA:0,_ZNSt12_Vector_baseIiSaIiEEC2Ev
FN:303,_ZNSt12_Vector_baseIiSaIiEEC2EmRKS0_
FNDA:155,_ZNSt12_Vector_baseIiSaIiEEC2EmRKS0_
FN:333,_ZNSt12_Vector_baseIiSaIiEED2Ev
FNDA:0,_ZNSt12_Vector_baseIiSaIiEED2Ev
FN:343,_ZNSt12_Vector_baseIiSaIiEE11_M_allocateEm
FNDA:0,_ZNSt12_Vector_baseIiSaIiEE11_M_allocateEm
FN:350,_ZNSt12_Vector_baseIiSaIiEE13_M_deallocateEPim
FNDA:0,_ZNSt12_Vector_baseIiSaIiEE13_M_deallocateEPim
FN:359,_ZNSt12_Vector_baseIiSaIiEE17_M_create_storageEm
FNDA:155,_ZNSt12_Vector_baseIiSaIiEE17_M_create_storageEm
FN:453,_ZNSt6vectorIiSaIiEE14_S_do_relocateEPiS2_S2_RS0_St17integral_constantIbLb1EE
FNDA:0,_ZNSt6vectorIiSaIiEE14_S_do_relocateEPiS2_S2_RS0_St17integral_constantIbLb1EE
FN:465,_ZNSt6vectorIiSaIiEE11_S_relocateEPiS2_S2_RS0_
FNDA:0,_ZNSt6vectorIiSaIiEE11_S_relocateEPiS2_S2_RS0_
FN:487,_ZNSt6vectorIiSaIiEEC2Ev
FNDA:0,_ZNSt6vectorIiSaIiEEC2Ev
FN:553,_ZNSt6vectorIiSaIiEEC2ERKS1_
FNDA:137,_ZNSt6vectorIiSaIiEEC2ERKS1_
FN:678,_ZNSt6vectorIiSaIiEED2Ev
FNDA:0,_ZNSt6vectorIiSaIiEED2Ev
FN:811,_ZNSt6vectorIiSaIiEE5beginEv
FNDA:0,_ZNSt6vectorIiSaIiEE5beginEv
FN:820,_ZNKSt6vectorI4EdgeSaIS0_EE5beginEv
FNDA:0,_ZNKSt6vectorI4EdgeSaIS0_EE5beginEv
FN:820,_ZNKSt6vectorIiSaIiEE5beginEv
FNDA:0,_ZNKSt6vectorIiSaIiEE5beginEv
FN:829,_ZNSt6vectorIiSaIiEE3endEv
FNDA:0,_ZNSt6vectorIiSaIiEE3endEv
FN:838,_ZNKSt6vectorI4EdgeSaIS0_EE3endEv
FNDA:0,_ZNKSt6vectorI4EdgeSaIS0_EE3endEv
FN:838,_ZNKSt6vectorIiSaIiEE3endEv
FNDA:0,_ZNKSt6vectorIiSaIiEE3endEv
FN:884,_ZNKSt6vectorIiSaIiEE6cbeginEv
FNDA:0,_ZNKSt6vectorIiSaIiEE6cbeginEv
FN:918,_ZNKSt6vectorIiSaIiEE4sizeEv
FNDA:0,_ZNKSt6vectorIiSaIiEE4sizeEv
FN:923,_ZNKSt6vectorIiSaIiEE8max_sizeEv
FNDA:0,_ZNKSt6vectorIiSaIiEE8max_sizeEv
FN:998,_ZNKSt6vectorIiSaIiEE8capacityEv
FNDA:6,_ZNKSt6vectorIiSaIiEE8capacityEv
FN:1007,_ZNKSt6vectorIiSaIiEE5emptyEv
FNDA:0,_ZNKSt6vectorIiSaIiEE5emptyEv
FN:1043,_ZNSt6vectorIiSaIiEEixEm
FNDA:427,_ZNSt6vectorIiSaIiEEixEm
FN:1043,_ZNSt6vectorIS_IiSaIiEESaIS1_EEixEm
FNDA:0,_ZNSt6vectorIS_IiSaIiEESaIS1_EEixEm
FN:1187,_ZNSt6vectorIiSaIiEE9push_backERKi
FNDA:0,_ZNSt6vectorIiSaIiEE9push_backERKi
FN:1457,_ZNSt6vectorIiSaIiEE5eraseEN9__gnu_cxx17__normal_iteratorIPKiS1_EES6_
FNDA:0,_ZNSt6vectorIiSaIiEE5eraseEN9__gnu_cxx17__normal_iteratorIPKiS1_EES6_
FN:1498,_ZNSt6vectorIiSaIiEE5clearEv
FNDA:0,_ZNSt6vectorIiSaIiEE5clearEv
FN:1508,_ZNSt6vectorIiSaIiEE20_M_allocate_and_copyIN9__gnu_cxx17__normal_iteratorIPKiS1_EEEEPimT_S9_
FNDA:3,_ZNSt6vectorIiSaIiEE20_M_allocate_and_copyIN9__gnu_cxx17__normal_iteratorIPKiS1_EEEEPimT_S9_
FN:1756,_ZNKSt6vectorIiSaIiEE12_M_check_lenEmPKc
FNDA:0,_ZNKSt6vectorIiSaIiEE12_M_check_lenEmPKc
FN:1776,_ZNSt6vectorIiSaIiEE11_S_max_sizeERKS0_
FNDA:0,_ZNSt6vectorIiSaIiEE11_S_max_sizeERKS0_
FN:1792,_ZNSt6vectorIiSaIiEE15_M_erase_at_endEPi
FNDA:0,_ZNSt6vectorIiSaIiEE15_M_erase_at_endEPi
DA:97,0
DA:98,0
DA:99,0
DA:131,0
DA:133,0
DA:134,0
DA:136,155
DA:137,155
DA:138,155
DA:276,0
DA:277,0
DA:280,0
DA:281,0
DA:288,0
DA:303,155
DA:304,155
DA:305,155
DA:333,0
DA:335,0
DA:336,0
DA:337,0
DA:343,0
DA:346,0
DA:350,0
DA:353,0
DA:354,0
DA:355,0
DA:359,155
DA:361,155
DA:362,155
DA:363,155
DA:364,155
DA:453,0
DA:456,0
DA:465,0
DA:469,0
DA:487,0
DA:553,137
DA:555,137
DA:557,137
[...]
FN:547,_ZNSt16allocator_traitsISaISt6vectorIiSaIiEEEE8max_sizeERKS3_
FNDA:0,_ZNSt16allocator_traitsISaISt6vectorIiSaIiEEEE8max_sizeERKS3_
FN:547,_ZNSt16allocator_traitsISaIiEE8max_sizeERKS0_
FNDA:0,_ZNSt16allocator_traitsISaIiEE8max_sizeERKS0_
FN:562,_ZNSt16allocator_traitsISaIiEE37select_on_container_copy_constructionERKS0_
FNDA:0,_ZNSt16allocator_traitsISaIiEE37select_on_container_copy_constructionERKS0_
FN:845,_ZSt8_DestroyIPSt6vectorIiSaIiEES2_EvT_S4_RSaIT0_E
FNDA:0,_ZSt8_DestroyIPSt6vectorIiSaIiEES2_EvT_S4_RSaIT0_E
FN:845,_ZSt8_DestroyIPiiEvT_S1_RSaIT0_E
FNDA:0,_ZSt8_DestroyIPiiEvT_S1_RSaIT0_E
DA:463,0
DA:464,0
DA:463,0
DA:464,0
DA:495,0
DA:496,0
DA:495,0
DA:496,0
DA:547,0
DA:550,0
DA:547,0
DA:550,0
DA:562,0
DA:563,0
DA:845,0
DA:848,0
DA:849,0
DA:845,0
DA:848,0
DA:849,0
end_of_record
SF:/home/noam/Desktop/OS_updated/EX4/9/Server/NumberOfCliquesAlgorithm.cpp
FN:7,_ZN24NumberOfCliquesAlgorithmC2Ev
FNDA:1,_ZN24NumberOfCliquesAlgorithmC2Ev
FN:11,_ZN24NumberOfCliquesAlgorithm8activateB5cxx11ERK5Graph
FNDA:3,_ZN24NumberOfCliquesAlgorithm8activateB5cxx11ERK5Graph
FN:18,_ZN24NumberOfCliquesAlgorithm19findNumberOfCliquesERK5Graph
FNDA:3,_ZN24NumberOfCliquesAlgorithm19findNumberOfCliquesERK5Graph
DA:7,1
DA:9,1
DA:11,3
DA:13,3
DA:14,3
DA:15,6
DA:16,3
DA:18,3
DA:20,3
DA:21,6
DA:22,6
DA:23,3
DA:24,3
DA:25,3
DA:26,3
DA:27,3
DA:28,3
end_of_record
SF:/usr/include/c++/11/new
FN:174,_ZnwmPv
FNDA:0,_ZnwmPv
FN:180,_ZdlPvS_
FNDA:0,_ZdlPvS_
DA:174,0
DA:175,0
DA:180,0
end_of_record
SF:/usr/include/c++/11/bits/stl_vector.h
FN:97,_ZNSt12_Vector_baseIiSaIiEE17_Vector_impl_dataC2Ev
FNDA:0,_ZNSt12_Vector_baseIiSaIiEE17_Vector_impl_dataC2Ev
FN:97,_ZNSt12_Vector_baseISt6vectorIiSaIiEESaIS2_EE17_Vector_impl_dataC2Ev
FNDA:0,_ZNSt12_Vector_baseISt6vectorIiSaIiEESaIS2_EE17_Vector_impl_dataC2Ev
FN:131,_ZNSt12_Vector_baseIiSaIiEE12_Vector_implC2Ev
FNDA:0,_ZNSt12_Vector_baseIiSaIiEE12_Vector_implC2Ev
FN:136,_ZNSt12_Vector_baseISt6vectorIiSaIiEESaIS2_EE12_Vector_implC2ERKS3_
FNDA:0,_ZNSt12_Vector_baseISt6vectorIiSaIiEESaIS2_EE12_Vector_implC2ERKS3_
FN:136,_ZNSt12_Vector_baseIiSaIiEE12_Vector_implC2ERKS0_
FNDA:0,_ZNSt12_Vector_baseIiSaIiEE12_Vector_implC2ERKS0_
FN:276,_ZNSt12_Vector_baseIiSaIiEE19_M_get_Tp_allocatorEv
FNDA:0,_ZNSt12_Vector_baseIiSaIiEE19_M_get_Tp_allocatorEv
FN:276,_ZNSt12_Vector_baseISt6vectorIiSaIiEESaIS2_EE19_M_get_Tp_allocatorEv
FNDA:0,_ZNSt12_Vector_baseISt6vectorIiSaIiEESaIS2_EE19_M_get_Tp_allocatorEv
FN:280,_ZNKSt12_Vector_baseIiSaIiEE19_M_get_Tp_allocatorEv
FNDA:0,_ZNKSt12_Vector_baseIiSaIiEE19_M_get_Tp_allocatorEv
FN:288,_ZNSt12_Vector_baseIiSaIiEEC2Ev
FNDA:0,_ZNSt12_Vector_baseIiSaIiEEC2Ev
FN:303,_ZNSt12_Vector_baseIiSaIiEEC2EmRKS0_
FNDA:0,_ZNSt12_Vector_baseIiSaIiEEC2EmRKS0_
FN:303,_ZNSt12_Vector_baseISt6vectorIiSaIiEESaIS2_EEC2EmRKS3_
FNDA:0,_ZNSt12_Vector_baseISt6vectorIiSaIiEESaIS2_EEC2EmRKS3_
FN:333,_ZNSt12_Vector_baseIiSaIiEED2Ev
FNDA:0,_ZNSt12_Vector_baseIiSaIiEED2Ev
FN:333,_ZNSt12_Vector_baseISt6vectorIiSaIiEESaIS2_EED2Ev
FNDA:0,_ZNSt12_Vector_baseISt6vectorIiSaIiEESaIS2_EED2Ev
FN:343,_ZNSt12_Vector_baseIiSaIiEE11_M_allocateEm
FNDA:0,_ZNSt12_Vector_baseIiSaIiEE11_M_allocateEm
FN:343,_ZNSt12_Vector_baseISt6vectorIiSaIiEESaIS2_EE11_M_allocateEm
FNDA:0,_ZNSt12_Vector_baseISt6vectorIiSaIiEESaIS2_EE11_M_allocateEm
FN:350,_ZNSt12_Vector_baseISt6vectorIiSaIiEESaIS2_EE13_M_deallocateEPS2_m
FNDA:0,_ZNSt12_Vector_baseISt6vectorIiSaIiEESaIS2_EE13_M_deallocateEPS2_m
FN:350,_ZNSt12_Vector_baseIiSaIiEE13_M_deallocateEPim
FNDA:0,_ZNSt12_Vector_baseIiSaIiEE13_M_deallocateEPim
FN:359,_ZNSt12_Vector_baseIiSaIiEE17_M_create_storageEm
FNDA:0,_ZNSt12_Vector_baseIiSaIiEE17_M_create_storageEm
FN:359,_ZNSt12_Vector_baseISt6vectorIiSaIiEESaIS2_EE17_M_create_storageEm
FNDA:0,_ZNSt12_Vector_baseISt6vectorIiSaIiEESaIS2_EE17_M_create_storageEm
FN:487,_ZNSt6vectorIiSaIiEEC2Ev
FNDA:0,_ZNSt6vectorIiSaIiEEC2Ev
FN:510,_ZNSt6vectorIiSaIiEEC2EmRKS0_
FNDA:0,_ZNSt6vectorIiSaIiEEC2EmRKS0_
FN:522,_ZNSt6vectorIiSaIiEEC2EmRKiRKS0_
FNDA:0,_ZNSt6vectorIiSaIiEEC2EmRKiRKS0_
FN:522,_ZNSt6vectorIS_IiSaIiEESaIS1_EEC2EmRKS1_RKS2_
FNDA:0,_ZNSt6vectorIS_IiSaIiEESaIS1_EEC2EmRKS1_RKS2_
FN:553,_ZNSt6vectorIiSaIiEEC2ERKS1_
FNDA:0,_ZNSt6vectorIiSaIiEEC2ERKS1_
FN:678,_ZNSt6vectorIiSaIiEED2Ev
FNDA:0,_ZNSt6vectorIiSaIiEED2Ev
FN:678,_ZNSt6vectorIS_IiSaIiEESaIS1_EED2Ev
FNDA:0,_ZNSt6vectorIS_IiSaIiEESaIS1_EED2Ev
FN:811,_ZNSt6vectorIiSaIiEE5beginEv
FNDA:0,_ZNSt6vectorIiSaIiEE5beginEv
FN:820,_ZNKSt6vectorIiSaIiEE5beginEv
FNDA:0,_ZNKSt6vectorIiSaIiEE5beginEv
FN:829,_ZNSt6vectorIiSaIiEE3endEv
FNDA:0,_ZNSt6vectorIiSaIiEE3endEv
FN:838,_ZNKSt6vectorIiSaIiEE3endEv
FNDA:0,_ZNKSt6vectorIiSaIiEE3endEv
FN:918,_ZNKSt6vectorIiSaIiEE4sizeEv
FNDA:0,_ZNKSt6vectorIiSaIiEE4sizeEv
FN:1593,_ZNSt6vectorIiSaIiEE18_M_fill_initializeEmRKi
FNDA:0,_ZNSt6vectorIiSaIiEE18_M_fill_initializeEmRKi
FN:1593,_ZNSt6vectorIS_IiSaIiEESaIS1_EE18_M_fill_initializeEmRKS1_
FNDA:0,_ZNSt6vectorIS_IiSaIiEESaIS1_EE18_M_fill_initializeEmRKS1_
FN:1603,_ZNSt6vectorIiSaIiEE21_M_default_initializeEm
FNDA:0,_ZNSt6vectorIiSaIiEE21_M_default_initializeEm
FN:1767,_ZNSt6vectorIiSaIiEE17_S_check_init_lenEmRKS0_
FNDA:0,_ZNSt6vectorIiSaIiEE17_S_check_init_lenEmRKS0_
FN:1767,_ZNSt6vectorIS_IiSaIiEESaIS1_EE17_S_check_init_lenEmRKS2_
FNDA:0,_ZNSt6vectorIS_IiSaIiEESaIS1_EE17_S_check_init_lenEmRKS2_
FN:1776,_ZNSt6vectorIiSaIiEE11_S_max_sizeERKS0_
FNDA:0,_ZNSt6vectorIiSaIiEE11_S_max_sizeERKS0_
FN:1776,_ZNSt6vectorIS_IiSaIiEESaIS1_EE11_S_max_sizeERKS2_
FNDA:0,_ZNSt6vectorIS_IiSaIiEESaIS1_EE11_S_max_sizeERKS2_
DA:97,0
DA:98,0
DA:99,0
DA:97,0
DA:98,0
DA:99,0
DA:131,0
DA:133,0
DA:134,0
DA:136,0
DA:137,0
DA:138,0
DA:136,0
DA:137,0
DA:138,0
DA:276,0
DA:277,0
DA:276,0
DA:277,0
DA:280,0
DA:281,0
DA:288,0
DA:303,0
DA:304,0
DA:305,0
DA:303,0
DA:304,0
DA:305,0
DA:333,0
DA:335,0
DA:336,0
DA:337,0
DA:333,0
DA:335,0
DA:336,0
DA:337,0
DA:343,0
DA:346,0
DA:343,0
DA:346,0
DA:350,0
DA:353,0
DA:354,0
DA:355,0
DA:350,0
DA:353,0
DA:354,0
DA:355,0
DA:359,0
DA:361,0
DA:362,0
DA:363,0
DA:364,0
DA:359,0
DA:361,0
DA:362,0
DA:363,0
DA:364,0
DA:487,0
DA:510,0
DA:511,0
DA:512,0
DA:522,0
DA:524,0
DA:525,0
DA:522,0
DA:524,0
DA:525,0
DA:553,0
DA:555,0
DA:557,0
DA:558,0
DA:560,0
DA:561,0
DA:678,0
DA:680,0
DA:681,0
DA:683,0
DA:678,0
DA:680,0
DA:681,0
DA:683,0
DA:811,0
DA:812,0
DA:820,0
DA:821,0
DA:829,0
DA:830,0
DA:838,0
DA:839,0
DA:918,0
DA:919,0
DA:1593,0
DA:1595,0
DA:1596,0
DA:1597,0
DA:1598,0
DA:1593,0
DA:1595,0
DA:1596,0
DA:1597,0
DA:1598,0
DA:1603,0
DA:1605,0
DA:1606,0
DA:1607,0
DA:1608,0
DA:1767,0
DA:1769,0
DA:1770,0
DA:1772,0
DA:1767,0
DA:1769,0
DA:1770,0
DA:1772,0
DA:1776,0
DA:1781,0
DA:1783,0
DA:1784,0
DA:1776,0
DA:1781,0
DA:1783,0
DA:1784,0
end_of_record
SF:/usr/include/c++/11/bits/stl_uninitialized.h
FN:108,_ZNSt20__uninitialized_copyILb1EE13__uninit_copyIN9__gnu_cxx17__normal_iteratorIPKiSt6vectorIiSaIiEEEEPiEET0_T_SC_SB_
FNDA:0,_ZNSt20__uninitialized_copyILb1EE13__uninit_copyIN9__gnu_cxx17__normal_iteratorIPKiSt6vectorIiSaIiEEEEPiEET0_T_SC_SB_
FN:126,_ZSt18uninitialized_copyIN9__gnu_cxx17__normal_iteratorIPKiSt6vectorIiSaIiEEEEPiET0_T_SA_S9_
FNDA:0,_ZSt18uninitialized_copyIN9__gnu_cxx17__normal_iteratorIPKiSt6vectorIiSaIiEEEEPiET0_T_SA_S9_
FN:230,_ZNSt22__uninitialized_fill_nILb0EE15__uninit_fill_nIPSt6vectorIiSaIiEEmS4_EET_S6_T0_RKT1_
FNDA:0,_ZNSt22__uninitialized_fill_nILb0EE15__uninit_fill_nIPSt6vectorIiSaIiEEmS4_EET_S6_T0_RKT1_
FN:253,_ZNSt22__uninitialized_fill_nILb1EE15__uninit_fill_nIPimiEET_S3_T0_RKT1_
FNDA:0,_ZNSt22__uninitialized_fill_nILb1EE15__uninit_fill_nIPimiEET_S3_T0_RKT1_
FN:273,_ZSt20uninitialized_fill_nIPSt6vectorIiSaIiEEmS2_ET_S4_T0_RKT1_
FNDA:0,_ZSt20uninitialized_fill_nIPSt6vectorIiSaIiEEmS2_ET_S4_T0_RKT1_
FN:273,_ZSt20uninitialized_fill_nIPimiET_S1_T0_RKT1_
FNDA:0,_ZSt20uninitialized_fill_nIPimiET_S1_T0_RKT1_
FN:331,_ZSt22__uninitialized_copy_aIN9__gnu_cxx17__normal_iteratorIPKiSt6vectorIiSaIiEEEEPiiET0_T_SA_S9_RSaIT1_E
FNDA:0,_ZSt22__uninitialized_copy_aIN9__gnu_cxx17__normal_iteratorIPKiSt6vectorIiSaIiEEEEPiiET0_T_SA_S9_RSaIT1_E
FN:408,_ZSt24__uninitialized_fill_n_aIPSt6vectorIiSaIiEEmS2_S2_ET_S4_T0_RKT1_RSaIT2_E
FNDA:0,_ZSt24__uninitialized_fill_n_aIPSt6vectorIiSaIiEEmS2_S2_ET_S4_T0_RKT1_RSaIT2_E
FN:408,_ZSt24__uninitialized_fill_n_aIPimiiET_S1_T0_RKT1_RSaIT2_E
FNDA:0,_ZSt24__uninitialized_fill_n_aIPimiiET_S1_T0_RKT1_RSaIT2_E
FN:595,_ZNSt27__uninitialized_default_n_1ILb1EE18__uninit_default_nIPimEET_S3_T0_
FNDA:0,_ZNSt27__uninitialized_default_n_1ILb1EE18__uninit_default_nIPimEET_S3_T0_
FN:630,_ZSt25__uninitialized_default_nIPimET_S1_T0_
FNDA:0,_ZSt25__uninitialized_default_nIPimET_S1_T0_
FN:702,_ZSt27__uninitialized_default_n_aIPimiET_S1_T0_RSaIT1_E
FNDA:0,_ZSt27__uninitialized_default_n_aIPimiET_S1_T0_RSaIT1_E
DA:108,0
DA:110,0
DA:126,0
DA:145,0
DA:151,0
DA:230,0
DA:233,0
DA:236,0
DA:237,0
DA:238,0
DA:240,0
DA:242,0
DA:243,0
DA:253,0
DA:255,0
DA:273,0
DA:293,0
DA:297,0
DA:273,0
DA:293,0
DA:297,0
DA:331,0
DA:333,0
DA:408,0
DA:410,0
DA:408,0
DA:410,0
DA:595,0
DA:597,0
DA:600,0
DA:601,0
DA:602,0
DA:603,0
DA:605,0
DA:630,0
DA:635,0
DA:640,0
DA:702,0
DA:704,0
end_of_record
SF:/usr/include/c++/11/bits/cpp_type_traits.h
FN:560,_ZSt12__miter_baseIN9__gnu_cxx17__normal_iteratorIPKiSt6vectorIiSaIiEEEEET_S8_
FNDA:0,_ZSt12__miter_baseIN9__gnu_cxx17__normal_iteratorIPKiSt6vectorIiSaIiEEEEET_S8_
DA:560,0
DA:561,0
end_of_record
SF:/usr/include/c++/11/bits/stl_construct.h
FN:109,_ZSt10_ConstructISt6vectorIiSaIiEEJRKS2_EEvPT_DpOT0_
FNDA:0,_ZSt10_ConstructISt6vectorIiSaIiEEJRKS2_EEvPT_DpOT0_
FN:109,_ZSt10_ConstructIiJEEvPT_DpOT0_
FNDA:0,_ZSt10_ConstructIiJEEvPT_DpOT0_
FN:146,_ZSt8_DestroyISt6vectorIiSaIiEEEvPT_
FNDA:0,_ZSt8_DestroyISt6vectorIiSaIiEEEvPT_
FN:160,_ZNSt12_Destroy_auxILb0EE9__destroyIPSt6vectorIiSaIiEEEEvT_S6_
FNDA:0,_ZNSt12_Destroy_auxILb0EE9__destroyIPSt6vectorIiSaIiEEEEvT_S6_
FN:172,_ZNSt12_Destroy_auxILb1EE9__destroyIPiEEvT_S3_
FNDA:0,_ZNSt12_Destroy_auxILb1EE9__destroyIPiEEvT_S3_
FN:182,_ZSt8_DestroyIPSt6vectorIiSaIiEEEvT_S4_
FNDA:0,_ZSt8_DestroyIPSt6vectorIiSaIiEEEvT_S4_
FN:182,_ZSt8_DestroyIPiEvT_S1_
FNDA:0,_ZSt8_DestroyIPiEvT_S1_
DA:109,0
DA:119,0
DA:120,0
DA:109,0
DA:119,0
DA:120,0
DA:146,0
DA:151,0
DA:153,0
DA:160,0
DA:162,0
DA:163,0
DA:164,0
DA:172,0
DA:182,0
DA:196,0
DA:197,0
DA:182,0
DA:196,0
DA:197,0
end_of_record
SF:/usr/include/c++/11/bits/stl_iterator_base_types.h
FN:238,_ZSt19__iterator_categoryIPiENSt15iterator_traitsIT_E17iterator_categoryERKS2_
FNDA:0,_ZSt19__iterator_categoryIPiENSt15iterator_traitsIT_E17iterator_categoryERKS2_
DA:238,0
DA:239,0
end_of_record
SF:/usr/include/c++/11/iostream
end_of_record
TN:
SF:/home/noam/Desktop/OS_updated/EX4/9/Server/Server.cpp
FN:22,_ZN6ServerC2Ev
FNDA:1,_ZN6ServerC2Ev
FN:26,_ZN6Server3runEv
FNDA:1,_ZN6Server3runEv
FN:81,main
FNDA:1,main
DA:22,1
DA:24,1
DA:26,1
DA:35,1
DA:37,0
DA:38,0
DA:41,1
DA:43,1
DA:46,1
DA:48,1
DA:49,1
DA:50,1
DA:52,0
DA:53,0
DA:55,1
DA:57,0
DA:58,0
DA:60,1
DA:64,2
DA:65,2
DA:66,2
DA:68,0
DA:69,0
DA:71,2
DA:72,1
DA:75,1
DA:76,1
DA:77,1
DA:79,2
DA:80,1
DA:81,1
DA:83,1
DA:84,1
DA:85,1
end_of_record
SF:/usr/include/c++/11/tuple
FN:80,_ZNSt10_Head_baseILm1ESt14default_deleteINSt6thread6_StateEELb1EEC2Ev
FNDA:0,_ZNSt10_Head_baseILm1ESt14default_deleteINSt6thread6_StateEELb1EEC2Ev
FN:124,_ZNSt10_Head_baseILm1ESt14default_deleteINSt6thread6_StateEELb1EE7_M_headERS4_
FNDA:0,_ZNSt10_Head_baseILm1ESt14default_deleteINSt6thread6_StateEELb1EE7_M_headERS4_
FN:189,_ZNSt10_Head_baseILm0EPNSt6thread6_StateELb0EEC2Ev
FNDA:0,_ZNSt10_Head_baseILm0EPNSt6thread6_StateELb0EEC2Ev
FN:192,_ZNSt10_Head_baseILm0EPFPvS0_ELb0EEC2ERKS2_
FNDA:0,_ZNSt10_Head_baseILm0EPFPvS0_ELb0EEC2ERKS2_
FN:199,_ZNSt10_Head_baseILm1EP10ClientDataLb0EEC2IS1_EEOT_
FNDA:1,_ZNSt10_Head_baseILm1EP10ClientDataLb0EEC2IS1_EEOT_
FN:233,_ZNSt10_Head_baseILm0EPFPvS0_ELb0EE7_M_headERS3_
FNDA:0,_ZNSt10_Head_baseILm0EPFPvS0_ELb0EE7_M_headERS3_
FN:233,_ZNSt10_Head_baseILm0EPNSt6thread6_StateELb0EE7_M_headERS3_
FNDA:0,_ZNSt10_Head_baseILm0EPNSt6thread6_StateELb0EE7_M_headERS3_
FN:233,_ZNSt10_Head_baseILm1EP10ClientDataLb0EE7_M_headERS2_
FNDA:1,_ZNSt10_Head_baseILm1EP10ClientDataLb0EE7_M_headERS2_
FN:268,_ZNSt11_Tuple_implILm0EJPFPvS0_EP10ClientDataEE7_M_headERS5_
FNDA:1,_ZNSt11_Tuple_implILm0EJPFPvS0_EP10ClientDataEE7_M_headERS5_
FN:268,_ZNSt11_Tuple_implILm0EJPNSt6thread6_StateESt14default_deleteIS1_EEE7_M_headERS5_
FNDA:0,_ZNSt11_Tuple_implILm0EJPNSt6thread6_StateESt14default_deleteIS1_EEE7_M_headERS5_
FN:279,_ZNSt11_Tuple_implILm0EJPNSt6thread6_StateESt14default_deleteIS1_EEEC2Ev
FNDA:0,_ZNSt11_Tuple_implILm0EJPNSt6thread6_StateESt14default_deleteIS1_EEEC2Ev
FN:290,_ZNSt11_Tuple_implILm0EJPFPvS0_EP10ClientDataEEC2IRS1_JS4_EvEEOT_DpOT0_
FNDA:1,_ZNSt11_Tuple_implILm0EJPFPvS0_EP10ClientDataEEC2IRS1_JS4_EvEEOT_DpOT0_
FN:424,_ZNSt11_Tuple_implILm1EJSt14default_deleteINSt6thread6_StateEEEE7_M_headERS4_
FNDA:0,_ZNSt11_Tuple_implILm1EJSt14default_deleteINSt6thread6_StateEEEE7_M_headERS4_
FN:424,_ZNSt11_Tuple_implILm1EJP10ClientDataEE7_M_headERS2_
FNDA:1,_ZNSt11_Tuple_implILm1EJP10ClientDataEE7_M_headERS2_
FN:430,_ZNSt11_Tuple_implILm1EJSt14default_deleteINSt6thread6_StateEEEEC2Ev
FNDA:0,_ZNSt11_Tuple_implILm1EJSt14default_deleteINSt6thread6_StateEEEEC2Ev
FN:440,_ZNSt11_Tuple_implILm1EJP10ClientDataEEC2IS1_EEOT_
FNDA:1,_ZNSt11_Tuple_implILm1EJP10ClientDataEEC2IS1_EEOT_
FN:1049,_ZNSt5tupleIJPNSt6thread6_StateESt14default_deleteIS1_EEEC2ILb1ELb1EEEv
FNDA:0,_ZNSt5tupleIJPNSt6thread6_StateESt14default_deleteIS1_EEEC2ILb1ELb1EEEv
FN:1077,_ZNSt5tupleIJPFPvS0_EP10ClientDataEEC2IRS1_S4_Lb1EEEOT_OT0_
FNDA:1,_ZNSt5tupleIJPFPvS0_EP10ClientDataEEC2IRS1_S4_Lb1EEEOT_OT0_
FN:1377,_ZSt12__get_helperILm1ESt14default_deleteINSt6thread6_StateEEJEERT0_RSt11_Tuple_implIXT_EJS4_DpT1_EE
FNDA:0,_ZSt12__get_helperILm1ESt14default_deleteINSt6thread6_StateEEJEERT0_RSt11_Tuple_implIXT_EJS4_DpT1_EE
FN:1377,_ZSt12__get_helperILm0EPNSt6thread6_StateEJSt14default_deleteIS1_EEERT0_RSt11_Tuple_implIXT_EJS5_DpT1_EE
FNDA:0,_ZSt12__get_helperILm0EPNSt6thread6_StateEJSt14default_deleteIS1_EEERT0_RSt11_Tuple_implIXT_EJS5_DpT1_EE
FN:1377,_ZSt12__get_helperILm0EPFPvS0_EJP10ClientDataEERT0_RSt11_Tuple_implIXT_EJS5_DpT1_EE
FNDA:1,_ZSt12__get_helperILm0EPFPvS0_EJP10ClientDataEERT0_RSt11_Tuple_implIXT_EJS5_DpT1_EE
FN:1377,_ZSt12__get_helperILm1EP10ClientDataJEERT0_RSt11_Tuple_implIXT_EJS2_DpT1_EE
FNDA:1,_ZSt12__get_helperILm1EP10ClientDataJEERT0_RSt11_Tuple_implIXT_EJS2_DpT1_EE
FN:1393,_ZSt3getILm1EJPNSt6thread6_StateESt14default_deleteIS1_EEERNSt13tuple_elementIXT_ESt5tupleIJDpT0_EEE4typeERS9_
FNDA:0,_ZSt3getILm1EJPNSt6thread6_StateESt14default_deleteIS1_EEERNSt13tuple_elementIXT_ESt5tupleIJDpT0_EEE4typeERS9_
FN:1393,_ZSt3getILm0EJPNSt6thread6_StateESt14default_deleteIS1_EEERNSt13tuple_elementIXT_ESt5tupleIJDpT0_EEE4typeERS9_
FNDA:0,_ZSt3getILm0EJPNSt6thread6_StateESt14default_deleteIS1_EEERNSt13tuple_elementIXT_ESt5tupleIJDpT0_EEE4typeERS9_
FN:1405,_ZSt3getILm0EJPFPvS0_EP10ClientDataEEONSt13tuple_elementIXT_ESt5tupleIJDpT0_EEE4typeEOS9_
FNDA:1,_ZSt3getILm0EJPFPvS0_EP10ClientDataEEONSt13tuple_elementIXT_ESt5tupleIJDpT0_EEE4typeEOS9_
FN:1405,_ZSt3getILm1EJPFPvS0_EP10ClientDataEEONSt13tuple_elementIXT_ESt5tupleIJDpT0_EEE4typeEOS9_
FNDA:1,_ZSt3getILm1EJPFPvS0_EP10ClientDataEEONSt13tuple_elementIXT_ESt5tupleIJDpT0_EEE4typeEOS9_
DA:80,0
DA:81,0
DA:124,0
DA:189,0
DA:190,0
DA:192,0
DA:193,0
DA:199,1
DA:200,1
DA:233,1
DA:233,0
DA:233,0
DA:268,1
DA:268,0
DA:279,0
DA:280,0
DA:290,1
DA:292,1
DA:293,1
DA:424,1
DA:424,0
DA:430,0
DA:431,0
DA:440,1
DA:441,1
DA:442,1
DA:1049,0
DA:1051,0
DA:1077,1
DA:1079,1
DA:1377,1
DA:1378,1
DA:1377,1
DA:1378,1
DA:1377,0
DA:1378,0
DA:1377,0
DA:1378,0
DA:1393,0
DA:1394,0
DA:1393,0
DA:1394,0
DA:1405,1
DA:1408,1
DA:1405,1
DA:1408,1
end_of_record
SF:/usr/include/c++/11/iostream
end_of_record
SF:/usr/include/c++/11/bits/unique_ptr.h
FN:79,_ZNKSt14default_deleteINSt6thread6_StateEEclEPS1_
FNDA:0,_ZNKSt14default_deleteINSt6thread6_StateEEclEPS1_
FN:155,_ZNSt15__uniq_ptr_implINSt6thread6_StateESt14default_deleteIS1_EEC2EPS1_
FNDA:0,_ZNSt15__uniq_ptr_implINSt6thread6_StateESt14default_deleteIS1_EEC2EPS1_
FN:172,_ZNSt15__uniq_ptr_implINSt6thread6_StateESt14default_deleteIS1_EE6_M_ptrEv
FNDA:0,_ZNSt15__uniq_ptr_implINSt6thread6_StateESt14default_deleteIS1_EE6_M_ptrEv
FN:174,_ZNSt15__uniq_ptr_implINSt6thread6_StateESt14default_deleteIS1_EE10_M_deleterEv
FNDA:0,_ZNSt15__uniq_ptr_implINSt6thread6_StateESt14default_deleteIS1_EE10_M_deleterEv
FN:281,_ZNSt10unique_ptrINSt6thread6_StateESt14default_deleteIS1_EEC2IS3_vEEPS1_
FNDA:0,_ZNSt10unique_ptrINSt6thread6_StateESt14default_deleteIS1_EEC2IS3_vEEPS1_
FN:355,_ZNSt10unique_ptrINSt6thread6_StateESt14default_deleteIS1_EED2Ev
FNDA:0,_ZNSt10unique_ptrINSt6thread6_StateESt14default_deleteIS1_EED2Ev
FN:426,_ZNSt10unique_ptrINSt6thread6_StateESt14default_deleteIS1_EE11get_deleterEv
FNDA:0,_ZNSt10unique_ptrINSt6thread6_StateESt14default_deleteIS1_EE11get_deleterEv
DA:79,0
DA:85,0
DA:86,0
DA:155,0
DA:172,0
DA:174,0
DA:281,0
DA:282,0
DA:283,0
DA:355,0
DA:359,0
DA:360,0
DA:361,0
DA:362,0
DA:363,0
DA:426,0
DA:427,0
end_of_record
SF:/usr/include/c++/11/bits/invoke.h
FN:60,_ZSt13__invoke_implIPvPFS0_S0_EJP10ClientDataEET_St14__invoke_otherOT0_DpOT1_
FNDA:1,_ZSt13__invoke_implIPvPFS0_S0_EJP10ClientDataEET_St14__invoke_otherOT0_DpOT1_
FN:90,_ZSt8__invokeIPFPvS0_EJP10ClientDataEENSt15__invoke_resultIT_JDpT0_EE4typeEOS6_DpOS7_
FNDA:1,_ZSt8__invokeIPFPvS0_EJP10ClientDataEENSt15__invoke_resultIT_JDpT0_EE4typeEOS6_DpOS7_
DA:60,1
DA:61,1
DA:90,1
DA:96,1
DA:97,1
end_of_record
SF:/usr/include/c++/11/bits/move.h
FN:77,_ZSt7forwardIPFPvS0_EEOT_RNSt16remove_referenceIS3_E4typeE
FNDA:0,_ZSt7forwardIPFPvS0_EEOT_RNSt16remove_referenceIS3_E4typeE
FN:77,_ZSt7forwardIP10ClientDataEOT_RNSt16remove_referenceIS2_E4typeE
FNDA:10,_ZSt7forwardIP10ClientDataEOT_RNSt16remove_referenceIS2_E4typeE
FN:77,_ZSt7forwardIRFPvS0_EEOT_RNSt16remove_referenceIS3_E4typeE
FNDA:0,_ZSt7forwardIRFPvS0_EEOT_RNSt16remove_referenceIS3_E4typeE
FN:104,_ZSt4moveIRSt5tupleIJPFPvS1_EP10ClientDataEEEONSt16remove_referenceIT_E4typeEOS9_
FNDA:2,_ZSt4moveIRSt5tupleIJPFPvS1_EP10ClientDataEEEONSt16remove_referenceIT_E4typeEOS9_
FN:104,_ZSt4moveIRPNSt6thread6_StateEEONSt16remove_referenceIT_E4typeEOS5_
FNDA:0,_ZSt4moveIRPNSt6thread6_StateEEONSt16remove_referenceIT_E4typeEOS5_
DA:77,0
DA:78,0
DA:77,10
DA:78,10
DA:77,0
DA:78,0
DA:104,2
DA:105,2
DA:104,0
DA:105,0
end_of_record
SF:/usr/include/c++/11/bits/std_thread.h
FN:86,_ZNSt6thread2idC2Ev
FNDA:0,_ZNSt6thread2idC2Ev
FN:127,_ZNSt6threadC2IRFPvS1_EJP10ClientDataEvEEOT_DpOT0_
FNDA:1,_ZNSt6threadC2IRFPvS1_EJP10ClientDataEvEEOT_DpOT0_
FN:149,_ZNSt6threadD2Ev
FNDA:0,_ZNSt6threadD2Ev
FN:175,_ZNKSt6thread8joinableEv
FNDA:0,_ZNKSt6thread8joinableEv
FN:206,_ZNSt6thread11_State_implINS_8_InvokerISt5tupleIJPFPvS3_EP10ClientDataEEEEEC2IJRS4_S7_EEEDpOT_
FNDA:1,_ZNSt6thread11_State_implINS_8_InvokerISt5tupleIJPFPvS3_EP10ClientDataEEEEEC2IJRS4_S7_EEEDpOT_
FN:211,_ZNSt6thread11_State_implINS_8_InvokerISt5tupleIJPFPvS3_EP10ClientDataEEEEE6_M_runEv
FNDA:1,_ZNSt6thread11_State_implINS_8_InvokerISt5tupleIJPFPvS3_EP10ClientDataEEEEE6_M_runEv
FN:243,_ZNSt6thread8_InvokerISt5tupleIJPFPvS2_EP10ClientDataEEEC2IJRS3_S6_EEEDpOT_
FNDA:1,_ZNSt6thread8_InvokerISt5tupleIJPFPvS2_EP10ClientDataEEEC2IJRS3_S6_EEEDpOT_
FN:258,_ZNSt6thread8_InvokerISt5tupleIJPFPvS2_EP10ClientDataEEE9_M_invokeIJLm0ELm1EEEES2_St12_Index_tupleIJXspT_EEE
FNDA:1,_ZNSt6thread8_InvokerISt5tupleIJPFPvS2_EP10ClientDataEEE9_M_invokeIJLm0ELm1EEEES2_St12_Index_tupleIJXspT_EEE
FN:262,_ZNSt6thread8_InvokerISt5tupleIJPFPvS2_EP10ClientDataEEEclEv
FNDA:1,_ZNSt6thread8_InvokerISt5tupleIJPFPvS2_EP10ClientDataEEEclEv
FN:287,_ZSteqNSt6thread2idES0_
FNDA:0,_ZSteqNSt6thread2idES0_
DA:86,0
DA:127,1
DA:128,1
DA:138,1
DA:143,1
DA:144,1
DA:146,1
DA:149,0
DA:151,0
DA:152,0
DA:153,0
DA:175,0
DA:176,0
DA:206,1
DA:207,1
DA:208,1
DA:211,1
DA:243,1
DA:244,1
DA:245,1
DA:258,1
DA:259,1
DA:262,1
DA:266,1
DA:287,0
DA:293,0
end_of_record
TN:
SF:/home/noam/Desktop/OS_updated/EX4/9/Server/GraphAlgorithm.cpp
FN:3,_ZN14GraphAlgorithmC2Ev
FNDA:5,_ZN14GraphAlgorithmC2Ev
DA:3,5
DA:5,5
end_of_record
