TN:
SF:/usr/include/c++/11/bits/stl_vector.h
FN:97,_ZNSt12_Vector_baseI4EdgeSaIS0_EE17_Vector_impl_dataC2Ev
FNDA:2,_ZNSt12_Vector_baseI4EdgeSaIS0_EE17_Vector_impl_dataC2Ev
FN:131,_ZNSt12_Vector_baseI4EdgeSaIS0_EE12_Vector_implC2Ev
FNDA:2,_ZNSt12_Vector_baseI4EdgeSaIS0_EE12_Vector_implC2Ev
FN:276,_ZNSt12_Vector_baseI4EdgeSaIS0_EE19_M_get_Tp_allocatorEv
FNDA:9,_ZNSt12_Vector_baseI4EdgeSaIS0_EE19_M_get_Tp_allocatorEv
FN:280,_ZNKSt12_Vector_baseI4EdgeSaIS0_EE19_M_get_Tp_allocatorEv
FNDA:8,_ZNKSt12_Vector_baseI4EdgeSaIS0_EE19_M_get_Tp_allocatorEv
FN:288,_ZNSt12_Vector_baseI4EdgeSaIS0_EEC2Ev
FNDA:2,_ZNSt12_Vector_baseI4EdgeSaIS0_EEC2Ev
FN:343,_ZNSt12_Vector_baseI4EdgeSaIS0_EE11_M_allocateEm
FNDA:4,_ZNSt12_Vector_baseI4EdgeSaIS0_EE11_M_allocateEm
FN:350,_ZNSt12_Vector_baseI4EdgeSaIS0_EE13_M_deallocateEPS0_m
FNDA:5,_ZNSt12_Vector_baseI4EdgeSaIS0_EE13_M_deallocateEPS0_m
FN:453,_ZNSt6vectorI4EdgeSaIS0_EE14_S_do_relocateEPS0_S3_S3_RS1_St17integral_constantIbLb1EE
FNDA:8,_ZNSt6vectorI4EdgeSaIS0_EE14_S_do_relocateEPS0_S3_S3_RS1_St17integral_constantIbLb1EE
FN:465,_ZNSt6vectorI4EdgeSaIS0_EE11_S_relocateEPS0_S3_S3_RS1_
FNDA:8,_ZNSt6vectorI4EdgeSaIS0_EE11_S_relocateEPS0_S3_S3_RS1_
FN:487,_ZNSt6vectorI4EdgeSaIS0_EEC2Ev
FNDA:2,_ZNSt6vectorI4EdgeSaIS0_EEC2Ev
FN:811,_ZNSt6vectorI4EdgeSaIS0_EE5beginEv
FNDA:4,_ZNSt6vectorI4EdgeSaIS0_EE5beginEv
FN:820,_ZNKSt6vectorI4EdgeSaIS0_EE5beginEv
FNDA:0,_ZNKSt6vectorI4EdgeSaIS0_EE5beginEv
FN:829,_ZNSt6vectorI4EdgeSaIS0_EE3endEv
FNDA:9,_ZNSt6vectorI4EdgeSaIS0_EE3endEv
FN:838,_ZNKSt6vectorI4EdgeSaIS0_EE3endEv
FNDA:0,_ZNKSt6vectorI4EdgeSaIS0_EE3endEv
FN:918,_ZNKSt6vectorI4EdgeSaIS0_EE4sizeEv
FNDA:16,_ZNKSt6vectorI4EdgeSaIS0_EE4sizeEv
FN:923,_ZNKSt6vectorI4EdgeSaIS0_EE8max_sizeEv
FNDA:8,_ZNKSt6vectorI4EdgeSaIS0_EE8max_sizeEv
FN:1143,_ZNSt6vectorI4EdgeSaIS0_EE4backEv
FNDA:5,_ZNSt6vectorI4EdgeSaIS0_EE4backEv
FN:1203,_ZNSt6vectorI4EdgeSaIS0_EE9push_backEOS0_
FNDA:5,_ZNSt6vectorI4EdgeSaIS0_EE9push_backEOS0_
FN:1498,_ZNSt6vectorI4EdgeSaIS0_EE5clearEv
FNDA:1,_ZNSt6vectorI4EdgeSaIS0_EE5clearEv
FN:1756,_ZNKSt6vectorI4EdgeSaIS0_EE12_M_check_lenEmPKc
FNDA:4,_ZNKSt6vectorI4EdgeSaIS0_EE12_M_check_lenEmPKc
FN:1776,_ZNSt6vectorI4EdgeSaIS0_EE11_S_max_sizeERKS1_
FNDA:8,_ZNSt6vectorI4EdgeSaIS0_EE11_S_max_sizeERKS1_
FN:1792,_ZNSt6vectorI4EdgeSaIS0_EE15_M_erase_at_endEPS0_
FNDA:1,_ZNSt6vectorI4EdgeSaIS0_EE15_M_erase_at_endEPS0_
DA:97,2
DA:98,2
DA:99,2
DA:131,2
DA:133,2
DA:134,2
DA:276,9
DA:277,9
DA:280,8
DA:281,8
DA:288,2
DA:343,4
DA:346,4
DA:350,5
DA:353,5
DA:354,4
DA:355,5
DA:453,8
DA:456,8
DA:465,8
DA:469,8
DA:487,2
DA:811,4
DA:812,4
DA:820,0
DA:821,0
DA:829,9
DA:830,9
DA:838,0
DA:839,0
DA:918,16
DA:919,16
DA:923,8
DA:924,8
DA:1143,5
DA:1146,5
DA:1203,5
DA:1204,5
DA:1498,1
DA:1499,1
DA:1756,4
DA:1758,4
DA:1759,0
DA:1761,4
DA:1762,4
DA:1776,8
DA:1781,8
DA:1783,8
DA:1784,8
DA:1792,1
DA:1794,1
DA:1796,0
DA:1797,0
DA:1798,0
DA:1801,1
end_of_record
SF:/usr/include/c++/11/bits/stl_construct.h
FN:172,_ZNSt12_Destroy_auxILb1EE9__destroyIP4EdgeEEvT_S4_
FNDA:1,_ZNSt12_Destroy_auxILb1EE9__destroyIP4EdgeEEvT_S4_
FN:182,_ZSt8_DestroyIP4EdgeEvT_S2_
FNDA:1,_ZSt8_DestroyIP4EdgeEvT_S2_
DA:172,1
DA:182,1
DA:196,1
DA:197,1
end_of_record
SF:/usr/include/c++/11/bits/move.h
FN:77,_ZSt7forwardI4EdgeEOT_RNSt16remove_referenceIS1_E4typeE
FNDA:19,_ZSt7forwardI4EdgeEOT_RNSt16remove_referenceIS1_E4typeE
FN:104,_ZSt4moveIR4EdgeEONSt16remove_referenceIT_E4typeEOS3_
FNDA:5,_ZSt4moveIR4EdgeEONSt16remove_referenceIT_E4typeEOS3_
DA:77,19
DA:78,19
DA:104,5
DA:105,5
end_of_record
SF:/usr/include/c++/11/new
FN:174,_ZnwmPv
FNDA:0,_ZnwmPv
DA:174,0
DA:175,0
end_of_record
SF:/usr/include/c++/11/bits/stl_iterator.h
FN:1027,_ZN9__gnu_cxx17__normal_iteratorIP4EdgeSt6vectorIS1_SaIS1_EEEC2ERKS2_
FNDA:18,_ZN9__gnu_cxx17__normal_iteratorIP4EdgeSt6vectorIS1_SaIS1_EEEC2ERKS2_
FN:1027,_ZN9__gnu_cxx17__normal_iteratorIPK4EdgeSt6vectorIS1_SaIS1_EEEC2ERKS3_
FNDA:0,_ZN9__gnu_cxx17__normal_iteratorIPK4EdgeSt6vectorIS1_SaIS1_EEEC2ERKS3_
FN:1042,_ZNK9__gnu_cxx17__normal_iteratorIP4EdgeSt6vectorIS1_SaIS1_EEEdeEv
FNDA:5,_ZNK9__gnu_cxx17__normal_iteratorIP4EdgeSt6vectorIS1_SaIS1_EEEdeEv
FN:1042,_ZNK9__gnu_cxx17__normal_iteratorIPK4EdgeSt6vectorIS1_SaIS1_EEEdeEv
FNDA:0,_ZNK9__gnu_cxx17__normal_iteratorIPK4EdgeSt6vectorIS1_SaIS1_EEEdeEv
FN:1052,_ZN9__gnu_cxx17__normal_iteratorIPK4EdgeSt6vectorIS1_SaIS1_EEEppEv
FNDA:0,_ZN9__gnu_cxx17__normal_iteratorIPK4EdgeSt6vectorIS1_SaIS1_EEEppEv
FN:1100,_ZNK9__gnu_cxx17__normal_iteratorIP4EdgeSt6vectorIS1_SaIS1_EEEmiEl
FNDA:5,_ZNK9__gnu_cxx17__normal_iteratorIP4EdgeSt6vectorIS1_SaIS1_EEEmiEl
FN:1105,_ZNK9__gnu_cxx17__normal_iteratorIP4EdgeSt6vectorIS1_SaIS1_EEE4baseEv
FNDA:16,_ZNK9__gnu_cxx17__normal_iteratorIP4EdgeSt6vectorIS1_SaIS1_EEE4baseEv
FN:1105,_ZNK9__gnu_cxx17__normal_iteratorIPK4EdgeSt6vectorIS1_SaIS1_EEE4baseEv
FNDA:0,_ZNK9__gnu_cxx17__normal_iteratorIPK4EdgeSt6vectorIS1_SaIS1_EEE4baseEv
FN:1179,_ZN9__gnu_cxxneIPK4EdgeSt6vectorIS1_SaIS1_EEEEbRKNS_17__normal_iteratorIT_T0_EESC_
FNDA:0,_ZN9__gnu_cxxneIPK4EdgeSt6vectorIS1_SaIS1_EEEEbRKNS_17__normal_iteratorIT_T0_EESC_
FN:1268,_ZN9__gnu_cxxmiIP4EdgeSt6vectorIS1_SaIS1_EEEENS_17__normal_iteratorIT_T0_E15difference_typeERKS9_SC_
FNDA:4,_ZN9__gnu_cxxmiIP4EdgeSt6vectorIS1_SaIS1_EEEENS_17__normal_iteratorIT_T0_E15difference_typeERKS9_SC_
DA:1027,18
DA:1028,18
DA:1027,0
DA:1028,0
DA:1042,5
DA:1043,5
DA:1042,0
DA:1043,0
DA:1052,0
DA:1054,0
DA:1055,0
DA:1100,5
DA:1101,5
DA:1105,16
DA:1106,16
DA:1105,0
DA:1106,0
DA:1179,0
DA:1182,0
DA:1268,4
DA:1271,4
end_of_record
SF:/home/noam/Desktop/OS_updated/EX4/6/Server/Graph.cpp
FN:3,_ZN5GraphC2Ei
FNDA:2,_ZN5GraphC2Ei
FN:5,_ZN5Graph7addEdgeEiii
FNDA:5,_ZN5Graph7addEdgeEiii
FN:10,_ZNK5Graph7getSizeEv
FNDA:2,_ZNK5Graph7getSizeEv
FN:15,_ZNK5Graph8getEdgesEv
FNDA:1,_ZNK5Graph8getEdgesEv
FN:20,_ZN5Graph5cleanEi
FNDA:1,_ZN5Graph5cleanEi
FN:26,_ZlsRSoRK5Graph
FNDA:0,_ZlsRSoRK5Graph
DA:3,2
DA:5,5
DA:7,5
DA:8,5
DA:10,2
DA:12,2
DA:15,1
DA:17,1
DA:20,1
DA:22,1
DA:23,1
DA:24,1
DA:26,0
DA:28,0
DA:29,0
DA:30,0
DA:31,0
DA:33,0
DA:34,0
DA:36,0
end_of_record
SF:/usr/include/c++/11/bits/vector.tcc
FN:109,_ZNSt6vectorI4EdgeSaIS0_EE12emplace_backIJS0_EEERS0_DpOT_
FNDA:5,_ZNSt6vectorI4EdgeSaIS0_EE12emplace_backIJS0_EEERS0_DpOT_
FN:426,_ZNSt6vectorI4EdgeSaIS0_EE17_M_realloc_insertIJS0_EEEvN9__gnu_cxx17__normal_iteratorIPS0_S2_EEDpOT_
FNDA:4,_ZNSt6vectorI4EdgeSaIS0_EE17_M_realloc_insertIJS0_EEEvN9__gnu_cxx17__normal_iteratorIPS0_S2_EEDpOT_
DA:109,5
DA:112,5
DA:115,1
DA:117,1
DA:121,4
DA:123,5
DA:426,4
DA:436,4
DA:437,4
DA:438,4
DA:439,4
DA:440,4
DA:441,4
DA:449,4
DA:450,4
DA:456,4
DA:461,4
DA:462,4
DA:464,4
DA:466,4
DA:467,4
DA:500,4
DA:501,4
DA:502,4
DA:503,4
DA:504,4
DA:505,4
end_of_record
SF:/usr/include/c++/11/iostream
end_of_record
SF:/usr/include/c++/11/bits/alloc_traits.h
FN:463,_ZNSt16allocator_traitsISaI4EdgeEE8allocateERS1_m
FNDA:4,_ZNSt16allocator_traitsISaI4EdgeEE8allocateERS1_m
FN:495,_ZNSt16allocator_traitsISaI4EdgeEE10deallocateERS1_PS0_m
FNDA:4,_ZNSt16allocator_traitsISaI4EdgeEE10deallocateERS1_PS0_m
FN:511,_ZNSt16allocator_traitsISaI4EdgeEE9constructIS0_JS0_EEEvRS1_PT_DpOT0_
FNDA:5,_ZNSt16allocator_traitsISaI4EdgeEE9constructIS0_JS0_EEEvRS1_PT_DpOT0_
FN:547,_ZNSt16allocator_traitsISaI4EdgeEE8max_sizeERKS1_
FNDA:8,_ZNSt16allocator_traitsISaI4EdgeEE8max_sizeERKS1_
FN:845,_ZSt8_DestroyIP4EdgeS0_EvT_S2_RSaIT0_E
FNDA:1,_ZSt8_DestroyIP4EdgeS0_EvT_S2_RSaIT0_E
DA:463,4
DA:464,4
DA:495,4
DA:496,4
DA:511,5
DA:516,5
DA:520,5
DA:547,8
DA:550,8
DA:845,1
DA:848,1
DA:849,1
end_of_record
SF:/usr/include/c++/11/ext/new_allocator.h
FN:79,_ZN9__gnu_cxx13new_allocatorI4EdgeEC2Ev
FNDA:2,_ZN9__gnu_cxx13new_allocatorI4EdgeEC2Ev
FN:103,_ZN9__gnu_cxx13new_allocatorI4EdgeE8allocateEmPKv
FNDA:4,_ZN9__gnu_cxx13new_allocatorI4EdgeE8allocateEmPKv
FN:132,_ZN9__gnu_cxx13new_allocatorI4EdgeE10deallocateEPS1_m
FNDA:4,_ZN9__gnu_cxx13new_allocatorI4EdgeE10deallocateEPS1_m
FN:154,_ZNK9__gnu_cxx13new_allocatorI4EdgeE8max_sizeEv
FNDA:8,_ZNK9__gnu_cxx13new_allocatorI4EdgeE8max_sizeEv
FN:160,_ZN9__gnu_cxx13new_allocatorI4EdgeE9constructIS1_JS1_EEEvPT_DpOT0_
FNDA:5,_ZN9__gnu_cxx13new_allocatorI4EdgeE9constructIS1_JS1_EEEvPT_DpOT0_
FN:197,_ZNK9__gnu_cxx13new_allocatorI4EdgeE11_M_max_sizeEv
FNDA:12,_ZNK9__gnu_cxx13new_allocatorI4EdgeE11_M_max_sizeEv
DA:79,2
DA:103,4
DA:111,4
DA:115,0
DA:116,0
DA:117,0
DA:127,4
DA:132,4
DA:145,4
DA:154,8
DA:155,8
DA:160,5
DA:162,5
DA:197,12
DA:200,12
end_of_record
SF:/usr/include/c++/11/bits/stl_algobase.h
FN:230,_ZSt3minImERKT_S2_S2_
FNDA:0,_ZSt3minImERKT_S2_S2_
FN:254,_ZSt3maxImERKT_S2_S2_
FNDA:0,_ZSt3maxImERKT_S2_S2_
FN:313,_ZSt12__niter_baseIP4EdgeET_S2_
FNDA:24,_ZSt12__niter_baseIP4EdgeET_S2_
DA:230,0
DA:235,0
DA:236,0
DA:237,0
DA:254,0
DA:259,0
DA:260,0
DA:261,0
DA:313,24
DA:315,24
end_of_record
SF:/usr/include/c++/11/bits/stl_uninitialized.h
FN:1006,_ZSt14__relocate_a_1I4EdgeS0_ENSt9enable_ifIXsrSt24__is_bitwise_relocatableIT_vE5valueEPS3_E4typeES5_S5_S5_RSaIT0_E
FNDA:8,_ZSt14__relocate_a_1I4EdgeS0_ENSt9enable_ifIXsrSt24__is_bitwise_relocatableIT_vE5valueEPS3_E4typeES5_S5_S5_RSaIT0_E
FN:1040,_ZSt12__relocate_aIP4EdgeS1_SaIS0_EET0_T_S4_S3_RT1_
FNDA:8,_ZSt12__relocate_aIP4EdgeS1_SaIS0_EET0_T_S4_S3_RT1_
DA:1006,8
DA:1009,8
DA:1010,8
DA:1011,3
DA:1012,8
DA:1040,8
DA:1046,8
DA:1048,8
end_of_record
SF:/usr/include/c++/11/bits/allocator.h
FN:156,_ZNSaI4EdgeEC2Ev
FNDA:2,_ZNSaI4EdgeEC2Ev
DA:156,2
end_of_record
TN:
SF:/usr/include/c++/11/bits/stl_vector.h
FN:97,_ZNSt12_Vector_baseISt6vectorIiSaIiEESaIS2_EE17_Vector_impl_dataC2Ev
FNDA:1,_ZNSt12_Vector_baseISt6vectorIiSaIiEESaIS2_EE17_Vector_impl_dataC2Ev
FN:97,_ZNSt12_Vector_baseIiSaIiEE17_Vector_impl_dataC2Ev
FNDA:6,_ZNSt12_Vector_baseIiSaIiEE17_Vector_impl_dataC2Ev
FN:102,_ZNSt12_Vector_baseIiSaIiEE17_Vector_impl_dataC2EOS2_
FNDA:1,_ZNSt12_Vector_baseIiSaIiEE17_Vector_impl_dataC2EOS2_
FN:131,_ZNSt12_Vector_baseIiSaIiEE12_Vector_implC2Ev
FNDA:6,_ZNSt12_Vector_baseIiSaIiEE12_Vector_implC2Ev
FN:136,_ZNSt12_Vector_baseISt6vectorIiSaIiEESaIS2_EE12_Vector_implC2ERKS3_
FNDA:1,_ZNSt12_Vector_baseISt6vectorIiSaIiEESaIS2_EE12_Vector_implC2ERKS3_
FN:143,_ZNSt12_Vector_baseIiSaIiEE12_Vector_implC2EOS2_
FNDA:1,_ZNSt12_Vector_baseIiSaIiEE12_Vector_implC2EOS2_
FN:276,_ZNSt12_Vector_baseIiSaIiEE19_M_get_Tp_allocatorEv
FNDA:40,_ZNSt12_Vector_baseIiSaIiEE19_M_get_Tp_allocatorEv
FN:276,_ZNSt12_Vector_baseISt6vectorIiSaIiEESaIS2_EE19_M_get_Tp_allocatorEv
FNDA:2,_ZNSt12_Vector_baseISt6vectorIiSaIiEESaIS2_EE19_M_get_Tp_allocatorEv
FN:280,_ZNKSt12_Vector_baseIiSaIiEE19_M_get_Tp_allocatorEv
FNDA:28,_ZNKSt12_Vector_baseIiSaIiEE19_M_get_Tp_allocatorEv
FN:288,_ZNSt12_Vector_baseIiSaIiEEC2Ev
FNDA:6,_ZNSt12_Vector_baseIiSaIiEEC2Ev
FN:303,_ZNSt12_Vector_baseISt6vectorIiSaIiEESaIS2_EEC2EmRKS3_
FNDA:1,_ZNSt12_Vector_baseISt6vectorIiSaIiEESaIS2_EEC2EmRKS3_
FN:308,_ZNSt12_Vector_baseIiSaIiEEC2EOS1_
FNDA:1,_ZNSt12_Vector_baseIiSaIiEEC2EOS1_
FN:333,_ZNSt12_Vector_baseIiSaIiEED2Ev
FNDA:7,_ZNSt12_Vector_baseIiSaIiEED2Ev
FN:333,_ZNSt12_Vector_baseISt6vectorIiSaIiEESaIS2_EED2Ev
FNDA:1,_ZNSt12_Vector_baseISt6vectorIiSaIiEESaIS2_EED2Ev
FN:343,_ZNSt12_Vector_baseIiSaIiEE11_M_allocateEm
FNDA:14,_ZNSt12_Vector_baseIiSaIiEE11_M_allocateEm
FN:343,_ZNSt12_Vector_baseISt6vectorIiSaIiEESaIS2_EE11_M_allocateEm
FNDA:1,_ZNSt12_Vector_baseISt6vectorIiSaIiEESaIS2_EE11_M_allocateEm
FN:350,_ZNSt12_Vector_baseIiSaIiEE13_M_deallocateEPim
FNDA:21,_ZNSt12_Vector_baseIiSaIiEE13_M_deallocateEPim
FN:350,_ZNSt12_Vector_baseISt6vectorIiSaIiEESaIS2_EE13_M_deallocateEPS2_m
FNDA:1,_ZNSt12_Vector_baseISt6vectorIiSaIiEESaIS2_EE13_M_deallocateEPS2_m
FN:359,_ZNSt12_Vector_baseISt6vectorIiSaIiEESaIS2_EE17_M_create_storageEm
FNDA:1,_ZNSt12_Vector_baseISt6vectorIiSaIiEESaIS2_EE17_M_create_storageEm
FN:453,_ZNSt6vectorIiSaIiEE14_S_do_relocateEPiS2_S2_RS0_St17integral_constantIbLb1EE
FNDA:28,_ZNSt6vectorIiSaIiEE14_S_do_relocateEPiS2_S2_RS0_St17integral_constantIbLb1EE
FN:465,_ZNSt6vectorIiSaIiEE11_S_relocateEPiS2_S2_RS0_
FNDA:28,_ZNSt6vectorIiSaIiEE11_S_relocateEPiS2_S2_RS0_
FN:487,_ZNSt6vectorIiSaIiEEC2Ev
FNDA:6,_ZNSt6vectorIiSaIiEEC2Ev
FN:510,_ZNSt6vectorIS_IiSaIiEESaIS1_EEC2EmRKS2_
FNDA:1,_ZNSt6vectorIS_IiSaIiEESaIS1_EEC2EmRKS2_
FN:572,_ZNSt6vectorIiSaIiEEC2EOS1_
FNDA:1,_ZNSt6vectorIiSaIiEEC2EOS1_
FN:678,_ZNSt6vectorIiSaIiEED2Ev
FNDA:7,_ZNSt6vectorIiSaIiEED2Ev
FN:678,_ZNSt6vectorIS_IiSaIiEESaIS1_EED2Ev
FNDA:1,_ZNSt6vectorIS_IiSaIiEESaIS1_EED2Ev
FN:811,_ZNSt6vectorIiSaIiEE5beginEv
FNDA:26,_ZNSt6vectorIiSaIiEE5beginEv
FN:820,_ZNKSt6vectorIiSaIiEE5beginEv
FNDA:12,_ZNKSt6vectorIiSaIiEE5beginEv
FN:820,_ZNKSt6vectorI4EdgeSaIS0_EE5beginEv
FNDA:1,_ZNKSt6vectorI4EdgeSaIS0_EE5beginEv
FN:829,_ZNSt6vectorIiSaIiEE3endEv
FNDA:41,_ZNSt6vectorIiSaIiEE3endEv
FN:838,_ZNKSt6vectorI4EdgeSaIS0_EE3endEv
FNDA:1,_ZNKSt6vectorI4EdgeSaIS0_EE3endEv
FN:838,_ZNKSt6vectorIiSaIiEE3endEv
FNDA:12,_ZNKSt6vectorIiSaIiEE3endEv
FN:884,_ZNKSt6vectorIiSaIiEE6cbeginEv
FNDA:5,_ZNKSt6vectorIiSaIiEE6cbeginEv
FN:918,_ZNKSt6vectorIiSaIiEE4sizeEv
FNDA:66,_ZNKSt6vectorIiSaIiEE4sizeEv
FN:923,_ZNKSt6vectorIiSaIiEE8max_sizeEv
FNDA:28,_ZNKSt6vectorIiSaIiEE8max_sizeEv
FN:1007,_ZNKSt6vectorIiSaIiEE5emptyEv
FNDA:12,_ZNKSt6vectorIiSaIiEE5emptyEv
FN:1043,_ZNSt6vectorIS_IiSaIiEESaIS1_EEixEm
FNDA:61,_ZNSt6vectorIS_IiSaIiEESaIS1_EEixEm
FN:1143,_ZNSt6vectorIiSaIiEE4backEv
FNDA:5,_ZNSt6vectorIiSaIiEE4backEv
FN:1187,_ZNSt6vectorIiSaIiEE9push_backERKi
FNDA:16,_ZNSt6vectorIiSaIiEE9push_backERKi
FN:1225,_ZNSt6vectorIiSaIiEE8pop_backEv
FNDA:5,_ZNSt6vectorIiSaIiEE8pop_backEv
FN:1457,_ZNSt6vectorIiSaIiEE5eraseEN9__gnu_cxx17__normal_iteratorIPKiS1_EES6_
FNDA:5,_ZNSt6vectorIiSaIiEE5eraseEN9__gnu_cxx17__normal_iteratorIPKiS1_EES6_
FN:1603,_ZNSt6vectorIS_IiSaIiEESaIS1_EE21_M_default_initializeEm
FNDA:1,_ZNSt6vectorIS_IiSaIiEESaIS1_EE21_M_default_initializeEm
FN:1756,_ZNKSt6vectorIiSaIiEE12_M_check_lenEmPKc
FNDA:14,_ZNKSt6vectorIiSaIiEE12_M_check_lenEmPKc
FN:1767,_ZNSt6vectorIS_IiSaIiEESaIS1_EE17_S_check_init_lenEmRKS2_
FNDA:1,_ZNSt6vectorIS_IiSaIiEESaIS1_EE17_S_check_init_lenEmRKS2_
FN:1776,_ZNSt6vectorIS_IiSaIiEESaIS1_EE11_S_max_sizeERKS2_
FNDA:1,_ZNSt6vectorIS_IiSaIiEESaIS1_EE11_S_max_sizeERKS2_
FN:1776,_ZNSt6vectorIiSaIiEE11_S_max_sizeERKS0_
FNDA:28,_ZNSt6vectorIiSaIiEE11_S_max_sizeERKS0_
FN:1792,_ZNSt6vectorIiSaIiEE15_M_erase_at_endEPi
FNDA:5,_ZNSt6vectorIiSaIiEE15_M_erase_at_endEPi
DA:97,1
DA:98,1
DA:99,1
DA:97,6
DA:98,6
DA:99,6
DA:102,1
DA:103,1
DA:104,1
DA:105,1
DA:131,6
DA:133,6
DA:134,6
DA:136,1
DA:137,1
DA:138,1
DA:143,1
DA:144,1
DA:145,1
DA:276,2
DA:277,2
DA:276,40
DA:277,40
DA:280,28
DA:281,28
DA:288,6
DA:303,1
DA:304,1
DA:305,1
DA:308,1
DA:333,1
DA:335,1
DA:336,1
DA:337,1
DA:333,7
DA:335,7
DA:336,7
DA:337,7
DA:343,1
DA:346,1
DA:343,14
DA:346,14
DA:350,1
DA:353,1
DA:354,1
DA:355,1
DA:350,21
DA:353,21
DA:354,14
DA:355,21
DA:359,1
DA:361,1
DA:362,1
DA:363,1
DA:364,1
DA:453,28
DA:456,28
DA:465,28
DA:469,28
DA:487,6
DA:510,1
DA:511,1
DA:512,1
DA:572,1
DA:678,1
DA:680,1
DA:681,1
DA:683,1
DA:678,7
DA:680,7
DA:681,7
DA:683,7
DA:811,26
DA:812,26
DA:820,12
DA:821,12
DA:820,1
DA:821,1
DA:829,41
DA:830,41
DA:838,12
DA:839,12
DA:838,1
DA:839,1
DA:884,5
DA:885,5
DA:918,66
DA:919,66
DA:923,28
DA:924,28
DA:1007,12
DA:1008,12
DA:1043,61
DA:1046,61
DA:1143,5
DA:1146,5
DA:1187,16
DA:1189,16
DA:1192,2
DA:1194,2
DA:1198,14
DA:1199,16
DA:1225,5
DA:1228,5
DA:1229,5
DA:1231,5
DA:1457,5
DA:1459,5
DA:1460,5
DA:1461,10
DA:1603,1
DA:1605,1
DA:1606,1
DA:1607,1
DA:1608,1
DA:1756,14
DA:1758,14
DA:1759,0
DA:1761,14
DA:1762,14
DA:1767,1
DA:1769,1
DA:1770,0
DA:1772,1
DA:1776,28
DA:1781,28
DA:1783,28
DA:1784,28
DA:1776,1
DA:1781,1
DA:1783,1
DA:1784,1
DA:1792,5
DA:1794,5
DA:1796,5
DA:1797,5
DA:1798,5
DA:1801,5
end_of_record
SF:/usr/include/c++/11/bits/stl_construct.h
FN:109,_ZSt10_ConstructISt6vectorIiSaIiEEJEEvPT_DpOT0_
FNDA:5,_ZSt10_ConstructISt6vectorIiSaIiEEJEEvPT_DpOT0_
FN:146,_ZSt8_DestroyISt6vectorIiSaIiEEEvPT_
FNDA:5,_ZSt8_DestroyISt6vectorIiSaIiEEEvPT_
FN:160,_ZNSt12_Destroy_auxILb0EE9__destroyIPSt6vectorIiSaIiEEEEvT_S6_
FNDA:1,_ZNSt12_Destroy_auxILb0EE9__destroyIPSt6vectorIiSaIiEEEEvT_S6_
FN:172,_ZNSt12_Destroy_auxILb1EE9__destroyIPiEEvT_S3_
FNDA:12,_ZNSt12_Destroy_auxILb1EE9__destroyIPiEEvT_S3_
FN:182,_ZSt8_DestroyIPSt6vectorIiSaIiEEEvT_S4_
FNDA:1,_ZSt8_DestroyIPSt6vectorIiSaIiEEEvT_S4_
FN:182,_ZSt8_DestroyIPiEvT_S1_
FNDA:12,_ZSt8_DestroyIPiEvT_S1_
DA:109,5
DA:119,5
DA:120,5
DA:146,5
DA:151,5
DA:153,5
DA:160,1
DA:162,6
DA:163,5
DA:164,1
DA:172,12
DA:182,1
DA:196,1
DA:197,1
DA:182,12
DA:196,12
DA:197,12
end_of_record
SF:/usr/include/c++/11/bits/stl_algo.h
FN:813,_ZSt11__remove_ifIN9__gnu_cxx17__normal_iteratorIPiSt6vectorIiSaIiEEEENS0_5__ops16_Iter_equals_valIKiEEET_SB_SB_T0_
FNDA:5,_ZSt11__remove_ifIN9__gnu_cxx17__normal_iteratorIPiSt6vectorIiSaIiEEEENS0_5__ops16_Iter_equals_valIKiEEET_SB_SB_T0_
FN:850,_ZSt6removeIN9__gnu_cxx17__normal_iteratorIPiSt6vectorIiSaIiEEEEiET_S7_S7_RKT0_
FNDA:5,_ZSt6removeIN9__gnu_cxx17__normal_iteratorIPiSt6vectorIiSaIiEEEEiET_S7_S7_RKT0_
FN:1116,_ZSt9__reverseIN9__gnu_cxx17__normal_iteratorIPiSt6vectorIiSaIiEEEEEvT_S7_St26random_access_iterator_tag
FNDA:1,_ZSt9__reverseIN9__gnu_cxx17__normal_iteratorIPiSt6vectorIiSaIiEEEEEvT_S7_St26random_access_iterator_tag
FN:1145,_ZSt7reverseIN9__gnu_cxx17__normal_iteratorIPiSt6vectorIiSaIiEEEEEvT_S7_
FNDA:1,_ZSt7reverseIN9__gnu_cxx17__normal_iteratorIPiSt6vectorIiSaIiEEEEEvT_S7_
DA:813,5
DA:816,5
DA:817,5
DA:818,0
DA:819,5
DA:820,5
DA:821,5
DA:822,0
DA:824,0
DA:825,0
DA:827,5
DA:850,5
DA:860,5
DA:861,5
DA:1116,1
DA:1119,1
DA:1120,0
DA:1121,1
DA:1122,4
DA:1124,3
DA:1125,3
DA:1126,3
DA:1145,1
DA:1151,1
DA:1152,1
end_of_record
SF:/usr/include/c++/11/bits/stl_iterator_base_types.h
FN:238,_ZSt19__iterator_categoryIN9__gnu_cxx17__normal_iteratorIPiSt6vectorIiSaIiEEEEENSt15iterator_traitsIT_E17iterator_categoryERKS8_
FNDA:6,_ZSt19__iterator_categoryIN9__gnu_cxx17__normal_iteratorIPiSt6vectorIiSaIiEEEEENSt15iterator_traitsIT_E17iterator_categoryERKS8_
DA:238,6
DA:239,6
end_of_record
SF:/home/noam/Desktop/OS_updated/EX4/6/Server/EulerAlgorithm.cpp
FN:6,_ZN14EulerAlgorithmC2Ev
FNDA:1,_ZN14EulerAlgorithmC2Ev
FN:10,_ZN14EulerAlgorithm8activateB5cxx11ERK5Graph
FNDA:1,_ZN14EulerAlgorithm8activateB5cxx11ERK5Graph
FN:30,_ZN14EulerAlgorithm15findEulerEircleERK5Graph
FNDA:1,_ZN14EulerAlgorithm15findEulerEircleERK5Graph
FN:75,_ZN14EulerAlgorithm14hasEulerCircleERSt6vectorIS0_IiSaIiEESaIS2_EERK5Graph
FNDA:1,_ZN14EulerAlgorithm14hasEulerCircleERSt6vectorIS0_IiSaIiEESaIS2_EERK5Graph
DA:6,1
DA:8,1
DA:10,1
DA:12,1
DA:13,1
DA:14,1
DA:16,1
DA:17,7
DA:19,6
DA:21,1
DA:22,1
DA:25,0
DA:27,2
DA:28,1
DA:30,1
DA:32,1
DA:33,1
DA:34,6
DA:36,5
DA:37,5
DA:41,1
DA:43,0
DA:46,1
DA:47,1
DA:48,1
DA:49,1
DA:51,12
DA:53,11
DA:55,5
DA:56,5
DA:57,5
DA:60,5
DA:62,5
DA:66,6
DA:67,6
DA:68,6
DA:71,1
DA:72,1
DA:73,1
DA:75,1
DA:78,1
DA:79,6
DA:81,10
DA:82,5
DA:84,0
DA:87,1
end_of_record
SF:/usr/include/c++/11/new
FN:174,_ZnwmPv
FNDA:32,_ZnwmPv
DA:174,32
DA:175,32
end_of_record
SF:/usr/include/c++/11/bits/move.h
FN:49,_ZSt11__addressofISt6vectorIiSaIiEEEPT_RS3_
FNDA:10,_ZSt11__addressofISt6vectorIiSaIiEEEPT_RS3_
FN:77,_ZSt7forwardIRKiEOT_RNSt16remove_referenceIS2_E4typeE
FNDA:56,_ZSt7forwardIRKiEOT_RNSt16remove_referenceIS2_E4typeE
FN:77,_ZSt7forwardIiEOT_RNSt16remove_referenceIS0_E4typeE
FNDA:3,_ZSt7forwardIiEOT_RNSt16remove_referenceIS0_E4typeE
FN:104,_ZSt4moveIRNSt12_Vector_baseIiSaIiEE12_Vector_implEEONSt16remove_referenceIT_E4typeEOS6_
FNDA:2,_ZSt4moveIRNSt12_Vector_baseIiSaIiEE12_Vector_implEEONSt16remove_referenceIT_E4typeEOS6_
FN:104,_ZSt4moveIRiEONSt16remove_referenceIT_E4typeEOS2_
FNDA:11,_ZSt4moveIRiEONSt16remove_referenceIT_E4typeEOS2_
FN:104,_ZSt4moveIRSaIcEEONSt16remove_referenceIT_E4typeEOS3_
FNDA:0,_ZSt4moveIRSaIcEEONSt16remove_referenceIT_E4typeEOS3_
FN:196,_ZSt4swapIiENSt9enable_ifIXsrSt6__and_IJSt6__not_ISt15__is_tuple_likeIT_EESt21is_move_constructibleIS4_ESt18is_move_assignableIS4_EEE5valueEvE4typeERS4_SE_
FNDA:3,_ZSt4swapIiENSt9enable_ifIXsrSt6__and_IJSt6__not_ISt15__is_tuple_likeIT_EESt21is_move_constructibleIS4_ESt18is_move_assignableIS4_EEE5valueEvE4typeERS4_SE_
DA:49,10
DA:50,10
DA:77,56
DA:78,56
DA:77,3
DA:78,3
DA:104,2
DA:105,2
DA:104,11
DA:105,11
DA:104,0
DA:105,0
DA:196,3
DA:204,3
DA:205,3
DA:206,3
DA:207,3
end_of_record
SF:/usr/include/c++/11/bits/stl_iterator.h
FN:1027,_ZN9__gnu_cxx17__normal_iteratorIPiSt6vectorIiSaIiEEEC2ERKS1_
FNDA:82,_ZN9__gnu_cxx17__normal_iteratorIPiSt6vectorIiSaIiEEEC2ERKS1_
FN:1027,_ZN9__gnu_cxx17__normal_iteratorIPKiSt6vectorIiSaIiEEEC2ERKS2_
FNDA:29,_ZN9__gnu_cxx17__normal_iteratorIPKiSt6vectorIiSaIiEEEC2ERKS2_
FN:1027,_ZN9__gnu_cxx17__normal_iteratorIPK4EdgeSt6vectorIS1_SaIS1_EEEC2ERKS3_
FNDA:2,_ZN9__gnu_cxx17__normal_iteratorIPK4EdgeSt6vectorIS1_SaIS1_EEEC2ERKS3_
FN:1033,_ZN9__gnu_cxx17__normal_iteratorIPKiSt6vectorIiSaIiEEEC2IPiEERKNS0_IT_NS_11__enable_ifIXsrSt10__are_sameIS9_S8_E7__valueES5_E6__typeEEE
FNDA:10,_ZN9__gnu_cxx17__normal_iteratorIPKiSt6vectorIiSaIiEEEC2IPiEERKNS0_IT_NS_11__enable_ifIXsrSt10__are_sameIS9_S8_E7__valueES5_E6__typeEEE
FN:1042,_ZNK9__gnu_cxx17__normal_iteratorIPK4EdgeSt6vectorIS1_SaIS1_EEEdeEv
FNDA:5,_ZNK9__gnu_cxx17__normal_iteratorIPK4EdgeSt6vectorIS1_SaIS1_EEEdeEv
FN:1042,_ZNK9__gnu_cxx17__normal_iteratorIPiSt6vectorIiSaIiEEEdeEv
FNDA:26,_ZNK9__gnu_cxx17__normal_iteratorIPiSt6vectorIiSaIiEEEdeEv
FN:1052,_ZN9__gnu_cxx17__normal_iteratorIPiSt6vectorIiSaIiEEEppEv
FNDA:18,_ZN9__gnu_cxx17__normal_iteratorIPiSt6vectorIiSaIiEEEppEv
FN:1052,_ZN9__gnu_cxx17__normal_iteratorIPK4EdgeSt6vectorIS1_SaIS1_EEEppEv
FNDA:5,_ZN9__gnu_cxx17__normal_iteratorIPK4EdgeSt6vectorIS1_SaIS1_EEEppEv
FN:1066,_ZN9__gnu_cxx17__normal_iteratorIPiSt6vectorIiSaIiEEEmmEv
FNDA:4,_ZN9__gnu_cxx17__normal_iteratorIPiSt6vectorIiSaIiEEEmmEv
FN:1090,_ZNK9__gnu_cxx17__normal_iteratorIPiSt6vectorIiSaIiEEEplEl
FNDA:10,_ZNK9__gnu_cxx17__normal_iteratorIPiSt6vectorIiSaIiEEEplEl
FN:1100,_ZNK9__gnu_cxx17__normal_iteratorIPiSt6vectorIiSaIiEEEmiEl
FNDA:5,_ZNK9__gnu_cxx17__normal_iteratorIPiSt6vectorIiSaIiEEEmiEl
FN:1105,_ZNK9__gnu_cxx17__normal_iteratorIPK4EdgeSt6vectorIS1_SaIS1_EEE4baseEv
FNDA:12,_ZNK9__gnu_cxx17__normal_iteratorIPK4EdgeSt6vectorIS1_SaIS1_EEE4baseEv
FN:1105,_ZNK9__gnu_cxx17__normal_iteratorIPiSt6vectorIiSaIiEEE4baseEv
FNDA:165,_ZNK9__gnu_cxx17__normal_iteratorIPiSt6vectorIiSaIiEEE4baseEv
FN:1105,_ZNK9__gnu_cxx17__normal_iteratorIPKiSt6vectorIiSaIiEEE4baseEv
FNDA:44,_ZNK9__gnu_cxx17__normal_iteratorIPKiSt6vectorIiSaIiEEE4baseEv
FN:1163,_ZN9__gnu_cxxeqIPKiSt6vectorIiSaIiEEEEbRKNS_17__normal_iteratorIT_T0_EESB_
FNDA:12,_ZN9__gnu_cxxeqIPKiSt6vectorIiSaIiEEEEbRKNS_17__normal_iteratorIT_T0_EESB_
FN:1163,_ZN9__gnu_cxxeqIPiSt6vectorIiSaIiEEEEbRKNS_17__normal_iteratorIT_T0_EESA_
FNDA:6,_ZN9__gnu_cxxeqIPiSt6vectorIiSaIiEEEEbRKNS_17__normal_iteratorIT_T0_EESA_
FN:1179,_ZN9__gnu_cxxneIPK4EdgeSt6vectorIS1_SaIS1_EEEEbRKNS_17__normal_iteratorIT_T0_EESC_
FNDA:6,_ZN9__gnu_cxxneIPK4EdgeSt6vectorIS1_SaIS1_EEEEbRKNS_17__normal_iteratorIT_T0_EESC_
FN:1179,_ZN9__gnu_cxxneIPiSt6vectorIiSaIiEEEEbRKNS_17__normal_iteratorIT_T0_EESA_
FNDA:22,_ZN9__gnu_cxxneIPiSt6vectorIiSaIiEEEEbRKNS_17__normal_iteratorIT_T0_EESA_
FN:1195,_ZN9__gnu_cxxltIPiSt6vectorIiSaIiEEEEbRKNS_17__normal_iteratorIT_T0_EESA_
FNDA:4,_ZN9__gnu_cxxltIPiSt6vectorIiSaIiEEEEbRKNS_17__normal_iteratorIT_T0_EESA_
FN:1268,_ZN9__gnu_cxxmiIPKiSt6vectorIiSaIiEEEENS_17__normal_iteratorIT_T0_E15difference_typeERKS9_SC_
FNDA:10,_ZN9__gnu_cxxmiIPKiSt6vectorIiSaIiEEEENS_17__normal_iteratorIT_T0_E15difference_typeERKS9_SC_
FN:1268,_ZN9__gnu_cxxmiIPiSt6vectorIiSaIiEEEENS_17__normal_iteratorIT_T0_E15difference_typeERKS8_SB_
FNDA:29,_ZN9__gnu_cxxmiIPiSt6vectorIiSaIiEEEENS_17__normal_iteratorIT_T0_E15difference_typeERKS8_SB_
FN:1291,_ZSt12__niter_baseIPiSt6vectorIiSaIiEEET_N9__gnu_cxx17__normal_iteratorIS4_T0_EE
FNDA:0,_ZSt12__niter_baseIPiSt6vectorIiSaIiEEET_N9__gnu_cxx17__normal_iteratorIS4_T0_EE
DA:1027,29
DA:1028,29
DA:1027,2
DA:1028,2
DA:1027,82
DA:1028,82
DA:1033,10
DA:1037,10
DA:1042,5
DA:1043,5
DA:1042,26
DA:1043,26
DA:1052,5
DA:1054,5
DA:1055,5
DA:1052,18
DA:1054,18
DA:1055,18
DA:1066,4
DA:1068,4
DA:1069,4
DA:1090,10
DA:1091,10
DA:1100,5
DA:1101,5
DA:1105,44
DA:1106,44
DA:1105,12
DA:1106,12
DA:1105,165
DA:1106,165
DA:1163,6
DA:1166,6
DA:1163,12
DA:1166,12
DA:1179,6
DA:1182,6
DA:1179,22
DA:1182,22
DA:1195,4
DA:1198,4
DA:1268,29
DA:1271,29
DA:1268,10
DA:1271,10
DA:1291,0
DA:1293,0
end_of_record
SF:/usr/include/c++/11/bits/vector.tcc
FN:184,_ZNSt6vectorIiSaIiEE8_M_eraseEN9__gnu_cxx17__normal_iteratorIPiS1_EES5_
FNDA:5,_ZNSt6vectorIiSaIiEE8_M_eraseEN9__gnu_cxx17__normal_iteratorIPiS1_EES5_
FN:426,_ZNSt6vectorIiSaIiEE17_M_realloc_insertIJRKiEEEvN9__gnu_cxx17__normal_iteratorIPiS1_EEDpOT_
FNDA:14,_ZNSt6vectorIiSaIiEE17_M_realloc_insertIJRKiEEEvN9__gnu_cxx17__normal_iteratorIPiS1_EEDpOT_
DA:184,5
DA:187,5
DA:189,5
DA:190,0
DA:191,5
DA:193,5
DA:426,14
DA:436,14
DA:437,14
DA:438,14
DA:439,14
DA:440,14
DA:441,14
DA:449,14
DA:450,14
DA:456,14
DA:461,14
DA:462,14
DA:464,14
DA:466,14
DA:467,14
DA:500,14
DA:501,14
DA:502,14
DA:503,14
DA:504,14
DA:505,14
end_of_record
SF:/usr/include/c++/11/iostream
end_of_record
SF:/usr/include/c++/11/bits/alloc_traits.h
FN:463,_ZNSt16allocator_traitsISaIPiEE8allocateERS1_m
FNDA:1,_ZNSt16allocator_traitsISaIPiEE8allocateERS1_m
FN:463,_ZNSt16allocator_traitsISaISt6vectorIiSaIiEEEE8allocateERS3_m
FNDA:1,_ZNSt16allocator_traitsISaISt6vectorIiSaIiEEEE8allocateERS3_m
FN:463,_ZNSt16allocator_traitsISaIiEE8allocateERS0_m
FNDA:15,_ZNSt16allocator_traitsISaIiEE8allocateERS0_m
FN:495,_ZNSt16allocator_traitsISaIPiEE10deallocateERS1_PS0_m
FNDA:1,_ZNSt16allocator_traitsISaIPiEE10deallocateERS1_PS0_m
FN:495,_ZNSt16allocator_traitsISaISt6vectorIiSaIiEEEE10deallocateERS3_PS2_m
FNDA:1,_ZNSt16allocator_traitsISaISt6vectorIiSaIiEEEE10deallocateERS3_PS2_m
FN:495,_ZNSt16allocator_traitsISaIiEE10deallocateERS0_Pim
FNDA:15,_ZNSt16allocator_traitsISaIiEE10deallocateERS0_Pim
FN:511,_ZNSt16allocator_traitsISaIiEE9constructIiJiEEEvRS0_PT_DpOT0_
FNDA:1,_ZNSt16allocator_traitsISaIiEE9constructIiJiEEEvRS0_PT_DpOT0_
FN:511,_ZNSt16allocator_traitsISaIiEE9constructIiJRKiEEEvRS0_PT_DpOT0_
FNDA:21,_ZNSt16allocator_traitsISaIiEE9constructIiJRKiEEEvRS0_PT_DpOT0_
FN:531,_ZNSt16allocator_traitsISaIiEE7destroyIiEEvRS0_PT_
FNDA:11,_ZNSt16allocator_traitsISaIiEE7destroyIiEEvRS0_PT_
FN:547,_ZNSt16allocator_traitsISaIiEE8max_sizeERKS0_
FNDA:28,_ZNSt16allocator_traitsISaIiEE8max_sizeERKS0_
FN:547,_ZNSt16allocator_traitsISaISt6vectorIiSaIiEEEE8max_sizeERKS3_
FNDA:1,_ZNSt16allocator_traitsISaISt6vectorIiSaIiEEEE8max_sizeERKS3_
FN:845,_ZSt8_DestroyIPSt6vectorIiSaIiEES2_EvT_S4_RSaIT0_E
FNDA:1,_ZSt8_DestroyIPSt6vectorIiSaIiEES2_EvT_S4_RSaIT0_E
FN:845,_ZSt8_DestroyIPiiEvT_S1_RSaIT0_E
FNDA:12,_ZSt8_DestroyIPiiEvT_S1_RSaIT0_E
DA:463,1
DA:464,1
DA:463,1
DA:464,1
DA:463,15
DA:464,15
DA:495,1
DA:496,1
DA:495,1
DA:496,1
DA:495,15
DA:496,15
DA:511,1
DA:516,1
DA:520,1
DA:511,21
DA:516,21
DA:520,21
DA:531,11
DA:535,11
DA:539,11
DA:547,28
DA:550,28
DA:547,1
DA:550,1
DA:845,1
DA:848,1
DA:849,1
DA:845,12
DA:848,12
DA:849,12
end_of_record
SF:/usr/include/c++/11/ext/new_allocator.h
FN:79,_ZN9__gnu_cxx13new_allocatorIPiEC2Ev
FNDA:2,_ZN9__gnu_cxx13new_allocatorIPiEC2Ev
FN:79,_ZN9__gnu_cxx13new_allocatorIcEC2Ev
FNDA:0,_ZN9__gnu_cxx13new_allocatorIcEC2Ev
FN:79,_ZN9__gnu_cxx13new_allocatorISt6vectorIiSaIiEEEC2Ev
FNDA:1,_ZN9__gnu_cxx13new_allocatorISt6vectorIiSaIiEEEC2Ev
FN:79,_ZN9__gnu_cxx13new_allocatorIiEC2Ev
FNDA:7,_ZN9__gnu_cxx13new_allocatorIiEC2Ev
FN:82,_ZN9__gnu_cxx13new_allocatorISt6vectorIiSaIiEEEC2ERKS4_
FNDA:2,_ZN9__gnu_cxx13new_allocatorISt6vectorIiSaIiEEEC2ERKS4_
FN:82,_ZN9__gnu_cxx13new_allocatorIiEC2ERKS1_
FNDA:1,_ZN9__gnu_cxx13new_allocatorIiEC2ERKS1_
FN:89,_ZN9__gnu_cxx13new_allocatorIcED2Ev
FNDA:0,_ZN9__gnu_cxx13new_allocatorIcED2Ev
FN:89,_ZN9__gnu_cxx13new_allocatorIPiED2Ev
FNDA:2,_ZN9__gnu_cxx13new_allocatorIPiED2Ev
FN:89,_ZN9__gnu_cxx13new_allocatorISt6vectorIiSaIiEEED2Ev
FNDA:3,_ZN9__gnu_cxx13new_allocatorISt6vectorIiSaIiEEED2Ev
FN:89,_ZN9__gnu_cxx13new_allocatorIiED2Ev
FNDA:8,_ZN9__gnu_cxx13new_allocatorIiED2Ev
FN:103,_ZN9__gnu_cxx13new_allocatorISt6vectorIiSaIiEEE8allocateEmPKv
FNDA:1,_ZN9__gnu_cxx13new_allocatorISt6vectorIiSaIiEEE8allocateEmPKv
FN:103,_ZN9__gnu_cxx13new_allocatorIiE8allocateEmPKv
FNDA:15,_ZN9__gnu_cxx13new_allocatorIiE8allocateEmPKv
FN:103,_ZN9__gnu_cxx13new_allocatorIPiE8allocateEmPKv
FNDA:1,_ZN9__gnu_cxx13new_allocatorIPiE8allocateEmPKv
FN:132,_ZN9__gnu_cxx13new_allocatorIPiE10deallocateEPS1_m
FNDA:1,_ZN9__gnu_cxx13new_allocatorIPiE10deallocateEPS1_m
FN:132,_ZN9__gnu_cxx13new_allocatorISt6vectorIiSaIiEEE10deallocateEPS3_m
FNDA:1,_ZN9__gnu_cxx13new_allocatorISt6vectorIiSaIiEEE10deallocateEPS3_m
FN:132,_ZN9__gnu_cxx13new_allocatorIiE10deallocateEPim
FNDA:15,_ZN9__gnu_cxx13new_allocatorIiE10deallocateEPim
FN:154,_ZNK9__gnu_cxx13new_allocatorIiE8max_sizeEv
FNDA:28,_ZNK9__gnu_cxx13new_allocatorIiE8max_sizeEv
FN:154,_ZNK9__gnu_cxx13new_allocatorISt6vectorIiSaIiEEE8max_sizeEv
FNDA:1,_ZNK9__gnu_cxx13new_allocatorISt6vectorIiSaIiEEE8max_sizeEv
FN:160,_ZN9__gnu_cxx13new_allocatorIiE9constructIiJRKiEEEvPT_DpOT0_
FNDA:21,_ZN9__gnu_cxx13new_allocatorIiE9constructIiJRKiEEEvPT_DpOT0_
FN:160,_ZN9__gnu_cxx13new_allocatorIiE9constructIiJiEEEvPT_DpOT0_
FNDA:1,_ZN9__gnu_cxx13new_allocatorIiE9constructIiJiEEEvPT_DpOT0_
FN:166,_ZN9__gnu_cxx13new_allocatorIiE7destroyIiEEvPT_
FNDA:11,_ZN9__gnu_cxx13new_allocatorIiE7destroyIiEEvPT_
FN:197,_ZNK9__gnu_cxx13new_allocatorIPiE11_M_max_sizeEv
FNDA:1,_ZNK9__gnu_cxx13new_allocatorIPiE11_M_max_sizeEv
FN:197,_ZNK9__gnu_cxx13new_allocatorIiE11_M_max_sizeEv
FNDA:43,_ZNK9__gnu_cxx13new_allocatorIiE11_M_max_sizeEv
FN:197,_ZNK9__gnu_cxx13new_allocatorISt6vectorIiSaIiEEE11_M_max_sizeEv
FNDA:2,_ZNK9__gnu_cxx13new_allocatorISt6vectorIiSaIiEEE11_M_max_sizeEv
DA:79,2
DA:79,7
DA:79,1
DA:79,0
DA:82,2
DA:82,1
DA:89,2
DA:89,8
DA:89,3
DA:89,0
DA:103,1
DA:111,1
DA:115,0
DA:116,0
DA:117,0
DA:127,1
DA:103,1
DA:111,1
DA:115,0
DA:116,0
DA:117,0
DA:127,1
DA:103,15
DA:111,15
DA:115,0
DA:116,0
DA:117,0
DA:127,15
DA:132,1
DA:145,1
DA:132,1
DA:145,1
DA:132,15
DA:145,15
DA:154,28
DA:155,28
DA:154,1
DA:155,1
DA:160,1
DA:162,1
DA:160,21
DA:162,21
DA:166,11
DA:168,11
DA:197,1
DA:200,1
DA:197,2
DA:200,2
DA:197,43
DA:200,43
end_of_record
SF:/usr/include/c++/11/bits/stl_algobase.h
FN:152,_ZSt9iter_swapIN9__gnu_cxx17__normal_iteratorIPiSt6vectorIiSaIiEEEES6_EvT_T0_
FNDA:3,_ZSt9iter_swapIN9__gnu_cxx17__normal_iteratorIPiSt6vectorIiSaIiEEEES6_EvT_T0_
FN:230,_ZSt3minImERKT_S2_S2_
FNDA:37,_ZSt3minImERKT_S2_S2_
FN:254,_ZSt3maxImERKT_S2_S2_
FNDA:19,_ZSt3maxImERKT_S2_S2_
FN:313,_ZSt12__niter_baseIPiET_S1_
FNDA:84,_ZSt12__niter_baseIPiET_S1_
FN:313,_ZSt12__niter_baseIPPiET_S2_
FNDA:0,_ZSt12__niter_baseIPPiET_S2_
FN:328,_ZSt12__niter_wrapIN9__gnu_cxx17__normal_iteratorIPiSt6vectorIiSaIiEEEES2_ET_S7_T0_
FNDA:0,_ZSt12__niter_wrapIN9__gnu_cxx17__normal_iteratorIPiSt6vectorIiSaIiEEEES2_ET_S7_T0_
FN:335,_ZSt12__niter_wrapIPPiET_RKS2_S2_
FNDA:0,_ZSt12__niter_wrapIPPiET_RKS2_S2_
FN:420,_ZNSt11__copy_moveILb0ELb1ESt26random_access_iterator_tagE8__copy_mIPiEEPT_PKS4_S7_S5_
FNDA:0,_ZNSt11__copy_moveILb0ELb1ESt26random_access_iterator_tagE8__copy_mIPiEEPT_PKS4_S7_S5_
FN:420,_ZNSt11__copy_moveILb1ELb1ESt26random_access_iterator_tagE8__copy_mIiEEPT_PKS3_S6_S4_
FNDA:0,_ZNSt11__copy_moveILb1ELb1ESt26random_access_iterator_tagE8__copy_mIiEEPT_PKS3_S6_S4_
FN:486,_ZSt14__copy_move_a2ILb1EPiS0_ET1_T0_S2_S1_
FNDA:0,_ZSt14__copy_move_a2ILb1EPiS0_ET1_T0_S2_S1_
FN:486,_ZSt14__copy_move_a2ILb0EPPiS1_ET1_T0_S3_S2_
FNDA:0,_ZSt14__copy_move_a2ILb0EPPiS1_ET1_T0_S3_S2_
FN:521,_ZSt14__copy_move_a1ILb0EPPiS1_ET1_T0_S3_S2_
FNDA:0,_ZSt14__copy_move_a1ILb0EPPiS1_ET1_T0_S3_S2_
FN:521,_ZSt14__copy_move_a1ILb1EPiS0_ET1_T0_S2_S1_
FNDA:0,_ZSt14__copy_move_a1ILb1EPiS0_ET1_T0_S2_S1_
FN:527,_ZSt13__copy_move_aILb0EPPiS1_ET1_T0_S3_S2_
FNDA:0,_ZSt13__copy_move_aILb0EPPiS1_ET1_T0_S3_S2_
FN:527,_ZSt13__copy_move_aILb1EN9__gnu_cxx17__normal_iteratorIPiSt6vectorIiSaIiEEEES6_ET1_T0_S8_S7_
FNDA:0,_ZSt13__copy_move_aILb1EN9__gnu_cxx17__normal_iteratorIPiSt6vectorIiSaIiEEEES6_ET1_T0_S8_S7_
FN:611,_ZSt4copyIPPiS1_ET0_T_S3_S2_
FNDA:0,_ZSt4copyIPPiS1_ET0_T_S3_S2_
FN:644,_ZSt4moveIN9__gnu_cxx17__normal_iteratorIPiSt6vectorIiSaIiEEEES6_ET0_T_S8_S7_
FNDA:0,_ZSt4moveIN9__gnu_cxx17__normal_iteratorIPiSt6vectorIiSaIiEEEES6_ET0_T_S8_S7_
FN:731,_ZNSt20__copy_move_backwardILb0ELb1ESt26random_access_iterator_tagE13__copy_move_bIPiEEPT_PKS4_S7_S5_
FNDA:0,_ZNSt20__copy_move_backwardILb0ELb1ESt26random_access_iterator_tagE13__copy_move_bIPiEEPT_PKS4_S7_S5_
FN:750,_ZSt23__copy_move_backward_a2ILb0EPPiS1_ET1_T0_S3_S2_
FNDA:0,_ZSt23__copy_move_backward_a2ILb0EPPiS1_ET1_T0_S3_S2_
FN:768,_ZSt23__copy_move_backward_a1ILb0EPPiS1_ET1_T0_S3_S2_
FNDA:0,_ZSt23__copy_move_backward_a1ILb0EPPiS1_ET1_T0_S3_S2_
FN:796,_ZSt22__copy_move_backward_aILb0EPPiS1_ET1_T0_S3_S2_
FNDA:0,_ZSt22__copy_move_backward_aILb0EPPiS1_ET1_T0_S3_S2_
FN:848,_ZSt13copy_backwardIPPiS1_ET0_T_S3_S2_
FNDA:0,_ZSt13copy_backwardIPPiS1_ET0_T_S3_S2_
FN:2061,_ZSt9__find_ifIN9__gnu_cxx17__normal_iteratorIPiSt6vectorIiSaIiEEEENS0_5__ops16_Iter_equals_valIKiEEET_SB_SB_T0_St26random_access_iterator_tag
FNDA:5,_ZSt9__find_ifIN9__gnu_cxx17__normal_iteratorIPiSt6vectorIiSaIiEEEENS0_5__ops16_Iter_equals_valIKiEEET_SB_SB_T0_St26random_access_iterator_tag
FN:2112,_ZSt9__find_ifIN9__gnu_cxx17__normal_iteratorIPiSt6vectorIiSaIiEEEENS0_5__ops16_Iter_equals_valIKiEEET_SB_SB_T0_
FNDA:5,_ZSt9__find_ifIN9__gnu_cxx17__normal_iteratorIPiSt6vectorIiSaIiEEEENS0_5__ops16_Iter_equals_valIKiEEET_SB_SB_T0_
DA:152,3
DA:182,3
DA:184,3
DA:230,37
DA:235,37
DA:236,0
DA:237,37
DA:254,19
DA:259,19
DA:260,7
DA:261,12
DA:313,0
DA:315,0
DA:313,84
DA:315,84
DA:328,0
DA:329,0
DA:335,0
DA:336,0
DA:420,0
DA:429,0
DA:430,0
DA:431,0
DA:432,0
DA:420,0
DA:429,0
DA:430,0
DA:431,0
DA:432,0
DA:486,0
DA:495,0
DA:486,0
DA:495,0
DA:521,0
DA:522,0
DA:521,0
DA:522,0
DA:527,0
DA:529,0
DA:532,0
DA:527,0
DA:529,0
DA:532,0
DA:611,0
DA:620,0
DA:644,0
DA:652,0
DA:653,0
DA:731,0
DA:740,0
DA:741,0
DA:742,0
DA:743,0
DA:750,0
DA:760,0
DA:762,0
DA:768,0
DA:769,0
DA:796,0
DA:798,0
DA:801,0
DA:848,0
DA:859,0
DA:2061,5
DA:2065,5
DA:2067,5
DA:2069,0
DA:2070,0
DA:2071,0
DA:2073,0
DA:2074,0
DA:2075,0
DA:2077,0
DA:2078,0
DA:2079,0
DA:2081,0
DA:2082,0
DA:2083,0
DA:2086,5
DA:2088,0
DA:2089,0
DA:2090,0
DA:2091,0
DA:2093,4
DA:2094,4
DA:2095,0
DA:2096,4
DA:2098,5
DA:2099,5
DA:2100,5
DA:2101,0
DA:2103,0
DA:2105,0
DA:2112,5
DA:2114,5
DA:2115,10
end_of_record
SF:/usr/include/c++/11/bits/cpp_type_traits.h
FN:560,_ZSt12__miter_baseIPPiET_S2_
FNDA:0,_ZSt12__miter_baseIPPiET_S2_
FN:560,_ZSt12__miter_baseIN9__gnu_cxx17__normal_iteratorIPiSt6vectorIiSaIiEEEEET_S7_
FNDA:0,_ZSt12__miter_baseIN9__gnu_cxx17__normal_iteratorIPiSt6vectorIiSaIiEEEEET_S7_
DA:560,0
DA:561,0
DA:560,0
DA:561,0
end_of_record
SF:/usr/include/c++/11/bits/stl_deque.h
FN:96,_ZSt16__deque_buf_sizem
FNDA:6,_ZSt16__deque_buf_sizem
FN:131,_ZNSt15_Deque_iteratorIiRiPiE14_S_buffer_sizeEv
FNDA:2,_ZNSt15_Deque_iteratorIiRiPiE14_S_buffer_sizeEv
FN:151,_ZNSt15_Deque_iteratorIiRiPiEC2Ev
FNDA:2,_ZNSt15_Deque_iteratorIiRiPiEC2Ev
FN:168,_ZNSt15_Deque_iteratorIiRiPiEC2ERKS2_
FNDA:9,_ZNSt15_Deque_iteratorIiRiPiEC2ERKS2_
FN:180,_ZNKSt15_Deque_iteratorIiRiPiEdeEv
FNDA:7,_ZNKSt15_Deque_iteratorIiRiPiEdeEv
FN:208,_ZNSt15_Deque_iteratorIiRiPiEmmEv
FNDA:7,_ZNSt15_Deque_iteratorIiRiPiEmmEv
FN:260,_ZNSt15_Deque_iteratorIiRiPiE11_M_set_nodeEPS1_
FNDA:2,_ZNSt15_Deque_iteratorIiRiPiE11_M_set_nodeEPS1_
FN:268,_ZSteqRKSt15_Deque_iteratorIiRiPiES4_
FNDA:12,_ZSteqRKSt15_Deque_iteratorIiRiPiES4_
FN:353,_ZStmiRKSt15_Deque_iteratorIiRiPiES4_
FNDA:0,_ZStmiRKSt15_Deque_iteratorIiRiPiES4_
FN:437,_ZNSt11_Deque_baseIiSaIiEEC2Ev
FNDA:1,_ZNSt11_Deque_baseIiSaIiEEC2Ev
FN:495,_ZNSt11_Deque_baseIiSaIiEE16_Deque_impl_dataC2Ev
FNDA:1,_ZNSt11_Deque_baseIiSaIiEE16_Deque_impl_dataC2Ev
FN:524,_ZNSt11_Deque_baseIiSaIiEE11_Deque_implC2Ev
FNDA:1,_ZNSt11_Deque_baseIiSaIiEE11_Deque_implC2Ev
FN:547,_ZNSt11_Deque_baseIiSaIiEE19_M_get_Tp_allocatorEv
FNDA:7,_ZNSt11_Deque_baseIiSaIiEE19_M_get_Tp_allocatorEv
FN:551,_ZNKSt11_Deque_baseIiSaIiEE19_M_get_Tp_allocatorEv
FNDA:2,_ZNKSt11_Deque_baseIiSaIiEE19_M_get_Tp_allocatorEv
FN:555,_ZNKSt11_Deque_baseIiSaIiEE20_M_get_map_allocatorEv
FNDA:2,_ZNKSt11_Deque_baseIiSaIiEE20_M_get_map_allocatorEv
FN:559,_ZNSt11_Deque_baseIiSaIiEE16_M_allocate_nodeEv
FNDA:1,_ZNSt11_Deque_baseIiSaIiEE16_M_allocate_nodeEv
FN:566,_ZNSt11_Deque_baseIiSaIiEE18_M_deallocate_nodeEPi
FNDA:1,_ZNSt11_Deque_baseIiSaIiEE18_M_deallocate_nodeEPi
FN:573,_ZNSt11_Deque_baseIiSaIiEE15_M_allocate_mapEm
FNDA:1,_ZNSt11_Deque_baseIiSaIiEE15_M_allocate_mapEm
FN:580,_ZNSt11_Deque_baseIiSaIiEE17_M_deallocate_mapEPPim
FNDA:1,_ZNSt11_Deque_baseIiSaIiEE17_M_deallocate_mapEPPim
FN:596,_ZNSt11_Deque_baseIiSaIiEED2Ev
FNDA:1,_ZNSt11_Deque_baseIiSaIiEED2Ev
FN:617,_ZNSt11_Deque_baseIiSaIiEE17_M_initialize_mapEm
FNDA:1,_ZNSt11_Deque_baseIiSaIiEE17_M_initialize_mapEm
FN:656,_ZNSt11_Deque_baseIiSaIiEE15_M_create_nodesEPPiS3_
FNDA:1,_ZNSt11_Deque_baseIiSaIiEE15_M_create_nodesEPPiS3_
FN:674,_ZNSt11_Deque_baseIiSaIiEE16_M_destroy_nodesEPPiS3_
FNDA:1,_ZNSt11_Deque_baseIiSaIiEE16_M_destroy_nodesEPPiS3_
FN:834,_ZNSt5dequeIiSaIiEEC2Ev
FNDA:1,_ZNSt5dequeIiSaIiEEC2Ev
FN:1006,_ZNSt5dequeIiSaIiEED2Ev
FNDA:1,_ZNSt5dequeIiSaIiEED2Ev
FN:1128,_ZNSt5dequeIiSaIiEE5beginEv
FNDA:1,_ZNSt5dequeIiSaIiEE5beginEv
FN:1145,_ZNSt5dequeIiSaIiEE3endEv
FNDA:8,_ZNSt5dequeIiSaIiEE3endEv
FN:1233,_ZNKSt5dequeIiSaIiEE4sizeEv
FNDA:0,_ZNKSt5dequeIiSaIiEE4sizeEv
FN:1238,_ZNKSt5dequeIiSaIiEE8max_sizeEv
FNDA:0,_ZNKSt5dequeIiSaIiEE8max_sizeEv
FN:1311,_ZNKSt5dequeIiSaIiEE5emptyEv
FNDA:12,_ZNKSt5dequeIiSaIiEE5emptyEv
FN:1427,_ZNSt5dequeIiSaIiEE4backEv
FNDA:7,_ZNSt5dequeIiSaIiEE4backEv
FN:1496,_ZNSt5dequeIiSaIiEE9push_backERKi
FNDA:5,_ZNSt5dequeIiSaIiEE9push_backERKi
FN:1511,_ZNSt5dequeIiSaIiEE9push_backEOi
FNDA:1,_ZNSt5dequeIiSaIiEE9push_backEOi
FN:1555,_ZNSt5dequeIiSaIiEE8pop_backEv
FNDA:6,_ZNSt5dequeIiSaIiEE8pop_backEv
FN:1834,_ZNSt5dequeIiSaIiEE11_S_max_sizeERKS0_
FNDA:0,_ZNSt5dequeIiSaIiEE11_S_max_sizeERKS0_
FN:2045,_ZNSt5dequeIiSaIiEE15_M_destroy_dataESt15_Deque_iteratorIiRiPiES5_RKS0_
FNDA:1,_ZNSt5dequeIiSaIiEE15_M_destroy_dataESt15_Deque_iteratorIiRiPiES5_RKS0_
FN:2126,_ZNSt5dequeIiSaIiEE22_M_reserve_map_at_backEm
FNDA:0,_ZNSt5dequeIiSaIiEE22_M_reserve_map_at_backEm
DA:96,6
DA:98,6
DA:131,2
DA:132,2
DA:151,2
DA:152,2
DA:168,9
DA:169,9
DA:170,9
DA:180,7
DA:181,7
DA:208,7
DA:210,7
DA:212,0
DA:213,0
DA:215,7
DA:216,7
DA:260,2
DA:262,2
DA:263,2
DA:264,2
DA:265,2
DA:268,12
DA:269,12
DA:353,0
DA:355,0
DA:356,0
DA:357,0
DA:358,0
DA:437,1
DA:438,1
DA:439,1
DA:495,1
DA:496,1
DA:497,1
DA:524,1
DA:526,1
DA:527,1
DA:547,7
DA:548,7
DA:551,2
DA:552,2
DA:555,2
DA:556,2
DA:559,1
DA:562,1
DA:566,1
DA:569,1
DA:570,1
DA:573,1
DA:575,1
DA:576,2
DA:577,1
DA:580,1
DA:582,1
DA:583,1
DA:584,1
DA:596,1
DA:599,1
DA:601,1
DA:602,1
DA:603,1
DA:605,1
DA:617,1
DA:620,1
DA:623,2
DA:624,1
DA:625,1
DA:632,1
DA:633,1
DA:634,1
DA:637,1
DA:638,0
DA:640,0
DA:641,0
DA:642,0
DA:643,0
DA:646,1
DA:647,1
DA:648,1
DA:649,2
DA:650,1
DA:651,1
DA:652,1
DA:656,1
DA:662,2
DA:663,1
DA:665,0
DA:667,0
DA:668,0
DA:670,1
DA:674,1
DA:678,2
DA:679,1
DA:680,1
DA:834,1
DA:1006,1
DA:1007,1
DA:1128,1
DA:1129,1
DA:1145,8
DA:1146,8
DA:1233,0
DA:1234,0
DA:1238,0
DA:1239,0
DA:1311,12
DA:1312,12
DA:1427,7
DA:1430,7
DA:1431,7
DA:1432,7
DA:1496,5
DA:1498,5
DA:1499,5
DA:1501,5
DA:1503,5
DA:1506,0
DA:1507,5
DA:1511,1
DA:1512,1
DA:1555,6
DA:1558,6
DA:1559,6
DA:1561,6
DA:1562,6
DA:1566,0
DA:1567,6
DA:1834,0
DA:1836,0
DA:1837,0
DA:1838,0
DA:2045,1
DA:2050,1
DA:2126,0
DA:2128,0
DA:2129,0
DA:2130,0
DA:2131,0
end_of_record
SF:/usr/include/c++/11/bits/stl_uninitialized.h
FN:573,_ZNSt27__uninitialized_default_n_1ILb0EE18__uninit_default_nIPSt6vectorIiSaIiEEmEET_S6_T0_
FNDA:1,_ZNSt27__uninitialized_default_n_1ILb0EE18__uninit_default_nIPSt6vectorIiSaIiEEmEET_S6_T0_
FN:630,_ZSt25__uninitialized_default_nIPSt6vectorIiSaIiEEmET_S4_T0_
FNDA:1,_ZSt25__uninitialized_default_nIPSt6vectorIiSaIiEEmET_S4_T0_
FN:702,_ZSt27__uninitialized_default_n_aIPSt6vectorIiSaIiEEmS2_ET_S4_T0_RSaIT1_E
FNDA:1,_ZSt27__uninitialized_default_n_aIPSt6vectorIiSaIiEEmS2_ET_S4_T0_RSaIT1_E
FN:1006,_ZSt14__relocate_a_1IiiENSt9enable_ifIXsrSt24__is_bitwise_relocatableIT_vE5valueEPS2_E4typeES4_S4_S4_RSaIT0_E
FNDA:28,_ZSt14__relocate_a_1IiiENSt9enable_ifIXsrSt24__is_bitwise_relocatableIT_vE5valueEPS2_E4typeES4_S4_S4_RSaIT0_E
FN:1040,_ZSt12__relocate_aIPiS0_SaIiEET0_T_S3_S2_RT1_
FNDA:28,_ZSt12__relocate_aIPiS0_SaIiEET0_T_S3_S2_RT1_
DA:573,1
DA:575,1
DA:578,6
DA:579,5
DA:580,1
DA:630,1
DA:635,1
DA:640,1
DA:702,1
DA:704,1
DA:1006,28
DA:1009,28
DA:1010,28
DA:1011,8
DA:1012,28
DA:1040,28
DA:1046,28
DA:1048,28
end_of_record
SF:/usr/include/c++/11/bits/predefined_ops.h
FN:262,_ZN9__gnu_cxx5__ops16_Iter_equals_valIKiEC2ERS2_
FNDA:5,_ZN9__gnu_cxx5__ops16_Iter_equals_valIKiEC2ERS2_
FN:269,_ZN9__gnu_cxx5__ops16_Iter_equals_valIKiEclINS_17__normal_iteratorIPiSt6vectorIiSaIiEEEEEEbT_
FNDA:9,_ZN9__gnu_cxx5__ops16_Iter_equals_valIKiEclINS_17__normal_iteratorIPiSt6vectorIiSaIiEEEEEEbT_
FN:276,_ZN9__gnu_cxx5__ops17__iter_equals_valIKiEENS0_16_Iter_equals_valIT_EERS4_
FNDA:5,_ZN9__gnu_cxx5__ops17__iter_equals_valIKiEENS0_16_Iter_equals_valIT_EERS4_
DA:262,5
DA:263,5
DA:264,5
DA:269,9
DA:270,9
DA:276,5
DA:277,5
end_of_record
SF:/usr/include/c++/11/bits/basic_string.h
end_of_record
SF:/usr/include/c++/11/bits/stl_stack.h
FN:162,_ZNSt5stackIiSt5dequeIiSaIiEEEC2IS2_vEEv
FNDA:1,_ZNSt5stackIiSt5dequeIiSaIiEEEC2IS2_vEEv
FN:199,_ZNKSt5stackIiSt5dequeIiSaIiEEE5emptyEv
FNDA:12,_ZNKSt5stackIiSt5dequeIiSaIiEEE5emptyEv
FN:212,_ZNSt5stackIiSt5dequeIiSaIiEEE3topEv
FNDA:6,_ZNSt5stackIiSt5dequeIiSaIiEEE3topEv
FN:239,_ZNSt5stackIiSt5dequeIiSaIiEEE4pushERKi
FNDA:5,_ZNSt5stackIiSt5dequeIiSaIiEEE4pushERKi
FN:244,_ZNSt5stackIiSt5dequeIiSaIiEEE4pushEOi
FNDA:1,_ZNSt5stackIiSt5dequeIiSaIiEEE4pushEOi
FN:272,_ZNSt5stackIiSt5dequeIiSaIiEEE3popEv
FNDA:6,_ZNSt5stackIiSt5dequeIiSaIiEEE3popEv
DA:162,1
DA:163,1
DA:199,12
DA:200,12
DA:212,6
DA:215,6
DA:239,5
DA:240,5
DA:244,1
DA:245,1
DA:272,6
DA:275,6
DA:276,6
end_of_record
SF:/usr/include/c++/11/bits/allocator.h
FN:156,_ZNSaIiEC2Ev
FNDA:7,_ZNSaIiEC2Ev
FN:156,_ZNSaISt6vectorIiSaIiEEEC2Ev
FNDA:1,_ZNSaISt6vectorIiSaIiEEEC2Ev
FN:159,_ZNSaISt6vectorIiSaIiEEEC2ERKS2_
FNDA:2,_ZNSaISt6vectorIiSaIiEEEC2ERKS2_
FN:159,_ZNSaIiEC2ERKS_
FNDA:1,_ZNSaIiEC2ERKS_
FN:169,_ZNSaIPiEC2IiEERKSaIT_E
FNDA:2,_ZNSaIPiEC2IiEERKSaIT_E
FN:174,_ZNSaIPiED2Ev
FNDA:2,_ZNSaIPiED2Ev
FN:174,_ZNSaIiED2Ev
FNDA:8,_ZNSaIiED2Ev
FN:174,_ZNSaISt6vectorIiSaIiEEED2Ev
FNDA:3,_ZNSaISt6vectorIiSaIiEEED2Ev
DA:156,7
DA:156,1
DA:159,2
DA:160,2
DA:159,1
DA:160,1
DA:169,2
DA:174,2
DA:174,8
DA:174,3
end_of_record
SF:/usr/include/c++/11/bits/deque.tcc
FN:164,_ZNSt5dequeIiSaIiEE12emplace_backIJiEEERiDpOT_
FNDA:1,_ZNSt5dequeIiSaIiEE12emplace_backIJiEEERiDpOT_
FN:484,_ZNSt5dequeIiSaIiEE16_M_push_back_auxIJiEEEvDpOT_
FNDA:0,_ZNSt5dequeIiSaIiEE16_M_push_back_auxIJiEEEvDpOT_
FN:484,_ZNSt5dequeIiSaIiEE16_M_push_back_auxIJRKiEEEvDpOT_
FNDA:0,_ZNSt5dequeIiSaIiEE16_M_push_back_auxIJRKiEEEvDpOT_
FN:560,_ZNSt5dequeIiSaIiEE15_M_pop_back_auxEv
FNDA:0,_ZNSt5dequeIiSaIiEE15_M_pop_back_auxEv
FN:931,_ZNSt5dequeIiSaIiEE17_M_reallocate_mapEmb
FNDA:0,_ZNSt5dequeIiSaIiEE17_M_reallocate_mapEmb
DA:164,1
DA:167,1
DA:168,1
DA:170,1
DA:173,1
DA:176,0
DA:178,1
DA:484,0
DA:492,0
DA:493,0
DA:496,0
DA:497,0
DA:501,0
DA:507,0
DA:509,0
DA:516,0
DA:484,0
DA:492,0
DA:493,0
DA:496,0
DA:497,0
DA:501,0
DA:507,0
DA:509,0
DA:516,0
DA:560,0
DA:563,0
DA:564,0
DA:565,0
DA:566,0
DA:568,0
DA:931,0
DA:934,0
DA:935,0
DA:936,0
DA:939,0
DA:941,0
DA:942,0
DA:943,0
DA:944,0
DA:945,0
DA:946,0
DA:949,0
DA:950,0
DA:951,0
DA:955,0
DA:956,0
DA:959,0
DA:960,0
DA:961,0
DA:962,0
DA:963,0
DA:965,0
DA:967,0
DA:968,0
DA:971,0
DA:972,0
DA:973,0
end_of_record
TN:
SF:/usr/include/c++/11/bits/basic_string.h
FN:533,_ZNSt7__cxx1112basic_stringIcSt11char_traitsIcESaIcEEC2IS3_EEPKcRKS3_
FNDA:7,_ZNSt7__cxx1112basic_stringIcSt11char_traitsIcESaIcEEC2IS3_EEPKcRKS3_
DA:533,7
DA:534,7
DA:536,7
DA:539,7
DA:540,7
end_of_record
SF:/usr/include/c++/11/bits/allocator.h
FN:174,_ZNSaI4EdgeED2Ev
FNDA:1,_ZNSaI4EdgeED2Ev
DA:174,1
end_of_record
SF:/usr/include/c++/11/ext/type_traits.h
FN:152,_ZN9__gnu_cxx17__is_null_pointerIKcEEbPT_
FNDA:7,_ZN9__gnu_cxx17__is_null_pointerIKcEEbPT_
DA:152,7
DA:153,7
end_of_record
SF:/usr/include/c++/11/bits/stl_iterator_base_funcs.h
FN:98,_ZSt10__distanceIPKcENSt15iterator_traitsIT_E15difference_typeES3_S3_St26random_access_iterator_tag
FNDA:7,_ZSt10__distanceIPKcENSt15iterator_traitsIT_E15difference_typeES3_S3_St26random_access_iterator_tag
FN:138,_ZSt8distanceIPKcENSt15iterator_traitsIT_E15difference_typeES3_S3_
FNDA:7,_ZSt8distanceIPKcENSt15iterator_traitsIT_E15difference_typeES3_S3_
DA:98,7
DA:104,7
DA:138,7
DA:141,7
DA:142,14
end_of_record
SF:/usr/include/c++/11/ext/new_allocator.h
FN:79,_ZN9__gnu_cxx13new_allocatorIcEC2Ev
FNDA:0,_ZN9__gnu_cxx13new_allocatorIcEC2Ev
FN:89,_ZN9__gnu_cxx13new_allocatorI4EdgeED2Ev
FNDA:1,_ZN9__gnu_cxx13new_allocatorI4EdgeED2Ev
FN:89,_ZN9__gnu_cxx13new_allocatorIcED2Ev
FNDA:0,_ZN9__gnu_cxx13new_allocatorIcED2Ev
FN:132,_ZN9__gnu_cxx13new_allocatorI4EdgeE10deallocateEPS1_m
FNDA:0,_ZN9__gnu_cxx13new_allocatorI4EdgeE10deallocateEPS1_m
DA:79,0
DA:89,1
DA:89,0
DA:132,0
DA:145,0
end_of_record
SF:/home/noam/Desktop/OS_updated/EX4/6/Server/Graph.h
end_of_record
SF:/usr/include/c++/11/bits/basic_string.tcc
FN:206,_ZNSt7__cxx1112basic_stringIcSt11char_traitsIcESaIcEE12_M_constructIPKcEEvT_S8_St20forward_iterator_tag
FNDA:7,_ZNSt7__cxx1112basic_stringIcSt11char_traitsIcESaIcEE12_M_constructIPKcEEvT_S8_St20forward_iterator_tag
DA:206,7
DA:211,7
DA:212,0
DA:215,7
DA:217,7
DA:219,5
DA:220,5
DA:225,7
DA:226,0
DA:228,0
DA:229,0
DA:232,7
DA:233,7
end_of_record
SF:/usr/include/c++/11/bits/alloc_traits.h
FN:495,_ZNSt16allocator_traitsISaI4EdgeEE10deallocateERS1_PS0_m
FNDA:0,_ZNSt16allocator_traitsISaI4EdgeEE10deallocateERS1_PS0_m
FN:845,_ZSt8_DestroyIP4EdgeS0_EvT_S2_RSaIT0_E
FNDA:0,_ZSt8_DestroyIP4EdgeS0_EvT_S2_RSaIT0_E
DA:495,0
DA:496,0
DA:845,0
DA:848,0
DA:849,0
end_of_record
SF:/usr/include/c++/11/iostream
end_of_record
SF:/home/noam/Desktop/OS_updated/EX4/6/Server/Server.cpp
FN:21,_ZN6ServerC2Ev
FNDA:2,_ZN6ServerC2Ev
FN:25,_ZN6Server3runEv
FNDA:2,_ZN6Server3runEv
FN:91,_ZN6Server13handleCommandB5cxx11EPc
FNDA:8,_ZN6Server13handleCommandB5cxx11EPc
FN:118,_ZN6Server3addB5cxx11Ev
FNDA:5,_ZN6Server3addB5cxx11Ev
FN:136,_ZN6Server5cleanB5cxx11Ev
FNDA:1,_ZN6Server5cleanB5cxx11Ev
FN:148,main
FNDA:2,main
DA:21,2
DA:23,2
DA:25,2
DA:28,2
DA:36,2
DA:38,0
DA:39,0
DA:42,2
DA:44,2
DA:47,2
DA:49,2
DA:50,2
DA:51,2
DA:53,1
DA:54,1
DA:56,1
DA:58,0
DA:59,0
DA:61,1
DA:65,2
DA:66,2
DA:67,2
DA:69,0
DA:70,0
DA:72,2
DA:73,1
DA:76,1
DA:77,1
DA:78,9
DA:80,8
DA:81,8
DA:83,8
DA:84,8
DA:85,8
DA:87,1
DA:88,1
DA:89,1
DA:91,8
DA:93,8
DA:94,8
DA:96,0
DA:98,8
DA:100,5
DA:102,3
DA:104,1
DA:106,2
DA:108,1
DA:109,1
DA:111,1
DA:113,1
DA:115,0
DA:118,5
DA:120,5
DA:121,5
DA:123,0
DA:125,5
DA:126,5
DA:127,5
DA:129,0
DA:131,5
DA:132,5
DA:133,5
DA:136,1
DA:138,1
DA:139,1
DA:141,1
DA:142,1
DA:143,1
DA:145,0
DA:148,2
DA:150,2
DA:151,2
DA:152,1
DA:153,1
end_of_record
SF:/usr/include/c++/11/bits/stl_iterator_base_types.h
FN:238,_ZSt19__iterator_categoryIPKcENSt15iterator_traitsIT_E17iterator_categoryERKS3_
FNDA:7,_ZSt19__iterator_categoryIPKcENSt15iterator_traitsIT_E17iterator_categoryERKS3_
DA:238,7
DA:239,7
end_of_record
SF:/home/noam/Desktop/OS_updated/EX4/6/Server/Server.h
end_of_record
SF:/usr/include/c++/11/bits/stl_construct.h
FN:172,_ZNSt12_Destroy_auxILb1EE9__destroyIP4EdgeEEvT_S4_
FNDA:0,_ZNSt12_Destroy_auxILb1EE9__destroyIP4EdgeEEvT_S4_
FN:182,_ZSt8_DestroyIP4EdgeEvT_S2_
FNDA:0,_ZSt8_DestroyIP4EdgeEvT_S2_
DA:172,0
DA:182,0
DA:196,0
DA:197,0
end_of_record
SF:/usr/include/c++/11/bits/char_traits.h
FN:106,_ZN9__gnu_cxx11char_traitsIcE2eqERKcS3_
FNDA:0,_ZN9__gnu_cxx11char_traitsIcE2eqERKcS3_
FN:167,_ZN9__gnu_cxx11char_traitsIcE6lengthEPKc
FNDA:0,_ZN9__gnu_cxx11char_traitsIcE6lengthEPKc
FN:393,_ZNSt11char_traitsIcE6lengthEPKc
FNDA:7,_ZNSt11char_traitsIcE6lengthEPKc
DA:106,0
DA:107,0
DA:167,0
DA:170,0
DA:171,0
DA:172,0
DA:173,0
DA:290,7
DA:393,7
DA:396,7
DA:397,0
DA:399,7
end_of_record
SF:/usr/include/c++/11/bits/stl_vector.h
FN:276,_ZNSt12_Vector_baseI4EdgeSaIS0_EE19_M_get_Tp_allocatorEv
FNDA:0,_ZNSt12_Vector_baseI4EdgeSaIS0_EE19_M_get_Tp_allocatorEv
FN:333,_ZNSt12_Vector_baseI4EdgeSaIS0_EED2Ev
FNDA:1,_ZNSt12_Vector_baseI4EdgeSaIS0_EED2Ev
FN:350,_ZNSt12_Vector_baseI4EdgeSaIS0_EE13_M_deallocateEPS0_m
FNDA:0,_ZNSt12_Vector_baseI4EdgeSaIS0_EE13_M_deallocateEPS0_m
FN:678,_ZNSt6vectorI4EdgeSaIS0_EED2Ev
FNDA:1,_ZNSt6vectorI4EdgeSaIS0_EED2Ev
DA:276,0
DA:277,0
DA:333,1
DA:335,1
DA:336,1
DA:337,1
DA:350,0
DA:353,0
DA:354,0
DA:355,0
DA:678,1
DA:680,1
DA:681,1
DA:683,1
end_of_record
TN:
SF:/home/noam/Desktop/OS_updated/EX4/6/Server/GraphAlgorithm.cpp
FN:3,_ZN14GraphAlgorithmC2Ev
FNDA:1,_ZN14GraphAlgorithmC2Ev
DA:3,1
DA:5,1
end_of_record
