TN:
SF:/usr/include/c++/11/bits/stl_iterator_base_types.h
FN:238,_ZSt19__iterator_categoryIPKcENSt15iterator_traitsIT_E17iterator_categoryERKS3_
FNDA:36,_ZSt19__iterator_categoryIPKcENSt15iterator_traitsIT_E17iterator_categoryERKS3_
DA:238,36
DA:239,36
end_of_record
SF:/usr/include/c++/11/bits/allocator.h
FN:156,_ZNSaISt13_Rb_tree_nodeISt4pairIKNSt7__cxx1112basic_stringIcSt11char_traitsIcESaIcEEEP14GraphAlgorithmEEEC2Ev
FNDA:1,_ZNSaISt13_Rb_tree_nodeISt4pairIKNSt7__cxx1112basic_stringIcSt11char_traitsIcESaIcEEEP14GraphAlgorithmEEEC2Ev
FN:174,_ZNSaISt13_Rb_tree_nodeISt4pairIKNSt7__cxx1112basic_stringIcSt11char_traitsIcESaIcEEEP14GraphAlgorithmEEED2Ev
FNDA:1,_ZNSaISt13_Rb_tree_nodeISt4pairIKNSt7__cxx1112basic_stringIcSt11char_traitsIcESaIcEEEP14GraphAlgorithmEEED2Ev
DA:156,1
DA:174,1
end_of_record
SF:/usr/include/c++/11/bits/stl_function.h
FN:399,_ZNKSt4lessINSt7__cxx1112basic_stringIcSt11char_traitsIcESaIcEEEEclERKS5_S8_
FNDA:34,_ZNKSt4lessINSt7__cxx1112basic_stringIcSt11char_traitsIcESaIcEEEEclERKS5_S8_
FN:1174,_ZNKSt10_Select1stISt4pairIKNSt7__cxx1112basic_stringIcSt11char_traitsIcESaIcEEEP14GraphAlgorithmEEclERKSA_
FNDA:43,_ZNKSt10_Select1stISt4pairIKNSt7__cxx1112basic_stringIcSt11char_traitsIcESaIcEEEP14GraphAlgorithmEEclERKSA_
DA:399,34
DA:400,34
DA:1174,43
DA:1175,43
end_of_record
SF:/usr/include/c++/11/bits/stl_pair.h
FN:322,_ZNSt4pairIPSt18_Rb_tree_node_baseS1_EC2IRS1_Lb1EEEOT_RKS1_
FNDA:0,_ZNSt4pairIPSt18_Rb_tree_node_baseS1_EC2IRS1_Lb1EEEOT_RKS1_
FN:336,_ZNSt4pairIPSt18_Rb_tree_node_baseS1_EC2IRS1_Lb1EEERKS1_OT_
FNDA:4,_ZNSt4pairIPSt18_Rb_tree_node_baseS1_EC2IRS1_Lb1EEERKS1_OT_
FN:352,_ZNSt4pairIPSt18_Rb_tree_node_baseS1_EC2IRPSt13_Rb_tree_nodeIS_IKNSt7__cxx1112basic_stringIcSt11char_traitsIcESaIcEEEP14GraphAlgorithmEERS1_Lb1EEEOT_OT0_
FNDA:1,_ZNSt4pairIPSt18_Rb_tree_node_baseS1_EC2IRPSt13_Rb_tree_nodeIS_IKNSt7__cxx1112basic_stringIcSt11char_traitsIcESaIcEEEP14GraphAlgorithmEERS1_Lb1EEEOT_OT0_
FN:352,_ZNSt4pairIPSt18_Rb_tree_node_baseS1_EC2IRS1_S4_Lb1EEEOT_OT0_
FNDA:0,_ZNSt4pairIPSt18_Rb_tree_node_baseS1_EC2IRS1_S4_Lb1EEEOT_OT0_
DA:322,0
DA:323,0
DA:336,4
DA:337,4
DA:352,1
DA:353,1
DA:352,0
DA:353,0
end_of_record
SF:/usr/include/c++/11/tuple
FN:199,_ZNSt10_Head_baseILm0EONSt7__cxx1112basic_stringIcSt11char_traitsIcESaIcEEELb0EEC2IS5_EEOT_
FNDA:5,_ZNSt10_Head_baseILm0EONSt7__cxx1112basic_stringIcSt11char_traitsIcESaIcEEELb0EEC2IS5_EEOT_
FN:233,_ZNSt10_Head_baseILm0EONSt7__cxx1112basic_stringIcSt11char_traitsIcESaIcEEELb0EE7_M_headERS7_
FNDA:5,_ZNSt10_Head_baseILm0EONSt7__cxx1112basic_stringIcSt11char_traitsIcESaIcEEELb0EE7_M_headERS7_
FN:424,_ZNSt11_Tuple_implILm0EJONSt7__cxx1112basic_stringIcSt11char_traitsIcESaIcEEEEE7_M_headERS7_
FNDA:5,_ZNSt11_Tuple_implILm0EJONSt7__cxx1112basic_stringIcSt11char_traitsIcESaIcEEEEE7_M_headERS7_
FN:440,_ZNSt11_Tuple_implILm0EJONSt7__cxx1112basic_stringIcSt11char_traitsIcESaIcEEEEEC2IS5_EEOT_
FNDA:5,_ZNSt11_Tuple_implILm0EJONSt7__cxx1112basic_stringIcSt11char_traitsIcESaIcEEEEEC2IS5_EEOT_
FN:454,_ZNSt11_Tuple_implILm0EJONSt7__cxx1112basic_stringIcSt11char_traitsIcESaIcEEEEEC2EOS7_
FNDA:5,_ZNSt11_Tuple_implILm0EJONSt7__cxx1112basic_stringIcSt11char_traitsIcESaIcEEEEEC2EOS7_
FN:742,_ZNSt5tupleIJONSt7__cxx1112basic_stringIcSt11char_traitsIcESaIcEEEEEC2IJS5_ELb1ELb1EEEDpOT_
FNDA:5,_ZNSt5tupleIJONSt7__cxx1112basic_stringIcSt11char_traitsIcESaIcEEEEEC2IJS5_ELb1ELb1EEEDpOT_
FN:756,_ZNSt5tupleIJONSt7__cxx1112basic_stringIcSt11char_traitsIcESaIcEEEEEC2EOS7_
FNDA:5,_ZNSt5tupleIJONSt7__cxx1112basic_stringIcSt11char_traitsIcESaIcEEEEEC2EOS7_
FN:1377,_ZSt12__get_helperILm0EONSt7__cxx1112basic_stringIcSt11char_traitsIcESaIcEEEJEERT0_RSt11_Tuple_implIXT_EJS7_DpT1_EE
FNDA:5,_ZSt12__get_helperILm0EONSt7__cxx1112basic_stringIcSt11char_traitsIcESaIcEEEJEERT0_RSt11_Tuple_implIXT_EJS7_DpT1_EE
FN:1393,_ZSt3getILm0EJONSt7__cxx1112basic_stringIcSt11char_traitsIcESaIcEEEEERNSt13tuple_elementIXT_ESt5tupleIJDpT0_EEE4typeERSB_
FNDA:5,_ZSt3getILm0EJONSt7__cxx1112basic_stringIcSt11char_traitsIcESaIcEEEEERNSt13tuple_elementIXT_ESt5tupleIJDpT0_EEE4typeERSB_
FN:1617,_ZSt16forward_as_tupleIJNSt7__cxx1112basic_stringIcSt11char_traitsIcESaIcEEEEESt5tupleIJDpOT_EES9_
FNDA:5,_ZSt16forward_as_tupleIJNSt7__cxx1112basic_stringIcSt11char_traitsIcESaIcEEEEESt5tupleIJDpOT_EES9_
FN:1804,_ZNSt4pairIKNSt7__cxx1112basic_stringIcSt11char_traitsIcESaIcEEEP14GraphAlgorithmEC2IJOS5_EJEEESt21piecewise_construct_tSt5tupleIJDpT_EESD_IJDpT0_EE
FNDA:5,_ZNSt4pairIKNSt7__cxx1112basic_stringIcSt11char_traitsIcESaIcEEEP14GraphAlgorithmEC2IJOS5_EJEEESt21piecewise_construct_tSt5tupleIJDpT_EESD_IJDpT0_EE
FN:1816,_ZNSt4pairIKNSt7__cxx1112basic_stringIcSt11char_traitsIcESaIcEEEP14GraphAlgorithmEC2IJOS5_EJLm0EEJEJEEERSt5tupleIJDpT_EERSC_IJDpT1_EESt12_Index_tupleIJXspT0_EEESL_IJXspT2_EEE
FNDA:5,_ZNSt4pairIKNSt7__cxx1112basic_stringIcSt11char_traitsIcESaIcEEEP14GraphAlgorithmEC2IJOS5_EJLm0EEJEJEEERSt5tupleIJDpT_EERSC_IJDpT1_EESt12_Index_tupleIJXspT0_EEESL_IJXspT2_EEE
DA:199,5
DA:200,5
DA:233,5
DA:424,5
DA:440,5
DA:441,5
DA:442,5
DA:454,5
DA:456,5
DA:457,5
DA:742,5
DA:744,5
DA:756,5
DA:1377,5
DA:1378,5
DA:1393,5
DA:1394,5
DA:1617,5
DA:1618,5
DA:1804,5
DA:1809,5
DA:1810,5
DA:1816,5
DA:1819,5
DA:1820,5
DA:1821,5
end_of_record
SF:/usr/include/c++/11/new
FN:174,_ZnwmPv
FNDA:0,_ZnwmPv
FN:180,_ZdlPvS_
FNDA:0,_ZdlPvS_
DA:174,0
DA:175,0
DA:180,0
end_of_record
SF:/usr/include/c++/11/bits/stl_iterator_base_funcs.h
FN:98,_ZSt10__distanceIPKcENSt15iterator_traitsIT_E15difference_typeES3_S3_St26random_access_iterator_tag
FNDA:36,_ZSt10__distanceIPKcENSt15iterator_traitsIT_E15difference_typeES3_S3_St26random_access_iterator_tag
FN:138,_ZSt8distanceIPKcENSt15iterator_traitsIT_E15difference_typeES3_S3_
FNDA:36,_ZSt8distanceIPKcENSt15iterator_traitsIT_E15difference_typeES3_S3_
DA:98,36
DA:104,36
DA:138,36
DA:141,36
DA:142,72
end_of_record
SF:/usr/include/c++/11/bits/char_traits.h
FN:106,_ZN9__gnu_cxx11char_traitsIcE2eqERKcS3_
FNDA:0,_ZN9__gnu_cxx11char_traitsIcE2eqERKcS3_
FN:167,_ZN9__gnu_cxx11char_traitsIcE6lengthEPKc
FNDA:0,_ZN9__gnu_cxx11char_traitsIcE6lengthEPKc
FN:393,_ZNSt11char_traitsIcE6lengthEPKc
FNDA:36,_ZNSt11char_traitsIcE6lengthEPKc
FN:429,_ZNSt11char_traitsIcE4copyEPcPKcm
FNDA:0,_ZNSt11char_traitsIcE4copyEPcPKcm
DA:106,0
DA:107,0
DA:167,0
DA:170,0
DA:171,0
DA:172,0
DA:173,0
DA:290,36
DA:393,36
DA:396,36
DA:397,0
DA:399,36
DA:429,0
DA:431,0
DA:432,0
DA:437,0
end_of_record
SF:/usr/include/c++/11/bits/alloc_traits.h
FN:463,_ZNSt16allocator_traitsISaISt13_Rb_tree_nodeISt4pairIKNSt7__cxx1112basic_stringIcSt11char_traitsIcESaIcEEEP14GraphAlgorithmEEEE8allocateERSD_m
FNDA:5,_ZNSt16allocator_traitsISaISt13_Rb_tree_nodeISt4pairIKNSt7__cxx1112basic_stringIcSt11char_traitsIcESaIcEEEP14GraphAlgorithmEEEE8allocateERSD_m
FN:495,_ZNSt16allocator_traitsISaISt13_Rb_tree_nodeISt4pairIKNSt7__cxx1112basic_stringIcSt11char_traitsIcESaIcEEEP14GraphAlgorithmEEEE10deallocateERSD_PSC_m
FNDA:5,_ZNSt16allocator_traitsISaISt13_Rb_tree_nodeISt4pairIKNSt7__cxx1112basic_stringIcSt11char_traitsIcESaIcEEEP14GraphAlgorithmEEEE10deallocateERSD_PSC_m
FN:511,_ZNSt16allocator_traitsISaISt13_Rb_tree_nodeISt4pairIKNSt7__cxx1112basic_stringIcSt11char_traitsIcESaIcEEEP14GraphAlgorithmEEEE9constructISB_JRKSt21piecewise_construct_tSt5tupleIJOS7_EESJ_IJEEEEEvRSD_PT_DpOT0_
FNDA:5,_ZNSt16allocator_traitsISaISt13_Rb_tree_nodeISt4pairIKNSt7__cxx1112basic_stringIcSt11char_traitsIcESaIcEEEP14GraphAlgorithmEEEE9constructISB_JRKSt21piecewise_construct_tSt5tupleIJOS7_EESJ_IJEEEEEvRSD_PT_DpOT0_
FN:531,_ZNSt16allocator_traitsISaISt13_Rb_tree_nodeISt4pairIKNSt7__cxx1112basic_stringIcSt11char_traitsIcESaIcEEEP14GraphAlgorithmEEEE7destroyISB_EEvRSD_PT_
FNDA:5,_ZNSt16allocator_traitsISaISt13_Rb_tree_nodeISt4pairIKNSt7__cxx1112basic_stringIcSt11char_traitsIcESaIcEEEP14GraphAlgorithmEEEE7destroyISB_EEvRSD_PT_
DA:463,5
DA:464,5
DA:495,5
DA:496,5
DA:511,5
DA:516,5
DA:520,5
DA:531,5
DA:535,5
DA:539,5
end_of_record
SF:/usr/include/c++/11/bits/stl_tree.h
FN:146,_ZNSt20_Rb_tree_key_compareISt4lessINSt7__cxx1112basic_stringIcSt11char_traitsIcESaIcEEEEEC2Ev
FNDA:1,_ZNSt20_Rb_tree_key_compareISt4lessINSt7__cxx1112basic_stringIcSt11char_traitsIcESaIcEEEEEC2Ev
FN:173,_ZNSt15_Rb_tree_headerC2Ev
FNDA:1,_ZNSt15_Rb_tree_headerC2Ev
FN:206,_ZNSt15_Rb_tree_header8_M_resetEv
FNDA:1,_ZNSt15_Rb_tree_header8_M_resetEv
FN:234,_ZNSt13_Rb_tree_nodeISt4pairIKNSt7__cxx1112basic_stringIcSt11char_traitsIcESaIcEEEP14GraphAlgorithmEE9_M_valptrEv
FNDA:20,_ZNSt13_Rb_tree_nodeISt4pairIKNSt7__cxx1112basic_stringIcSt11char_traitsIcESaIcEEEP14GraphAlgorithmEE9_M_valptrEv
FN:238,_ZNKSt13_Rb_tree_nodeISt4pairIKNSt7__cxx1112basic_stringIcSt11char_traitsIcESaIcEEEP14GraphAlgorithmEE9_M_valptrEv
FNDA:43,_ZNKSt13_Rb_tree_nodeISt4pairIKNSt7__cxx1112basic_stringIcSt11char_traitsIcESaIcEEEP14GraphAlgorithmEE9_M_valptrEv
FN:273,_ZNSt17_Rb_tree_iteratorISt4pairIKNSt7__cxx1112basic_stringIcSt11char_traitsIcESaIcEEEP14GraphAlgorithmEEC2EPSt18_Rb_tree_node_base
FNDA:37,_ZNSt17_Rb_tree_iteratorISt4pairIKNSt7__cxx1112basic_stringIcSt11char_traitsIcESaIcEEEP14GraphAlgorithmEEC2EPSt18_Rb_tree_node_base
FN:277,_ZNKSt17_Rb_tree_iteratorISt4pairIKNSt7__cxx1112basic_stringIcSt11char_traitsIcESaIcEEEP14GraphAlgorithmEEdeEv
FNDA:5,_ZNKSt17_Rb_tree_iteratorISt4pairIKNSt7__cxx1112basic_stringIcSt11char_traitsIcESaIcEEEP14GraphAlgorithmEEdeEv
FN:281,_ZNKSt17_Rb_tree_iteratorISt4pairIKNSt7__cxx1112basic_stringIcSt11char_traitsIcESaIcEEEP14GraphAlgorithmEEptEv
FNDA:5,_ZNKSt17_Rb_tree_iteratorISt4pairIKNSt7__cxx1112basic_stringIcSt11char_traitsIcESaIcEEEP14GraphAlgorithmEEptEv
FN:285,_ZNSt17_Rb_tree_iteratorISt4pairIKNSt7__cxx1112basic_stringIcSt11char_traitsIcESaIcEEEP14GraphAlgorithmEEppEv
FNDA:0,_ZNSt17_Rb_tree_iteratorISt4pairIKNSt7__cxx1112basic_stringIcSt11char_traitsIcESaIcEEEP14GraphAlgorithmEEppEv
FN:300,_ZNSt17_Rb_tree_iteratorISt4pairIKNSt7__cxx1112basic_stringIcSt11char_traitsIcESaIcEEEP14GraphAlgorithmEEmmEv
FNDA:0,_ZNSt17_Rb_tree_iteratorISt4pairIKNSt7__cxx1112basic_stringIcSt11char_traitsIcESaIcEEEP14GraphAlgorithmEEmmEv
FN:315,_ZSteqRKSt17_Rb_tree_iteratorISt4pairIKNSt7__cxx1112basic_stringIcSt11char_traitsIcESaIcEEEP14GraphAlgorithmEESD_
FNDA:11,_ZSteqRKSt17_Rb_tree_iteratorISt4pairIKNSt7__cxx1112basic_stringIcSt11char_traitsIcESaIcEEEP14GraphAlgorithmEESD_
FN:320,_ZStneRKSt17_Rb_tree_iteratorISt4pairIKNSt7__cxx1112basic_stringIcSt11char_traitsIcESaIcEEEP14GraphAlgorithmEESD_
FNDA:5,_ZStneRKSt17_Rb_tree_iteratorISt4pairIKNSt7__cxx1112basic_stringIcSt11char_traitsIcESaIcEEEP14GraphAlgorithmEESD_
FN:350,_ZNSt23_Rb_tree_const_iteratorISt4pairIKNSt7__cxx1112basic_stringIcSt11char_traitsIcESaIcEEEP14GraphAlgorithmEEC2ERKSt17_Rb_tree_iteratorISA_E
FNDA:5,_ZNSt23_Rb_tree_const_iteratorISt4pairIKNSt7__cxx1112basic_stringIcSt11char_traitsIcESaIcEEEP14GraphAlgorithmEEC2ERKSt17_Rb_tree_iteratorISA_E
FN:354,_ZNKSt23_Rb_tree_const_iteratorISt4pairIKNSt7__cxx1112basic_stringIcSt11char_traitsIcESaIcEEEP14GraphAlgorithmEE13_M_const_castEv
FNDA:5,_ZNKSt23_Rb_tree_const_iteratorISt4pairIKNSt7__cxx1112basic_stringIcSt11char_traitsIcESaIcEEEP14GraphAlgorithmEE13_M_const_castEv
FN:547,_ZNSt8_Rb_treeINSt7__cxx1112basic_stringIcSt11char_traitsIcESaIcEEESt4pairIKS5_P14GraphAlgorithmESt10_Select1stISA_ESt4lessIS5_ESaISA_EE21_M_get_Node_allocatorEv
FNDA:20,_ZNSt8_Rb_treeINSt7__cxx1112basic_stringIcSt11char_traitsIcESaIcEEESt4pairIKS5_P14GraphAlgorithmESt10_Select1stISA_ESt4lessIS5_ESaISA_EE21_M_get_Node_allocatorEv
FN:560,_ZNSt8_Rb_treeINSt7__cxx1112basic_stringIcSt11char_traitsIcESaIcEEESt4pairIKS5_P14GraphAlgorithmESt10_Select1stISA_ESt4lessIS5_ESaISA_EE11_M_get_nodeEv
FNDA:5,_ZNSt8_Rb_treeINSt7__cxx1112basic_stringIcSt11char_traitsIcESaIcEEESt4pairIKS5_P14GraphAlgorithmESt10_Select1stISA_ESt4lessIS5_ESaISA_EE11_M_get_nodeEv
FN:564,_ZNSt8_Rb_treeINSt7__cxx1112basic_stringIcSt11char_traitsIcESaIcEEESt4pairIKS5_P14GraphAlgorithmESt10_Select1stISA_ESt4lessIS5_ESaISA_EE11_M_put_nodeEPSt13_Rb_tree_nodeISA_E
FNDA:5,_ZNSt8_Rb_treeINSt7__cxx1112basic_stringIcSt11char_traitsIcESaIcEEESt4pairIKS5_P14GraphAlgorithmESt10_Select1stISA_ESt4lessIS5_ESaISA_EE11_M_put_nodeEPSt13_Rb_tree_nodeISA_E
FN:590,_ZNSt8_Rb_treeINSt7__cxx1112basic_stringIcSt11char_traitsIcESaIcEEESt4pairIKS5_P14GraphAlgorithmESt10_Select1stISA_ESt4lessIS5_ESaISA_EE17_M_construct_nodeIJRKSt21piecewise_construct_tSt5tupleIJOS5_EESL_IJEEEEEvPSt13_Rb_tree_nodeISA_EDpOT_
FNDA:5,_ZNSt8_Rb_treeINSt7__cxx1112basic_stringIcSt11char_traitsIcESaIcEEESt4pairIKS5_P14GraphAlgorithmESt10_Select1stISA_ESt4lessIS5_ESaISA_EE17_M_construct_nodeIJRKSt21piecewise_construct_tSt5tupleIJOS5_EESL_IJEEEEEvPSt13_Rb_tree_nodeISA_EDpOT_
FN:609,_ZNSt8_Rb_treeINSt7__cxx1112basic_stringIcSt11char_traitsIcESaIcEEESt4pairIKS5_P14GraphAlgorithmESt10_Select1stISA_ESt4lessIS5_ESaISA_EE14_M_create_nodeIJRKSt21piecewise_construct_tSt5tupleIJOS5_EESL_IJEEEEEPSt13_Rb_tree_nodeISA_EDpOT_
FNDA:5,_ZNSt8_Rb_treeINSt7__cxx1112basic_stringIcSt11char_traitsIcESaIcEEESt4pairIKS5_P14GraphAlgorithmESt10_Select1stISA_ESt4lessIS5_ESaISA_EE14_M_create_nodeIJRKSt21piecewise_construct_tSt5tupleIJOS5_EESL_IJEEEEEPSt13_Rb_tree_nodeISA_EDpOT_
FN:618,_ZNSt8_Rb_treeINSt7__cxx1112basic_stringIcSt11char_traitsIcESaIcEEESt4pairIKS5_P14GraphAlgorithmESt10_Select1stISA_ESt4lessIS5_ESaISA_EE15_M_destroy_nodeEPSt13_Rb_tree_nodeISA_E
FNDA:5,_ZNSt8_Rb_treeINSt7__cxx1112basic_stringIcSt11char_traitsIcESaIcEEESt4pairIKS5_P14GraphAlgorithmESt10_Select1stISA_ESt4lessIS5_ESaISA_EE15_M_destroy_nodeEPSt13_Rb_tree_nodeISA_E
FN:629,_ZNSt8_Rb_treeINSt7__cxx1112basic_stringIcSt11char_traitsIcESaIcEEESt4pairIKS5_P14GraphAlgorithmESt10_Select1stISA_ESt4lessIS5_ESaISA_EE12_M_drop_nodeEPSt13_Rb_tree_nodeISA_E
FNDA:5,_ZNSt8_Rb_treeINSt7__cxx1112basic_stringIcSt11char_traitsIcESaIcEEESt4pairIKS5_P14GraphAlgorithmESt10_Select1stISA_ESt4lessIS5_ESaISA_EE12_M_drop_nodeEPSt13_Rb_tree_nodeISA_E
FN:667,_ZNSt8_Rb_treeINSt7__cxx1112basic_stringIcSt11char_traitsIcESaIcEEESt4pairIKS5_P14GraphAlgorithmESt10_Select1stISA_ESt4lessIS5_ESaISA_EE13_Rb_tree_implISE_Lb1EEC2Ev
FNDA:1,_ZNSt8_Rb_treeINSt7__cxx1112basic_stringIcSt11char_traitsIcESaIcEEESt4pairIKS5_P14GraphAlgorithmESt10_Select1stISA_ESt4lessIS5_ESaISA_EE13_Rb_tree_implISE_Lb1EEC2Ev
FN:718,_ZNSt8_Rb_treeINSt7__cxx1112basic_stringIcSt11char_traitsIcESaIcEEESt4pairIKS5_P14GraphAlgorithmESt10_Select1stISA_ESt4lessIS5_ESaISA_EE11_M_leftmostEv
FNDA:0,_ZNSt8_Rb_treeINSt7__cxx1112basic_stringIcSt11char_traitsIcESaIcEEESt4pairIKS5_P14GraphAlgorithmESt10_Select1stISA_ESt4lessIS5_ESaISA_EE11_M_leftmostEv
FN:726,_ZNSt8_Rb_treeINSt7__cxx1112basic_stringIcSt11char_traitsIcESaIcEEESt4pairIKS5_P14GraphAlgorithmESt10_Select1stISA_ESt4lessIS5_ESaISA_EE12_M_rightmostEv
FNDA:8,_ZNSt8_Rb_treeINSt7__cxx1112basic_stringIcSt11char_traitsIcESaIcEEESt4pairIKS5_P14GraphAlgorithmESt10_Select1stISA_ESt4lessIS5_ESaISA_EE12_M_rightmostEv
FN:734,_ZNKSt8_Rb_treeINSt7__cxx1112basic_stringIcSt11char_traitsIcESaIcEEESt4pairIKS5_P14GraphAlgorithmESt10_Select1stISA_ESt4lessIS5_ESaISA_EE9_M_mbeginEv
FNDA:12,_ZNKSt8_Rb_treeINSt7__cxx1112basic_stringIcSt11char_traitsIcESaIcEEESt4pairIKS5_P14GraphAlgorithmESt10_Select1stISA_ESt4lessIS5_ESaISA_EE9_M_mbeginEv
FN:738,_ZNSt8_Rb_treeINSt7__cxx1112basic_stringIcSt11char_traitsIcESaIcEEESt4pairIKS5_P14GraphAlgorithmESt10_Select1stISA_ESt4lessIS5_ESaISA_EE8_M_beginEv
FNDA:12,_ZNSt8_Rb_treeINSt7__cxx1112basic_stringIcSt11char_traitsIcESaIcEEESt4pairIKS5_P14GraphAlgorithmESt10_Select1stISA_ESt4lessIS5_ESaISA_EE8_M_beginEv
FN:749,_ZNSt8_Rb_treeINSt7__cxx1112basic_stringIcSt11char_traitsIcESaIcEEESt4pairIKS5_P14GraphAlgorithmESt10_Select1stISA_ESt4lessIS5_ESaISA_EE6_M_endEv
FNDA:21,_ZNSt8_Rb_treeINSt7__cxx1112basic_stringIcSt11char_traitsIcESaIcEEESt4pairIKS5_P14GraphAlgorithmESt10_Select1stISA_ESt4lessIS5_ESaISA_EE6_M_endEv
FN:757,_ZNSt8_Rb_treeINSt7__cxx1112basic_stringIcSt11char_traitsIcESaIcEEESt4pairIKS5_P14GraphAlgorithmESt10_Select1stISA_ESt4lessIS5_ESaISA_EE6_S_keyEPKSt13_Rb_tree_nodeISA_E
FNDA:43,_ZNSt8_Rb_treeINSt7__cxx1112basic_stringIcSt11char_traitsIcESaIcEEESt4pairIKS5_P14GraphAlgorithmESt10_Select1stISA_ESt4lessIS5_ESaISA_EE6_S_keyEPKSt13_Rb_tree_nodeISA_E
FN:779,_ZNSt8_Rb_treeINSt7__cxx1112basic_stringIcSt11char_traitsIcESaIcEEESt4pairIKS5_P14GraphAlgorithmESt10_Select1stISA_ESt4lessIS5_ESaISA_EE7_S_leftEPSt18_Rb_tree_node_base
FNDA:12,_ZNSt8_Rb_treeINSt7__cxx1112basic_stringIcSt11char_traitsIcESaIcEEESt4pairIKS5_P14GraphAlgorithmESt10_Select1stISA_ESt4lessIS5_ESaISA_EE7_S_leftEPSt18_Rb_tree_node_base
FN:787,_ZNSt8_Rb_treeINSt7__cxx1112basic_stringIcSt11char_traitsIcESaIcEEESt4pairIKS5_P14GraphAlgorithmESt10_Select1stISA_ESt4lessIS5_ESaISA_EE8_S_rightEPSt18_Rb_tree_node_base
FNDA:19,_ZNSt8_Rb_treeINSt7__cxx1112basic_stringIcSt11char_traitsIcESaIcEEESt4pairIKS5_P14GraphAlgorithmESt10_Select1stISA_ESt4lessIS5_ESaISA_EE8_S_rightEPSt18_Rb_tree_node_base
FN:795,_ZNSt8_Rb_treeINSt7__cxx1112basic_stringIcSt11char_traitsIcESaIcEEESt4pairIKS5_P14GraphAlgorithmESt10_Select1stISA_ESt4lessIS5_ESaISA_EE6_S_keyEPKSt18_Rb_tree_node_base
FNDA:13,_ZNSt8_Rb_treeINSt7__cxx1112basic_stringIcSt11char_traitsIcESaIcEEESt4pairIKS5_P14GraphAlgorithmESt10_Select1stISA_ESt4lessIS5_ESaISA_EE6_S_keyEPKSt18_Rb_tree_node_base
FN:928,_ZNSt8_Rb_treeINSt7__cxx1112basic_stringIcSt11char_traitsIcESaIcEEESt4pairIKS5_P14GraphAlgorithmESt10_Select1stISA_ESt4lessIS5_ESaISA_EEC2Ev
FNDA:1,_ZNSt8_Rb_treeINSt7__cxx1112basic_stringIcSt11char_traitsIcESaIcEEESt4pairIKS5_P14GraphAlgorithmESt10_Select1stISA_ESt4lessIS5_ESaISA_EEC2Ev
FN:983,_ZNSt8_Rb_treeINSt7__cxx1112basic_stringIcSt11char_traitsIcESaIcEEESt4pairIKS5_P14GraphAlgorithmESt10_Select1stISA_ESt4lessIS5_ESaISA_EED2Ev
FNDA:1,_ZNSt8_Rb_treeINSt7__cxx1112basic_stringIcSt11char_traitsIcESaIcEEESt4pairIKS5_P14GraphAlgorithmESt10_Select1stISA_ESt4lessIS5_ESaISA_EED2Ev
FN:991,_ZNKSt8_Rb_treeINSt7__cxx1112basic_stringIcSt11char_traitsIcESaIcEEESt4pairIKS5_P14GraphAlgorithmESt10_Select1stISA_ESt4lessIS5_ESaISA_EE8key_compEv
FNDA:0,_ZNKSt8_Rb_treeINSt7__cxx1112basic_stringIcSt11char_traitsIcESaIcEEESt4pairIKS5_P14GraphAlgorithmESt10_Select1stISA_ESt4lessIS5_ESaISA_EE8key_compEv
FN:995,_ZNSt8_Rb_treeINSt7__cxx1112basic_stringIcSt11char_traitsIcESaIcEEESt4pairIKS5_P14GraphAlgorithmESt10_Select1stISA_ESt4lessIS5_ESaISA_EE5beginEv
FNDA:1,_ZNSt8_Rb_treeINSt7__cxx1112basic_stringIcSt11char_traitsIcESaIcEEESt4pairIKS5_P14GraphAlgorithmESt10_Select1stISA_ESt4lessIS5_ESaISA_EE5beginEv
FN:1003,_ZNSt8_Rb_treeINSt7__cxx1112basic_stringIcSt11char_traitsIcESaIcEEESt4pairIKS5_P14GraphAlgorithmESt10_Select1stISA_ESt4lessIS5_ESaISA_EE3endEv
FNDA:15,_ZNSt8_Rb_treeINSt7__cxx1112basic_stringIcSt11char_traitsIcESaIcEEESt4pairIKS5_P14GraphAlgorithmESt10_Select1stISA_ESt4lessIS5_ESaISA_EE3endEv
FN:1031,_ZNKSt8_Rb_treeINSt7__cxx1112basic_stringIcSt11char_traitsIcESaIcEEESt4pairIKS5_P14GraphAlgorithmESt10_Select1stISA_ESt4lessIS5_ESaISA_EE4sizeEv
FNDA:5,_ZNKSt8_Rb_treeINSt7__cxx1112basic_stringIcSt11char_traitsIcESaIcEEESt4pairIKS5_P14GraphAlgorithmESt10_Select1stISA_ESt4lessIS5_ESaISA_EE4sizeEv
FN:1269,_ZNSt8_Rb_treeINSt7__cxx1112basic_stringIcSt11char_traitsIcESaIcEEESt4pairIKS5_P14GraphAlgorithmESt10_Select1stISA_ESt4lessIS5_ESaISA_EE11lower_boundERS7_
FNDA:5,_ZNSt8_Rb_treeINSt7__cxx1112basic_stringIcSt11char_traitsIcESaIcEEESt4pairIKS5_P14GraphAlgorithmESt10_Select1stISA_ESt4lessIS5_ESaISA_EE11lower_boundERS7_
FN:1883,_ZNSt8_Rb_treeINSt7__cxx1112basic_stringIcSt11char_traitsIcESaIcEEESt4pairIKS5_P14GraphAlgorithmESt10_Select1stISA_ESt4lessIS5_ESaISA_EE8_M_eraseEPSt13_Rb_tree_nodeISA_E
FNDA:6,_ZNSt8_Rb_treeINSt7__cxx1112basic_stringIcSt11char_traitsIcESaIcEEESt4pairIKS5_P14GraphAlgorithmESt10_Select1stISA_ESt4lessIS5_ESaISA_EE8_M_eraseEPSt13_Rb_tree_nodeISA_E
FN:1900,_ZNSt8_Rb_treeINSt7__cxx1112basic_stringIcSt11char_traitsIcESaIcEEESt4pairIKS5_P14GraphAlgorithmESt10_Select1stISA_ESt4lessIS5_ESaISA_EE14_M_lower_boundEPSt13_Rb_tree_nodeISA_EPSt18_Rb_tree_node_baseRS7_
FNDA:10,_ZNSt8_Rb_treeINSt7__cxx1112basic_stringIcSt11char_traitsIcESaIcEEESt4pairIKS5_P14GraphAlgorithmESt10_Select1stISA_ESt4lessIS5_ESaISA_EE14_M_lower_boundEPSt13_Rb_tree_nodeISA_EPSt18_Rb_tree_node_baseRS7_
FN:2061,_ZNSt8_Rb_treeINSt7__cxx1112basic_stringIcSt11char_traitsIcESaIcEEESt4pairIKS5_P14GraphAlgorithmESt10_Select1stISA_ESt4lessIS5_ESaISA_EE24_M_get_insert_unique_posERS7_
FNDA:1,_ZNSt8_Rb_treeINSt7__cxx1112basic_stringIcSt11char_traitsIcESaIcEEESt4pairIKS5_P14GraphAlgorithmESt10_Select1stISA_ESt4lessIS5_ESaISA_EE24_M_get_insert_unique_posERS7_
FN:2163,_ZNSt8_Rb_treeINSt7__cxx1112basic_stringIcSt11char_traitsIcESaIcEEESt4pairIKS5_P14GraphAlgorithmESt10_Select1stISA_ESt4lessIS5_ESaISA_EE29_M_get_insert_hint_unique_posESt23_Rb_tree_const_iteratorISA_ERS7_
FNDA:5,_ZNSt8_Rb_treeINSt7__cxx1112basic_stringIcSt11char_traitsIcESaIcEEESt4pairIKS5_P14GraphAlgorithmESt10_Select1stISA_ESt4lessIS5_ESaISA_EE29_M_get_insert_hint_unique_posESt23_Rb_tree_const_iteratorISA_ERS7_
FN:2330,_ZNSt8_Rb_treeINSt7__cxx1112basic_stringIcSt11char_traitsIcESaIcEEESt4pairIKS5_P14GraphAlgorithmESt10_Select1stISA_ESt4lessIS5_ESaISA_EE14_M_insert_nodeEPSt18_Rb_tree_node_baseSI_PSt13_Rb_tree_nodeISA_E
FNDA:5,_ZNSt8_Rb_treeINSt7__cxx1112basic_stringIcSt11char_traitsIcESaIcEEESt4pairIKS5_P14GraphAlgorithmESt10_Select1stISA_ESt4lessIS5_ESaISA_EE14_M_insert_nodeEPSt18_Rb_tree_node_baseSI_PSt13_Rb_tree_nodeISA_E
FN:2428,_ZNSt8_Rb_treeINSt7__cxx1112basic_stringIcSt11char_traitsIcESaIcEEESt4pairIKS5_P14GraphAlgorithmESt10_Select1stISA_ESt4lessIS5_ESaISA_EE22_M_emplace_hint_uniqueIJRKSt21piecewise_construct_tSt5tupleIJOS5_EESL_IJEEEEESt17_Rb_tree_iteratorISA_ESt23_Rb_tree_const_iteratorISA_EDpOT_
FNDA:5,_ZNSt8_Rb_treeINSt7__cxx1112basic_stringIcSt11char_traitsIcESaIcEEESt4pairIKS5_P14GraphAlgorithmESt10_Select1stISA_ESt4lessIS5_ESaISA_EE22_M_emplace_hint_uniqueIJRKSt21piecewise_construct_tSt5tupleIJOS5_EESL_IJEEEEESt17_Rb_tree_iteratorISA_ESt23_Rb_tree_const_iteratorISA_EDpOT_
FN:2520,_ZNSt8_Rb_treeINSt7__cxx1112basic_stringIcSt11char_traitsIcESaIcEEESt4pairIKS5_P14GraphAlgorithmESt10_Select1stISA_ESt4lessIS5_ESaISA_EE4findERS7_
FNDA:5,_ZNSt8_Rb_treeINSt7__cxx1112basic_stringIcSt11char_traitsIcESaIcEEESt4pairIKS5_P14GraphAlgorithmESt10_Select1stISA_ESt4lessIS5_ESaISA_EE4findERS7_
DA:146,1
DA:150,1
DA:173,1
DA:174,1
DA:175,1
DA:176,1
DA:177,1
DA:206,1
DA:208,1
DA:209,1
DA:210,1
DA:211,1
DA:212,1
DA:234,20
DA:235,20
DA:238,43
DA:239,43
DA:273,37
DA:274,37
DA:277,5
DA:278,5
DA:281,5
DA:282,5
DA:285,0
DA:287,0
DA:288,0
DA:300,0
DA:302,0
DA:303,0
DA:315,11
DA:316,11
DA:320,5
DA:321,5
DA:350,5
DA:351,5
DA:354,5
DA:355,5
DA:547,20
DA:548,20
DA:560,5
DA:561,5
DA:564,5
DA:565,5
DA:590,5
DA:594,5
DA:595,5
DA:599,0
DA:601,0
DA:602,0
DA:603,0
DA:605,5
DA:609,5
DA:611,5
DA:612,5
DA:613,5
DA:618,5
DA:623,5
DA:624,5
DA:626,5
DA:629,5
DA:631,5
DA:632,5
DA:633,5
DA:667,1
DA:671,1
DA:672,1
DA:718,0
DA:719,0
DA:726,8
DA:727,8
DA:734,12
DA:735,12
DA:738,12
DA:739,12
DA:749,21
DA:750,21
DA:757,43
DA:775,43
DA:779,12
DA:780,12
DA:787,19
DA:788,19
DA:795,13
DA:796,13
DA:928,1
DA:983,1
DA:984,1
DA:991,0
DA:992,0
DA:995,1
DA:996,1
DA:1003,15
DA:1004,15
DA:1031,5
DA:1032,5
DA:1269,5
DA:1270,5
DA:1883,6
DA:1887,11
DA:1889,5
DA:1890,5
DA:1891,5
DA:1892,5
DA:1894,6
DA:1900,10
DA:1904,31
DA:1905,21
DA:1906,7
DA:1908,14
DA:1909,10
DA:2061,1
DA:2065,1
DA:2066,1
DA:2067,1
DA:2068,1
DA:2070,0
DA:2071,0
DA:2072,0
DA:2074,1
DA:2075,1
DA:2077,1
DA:2078,1
DA:2080,0
DA:2082,0
DA:2083,0
DA:2084,0
DA:2163,5
DA:2167,5
DA:2171,5
DA:2173,5
DA:2174,5
DA:2175,4
DA:2177,1
DA:2179,0
DA:2182,0
DA:2183,0
DA:2184,0
DA:2185,0
DA:2187,0
DA:2188,0
DA:2190,0
DA:2193,0
DA:2195,0
DA:2198,0
DA:2199,0
DA:2200,0
DA:2201,0
DA:2203,0
DA:2204,0
DA:2206,0
DA:2209,0
DA:2213,0
DA:2330,5
DA:2333,5
DA:2334,10
DA:2337,5
DA:2338,5
DA:2339,5
DA:2340,5
DA:2428,5
DA:2431,5
DA:2435,5
DA:2437,5
DA:2438,5
DA:2440,0
DA:2441,0
DA:2443,0
DA:2445,0
DA:2446,0
DA:2520,5
DA:2523,5
DA:2524,10
DA:2525,5
DA:2526,15
end_of_record
SF:/usr/include/c++/11/bits/basic_string.h
FN:533,_ZNSt7__cxx1112basic_stringIcSt11char_traitsIcESaIcEEC2IS3_EEPKcRKS3_
FNDA:36,_ZNSt7__cxx1112basic_stringIcSt11char_traitsIcESaIcEEC2IS3_EEPKcRKS3_
FN:6340,_ZStltIcSt11char_traitsIcESaIcEEbRKNSt7__cxx1112basic_stringIT_T0_T1_EESA_
FNDA:34,_ZStltIcSt11char_traitsIcESaIcEEbRKNSt7__cxx1112basic_stringIT_T0_T1_EESA_
DA:533,36
DA:534,36
DA:536,36
DA:539,36
DA:540,36
DA:6340,34
DA:6343,34
end_of_record
SF:/usr/include/c++/11/bits/basic_string.tcc
FN:206,_ZNSt7__cxx1112basic_stringIcSt11char_traitsIcESaIcEE12_M_constructIPKcEEvT_S8_St20forward_iterator_tag
FNDA:36,_ZNSt7__cxx1112basic_stringIcSt11char_traitsIcESaIcEE12_M_constructIPKcEEvT_S8_St20forward_iterator_tag
DA:206,36
DA:211,36
DA:212,0
DA:215,36
DA:217,36
DA:219,21
DA:220,21
DA:225,36
DA:226,0
DA:228,0
DA:229,0
DA:232,36
DA:233,36
end_of_record
SF:/usr/include/c++/11/ext/new_allocator.h
FN:79,_ZN9__gnu_cxx13new_allocatorISt13_Rb_tree_nodeISt4pairIKNSt7__cxx1112basic_stringIcSt11char_traitsIcESaIcEEEP14GraphAlgorithmEEEC2Ev
FNDA:1,_ZN9__gnu_cxx13new_allocatorISt13_Rb_tree_nodeISt4pairIKNSt7__cxx1112basic_stringIcSt11char_traitsIcESaIcEEEP14GraphAlgorithmEEEC2Ev
FN:79,_ZN9__gnu_cxx13new_allocatorIcEC2Ev
FNDA:0,_ZN9__gnu_cxx13new_allocatorIcEC2Ev
FN:89,_ZN9__gnu_cxx13new_allocatorISt13_Rb_tree_nodeISt4pairIKNSt7__cxx1112basic_stringIcSt11char_traitsIcESaIcEEEP14GraphAlgorithmEEED2Ev
FNDA:1,_ZN9__gnu_cxx13new_allocatorISt13_Rb_tree_nodeISt4pairIKNSt7__cxx1112basic_stringIcSt11char_traitsIcESaIcEEEP14GraphAlgorithmEEED2Ev
FN:89,_ZN9__gnu_cxx13new_allocatorIcED2Ev
FNDA:0,_ZN9__gnu_cxx13new_allocatorIcED2Ev
FN:103,_ZN9__gnu_cxx13new_allocatorISt13_Rb_tree_nodeISt4pairIKNSt7__cxx1112basic_stringIcSt11char_traitsIcESaIcEEEP14GraphAlgorithmEEE8allocateEmPKv
FNDA:5,_ZN9__gnu_cxx13new_allocatorISt13_Rb_tree_nodeISt4pairIKNSt7__cxx1112basic_stringIcSt11char_traitsIcESaIcEEEP14GraphAlgorithmEEE8allocateEmPKv
FN:132,_ZN9__gnu_cxx13new_allocatorISt13_Rb_tree_nodeISt4pairIKNSt7__cxx1112basic_stringIcSt11char_traitsIcESaIcEEEP14GraphAlgorithmEEE10deallocateEPSD_m
FNDA:5,_ZN9__gnu_cxx13new_allocatorISt13_Rb_tree_nodeISt4pairIKNSt7__cxx1112basic_stringIcSt11char_traitsIcESaIcEEEP14GraphAlgorithmEEE10deallocateEPSD_m
FN:160,_ZN9__gnu_cxx13new_allocatorISt13_Rb_tree_nodeISt4pairIKNSt7__cxx1112basic_stringIcSt11char_traitsIcESaIcEEEP14GraphAlgorithmEEE9constructISC_JRKSt21piecewise_construct_tSt5tupleIJOS8_EESJ_IJEEEEEvPT_DpOT0_
FNDA:5,_ZN9__gnu_cxx13new_allocatorISt13_Rb_tree_nodeISt4pairIKNSt7__cxx1112basic_stringIcSt11char_traitsIcESaIcEEEP14GraphAlgorithmEEE9constructISC_JRKSt21piecewise_construct_tSt5tupleIJOS8_EESJ_IJEEEEEvPT_DpOT0_
FN:166,_ZN9__gnu_cxx13new_allocatorISt13_Rb_tree_nodeISt4pairIKNSt7__cxx1112basic_stringIcSt11char_traitsIcESaIcEEEP14GraphAlgorithmEEE7destroyISC_EEvPT_
FNDA:5,_ZN9__gnu_cxx13new_allocatorISt13_Rb_tree_nodeISt4pairIKNSt7__cxx1112basic_stringIcSt11char_traitsIcESaIcEEEP14GraphAlgorithmEEE7destroyISC_EEvPT_
FN:197,_ZNK9__gnu_cxx13new_allocatorISt13_Rb_tree_nodeISt4pairIKNSt7__cxx1112basic_stringIcSt11char_traitsIcESaIcEEEP14GraphAlgorithmEEE11_M_max_sizeEv
FNDA:5,_ZNK9__gnu_cxx13new_allocatorISt13_Rb_tree_nodeISt4pairIKNSt7__cxx1112basic_stringIcSt11char_traitsIcESaIcEEEP14GraphAlgorithmEEE11_M_max_sizeEv
DA:79,1
DA:79,0
DA:89,1
DA:89,0
DA:103,5
DA:111,5
DA:115,0
DA:116,0
DA:117,0
DA:127,5
DA:132,5
DA:145,5
DA:160,5
DA:162,5
DA:166,5
DA:168,5
DA:197,5
DA:200,5
end_of_record
SF:/home/noam/Desktop/OS_updated/EX4/7/Server/GraphAlgorithmFactory.h
end_of_record
SF:/usr/include/c++/11/bits/stl_map.h
FN:185,_ZNSt3mapINSt7__cxx1112basic_stringIcSt11char_traitsIcESaIcEEEP14GraphAlgorithmSt4lessIS5_ESaISt4pairIKS5_S7_EEEC2Ev
FNDA:1,_ZNSt3mapINSt7__cxx1112basic_stringIcSt11char_traitsIcESaIcEEEP14GraphAlgorithmSt4lessIS5_ESaISt4pairIKS5_S7_EEEC2Ev
FN:302,_ZNSt3mapINSt7__cxx1112basic_stringIcSt11char_traitsIcESaIcEEEP14GraphAlgorithmSt4lessIS5_ESaISt4pairIKS5_S7_EEED2Ev
FNDA:1,_ZNSt3mapINSt7__cxx1112basic_stringIcSt11char_traitsIcESaIcEEEP14GraphAlgorithmSt4lessIS5_ESaISt4pairIKS5_S7_EEED2Ev
FN:374,_ZNSt3mapINSt7__cxx1112basic_stringIcSt11char_traitsIcESaIcEEEP14GraphAlgorithmSt4lessIS5_ESaISt4pairIKS5_S7_EEE3endEv
FNDA:10,_ZNSt3mapINSt7__cxx1112basic_stringIcSt11char_traitsIcESaIcEEEP14GraphAlgorithmSt4lessIS5_ESaISt4pairIKS5_S7_EEE3endEv
FN:512,_ZNSt3mapINSt7__cxx1112basic_stringIcSt11char_traitsIcESaIcEEEP14GraphAlgorithmSt4lessIS5_ESaISt4pairIKS5_S7_EEEixEOS5_
FNDA:5,_ZNSt3mapINSt7__cxx1112basic_stringIcSt11char_traitsIcESaIcEEEP14GraphAlgorithmSt4lessIS5_ESaISt4pairIKS5_S7_EEEixEOS5_
FN:1142,_ZNKSt3mapINSt7__cxx1112basic_stringIcSt11char_traitsIcESaIcEEEP14GraphAlgorithmSt4lessIS5_ESaISt4pairIKS5_S7_EEE8key_compEv
FNDA:0,_ZNKSt3mapINSt7__cxx1112basic_stringIcSt11char_traitsIcESaIcEEEP14GraphAlgorithmSt4lessIS5_ESaISt4pairIKS5_S7_EEE8key_compEv
FN:1169,_ZNSt3mapINSt7__cxx1112basic_stringIcSt11char_traitsIcESaIcEEEP14GraphAlgorithmSt4lessIS5_ESaISt4pairIKS5_S7_EEE4findERSB_
FNDA:5,_ZNSt3mapINSt7__cxx1112basic_stringIcSt11char_traitsIcESaIcEEEP14GraphAlgorithmSt4lessIS5_ESaISt4pairIKS5_S7_EEE4findERSB_
FN:1258,_ZNSt3mapINSt7__cxx1112basic_stringIcSt11char_traitsIcESaIcEEEP14GraphAlgorithmSt4lessIS5_ESaISt4pairIKS5_S7_EEE11lower_boundERSB_
FNDA:5,_ZNSt3mapINSt7__cxx1112basic_stringIcSt11char_traitsIcESaIcEEEP14GraphAlgorithmSt4lessIS5_ESaISt4pairIKS5_S7_EEE11lower_boundERSB_
DA:185,1
DA:302,1
DA:374,10
DA:375,10
DA:512,5
DA:517,5
DA:519,5
DA:520,5
DA:521,5
DA:522,5
DA:523,5
DA:1142,0
DA:1143,0
DA:1169,5
DA:1170,5
DA:1258,5
DA:1259,5
end_of_record
SF:/home/noam/Desktop/OS_updated/EX4/7/Server/GraphAlgorithmFactory.cpp
FN:8,_ZN21GraphAlgorithmFactory24getGraphAlgorithmFactoryEv
FNDA:5,_ZN21GraphAlgorithmFactory24getGraphAlgorithmFactoryEv
FN:16,_ZN21GraphAlgorithmFactory17getGraphAlgorithmERKNSt7__cxx1112basic_stringIcSt11char_traitsIcESaIcEEE
FNDA:5,_ZN21GraphAlgorithmFactory17getGraphAlgorithmERKNSt7__cxx1112basic_stringIcSt11char_traitsIcESaIcEEE
FN:26,_ZN21GraphAlgorithmFactoryC2Ev
FNDA:1,_ZN21GraphAlgorithmFactoryC2Ev
DA:8,5
DA:11,5
DA:13,5
DA:16,5
DA:18,5
DA:19,5
DA:21,5
DA:23,0
DA:26,1
DA:29,1
DA:30,1
DA:31,1
DA:32,1
DA:33,1
DA:34,1
DA:35,1
DA:36,1
DA:37,1
DA:38,1
DA:39,1
end_of_record
SF:/usr/include/c++/11/ext/type_traits.h
FN:152,_ZN9__gnu_cxx17__is_null_pointerIKcEEbPT_
FNDA:36,_ZN9__gnu_cxx17__is_null_pointerIKcEEbPT_
DA:152,36
DA:153,36
end_of_record
SF:/usr/include/c++/11/ext/aligned_buffer.h
FN:64,_ZN9__gnu_cxx16__aligned_membufISt4pairIKNSt7__cxx1112basic_stringIcSt11char_traitsIcESaIcEEEP14GraphAlgorithmEE7_M_addrEv
FNDA:20,_ZN9__gnu_cxx16__aligned_membufISt4pairIKNSt7__cxx1112basic_stringIcSt11char_traitsIcESaIcEEEP14GraphAlgorithmEE7_M_addrEv
FN:68,_ZNK9__gnu_cxx16__aligned_membufISt4pairIKNSt7__cxx1112basic_stringIcSt11char_traitsIcESaIcEEEP14GraphAlgorithmEE7_M_addrEv
FNDA:43,_ZNK9__gnu_cxx16__aligned_membufISt4pairIKNSt7__cxx1112basic_stringIcSt11char_traitsIcESaIcEEEP14GraphAlgorithmEE7_M_addrEv
FN:72,_ZN9__gnu_cxx16__aligned_membufISt4pairIKNSt7__cxx1112basic_stringIcSt11char_traitsIcESaIcEEEP14GraphAlgorithmEE6_M_ptrEv
FNDA:20,_ZN9__gnu_cxx16__aligned_membufISt4pairIKNSt7__cxx1112basic_stringIcSt11char_traitsIcESaIcEEEP14GraphAlgorithmEE6_M_ptrEv
FN:76,_ZNK9__gnu_cxx16__aligned_membufISt4pairIKNSt7__cxx1112basic_stringIcSt11char_traitsIcESaIcEEEP14GraphAlgorithmEE6_M_ptrEv
FNDA:43,_ZNK9__gnu_cxx16__aligned_membufISt4pairIKNSt7__cxx1112basic_stringIcSt11char_traitsIcESaIcEEEP14GraphAlgorithmEE6_M_ptrEv
DA:64,20
DA:65,20
DA:68,43
DA:69,43
DA:72,20
DA:73,20
DA:76,43
DA:77,43
end_of_record
SF:/usr/include/c++/11/bits/move.h
FN:77,_ZSt7forwardIONSt7__cxx1112basic_stringIcSt11char_traitsIcESaIcEEEEOT_RNSt16remove_referenceIS7_E4typeE
FNDA:5,_ZSt7forwardIONSt7__cxx1112basic_stringIcSt11char_traitsIcESaIcEEEEOT_RNSt16remove_referenceIS7_E4typeE
FN:77,_ZSt7forwardIRPSt13_Rb_tree_nodeISt4pairIKNSt7__cxx1112basic_stringIcSt11char_traitsIcESaIcEEEP14GraphAlgorithmEEEOT_RNSt16remove_referenceISF_E4typeE
FNDA:1,_ZSt7forwardIRPSt13_Rb_tree_nodeISt4pairIKNSt7__cxx1112basic_stringIcSt11char_traitsIcESaIcEEEP14GraphAlgorithmEEEOT_RNSt16remove_referenceISF_E4typeE
FN:77,_ZSt7forwardIRPSt18_Rb_tree_node_baseEOT_RNSt16remove_referenceIS3_E4typeE
FNDA:5,_ZSt7forwardIRPSt18_Rb_tree_node_baseEOT_RNSt16remove_referenceIS3_E4typeE
FN:77,_ZSt7forwardISt5tupleIJEEEOT_RNSt16remove_referenceIS2_E4typeE
FNDA:25,_ZSt7forwardISt5tupleIJEEEOT_RNSt16remove_referenceIS2_E4typeE
FN:77,_ZSt7forwardISt5tupleIJONSt7__cxx1112basic_stringIcSt11char_traitsIcESaIcEEEEEEOT_RNSt16remove_referenceIS9_E4typeE
FNDA:25,_ZSt7forwardISt5tupleIJONSt7__cxx1112basic_stringIcSt11char_traitsIcESaIcEEEEEEOT_RNSt16remove_referenceIS9_E4typeE
FN:77,_ZSt7forwardIRKSt21piecewise_construct_tEOT_RNSt16remove_referenceIS3_E4typeE
FNDA:25,_ZSt7forwardIRKSt21piecewise_construct_tEOT_RNSt16remove_referenceIS3_E4typeE
FN:77,_ZSt7forwardINSt7__cxx1112basic_stringIcSt11char_traitsIcESaIcEEEEOT_RNSt16remove_referenceIS6_E4typeE
FNDA:20,_ZSt7forwardINSt7__cxx1112basic_stringIcSt11char_traitsIcESaIcEEEEOT_RNSt16remove_referenceIS6_E4typeE
FN:104,_ZSt4moveIRNSt7__cxx1112basic_stringIcSt11char_traitsIcESaIcEEEEONSt16remove_referenceIT_E4typeEOS8_
FNDA:5,_ZSt4moveIRNSt7__cxx1112basic_stringIcSt11char_traitsIcESaIcEEEEONSt16remove_referenceIT_E4typeEOS8_
FN:104,_ZSt4moveIRSaIcEEONSt16remove_referenceIT_E4typeEOS3_
FNDA:0,_ZSt4moveIRSaIcEEONSt16remove_referenceIT_E4typeEOS3_
DA:77,5
DA:78,5
DA:77,1
DA:78,1
DA:77,5
DA:78,5
DA:77,25
DA:78,25
DA:77,25
DA:78,25
DA:77,25
DA:78,25
DA:77,20
DA:78,20
DA:104,5
DA:105,5
DA:104,0
DA:105,0
end_of_record
TN:
SF:/usr/include/c++/11/ext/new_allocator.h
FN:79,_ZN9__gnu_cxx13new_allocatorI4EdgeEC2Ev
FNDA:1,_ZN9__gnu_cxx13new_allocatorI4EdgeEC2Ev
FN:103,_ZN9__gnu_cxx13new_allocatorI4EdgeE8allocateEmPKv
FNDA:5,_ZN9__gnu_cxx13new_allocatorI4EdgeE8allocateEmPKv
FN:132,_ZN9__gnu_cxx13new_allocatorI4EdgeE10deallocateEPS1_m
FNDA:5,_ZN9__gnu_cxx13new_allocatorI4EdgeE10deallocateEPS1_m
FN:154,_ZNK9__gnu_cxx13new_allocatorI4EdgeE8max_sizeEv
FNDA:8,_ZNK9__gnu_cxx13new_allocatorI4EdgeE8max_sizeEv
FN:160,_ZN9__gnu_cxx13new_allocatorI4EdgeE9constructIS1_JS1_EEEvPT_DpOT0_
FNDA:21,_ZN9__gnu_cxx13new_allocatorI4EdgeE9constructIS1_JS1_EEEvPT_DpOT0_
FN:197,_ZNK9__gnu_cxx13new_allocatorI4EdgeE11_M_max_sizeEv
FNDA:13,_ZNK9__gnu_cxx13new_allocatorI4EdgeE11_M_max_sizeEv
DA:79,1
DA:103,5
DA:111,5
DA:115,0
DA:116,0
DA:117,0
DA:127,5
DA:132,5
DA:145,5
DA:154,8
DA:155,8
DA:160,21
DA:162,21
DA:197,13
DA:200,13
end_of_record
SF:/usr/include/c++/11/bits/stl_uninitialized.h
FN:1006,_ZSt14__relocate_a_1I4EdgeS0_ENSt9enable_ifIXsrSt24__is_bitwise_relocatableIT_vE5valueEPS3_E4typeES5_S5_S5_RSaIT0_E
FNDA:8,_ZSt14__relocate_a_1I4EdgeS0_ENSt9enable_ifIXsrSt24__is_bitwise_relocatableIT_vE5valueEPS3_E4typeES5_S5_S5_RSaIT0_E
FN:1040,_ZSt12__relocate_aIP4EdgeS1_SaIS0_EET0_T_S4_S3_RT1_
FNDA:8,_ZSt12__relocate_aIP4EdgeS1_SaIS0_EET0_T_S4_S3_RT1_
DA:1006,8
DA:1009,8
DA:1010,8
DA:1011,3
DA:1012,8
DA:1040,8
DA:1046,8
DA:1048,8
end_of_record
SF:/usr/include/c++/11/bits/stl_algobase.h
FN:230,_ZSt3minImERKT_S2_S2_
FNDA:0,_ZSt3minImERKT_S2_S2_
FN:254,_ZSt3maxImERKT_S2_S2_
FNDA:0,_ZSt3maxImERKT_S2_S2_
FN:313,_ZSt12__niter_baseIP4EdgeET_S2_
FNDA:25,_ZSt12__niter_baseIP4EdgeET_S2_
DA:230,0
DA:235,0
DA:236,0
DA:237,0
DA:254,0
DA:259,0
DA:260,0
DA:261,0
DA:313,25
DA:315,25
end_of_record
SF:/usr/include/c++/11/bits/stl_vector.h
FN:97,_ZNSt12_Vector_baseI4EdgeSaIS0_EE17_Vector_impl_dataC2Ev
FNDA:2,_ZNSt12_Vector_baseI4EdgeSaIS0_EE17_Vector_impl_dataC2Ev
FN:131,_ZNSt12_Vector_baseI4EdgeSaIS0_EE12_Vector_implC2Ev
FNDA:1,_ZNSt12_Vector_baseI4EdgeSaIS0_EE12_Vector_implC2Ev
FN:276,_ZNSt12_Vector_baseI4EdgeSaIS0_EE19_M_get_Tp_allocatorEv
FNDA:14,_ZNSt12_Vector_baseI4EdgeSaIS0_EE19_M_get_Tp_allocatorEv
FN:280,_ZNKSt12_Vector_baseI4EdgeSaIS0_EE19_M_get_Tp_allocatorEv
FNDA:9,_ZNKSt12_Vector_baseI4EdgeSaIS0_EE19_M_get_Tp_allocatorEv
FN:288,_ZNSt12_Vector_baseI4EdgeSaIS0_EEC2Ev
FNDA:1,_ZNSt12_Vector_baseI4EdgeSaIS0_EEC2Ev
FN:343,_ZNSt12_Vector_baseI4EdgeSaIS0_EE11_M_allocateEm
FNDA:5,_ZNSt12_Vector_baseI4EdgeSaIS0_EE11_M_allocateEm
FN:350,_ZNSt12_Vector_baseI4EdgeSaIS0_EE13_M_deallocateEPS0_m
FNDA:6,_ZNSt12_Vector_baseI4EdgeSaIS0_EE13_M_deallocateEPS0_m
FN:453,_ZNSt6vectorI4EdgeSaIS0_EE14_S_do_relocateEPS0_S3_S3_RS1_St17integral_constantIbLb1EE
FNDA:8,_ZNSt6vectorI4EdgeSaIS0_EE14_S_do_relocateEPS0_S3_S3_RS1_St17integral_constantIbLb1EE
FN:465,_ZNSt6vectorI4EdgeSaIS0_EE11_S_relocateEPS0_S3_S3_RS1_
FNDA:8,_ZNSt6vectorI4EdgeSaIS0_EE11_S_relocateEPS0_S3_S3_RS1_
FN:487,_ZNSt6vectorI4EdgeSaIS0_EEC2Ev
FNDA:1,_ZNSt6vectorI4EdgeSaIS0_EEC2Ev
FN:811,_ZNSt6vectorI4EdgeSaIS0_EE5beginEv
FNDA:6,_ZNSt6vectorI4EdgeSaIS0_EE5beginEv
FN:820,_ZNKSt6vectorI4EdgeSaIS0_EE5beginEv
FNDA:0,_ZNKSt6vectorI4EdgeSaIS0_EE5beginEv
FN:829,_ZNSt6vectorI4EdgeSaIS0_EE3endEv
FNDA:27,_ZNSt6vectorI4EdgeSaIS0_EE3endEv
FN:838,_ZNKSt6vectorI4EdgeSaIS0_EE3endEv
FNDA:0,_ZNKSt6vectorI4EdgeSaIS0_EE3endEv
FN:918,_ZNKSt6vectorI4EdgeSaIS0_EE4sizeEv
FNDA:17,_ZNKSt6vectorI4EdgeSaIS0_EE4sizeEv
FN:923,_ZNKSt6vectorI4EdgeSaIS0_EE8max_sizeEv
FNDA:8,_ZNKSt6vectorI4EdgeSaIS0_EE8max_sizeEv
FN:1143,_ZNSt6vectorI4EdgeSaIS0_EE4backEv
FNDA:21,_ZNSt6vectorI4EdgeSaIS0_EE4backEv
FN:1203,_ZNSt6vectorI4EdgeSaIS0_EE9push_backEOS0_
FNDA:21,_ZNSt6vectorI4EdgeSaIS0_EE9push_backEOS0_
FN:1498,_ZNSt6vectorI4EdgeSaIS0_EE5clearEv
FNDA:4,_ZNSt6vectorI4EdgeSaIS0_EE5clearEv
FN:1756,_ZNKSt6vectorI4EdgeSaIS0_EE12_M_check_lenEmPKc
FNDA:4,_ZNKSt6vectorI4EdgeSaIS0_EE12_M_check_lenEmPKc
FN:1776,_ZNSt6vectorI4EdgeSaIS0_EE11_S_max_sizeERKS1_
FNDA:8,_ZNSt6vectorI4EdgeSaIS0_EE11_S_max_sizeERKS1_
FN:1792,_ZNSt6vectorI4EdgeSaIS0_EE15_M_erase_at_endEPS0_
FNDA:4,_ZNSt6vectorI4EdgeSaIS0_EE15_M_erase_at_endEPS0_
DA:97,2
DA:98,2
DA:99,2
DA:131,1
DA:133,1
DA:134,1
DA:276,14
DA:277,14
DA:280,9
DA:281,9
DA:288,1
DA:343,5
DA:346,5
DA:350,6
DA:353,6
DA:354,5
DA:355,6
DA:453,8
DA:456,8
DA:465,8
DA:469,8
DA:487,1
DA:811,6
DA:812,6
DA:820,0
DA:821,0
DA:829,27
DA:830,27
DA:838,0
DA:839,0
DA:918,17
DA:919,17
DA:923,8
DA:924,8
DA:1143,21
DA:1146,21
DA:1203,21
DA:1204,21
DA:1498,4
DA:1499,4
DA:1756,4
DA:1758,4
DA:1759,0
DA:1761,4
DA:1762,4
DA:1776,8
DA:1781,8
DA:1783,8
DA:1784,8
DA:1792,4
DA:1794,4
DA:1796,3
DA:1797,3
DA:1798,3
DA:1801,4
end_of_record
SF:/usr/include/c++/11/bits/vector.tcc
FN:109,_ZNSt6vectorI4EdgeSaIS0_EE12emplace_backIJS0_EEERS0_DpOT_
FNDA:21,_ZNSt6vectorI4EdgeSaIS0_EE12emplace_backIJS0_EEERS0_DpOT_
FN:426,_ZNSt6vectorI4EdgeSaIS0_EE17_M_realloc_insertIJS0_EEEvN9__gnu_cxx17__normal_iteratorIPS0_S2_EEDpOT_
FNDA:4,_ZNSt6vectorI4EdgeSaIS0_EE17_M_realloc_insertIJS0_EEEvN9__gnu_cxx17__normal_iteratorIPS0_S2_EEDpOT_
DA:109,21
DA:112,21
DA:115,17
DA:117,17
DA:121,4
DA:123,21
DA:426,4
DA:436,4
DA:437,4
DA:438,4
DA:439,4
DA:440,4
DA:441,4
DA:449,4
DA:450,4
DA:456,4
DA:461,4
DA:462,4
DA:464,4
DA:466,4
DA:467,4
DA:500,4
DA:501,4
DA:502,4
DA:503,4
DA:504,4
DA:505,4
end_of_record
SF:/usr/include/c++/11/bits/move.h
FN:77,_ZSt7forwardI4EdgeEOT_RNSt16remove_referenceIS1_E4typeE
FNDA:67,_ZSt7forwardI4EdgeEOT_RNSt16remove_referenceIS1_E4typeE
FN:104,_ZSt4moveIR4EdgeEONSt16remove_referenceIT_E4typeEOS3_
FNDA:29,_ZSt4moveIR4EdgeEONSt16remove_referenceIT_E4typeEOS3_
DA:77,67
DA:78,67
DA:104,29
DA:105,29
end_of_record
SF:/home/noam/Desktop/OS_updated/EX4/7/Server/Graph.cpp
FN:3,_ZN5GraphC2Ei
FNDA:1,_ZN5GraphC2Ei
FN:5,_ZN5Graph7addEdgeEiii
FNDA:21,_ZN5Graph7addEdgeEiii
FN:10,_ZNK5Graph7getSizeEv
FNDA:10,_ZNK5Graph7getSizeEv
FN:15,_ZNK5Graph8getEdgesEv
FNDA:5,_ZNK5Graph8getEdgesEv
FN:20,_ZN5Graph5cleanEi
FNDA:4,_ZN5Graph5cleanEi
FN:26,_ZlsRSoRK5Graph
FNDA:0,_ZlsRSoRK5Graph
DA:3,1
DA:5,21
DA:7,21
DA:8,21
DA:10,10
DA:12,10
DA:15,5
DA:17,5
DA:20,4
DA:22,4
DA:23,4
DA:24,4
DA:26,0
DA:28,0
DA:29,0
DA:30,0
DA:31,0
DA:33,0
DA:34,0
DA:36,0
end_of_record
SF:/usr/include/c++/11/iostream
end_of_record
SF:/usr/include/c++/11/new
FN:174,_ZnwmPv
FNDA:0,_ZnwmPv
DA:174,0
DA:175,0
end_of_record
SF:/usr/include/c++/11/bits/allocator.h
FN:156,_ZNSaI4EdgeEC2Ev
FNDA:1,_ZNSaI4EdgeEC2Ev
DA:156,1
end_of_record
SF:/usr/include/c++/11/bits/stl_iterator.h
FN:1027,_ZN9__gnu_cxx17__normal_iteratorIP4EdgeSt6vectorIS1_SaIS1_EEEC2ERKS2_
FNDA:61,_ZN9__gnu_cxx17__normal_iteratorIP4EdgeSt6vectorIS1_SaIS1_EEEC2ERKS2_
FN:1027,_ZN9__gnu_cxx17__normal_iteratorIPK4EdgeSt6vectorIS1_SaIS1_EEEC2ERKS3_
FNDA:0,_ZN9__gnu_cxx17__normal_iteratorIPK4EdgeSt6vectorIS1_SaIS1_EEEC2ERKS3_
FN:1042,_ZNK9__gnu_cxx17__normal_iteratorIP4EdgeSt6vectorIS1_SaIS1_EEEdeEv
FNDA:42,_ZNK9__gnu_cxx17__normal_iteratorIP4EdgeSt6vectorIS1_SaIS1_EEEdeEv
FN:1042,_ZNK9__gnu_cxx17__normal_iteratorIPK4EdgeSt6vectorIS1_SaIS1_EEEdeEv
FNDA:0,_ZNK9__gnu_cxx17__normal_iteratorIPK4EdgeSt6vectorIS1_SaIS1_EEEdeEv
FN:1052,_ZN9__gnu_cxx17__normal_iteratorIPK4EdgeSt6vectorIS1_SaIS1_EEEppEv
FNDA:0,_ZN9__gnu_cxx17__normal_iteratorIPK4EdgeSt6vectorIS1_SaIS1_EEEppEv
FN:1100,_ZNK9__gnu_cxx17__normal_iteratorIP4EdgeSt6vectorIS1_SaIS1_EEEmiEl
FNDA:21,_ZNK9__gnu_cxx17__normal_iteratorIP4EdgeSt6vectorIS1_SaIS1_EEEmiEl
FN:1105,_ZNK9__gnu_cxx17__normal_iteratorIP4EdgeSt6vectorIS1_SaIS1_EEE4baseEv
FNDA:56,_ZNK9__gnu_cxx17__normal_iteratorIP4EdgeSt6vectorIS1_SaIS1_EEE4baseEv
FN:1105,_ZNK9__gnu_cxx17__normal_iteratorIPK4EdgeSt6vectorIS1_SaIS1_EEE4baseEv
FNDA:0,_ZNK9__gnu_cxx17__normal_iteratorIPK4EdgeSt6vectorIS1_SaIS1_EEE4baseEv
FN:1179,_ZN9__gnu_cxxneIPK4EdgeSt6vectorIS1_SaIS1_EEEEbRKNS_17__normal_iteratorIT_T0_EESC_
FNDA:0,_ZN9__gnu_cxxneIPK4EdgeSt6vectorIS1_SaIS1_EEEEbRKNS_17__normal_iteratorIT_T0_EESC_
FN:1268,_ZN9__gnu_cxxmiIP4EdgeSt6vectorIS1_SaIS1_EEEENS_17__normal_iteratorIT_T0_E15difference_typeERKS9_SC_
FNDA:7,_ZN9__gnu_cxxmiIP4EdgeSt6vectorIS1_SaIS1_EEEENS_17__normal_iteratorIT_T0_E15difference_typeERKS9_SC_
DA:1027,61
DA:1028,61
DA:1027,0
DA:1028,0
DA:1042,42
DA:1043,42
DA:1042,0
DA:1043,0
DA:1052,0
DA:1054,0
DA:1055,0
DA:1100,21
DA:1101,21
DA:1105,56
DA:1106,56
DA:1105,0
DA:1106,0
DA:1179,0
DA:1182,0
DA:1268,7
DA:1271,7
end_of_record
SF:/usr/include/c++/11/bits/stl_construct.h
FN:172,_ZNSt12_Destroy_auxILb1EE9__destroyIP4EdgeEEvT_S4_
FNDA:5,_ZNSt12_Destroy_auxILb1EE9__destroyIP4EdgeEEvT_S4_
FN:182,_ZSt8_DestroyIP4EdgeEvT_S2_
FNDA:5,_ZSt8_DestroyIP4EdgeEvT_S2_
DA:172,5
DA:182,5
DA:196,5
DA:197,5
end_of_record
SF:/usr/include/c++/11/bits/alloc_traits.h
FN:463,_ZNSt16allocator_traitsISaI4EdgeEE8allocateERS1_m
FNDA:5,_ZNSt16allocator_traitsISaI4EdgeEE8allocateERS1_m
FN:495,_ZNSt16allocator_traitsISaI4EdgeEE10deallocateERS1_PS0_m
FNDA:5,_ZNSt16allocator_traitsISaI4EdgeEE10deallocateERS1_PS0_m
FN:511,_ZNSt16allocator_traitsISaI4EdgeEE9constructIS0_JS0_EEEvRS1_PT_DpOT0_
FNDA:21,_ZNSt16allocator_traitsISaI4EdgeEE9constructIS0_JS0_EEEvRS1_PT_DpOT0_
FN:547,_ZNSt16allocator_traitsISaI4EdgeEE8max_sizeERKS1_
FNDA:8,_ZNSt16allocator_traitsISaI4EdgeEE8max_sizeERKS1_
FN:845,_ZSt8_DestroyIP4EdgeS0_EvT_S2_RSaIT0_E
FNDA:5,_ZSt8_DestroyIP4EdgeS0_EvT_S2_RSaIT0_E
DA:463,5
DA:464,5
DA:495,5
DA:496,5
DA:511,21
DA:516,21
DA:520,21
DA:547,8
DA:550,8
DA:845,5
DA:848,5
DA:849,5
end_of_record
TN:
SF:/usr/include/c++/11/bits/cpp_type_traits.h
FN:560,_ZSt12__miter_baseIN9__gnu_cxx17__normal_iteratorIPiSt6vectorIiSaIiEEEEET_S7_
FNDA:0,_ZSt12__miter_baseIN9__gnu_cxx17__normal_iteratorIPiSt6vectorIiSaIiEEEEET_S7_
FN:560,_ZSt12__miter_baseIPiET_S1_
FNDA:0,_ZSt12__miter_baseIPiET_S1_
FN:560,_ZSt12__miter_baseIN9__gnu_cxx17__normal_iteratorIPKiSt6vectorIiSaIiEEEEET_S8_
FNDA:162,_ZSt12__miter_baseIN9__gnu_cxx17__normal_iteratorIPKiSt6vectorIiSaIiEEEEET_S8_
DA:560,0
DA:561,0
DA:560,0
DA:561,0
DA:560,162
DA:561,162
end_of_record
SF:/usr/include/c++/11/bits/move.h
FN:77,_ZSt7forwardIRKiEOT_RNSt16remove_referenceIS2_E4typeE
FNDA:0,_ZSt7forwardIRKiEOT_RNSt16remove_referenceIS2_E4typeE
FN:104,_ZSt4moveIRiEONSt16remove_referenceIT_E4typeEOS2_
FNDA:0,_ZSt4moveIRiEONSt16remove_referenceIT_E4typeEOS2_
DA:77,0
DA:78,0
DA:104,0
DA:105,0
end_of_record
SF:/usr/include/c++/11/iostream
end_of_record
SF:/home/noam/Desktop/OS_updated/EX4/7/Server/GraphUtilities.cpp
FN:5,_ZN14GraphUtilities13fillAdjMatrixERSt6vectorIS0_IiSaIiEESaIS2_EERK5Graph
FNDA:3,_ZN14GraphUtilities13fillAdjMatrixERSt6vectorIS0_IiSaIiEESaIS2_EERK5Graph
FN:16,_ZN14GraphUtilities12bronKerboschERSt6vectorIiSaIiEES3_S3_S3_RibRS0_IS2_SaIS2_EERK5Graph
FNDA:36,_ZN14GraphUtilities12bronKerboschERSt6vectorIiSaIiEES3_S3_S3_RibRS0_IS2_SaIS2_EERK5Graph
DA:5,3
DA:7,3
DA:8,21
DA:10,18
DA:11,18
DA:13,3
DA:16,36
DA:20,36
DA:22,4
DA:23,4
DA:25,1
DA:27,4
DA:30,32
DA:31,66
DA:34,34
DA:35,34
DA:37,34
DA:38,98
DA:40,64
DA:42,82
DA:44,48
DA:47,34
DA:50,34
DA:51,34
DA:52,34
DA:53,32
end_of_record
SF:/usr/include/c++/11/bits/predefined_ops.h
FN:262,_ZN9__gnu_cxx5__ops16_Iter_equals_valIKiEC2ERS2_
FNDA:0,_ZN9__gnu_cxx5__ops16_Iter_equals_valIKiEC2ERS2_
FN:269,_ZN9__gnu_cxx5__ops16_Iter_equals_valIKiEclINS_17__normal_iteratorIPiSt6vectorIiSaIiEEEEEEbT_
FNDA:0,_ZN9__gnu_cxx5__ops16_Iter_equals_valIKiEclINS_17__normal_iteratorIPiSt6vectorIiSaIiEEEEEEbT_
FN:276,_ZN9__gnu_cxx5__ops17__iter_equals_valIKiEENS0_16_Iter_equals_valIT_EERS4_
FNDA:0,_ZN9__gnu_cxx5__ops17__iter_equals_valIKiEENS0_16_Iter_equals_valIT_EERS4_
DA:262,0
DA:263,0
DA:264,0
DA:269,0
DA:270,0
DA:276,0
DA:277,0
end_of_record
SF:/usr/include/c++/11/bits/stl_uninitialized.h
FN:108,_ZNSt20__uninitialized_copyILb1EE13__uninit_copyIN9__gnu_cxx17__normal_iteratorIPKiSt6vectorIiSaIiEEEEPiEET0_T_SC_SB_
FNDA:81,_ZNSt20__uninitialized_copyILb1EE13__uninit_copyIN9__gnu_cxx17__normal_iteratorIPKiSt6vectorIiSaIiEEEEPiEET0_T_SC_SB_
FN:108,_ZNSt20__uninitialized_copyILb1EE13__uninit_copyIPiS2_EET0_T_S4_S3_
FNDA:0,_ZNSt20__uninitialized_copyILb1EE13__uninit_copyIPiS2_EET0_T_S4_S3_
FN:126,_ZSt18uninitialized_copyIN9__gnu_cxx17__normal_iteratorIPKiSt6vectorIiSaIiEEEEPiET0_T_SA_S9_
FNDA:81,_ZSt18uninitialized_copyIN9__gnu_cxx17__normal_iteratorIPKiSt6vectorIiSaIiEEEEPiET0_T_SA_S9_
FN:126,_ZSt18uninitialized_copyIPiS0_ET0_T_S2_S1_
FNDA:0,_ZSt18uninitialized_copyIPiS0_ET0_T_S2_S1_
FN:331,_ZSt22__uninitialized_copy_aIN9__gnu_cxx17__normal_iteratorIPKiSt6vectorIiSaIiEEEEPiiET0_T_SA_S9_RSaIT1_E
FNDA:81,_ZSt22__uninitialized_copy_aIN9__gnu_cxx17__normal_iteratorIPKiSt6vectorIiSaIiEEEEPiiET0_T_SA_S9_RSaIT1_E
FN:331,_ZSt22__uninitialized_copy_aIPiS0_iET0_T_S2_S1_RSaIT1_E
FNDA:0,_ZSt22__uninitialized_copy_aIPiS0_iET0_T_S2_S1_RSaIT1_E
FN:1006,_ZSt14__relocate_a_1IiiENSt9enable_ifIXsrSt24__is_bitwise_relocatableIT_vE5valueEPS2_E4typeES4_S4_S4_RSaIT0_E
FNDA:0,_ZSt14__relocate_a_1IiiENSt9enable_ifIXsrSt24__is_bitwise_relocatableIT_vE5valueEPS2_E4typeES4_S4_S4_RSaIT0_E
FN:1040,_ZSt12__relocate_aIPiS0_SaIiEET0_T_S3_S2_RT1_
FNDA:0,_ZSt12__relocate_aIPiS0_SaIiEET0_T_S3_S2_RT1_
DA:108,81
DA:110,81
DA:108,0
DA:110,0
DA:126,81
DA:145,81
DA:151,81
DA:126,0
DA:145,0
DA:151,0
DA:331,81
DA:333,81
DA:331,0
DA:333,0
DA:1006,0
DA:1009,0
DA:1010,0
DA:1011,0
DA:1012,0
DA:1040,0
DA:1046,0
DA:1048,0
end_of_record
SF:/usr/include/c++/11/ext/new_allocator.h
FN:79,_ZN9__gnu_cxx13new_allocatorIiEC2Ev
FNDA:0,_ZN9__gnu_cxx13new_allocatorIiEC2Ev
FN:82,_ZN9__gnu_cxx13new_allocatorIiEC2ERKS1_
FNDA:0,_ZN9__gnu_cxx13new_allocatorIiEC2ERKS1_
FN:89,_ZN9__gnu_cxx13new_allocatorIiED2Ev
FNDA:0,_ZN9__gnu_cxx13new_allocatorIiED2Ev
FN:103,_ZN9__gnu_cxx13new_allocatorIiE8allocateEmPKv
FNDA:0,_ZN9__gnu_cxx13new_allocatorIiE8allocateEmPKv
FN:132,_ZN9__gnu_cxx13new_allocatorIiE10deallocateEPim
FNDA:0,_ZN9__gnu_cxx13new_allocatorIiE10deallocateEPim
FN:154,_ZNK9__gnu_cxx13new_allocatorIiE8max_sizeEv
FNDA:0,_ZNK9__gnu_cxx13new_allocatorIiE8max_sizeEv
FN:160,_ZN9__gnu_cxx13new_allocatorIiE9constructIiJRKiEEEvPT_DpOT0_
FNDA:0,_ZN9__gnu_cxx13new_allocatorIiE9constructIiJRKiEEEvPT_DpOT0_
FN:197,_ZNK9__gnu_cxx13new_allocatorIiE11_M_max_sizeEv
FNDA:0,_ZNK9__gnu_cxx13new_allocatorIiE11_M_max_sizeEv
DA:79,0
DA:82,0
DA:89,0
DA:103,0
DA:111,0
DA:115,0
DA:116,0
DA:117,0
DA:127,0
DA:132,0
DA:145,0
DA:154,0
DA:155,0
DA:160,0
DA:162,0
DA:197,0
DA:200,0
end_of_record
SF:/usr/include/c++/11/bits/vector.tcc
FN:184,_ZNSt6vectorIiSaIiEE8_M_eraseEN9__gnu_cxx17__normal_iteratorIPiS1_EES5_
FNDA:0,_ZNSt6vectorIiSaIiEE8_M_eraseEN9__gnu_cxx17__normal_iteratorIPiS1_EES5_
FN:198,_ZNSt6vectorIiSaIiEEaSERKS1_
FNDA:1,_ZNSt6vectorIiSaIiEEaSERKS1_
FN:426,_ZNSt6vectorIiSaIiEE17_M_realloc_insertIJRKiEEEvN9__gnu_cxx17__normal_iteratorIPiS1_EEDpOT_
FNDA:0,_ZNSt6vectorIiSaIiEE17_M_realloc_insertIJRKiEEEvN9__gnu_cxx17__normal_iteratorIPiS1_EEDpOT_
DA:184,0
DA:187,0
DA:189,0
DA:190,0
DA:191,0
DA:193,0
DA:198,1
DA:201,1
DA:205,1
DA:207,0
DA:208,0
DA:211,0
DA:212,0
DA:213,0
DA:214,0
DA:215,0
DA:216,0
DA:217,0
DA:219,0
DA:220,0
DA:223,1
DA:224,1
DA:226,1
DA:228,1
DA:229,1
DA:230,1
DA:231,1
DA:232,1
DA:233,1
DA:234,1
DA:236,0
DA:238,0
DA:239,0
DA:243,0
DA:245,0
DA:246,0
DA:248,0
DA:250,1
DA:252,1
DA:426,0
DA:436,0
DA:437,0
DA:438,0
DA:439,0
DA:440,0
DA:441,0
DA:449,0
DA:450,0
DA:456,0
DA:461,0
DA:462,0
DA:464,0
DA:466,0
DA:467,0
DA:500,0
DA:501,0
DA:502,0
DA:503,0
DA:504,0
DA:505,0
end_of_record
SF:/usr/include/c++/11/bits/stl_vector.h
FN:97,_ZNSt12_Vector_baseIiSaIiEE17_Vector_impl_dataC2Ev
FNDA:0,_ZNSt12_Vector_baseIiSaIiEE17_Vector_impl_dataC2Ev
FN:131,_ZNSt12_Vector_baseIiSaIiEE12_Vector_implC2Ev
FNDA:0,_ZNSt12_Vector_baseIiSaIiEE12_Vector_implC2Ev
FN:136,_ZNSt12_Vector_baseIiSaIiEE12_Vector_implC2ERKS0_
FNDA:86,_ZNSt12_Vector_baseIiSaIiEE12_Vector_implC2ERKS0_
FN:276,_ZNSt12_Vector_baseIiSaIiEE19_M_get_Tp_allocatorEv
FNDA:0,_ZNSt12_Vector_baseIiSaIiEE19_M_get_Tp_allocatorEv
FN:280,_ZNKSt12_Vector_baseIiSaIiEE19_M_get_Tp_allocatorEv
FNDA:0,_ZNKSt12_Vector_baseIiSaIiEE19_M_get_Tp_allocatorEv
FN:288,_ZNSt12_Vector_baseIiSaIiEEC2Ev
FNDA:0,_ZNSt12_Vector_baseIiSaIiEEC2Ev
FN:303,_ZNSt12_Vector_baseIiSaIiEEC2EmRKS0_
FNDA:86,_ZNSt12_Vector_baseIiSaIiEEC2EmRKS0_
FN:333,_ZNSt12_Vector_baseIiSaIiEED2Ev
FNDA:0,_ZNSt12_Vector_baseIiSaIiEED2Ev
FN:343,_ZNSt12_Vector_baseIiSaIiEE11_M_allocateEm
FNDA:0,_ZNSt12_Vector_baseIiSaIiEE11_M_allocateEm
FN:350,_ZNSt12_Vector_baseIiSaIiEE13_M_deallocateEPim
FNDA:0,_ZNSt12_Vector_baseIiSaIiEE13_M_deallocateEPim
FN:359,_ZNSt12_Vector_baseIiSaIiEE17_M_create_storageEm
FNDA:86,_ZNSt12_Vector_baseIiSaIiEE17_M_create_storageEm
FN:453,_ZNSt6vectorIiSaIiEE14_S_do_relocateEPiS2_S2_RS0_St17integral_constantIbLb1EE
FNDA:0,_ZNSt6vectorIiSaIiEE14_S_do_relocateEPiS2_S2_RS0_St17integral_constantIbLb1EE
FN:465,_ZNSt6vectorIiSaIiEE11_S_relocateEPiS2_S2_RS0_
FNDA:0,_ZNSt6vectorIiSaIiEE11_S_relocateEPiS2_S2_RS0_
FN:487,_ZNSt6vectorIiSaIiEEC2Ev
FNDA:0,_ZNSt6vectorIiSaIiEEC2Ev
FN:553,_ZNSt6vectorIiSaIiEEC2ERKS1_
FNDA:80,_ZNSt6vectorIiSaIiEEC2ERKS1_
FN:678,_ZNSt6vectorIiSaIiEED2Ev
FNDA:0,_ZNSt6vectorIiSaIiEED2Ev
FN:811,_ZNSt6vectorIiSaIiEE5beginEv
FNDA:0,_ZNSt6vectorIiSaIiEE5beginEv
FN:820,_ZNKSt6vectorI4EdgeSaIS0_EE5beginEv
FNDA:0,_ZNKSt6vectorI4EdgeSaIS0_EE5beginEv
FN:820,_ZNKSt6vectorIiSaIiEE5beginEv
FNDA:0,_ZNKSt6vectorIiSaIiEE5beginEv
FN:829,_ZNSt6vectorIiSaIiEE3endEv
FNDA:0,_ZNSt6vectorIiSaIiEE3endEv
FN:838,_ZNKSt6vectorI4EdgeSaIS0_EE3endEv
FNDA:0,_ZNKSt6vectorI4EdgeSaIS0_EE3endEv
FN:838,_ZNKSt6vectorIiSaIiEE3endEv
FNDA:0,_ZNKSt6vectorIiSaIiEE3endEv
FN:884,_ZNKSt6vectorIiSaIiEE6cbeginEv
FNDA:0,_ZNKSt6vectorIiSaIiEE6cbeginEv
FN:918,_ZNKSt6vectorIiSaIiEE4sizeEv
FNDA:0,_ZNKSt6vectorIiSaIiEE4sizeEv
FN:923,_ZNKSt6vectorIiSaIiEE8max_sizeEv
FNDA:0,_ZNKSt6vectorIiSaIiEE8max_sizeEv
FN:998,_ZNKSt6vectorIiSaIiEE8capacityEv
FNDA:2,_ZNKSt6vectorIiSaIiEE8capacityEv
FN:1007,_ZNKSt6vectorIiSaIiEE5emptyEv
FNDA:0,_ZNKSt6vectorIiSaIiEE5emptyEv
FN:1043,_ZNSt6vectorIiSaIiEEixEm
FNDA:191,_ZNSt6vectorIiSaIiEEixEm
FN:1043,_ZNSt6vectorIS_IiSaIiEESaIS1_EEixEm
FNDA:0,_ZNSt6vectorIS_IiSaIiEESaIS1_EEixEm
FN:1187,_ZNSt6vectorIiSaIiEE9push_backERKi
FNDA:0,_ZNSt6vectorIiSaIiEE9push_backERKi
FN:1457,_ZNSt6vectorIiSaIiEE5eraseEN9__gnu_cxx17__normal_iteratorIPKiS1_EES6_
FNDA:0,_ZNSt6vectorIiSaIiEE5eraseEN9__gnu_cxx17__normal_iteratorIPKiS1_EES6_
FN:1498,_ZNSt6vectorIiSaIiEE5clearEv
FNDA:0,_ZNSt6vectorIiSaIiEE5clearEv
FN:1508,_ZNSt6vectorIiSaIiEE20_M_allocate_and_copyIN9__gnu_cxx17__normal_iteratorIPKiS1_EEEEPimT_S9_
FNDA:1,_ZNSt6vectorIiSaIiEE20_M_allocate_and_copyIN9__gnu_cxx17__normal_iteratorIPKiS1_EEEEPimT_S9_
FN:1756,_ZNKSt6vectorIiSaIiEE12_M_check_lenEmPKc
FNDA:0,_ZNKSt6vectorIiSaIiEE12_M_check_lenEmPKc
FN:1776,_ZNSt6vectorIiSaIiEE11_S_max_sizeERKS0_
FNDA:0,_ZNSt6vectorIiSaIiEE11_S_max_sizeERKS0_
FN:1792,_ZNSt6vectorIiSaIiEE15_M_erase_at_endEPi
FNDA:0,_ZNSt6vectorIiSaIiEE15_M_erase_at_endEPi
DA:97,0
DA:98,0
DA:99,0
DA:131,0
DA:133,0
DA:134,0
DA:136,86
DA:137,86
DA:138,86
DA:276,0
DA:277,0
DA:280,0
DA:281,0
DA:288,0
DA:303,86
DA:304,86
DA:305,86
DA:333,0
DA:335,0
DA:336,0
DA:337,0
DA:343,0
DA:346,0
DA:350,0
DA:353,0
DA:354,0
DA:355,0
DA:359,86
DA:361,86
DA:362,86
DA:363,86
DA:364,86
DA:453,0
DA:456,0
DA:465,0
DA:469,0
DA:487,0
DA:553,80
DA:555,80
DA:557,80
DA:558,80
DA:560,80
DA:561,80
DA:678,0
DA:680,0
DA:681,0
DA:683,0
DA:811,0
DA:812,0
DA:820,0
DA:821,0
DA:820,0
DA:821,0
DA:829,0
DA:830,0
DA:838,0
DA:839,0
DA:838,0
DA:839,0
DA:884,0
DA:885,0
DA:918,0
DA:919,0
DA:923,0
DA:924,0
DA:998,2
DA:999,2
DA:1000,2
DA:1007,0
DA:1008,0
DA:1043,191
DA:1046,191
DA:1043,0
DA:1046,0
DA:1187,0
DA:1189,0
DA:1192,0
DA:1194,0
DA:1198,0
DA:1199,0
DA:1457,0
DA:1459,0
DA:1460,0
DA:1461,0
DA:1498,0
DA:1499,0
DA:1508,1
DA:1511,1
DA:1514,1
DA:1515,1
DA:1516,1
DA:1518,0
DA:1520,0
DA:1521,0
DA:1756,0
DA:1758,0
DA:1759,0
DA:1761,0
DA:1762,0
DA:1776,0
DA:1781,0
DA:1783,0
DA:1784,0
DA:1792,0
DA:1794,0
DA:1796,0
DA:1797,0
DA:1798,0
DA:1801,0
end_of_record
SF:/usr/include/c++/11/bits/stl_algobase.h
FN:230,_ZSt3minImERKT_S2_S2_
FNDA:0,_ZSt3minImERKT_S2_S2_
FN:254,_ZSt3maxImERKT_S2_S2_
FNDA:0,_ZSt3maxImERKT_S2_S2_
FN:313,_ZSt12__niter_baseIPiET_S1_
FNDA:0,_ZSt12__niter_baseIPiET_S1_
FN:328,_ZSt12__niter_wrapIN9__gnu_cxx17__normal_iteratorIPiSt6vectorIiSaIiEEEES2_ET_S7_T0_
FNDA:0,_ZSt12__niter_wrapIN9__gnu_cxx17__normal_iteratorIPiSt6vectorIiSaIiEEEES2_ET_S7_T0_
FN:335,_ZSt12__niter_wrapIPiET_RKS1_S1_
FNDA:81,_ZSt12__niter_wrapIPiET_RKS1_S1_
FN:420,_ZNSt11__copy_moveILb1ELb1ESt26random_access_iterator_tagE8__copy_mIiEEPT_PKS3_S6_S4_
FNDA:0,_ZNSt11__copy_moveILb1ELb1ESt26random_access_iterator_tagE8__copy_mIiEEPT_PKS3_S6_S4_
FN:420,_ZNSt11__copy_moveILb0ELb1ESt26random_access_iterator_tagE8__copy_mIiEEPT_PKS3_S6_S4_
FNDA:81,_ZNSt11__copy_moveILb0ELb1ESt26random_access_iterator_tagE8__copy_mIiEEPT_PKS3_S6_S4_
FN:486,_ZSt14__copy_move_a2ILb1EPiS0_ET1_T0_S2_S1_
FNDA:0,_ZSt14__copy_move_a2ILb1EPiS0_ET1_T0_S2_S1_
FN:486,_ZSt14__copy_move_a2ILb0EPKiPiET1_T0_S4_S3_
FNDA:81,_ZSt14__copy_move_a2ILb0EPKiPiET1_T0_S4_S3_
FN:486,_ZSt14__copy_move_a2ILb0EPiS0_ET1_T0_S2_S1_
FNDA:0,_ZSt14__copy_move_a2ILb0EPiS0_ET1_T0_S2_S1_
FN:521,_ZSt14__copy_move_a1ILb0EPiS0_ET1_T0_S2_S1_
FNDA:0,_ZSt14__copy_move_a1ILb0EPiS0_ET1_T0_S2_S1_
FN:521,_ZSt14__copy_move_a1ILb0EPKiPiET1_T0_S4_S3_
FNDA:81,_ZSt14__copy_move_a1ILb0EPKiPiET1_T0_S4_S3_
FN:521,_ZSt14__copy_move_a1ILb1EPiS0_ET1_T0_S2_S1_
FNDA:0,_ZSt14__copy_move_a1ILb1EPiS0_ET1_T0_S2_S1_
FN:527,_ZSt13__copy_move_aILb1EN9__gnu_cxx17__normal_iteratorIPiSt6vectorIiSaIiEEEES6_ET1_T0_S8_S7_
FNDA:0,_ZSt13__copy_move_aILb1EN9__gnu_cxx17__normal_iteratorIPiSt6vectorIiSaIiEEEES6_ET1_T0_S8_S7_
FN:527,_ZSt13__copy_move_aILb0EPiS0_ET1_T0_S2_S1_
FNDA:0,_ZSt13__copy_move_aILb0EPiS0_ET1_T0_S2_S1_
FN:527,_ZSt13__copy_move_aILb0EN9__gnu_cxx17__normal_iteratorIPKiSt6vectorIiSaIiEEEENS1_IPiS6_EEET1_T0_SB_SA_
FNDA:0,_ZSt13__copy_move_aILb0EN9__gnu_cxx17__normal_iteratorIPKiSt6vectorIiSaIiEEEENS1_IPiS6_EEET1_T0_SB_SA_
FN:527,_ZSt13__copy_move_aILb0EN9__gnu_cxx17__normal_iteratorIPKiSt6vectorIiSaIiEEEEPiET1_T0_SA_S9_
FNDA:81,_ZSt13__copy_move_aILb0EN9__gnu_cxx17__normal_iteratorIPKiSt6vectorIiSaIiEEEEPiET1_T0_SA_S9_
FN:611,_ZSt4copyIN9__gnu_cxx17__normal_iteratorIPKiSt6vectorIiSaIiEEEEPiET0_T_SA_S9_
FNDA:81,_ZSt4copyIN9__gnu_cxx17__normal_iteratorIPKiSt6vectorIiSaIiEEEEPiET0_T_SA_S9_
FN:611,_ZSt4copyIPiS0_ET0_T_S2_S1_
FNDA:0,_ZSt4copyIPiS0_ET0_T_S2_S1_
FN:611,_ZSt4copyIN9__gnu_cxx17__normal_iteratorIPKiSt6vectorIiSaIiEEEENS1_IPiS6_EEET0_T_SB_SA_
FNDA:0,_ZSt4copyIN9__gnu_cxx17__normal_iteratorIPKiSt6vectorIiSaIiEEEENS1_IPiS6_EEET0_T_SB_SA_
FN:644,_ZSt4moveIN9__gnu_cxx17__normal_iteratorIPiSt6vectorIiSaIiEEEES6_ET0_T_S8_S7_
FNDA:0,_ZSt4moveIN9__gnu_cxx17__normal_iteratorIPiSt6vectorIiSaIiEEEES6_ET0_T_S8_S7_
FN:2061,_ZSt9__find_ifIN9__gnu_cxx17__normal_iteratorIPiSt6vectorIiSaIiEEEENS0_5__ops16_Iter_equals_valIKiEEET_SB_SB_T0_St26random_access_iterator_tag
FNDA:0,_ZSt9__find_ifIN9__gnu_cxx17__normal_iteratorIPiSt6vectorIiSaIiEEEENS0_5__ops16_Iter_equals_valIKiEEET_SB_SB_T0_St26random_access_iterator_tag
FN:2112,_ZSt9__find_ifIN9__gnu_cxx17__normal_iteratorIPiSt6vectorIiSaIiEEEENS0_5__ops16_Iter_equals_valIKiEEET_SB_SB_T0_
FNDA:0,_ZSt9__find_ifIN9__gnu_cxx17__normal_iteratorIPiSt6vectorIiSaIiEEEENS0_5__ops16_Iter_equals_valIKiEEET_SB_SB_T0_
DA:230,0
DA:235,0
DA:236,0
DA:237,0
DA:254,0
DA:259,0
DA:260,0
DA:261,0
DA:313,0
DA:315,0
DA:328,0
DA:329,0
DA:335,81
DA:336,81
DA:420,0
DA:429,0
DA:430,0
DA:431,0
DA:432,0
DA:420,81
DA:429,81
DA:430,81
DA:431,57
DA:432,81
DA:486,0
DA:495,0
DA:486,0
DA:495,0
DA:486,81
DA:495,81
DA:521,0
DA:522,0
DA:521,0
DA:522,0
DA:521,81
DA:522,81
DA:527,81
DA:529,81
DA:532,81
DA:527,0
DA:529,0
DA:532,0
DA:527,0
DA:529,0
DA:532,0
DA:527,0
DA:529,0
DA:532,0
DA:611,81
DA:620,81
DA:611,0
DA:620,0
DA:611,0
DA:620,0
DA:644,0
DA:652,0
DA:653,0
DA:2061,0
DA:2065,0
DA:2067,0
DA:2069,0
DA:2070,0
DA:2071,0
DA:2073,0
DA:2074,0
DA:2075,0
DA:2077,0
DA:2078,0
DA:2079,0
DA:2081,0
DA:2082,0
DA:2083,0
DA:2086,0
DA:2088,0
DA:2089,0
DA:2090,0
DA:2091,0
DA:2093,0
DA:2094,0
DA:2095,0
DA:2096,0
DA:2098,0
DA:2099,0
DA:2100,0
DA:2101,0
DA:2103,0
DA:2105,0
DA:2112,0
DA:2114,0
DA:2115,0
end_of_record
SF:/usr/include/c++/11/bits/alloc_traits.h
FN:463,_ZNSt16allocator_traitsISaIiEE8allocateERS0_m
FNDA:0,_ZNSt16allocator_traitsISaIiEE8allocateERS0_m
FN:495,_ZNSt16allocator_traitsISaIiEE10deallocateERS0_Pim
FNDA:0,_ZNSt16allocator_traitsISaIiEE10deallocateERS0_Pim
FN:511,_ZNSt16allocator_traitsISaIiEE9constructIiJRKiEEEvRS0_PT_DpOT0_
FNDA:0,_ZNSt16allocator_traitsISaIiEE9constructIiJRKiEEEvRS0_PT_DpOT0_
FN:547,_ZNSt16allocator_traitsISaIiEE8max_sizeERKS0_
FNDA:0,_ZNSt16allocator_traitsISaIiEE8max_sizeERKS0_
FN:562,_ZNSt16allocator_traitsISaIiEE37select_on_container_copy_constructionERKS0_
FNDA:80,_ZNSt16allocator_traitsISaIiEE37select_on_container_copy_constructionERKS0_
FN:678,_ZSt15__alloc_on_copyISaIiEEvRT_RKS1_
FNDA:0,_ZSt15__alloc_on_copyISaIiEEvRT_RKS1_
FN:845,_ZSt8_DestroyIN9__gnu_cxx17__normal_iteratorIPiSt6vectorIiSaIiEEEEiEvT_S7_RSaIT0_E
FNDA:0,_ZSt8_DestroyIN9__gnu_cxx17__normal_iteratorIPiSt6vectorIiSaIiEEEEiEvT_S7_RSaIT0_E
FN:845,_ZSt8_DestroyIPiiEvT_S1_RSaIT0_E
FNDA:0,_ZSt8_DestroyIPiiEvT_S1_RSaIT0_E
DA:463,0
DA:464,0
DA:495,0
DA:496,0
DA:511,0
DA:516,0
DA:520,0
DA:547,0
DA:550,0
DA:562,80
DA:563,80
DA:678,0
DA:688,0
DA:845,0
DA:848,0
DA:849,0
DA:845,0
DA:848,0
DA:849,0
end_of_record
SF:/usr/include/c++/11/bits/stl_algo.h
FN:813,_ZSt11__remove_ifIN9__gnu_cxx17__normal_iteratorIPiSt6vectorIiSaIiEEEENS0_5__ops16_Iter_equals_valIKiEEET_SB_SB_T0_
FNDA:0,_ZSt11__remove_ifIN9__gnu_cxx17__normal_iteratorIPiSt6vectorIiSaIiEEEENS0_5__ops16_Iter_equals_valIKiEEET_SB_SB_T0_
FN:850,_ZSt6removeIN9__gnu_cxx17__normal_iteratorIPiSt6vectorIiSaIiEEEEiET_S7_S7_RKT0_
FNDA:0,_ZSt6removeIN9__gnu_cxx17__normal_iteratorIPiSt6vectorIiSaIiEEEEiET_S7_S7_RKT0_
DA:813,0
DA:816,0
DA:817,0
DA:818,0
DA:819,0
DA:820,0
DA:821,0
DA:822,0
DA:824,0
DA:825,0
DA:827,0
DA:850,0
DA:860,0
DA:861,0
end_of_record
SF:/usr/include/c++/11/ext/alloc_traits.h
FN:97,_ZN9__gnu_cxx14__alloc_traitsISaIiEiE17_S_select_on_copyERKS1_
FNDA:80,_ZN9__gnu_cxx14__alloc_traitsISaIiEiE17_S_select_on_copyERKS1_
FN:103,_ZN9__gnu_cxx14__alloc_traitsISaIiEiE27_S_propagate_on_copy_assignEv
FNDA:1,_ZN9__gnu_cxx14__alloc_traitsISaIiEiE27_S_propagate_on_copy_assignEv
FN:112,_ZN9__gnu_cxx14__alloc_traitsISaIiEiE15_S_always_equalEv
FNDA:0,_ZN9__gnu_cxx14__alloc_traitsISaIiEiE15_S_always_equalEv
DA:97,80
DA:98,80
DA:103,1
DA:104,1
DA:112,0
DA:113,0
end_of_record
SF:/usr/include/c++/11/new
FN:174,_ZnwmPv
FNDA:0,_ZnwmPv
DA:174,0
DA:175,0
end_of_record
SF:/usr/include/c++/11/bits/stl_iterator_base_types.h
FN:238,_ZSt19__iterator_categoryIN9__gnu_cxx17__normal_iteratorIPiSt6vectorIiSaIiEEEEENSt15iterator_traitsIT_E17iterator_categoryERKS8_
FNDA:0,_ZSt19__iterator_categoryIN9__gnu_cxx17__normal_iteratorIPiSt6vectorIiSaIiEEEEENSt15iterator_traitsIT_E17iterator_categoryERKS8_
DA:238,0
DA:239,0
end_of_record
SF:/usr/include/c++/11/bits/stl_construct.h
FN:172,_ZNSt12_Destroy_auxILb1EE9__destroyIN9__gnu_cxx17__normal_iteratorIPiSt6vectorIiSaIiEEEEEEvT_S9_
FNDA:0,_ZNSt12_Destroy_auxILb1EE9__destroyIN9__gnu_cxx17__normal_iteratorIPiSt6vectorIiSaIiEEEEEEvT_S9_
FN:172,_ZNSt12_Destroy_auxILb1EE9__destroyIPiEEvT_S3_
FNDA:0,_ZNSt12_Destroy_auxILb1EE9__destroyIPiEEvT_S3_
FN:182,_ZSt8_DestroyIN9__gnu_cxx17__normal_iteratorIPiSt6vectorIiSaIiEEEEEvT_S7_
FNDA:0,_ZSt8_DestroyIN9__gnu_cxx17__normal_iteratorIPiSt6vectorIiSaIiEEEEEvT_S7_
FN:182,_ZSt8_DestroyIPiEvT_S1_
FNDA:0,_ZSt8_DestroyIPiEvT_S1_
DA:172,0
DA:172,0
DA:182,0
DA:196,0
DA:197,0
DA:182,0
DA:196,0
DA:197,0
end_of_record
SF:/usr/include/c++/11/bits/stl_iterator.h
FN:1027,_ZN9__gnu_cxx17__normal_iteratorIPKiSt6vectorIiSaIiEEEC2ERKS2_
FNDA:0,_ZN9__gnu_cxx17__normal_iteratorIPKiSt6vectorIiSaIiEEEC2ERKS2_
FN:1027,_ZN9__gnu_cxx17__normal_iteratorIPiSt6vectorIiSaIiEEEC2ERKS1_
FNDA:0,_ZN9__gnu_cxx17__normal_iteratorIPiSt6vectorIiSaIiEEEC2ERKS1_
FN:1027,_ZN9__gnu_cxx17__normal_iteratorIPK4EdgeSt6vectorIS1_SaIS1_EEEC2ERKS3_
FNDA:0,_ZN9__gnu_cxx17__normal_iteratorIPK4EdgeSt6vectorIS1_SaIS1_EEEC2ERKS3_
FN:1033,_ZN9__gnu_cxx17__normal_iteratorIPKiSt6vectorIiSaIiEEEC2IPiEERKNS0_IT_NS_11__enable_ifIXsrSt10__are_sameIS9_S8_E7__valueES5_E6__typeEEE
FNDA:0,_ZN9__gnu_cxx17__normal_iteratorIPKiSt6vectorIiSaIiEEEC2IPiEERKNS0_IT_NS_11__enable_ifIXsrSt10__are_sameIS9_S8_E7__valueES5_E6__typeEEE
FN:1042,_ZNK9__gnu_cxx17__normal_iteratorIPK4EdgeSt6vectorIS1_SaIS1_EEEdeEv
FNDA:0,_ZNK9__gnu_cxx17__normal_iteratorIPK4EdgeSt6vectorIS1_SaIS1_EEEdeEv
FN:1042,_ZNK9__gnu_cxx17__normal_iteratorIPiSt6vectorIiSaIiEEEdeEv
FNDA:0,_ZNK9__gnu_cxx17__normal_iteratorIPiSt6vectorIiSaIiEEEdeEv
FN:1052,_ZN9__gnu_cxx17__normal_iteratorIPK4EdgeSt6vectorIS1_SaIS1_EEEppEv
FNDA:0,_ZN9__gnu_cxx17__normal_iteratorIPK4EdgeSt6vectorIS1_SaIS1_EEEppEv
FN:1052,_ZN9__gnu_cxx17__normal_iteratorIPiSt6vectorIiSaIiEEEppEv
FNDA:0,_ZN9__gnu_cxx17__normal_iteratorIPiSt6vectorIiSaIiEEEppEv
FN:1090,_ZNK9__gnu_cxx17__normal_iteratorIPiSt6vectorIiSaIiEEEplEl
FNDA:0,_ZNK9__gnu_cxx17__normal_iteratorIPiSt6vectorIiSaIiEEEplEl
FN:1105,_ZNK9__gnu_cxx17__normal_iteratorIPKiSt6vectorIiSaIiEEE4baseEv
FNDA:0,_ZNK9__gnu_cxx17__normal_iteratorIPKiSt6vectorIiSaIiEEE4baseEv
FN:1105,_ZNK9__gnu_cxx17__normal_iteratorIPiSt6vectorIiSaIiEEE4baseEv
FNDA:0,_ZNK9__gnu_cxx17__normal_iteratorIPiSt6vectorIiSaIiEEE4baseEv
FN:1105,_ZNK9__gnu_cxx17__normal_iteratorIPK4EdgeSt6vectorIS1_SaIS1_EEE4baseEv
FNDA:0,_ZNK9__gnu_cxx17__normal_iteratorIPK4EdgeSt6vectorIS1_SaIS1_EEE4baseEv
FN:1163,_ZN9__gnu_cxxeqIPiSt6vectorIiSaIiEEEEbRKNS_17__normal_iteratorIT_T0_EESA_
FNDA:0,_ZN9__gnu_cxxeqIPiSt6vectorIiSaIiEEEEbRKNS_17__normal_iteratorIT_T0_EESA_
FN:1163,_ZN9__gnu_cxxeqIPKiSt6vectorIiSaIiEEEEbRKNS_17__normal_iteratorIT_T0_EESB_
FNDA:0,_ZN9__gnu_cxxeqIPKiSt6vectorIiSaIiEEEEbRKNS_17__normal_iteratorIT_T0_EESB_
FN:1179,_ZN9__gnu_cxxneIPK4EdgeSt6vectorIS1_SaIS1_EEEEbRKNS_17__normal_iteratorIT_T0_EESC_
FNDA:0,_ZN9__gnu_cxxneIPK4EdgeSt6vectorIS1_SaIS1_EEEEbRKNS_17__normal_iteratorIT_T0_EESC_
FN:1179,_ZN9__gnu_cxxneIPiSt6vectorIiSaIiEEEEbRKNS_17__normal_iteratorIT_T0_EESA_
FNDA:0,_ZN9__gnu_cxxneIPiSt6vectorIiSaIiEEEEbRKNS_17__normal_iteratorIT_T0_EESA_
FN:1268,_ZN9__gnu_cxxmiIPKiSt6vectorIiSaIiEEEENS_17__normal_iteratorIT_T0_E15difference_typeERKS9_SC_
FNDA:0,_ZN9__gnu_cxxmiIPKiSt6vectorIiSaIiEEEENS_17__normal_iteratorIT_T0_E15difference_typeERKS9_SC_
FN:1268,_ZN9__gnu_cxxmiIPiSt6vectorIiSaIiEEEENS_17__normal_iteratorIT_T0_E15difference_typeERKS8_SB_
FNDA:0,_ZN9__gnu_cxxmiIPiSt6vectorIiSaIiEEEENS_17__normal_iteratorIT_T0_E15difference_typeERKS8_SB_
FN:1291,_ZSt12__niter_baseIPKiSt6vectorIiSaIiEEET_N9__gnu_cxx17__normal_iteratorIS5_T0_EE
FNDA:162,_ZSt12__niter_baseIPKiSt6vectorIiSaIiEEET_N9__gnu_cxx17__normal_iteratorIS5_T0_EE
FN:1291,_ZSt12__niter_baseIPiSt6vectorIiSaIiEEET_N9__gnu_cxx17__normal_iteratorIS4_T0_EE
FNDA:0,_ZSt12__niter_baseIPiSt6vectorIiSaIiEEET_N9__gnu_cxx17__normal_iteratorIS4_T0_EE
DA:1027,0
DA:1028,0
DA:1027,0
DA:1028,0
DA:1027,0
DA:1028,0
DA:1033,0
DA:1037,0
DA:1042,0
DA:1043,0
DA:1042,0
DA:1043,0
DA:1052,0
DA:1054,0
DA:1055,0
DA:1052,0
DA:1054,0
DA:1055,0
DA:1090,0
DA:1091,0
DA:1105,0
DA:1106,0
DA:1105,0
DA:1106,0
DA:1105,0
DA:1106,0
DA:1163,0
DA:1166,0
DA:1163,0
DA:1166,0
DA:1179,0
DA:1182,0
DA:1179,0
DA:1182,0
DA:1268,0
DA:1271,0
DA:1268,0
DA:1271,0
DA:1291,0
DA:1293,0
DA:1291,162
DA:1293,162
end_of_record
SF:/usr/include/c++/11/bits/allocator.h
FN:156,_ZNSaIiEC2Ev
FNDA:0,_ZNSaIiEC2Ev
FN:159,_ZNSaIiEC2ERKS_
FNDA:0,_ZNSaIiEC2ERKS_
FN:174,_ZNSaIiED2Ev
FNDA:0,_ZNSaIiED2Ev
FN:209,_ZStneRKSaIiES1_
FNDA:0,_ZStneRKSaIiES1_
DA:156,0
DA:159,0
DA:160,0
DA:174,0
DA:209,0
DA:210,0
end_of_record
TN:
SF:/usr/include/c++/11/bits/predefined_ops.h
FN:262,_ZN9__gnu_cxx5__ops16_Iter_equals_valIKiEC2ERS2_
FNDA:39,_ZN9__gnu_cxx5__ops16_Iter_equals_valIKiEC2ERS2_
FN:269,_ZN9__gnu_cxx5__ops16_Iter_equals_valIKiEclINS_17__normal_iteratorIPiSt6vectorIiSaIiEEEEEEbT_
FNDA:73,_ZN9__gnu_cxx5__ops16_Iter_equals_valIKiEclINS_17__normal_iteratorIPiSt6vectorIiSaIiEEEEEEbT_
FN:276,_ZN9__gnu_cxx5__ops17__iter_equals_valIKiEENS0_16_Iter_equals_valIT_EERS4_
FNDA:39,_ZN9__gnu_cxx5__ops17__iter_equals_valIKiEENS0_16_Iter_equals_valIT_EERS4_
DA:262,39
DA:263,39
DA:264,39
DA:269,73
DA:270,73
DA:276,39
DA:277,39
end_of_record
SF:/usr/include/c++/11/iostream
end_of_record
SF:/usr/include/c++/11/bits/move.h
FN:49,_ZSt11__addressofISt6vectorIiSaIiEEEPT_RS3_
FNDA:38,_ZSt11__addressofISt6vectorIiSaIiEEEPT_RS3_
FN:77,_ZSt7forwardIRKiEOT_RNSt16remove_referenceIS2_E4typeE
FNDA:444,_ZSt7forwardIRKiEOT_RNSt16remove_referenceIS2_E4typeE
FN:77,_ZSt7forwardIiEOT_RNSt16remove_referenceIS0_E4typeE
FNDA:11,_ZSt7forwardIiEOT_RNSt16remove_referenceIS0_E4typeE
FN:104,_ZSt4moveIRNSt12_Vector_baseIiSaIiEE12_Vector_implEEONSt16remove_referenceIT_E4typeEOS6_
FNDA:4,_ZSt4moveIRNSt12_Vector_baseIiSaIiEE12_Vector_implEEONSt16remove_referenceIT_E4typeEOS6_
FN:104,_ZSt4moveIRiEONSt16remove_referenceIT_E4typeEOS2_
FNDA:46,_ZSt4moveIRiEONSt16remove_referenceIT_E4typeEOS2_
FN:104,_ZSt4moveIRSaIcEEONSt16remove_referenceIT_E4typeEOS3_
FNDA:0,_ZSt4moveIRSaIcEEONSt16remove_referenceIT_E4typeEOS3_
FN:196,_ZSt4swapIiENSt9enable_ifIXsrSt6__and_IJSt6__not_ISt15__is_tuple_likeIT_EESt21is_move_constructibleIS4_ESt18is_move_assignableIS4_EEE5valueEvE4typeERS4_SE_
FNDA:4,_ZSt4swapIiENSt9enable_ifIXsrSt6__and_IJSt6__not_ISt15__is_tuple_likeIT_EESt21is_move_constructibleIS4_ESt18is_move_assignableIS4_EEE5valueEvE4typeERS4_SE_
DA:49,38
DA:50,38
DA:77,444
DA:78,444
DA:77,11
DA:78,11
DA:104,4
DA:105,4
DA:104,46
DA:105,46
DA:104,0
DA:105,0
DA:196,4
DA:204,4
DA:205,4
DA:206,4
DA:207,4
end_of_record
SF:/usr/include/c++/11/bits/cpp_type_traits.h
FN:560,_ZSt12__miter_baseIPPiET_S2_
FNDA:0,_ZSt12__miter_baseIPPiET_S2_
FN:560,_ZSt12__miter_baseIN9__gnu_cxx17__normal_iteratorIPiSt6vectorIiSaIiEEEEET_S7_
FNDA:0,_ZSt12__miter_baseIN9__gnu_cxx17__normal_iteratorIPiSt6vectorIiSaIiEEEEET_S7_
DA:560,0
DA:561,0
DA:560,0
DA:561,0
end_of_record
SF:/usr/include/c++/11/bits/basic_string.h
end_of_record
SF:/usr/include/c++/11/bits/stl_algobase.h
FN:152,_ZSt9iter_swapIN9__gnu_cxx17__normal_iteratorIPiSt6vectorIiSaIiEEEES6_EvT_T0_
FNDA:3,_ZSt9iter_swapIN9__gnu_cxx17__normal_iteratorIPiSt6vectorIiSaIiEEEES6_EvT_T0_
FN:230,_ZSt3minImERKT_S2_S2_
FNDA:306,_ZSt3minImERKT_S2_S2_
FN:254,_ZSt3maxImERKT_S2_S2_
FNDA:148,_ZSt3maxImERKT_S2_S2_
FN:313,_ZSt12__niter_baseIPiET_S1_
FNDA:936,_ZSt12__niter_baseIPiET_S1_
FN:313,_ZSt12__niter_baseIPPiET_S2_
FNDA:0,_ZSt12__niter_baseIPPiET_S2_
FN:328,_ZSt12__niter_wrapIN9__gnu_cxx17__normal_iteratorIPiSt6vectorIiSaIiEEEES2_ET_S7_T0_
FNDA:0,_ZSt12__niter_wrapIN9__gnu_cxx17__normal_iteratorIPiSt6vectorIiSaIiEEEES2_ET_S7_T0_
FN:335,_ZSt12__niter_wrapIPPiET_RKS2_S2_
FNDA:0,_ZSt12__niter_wrapIPPiET_RKS2_S2_
FN:420,_ZNSt11__copy_moveILb0ELb1ESt26random_access_iterator_tagE8__copy_mIPiEEPT_PKS4_S7_S5_
FNDA:0,_ZNSt11__copy_moveILb0ELb1ESt26random_access_iterator_tagE8__copy_mIPiEEPT_PKS4_S7_S5_
FN:420,_ZNSt11__copy_moveILb1ELb1ESt26random_access_iterator_tagE8__copy_mIiEEPT_PKS3_S6_S4_
FNDA:0,_ZNSt11__copy_moveILb1ELb1ESt26random_access_iterator_tagE8__copy_mIiEEPT_PKS3_S6_S4_
FN:486,_ZSt14__copy_move_a2ILb1EPiS0_ET1_T0_S2_S1_
FNDA:0,_ZSt14__copy_move_a2ILb1EPiS0_ET1_T0_S2_S1_
FN:486,_ZSt14__copy_move_a2ILb0EPPiS1_ET1_T0_S3_S2_
FNDA:0,_ZSt14__copy_move_a2ILb0EPPiS1_ET1_T0_S3_S2_
FN:521,_ZSt14__copy_move_a1ILb0EPPiS1_ET1_T0_S3_S2_
FNDA:0,_ZSt14__copy_move_a1ILb0EPPiS1_ET1_T0_S3_S2_
FN:521,_ZSt14__copy_move_a1ILb1EPiS0_ET1_T0_S2_S1_
FNDA:0,_ZSt14__copy_move_a1ILb1EPiS0_ET1_T0_S2_S1_
FN:527,_ZSt13__copy_move_aILb0EPPiS1_ET1_T0_S3_S2_
FNDA:0,_ZSt13__copy_move_aILb0EPPiS1_ET1_T0_S3_S2_
FN:527,_ZSt13__copy_move_aILb1EN9__gnu_cxx17__normal_iteratorIPiSt6vectorIiSaIiEEEES6_ET1_T0_S8_S7_
FNDA:0,_ZSt13__copy_move_aILb1EN9__gnu_cxx17__normal_iteratorIPiSt6vectorIiSaIiEEEES6_ET1_T0_S8_S7_
FN:611,_ZSt4copyIPPiS1_ET0_T_S3_S2_
FNDA:0,_ZSt4copyIPPiS1_ET0_T_S3_S2_
FN:644,_ZSt4moveIN9__gnu_cxx17__normal_iteratorIPiSt6vectorIiSaIiEEEES6_ET0_T_S8_S7_
FNDA:0,_ZSt4moveIN9__gnu_cxx17__normal_iteratorIPiSt6vectorIiSaIiEEEES6_ET0_T_S8_S7_
FN:731,_ZNSt20__copy_move_backwardILb0ELb1ESt26random_access_iterator_tagE13__copy_move_bIPiEEPT_PKS4_S7_S5_
FNDA:0,_ZNSt20__copy_move_backwardILb0ELb1ESt26random_access_iterator_tagE13__copy_move_bIPiEEPT_PKS4_S7_S5_
FN:750,_ZSt23__copy_move_backward_a2ILb0EPPiS1_ET1_T0_S3_S2_
FNDA:0,_ZSt23__copy_move_backward_a2ILb0EPPiS1_ET1_T0_S3_S2_
FN:768,_ZSt23__copy_move_backward_a1ILb0EPPiS1_ET1_T0_S3_S2_
FNDA:0,_ZSt23__copy_move_backward_a1ILb0EPPiS1_ET1_T0_S3_S2_
FN:796,_ZSt22__copy_move_backward_aILb0EPPiS1_ET1_T0_S3_S2_
FNDA:0,_ZSt22__copy_move_backward_aILb0EPPiS1_ET1_T0_S3_S2_
FN:848,_ZSt13copy_backwardIPPiS1_ET0_T_S3_S2_
FNDA:0,_ZSt13copy_backwardIPPiS1_ET0_T_S3_S2_
FN:2061,_ZSt9__find_ifIN9__gnu_cxx17__normal_iteratorIPiSt6vectorIiSaIiEEEENS0_5__ops16_Iter_equals_valIKiEEET_SB_SB_T0_St26random_access_iterator_tag
FNDA:39,_ZSt9__find_ifIN9__gnu_cxx17__normal_iteratorIPiSt6vectorIiSaIiEEEENS0_5__ops16_Iter_equals_valIKiEEET_SB_SB_T0_St26random_access_iterator_tag
FN:2112,_ZSt9__find_ifIN9__gnu_cxx17__normal_iteratorIPiSt6vectorIiSaIiEEEENS0_5__ops16_Iter_equals_valIKiEEET_SB_SB_T0_
FNDA:39,_ZSt9__find_ifIN9__gnu_cxx17__normal_iteratorIPiSt6vectorIiSaIiEEEENS0_5__ops16_Iter_equals_valIKiEEET_SB_SB_T0_
DA:152,3
DA:182,3
DA:184,3
DA:230,306
DA:235,306
DA:236,0
DA:237,306
DA:254,148
DA:259,148
DA:260,67
DA:261,81
DA:313,0
DA:315,0
DA:313,936
DA:315,936
DA:328,0
DA:329,0
DA:335,0
DA:336,0
DA:420,0
DA:429,0
DA:430,0
DA:431,0
DA:432,0
DA:420,0
DA:429,0
DA:430,0
DA:431,0
DA:432,0
DA:486,0
DA:495,0
DA:486,0
DA:495,0
DA:521,0
DA:522,0
DA:521,0
DA:522,0
DA:527,0
DA:529,0
DA:532,0
DA:527,0
DA:529,0
DA:532,0
DA:611,0
DA:620,0
DA:644,0
DA:652,0
DA:653,0
DA:731,0
DA:740,0
DA:741,0
DA:742,0
DA:743,0
DA:750,0
DA:760,0
DA:762,0
DA:768,0
DA:769,0
DA:796,0
DA:798,0
DA:801,0
DA:848,0
DA:859,0
DA:2061,39
DA:2065,39
DA:2067,39
DA:2069,4
DA:2070,4
DA:2071,0
DA:2073,0
DA:2074,0
DA:2075,0
DA:2077,0
DA:2078,0
DA:2079,0
DA:2081,0
DA:2082,0
DA:2083,0
DA:2086,35
DA:2088,4
DA:2089,4
DA:2090,4
DA:2091,0
DA:2093,12
DA:2094,12
DA:2095,8
DA:2096,4
DA:2098,23
DA:2099,23
DA:2100,23
DA:2101,0
DA:2103,0
DA:2105,0
DA:2112,39
DA:2114,39
DA:2115,78
end_of_record
SF:/usr/include/c++/11/bits/stl_vector.h
FN:97,_ZNSt12_Vector_baseISt6vectorIiSaIiEESaIS2_EE17_Vector_impl_dataC2Ev
FNDA:4,_ZNSt12_Vector_baseISt6vectorIiSaIiEESaIS2_EE17_Vector_impl_dataC2Ev
FN:97,_ZNSt12_Vector_baseIiSaIiEE17_Vector_impl_dataC2Ev
FNDA:170,_ZNSt12_Vector_baseIiSaIiEE17_Vector_impl_dataC2Ev
FN:102,_ZNSt12_Vector_baseIiSaIiEE17_Vector_impl_dataC2EOS2_
FNDA:2,_ZNSt12_Vector_baseIiSaIiEE17_Vector_impl_dataC2EOS2_
FN:131,_ZNSt12_Vector_baseIiSaIiEE12_Vector_implC2Ev
FNDA:83,_ZNSt12_Vector_baseIiSaIiEE12_Vector_implC2Ev
FN:136,_ZNSt12_Vector_baseISt6vectorIiSaIiEESaIS2_EE12_Vector_implC2ERKS3_
FNDA:4,_ZNSt12_Vector_baseISt6vectorIiSaIiEESaIS2_EE12_Vector_implC2ERKS3_
FN:143,_ZNSt12_Vector_baseIiSaIiEE12_Vector_implC2EOS2_
FNDA:2,_ZNSt12_Vector_baseIiSaIiEE12_Vector_implC2EOS2_
FN:276,_ZNSt12_Vector_baseIiSaIiEE19_M_get_Tp_allocatorEv
FNDA:585,_ZNSt12_Vector_baseIiSaIiEE19_M_get_Tp_allocatorEv
FN:276,_ZNSt12_Vector_baseISt6vectorIiSaIiEESaIS2_EE19_M_get_Tp_allocatorEv
FNDA:8,_ZNSt12_Vector_baseISt6vectorIiSaIiEESaIS2_EE19_M_get_Tp_allocatorEv
FN:280,_ZNKSt12_Vector_baseIiSaIiEE19_M_get_Tp_allocatorEv
FNDA:368,_ZNKSt12_Vector_baseIiSaIiEE19_M_get_Tp_allocatorEv
FN:288,_ZNSt12_Vector_baseIiSaIiEEC2Ev
FNDA:83,_ZNSt12_Vector_baseIiSaIiEEC2Ev
FN:303,_ZNSt12_Vector_baseISt6vectorIiSaIiEESaIS2_EEC2EmRKS3_
FNDA:4,_ZNSt12_Vector_baseISt6vectorIiSaIiEESaIS2_EEC2EmRKS3_
FN:308,_ZNSt12_Vector_baseIiSaIiEEC2EOS1_
FNDA:2,_ZNSt12_Vector_baseIiSaIiEEC2EOS1_
FN:333,_ZNSt12_Vector_baseIiSaIiEED2Ev
FNDA:171,_ZNSt12_Vector_baseIiSaIiEED2Ev
FN:333,_ZNSt12_Vector_baseISt6vectorIiSaIiEESaIS2_EED2Ev
FNDA:4,_ZNSt12_Vector_baseISt6vectorIiSaIiEESaIS2_EED2Ev
FN:343,_ZNSt12_Vector_baseIiSaIiEE11_M_allocateEm
FNDA:230,_ZNSt12_Vector_baseIiSaIiEE11_M_allocateEm
FN:343,_ZNSt12_Vector_baseISt6vectorIiSaIiEESaIS2_EE11_M_allocateEm
FNDA:4,_ZNSt12_Vector_baseISt6vectorIiSaIiEESaIS2_EE11_M_allocateEm
FN:350,_ZNSt12_Vector_baseIiSaIiEE13_M_deallocateEPim
FNDA:315,_ZNSt12_Vector_baseIiSaIiEE13_M_deallocateEPim
FN:350,_ZNSt12_Vector_baseISt6vectorIiSaIiEESaIS2_EE13_M_deallocateEPS2_m
FNDA:4,_ZNSt12_Vector_baseISt6vectorIiSaIiEESaIS2_EE13_M_deallocateEPS2_m
FN:359,_ZNSt12_Vector_baseISt6vectorIiSaIiEESaIS2_EE17_M_create_storageEm
FNDA:4,_ZNSt12_Vector_baseISt6vectorIiSaIiEESaIS2_EE17_M_create_storageEm
FN:453,_ZNSt6vectorIiSaIiEE14_S_do_relocateEPiS2_S2_RS0_St17integral_constantIbLb1EE
FNDA:285,_ZNSt6vectorIiSaIiEE14_S_do_relocateEPiS2_S2_RS0_St17integral_constantIbLb1EE
FN:465,_ZNSt6vectorIiSaIiEE11_S_relocateEPiS2_S2_RS0_
FNDA:285,_ZNSt6vectorIiSaIiEE11_S_relocateEPiS2_S2_RS0_
FN:487,_ZNSt6vectorIiSaIiEEC2Ev
FNDA:83,_ZNSt6vectorIiSaIiEEC2Ev
FN:510,_ZNSt6vectorIS_IiSaIiEESaIS1_EEC2EmRKS2_
FNDA:1,_ZNSt6vectorIS_IiSaIiEESaIS1_EEC2EmRKS2_
FN:572,_ZNSt6vectorIiSaIiEEC2EOS1_
FNDA:2,_ZNSt6vectorIiSaIiEEC2EOS1_
FN:678,_ZNSt6vectorIiSaIiEED2Ev
FNDA:171,_ZNSt6vectorIiSaIiEED2Ev
FN:678,_ZNSt6vectorIS_IiSaIiEESaIS1_EED2Ev
FNDA:4,_ZNSt6vectorIS_IiSaIiEESaIS1_EED2Ev
FN:811,_ZNSt6vectorIiSaIiEE5beginEv
FNDA:327,_ZNSt6vectorIiSaIiEE5beginEv
FN:820,_ZNKSt6vectorIiSaIiEE5beginEv
FNDA:148,_ZNKSt6vectorIiSaIiEE5beginEv
FN:820,_ZNKSt6vectorI4EdgeSaIS0_EE5beginEv
FNDA:5,_ZNKSt6vectorI4EdgeSaIS0_EE5beginEv
FN:829,_ZNSt6vectorIiSaIiEE3endEv
FNDA:412,_ZNSt6vectorIiSaIiEE3endEv
FN:838,_ZNKSt6vectorI4EdgeSaIS0_EE3endEv
FNDA:5,_ZNKSt6vectorI4EdgeSaIS0_EE3endEv
FN:838,_ZNKSt6vectorIiSaIiEE3endEv
FNDA:148,_ZNKSt6vectorIiSaIiEE3endEv
FN:884,_ZNKSt6vectorIiSaIiEE6cbeginEv
FNDA:39,_ZNKSt6vectorIiSaIiEE6cbeginEv
FN:918,_ZNKSt6vectorIiSaIiEE4sizeEv
FNDA:671,_ZNKSt6vectorIiSaIiEE4sizeEv
FN:923,_ZNKSt6vectorIiSaIiEE8max_sizeEv
FNDA:288,_ZNKSt6vectorIiSaIiEE8max_sizeEv
FN:1007,_ZNKSt6vectorIiSaIiEE5emptyEv
FNDA:67,_ZNKSt6vectorIiSaIiEE5emptyEv
FN:1043,_ZNSt6vectorIS_IiSaIiEESaIS1_EEixEm
FNDA:219,_ZNSt6vectorIS_IiSaIiEESaIS1_EEixEm
FN:1143,_ZNSt6vectorIiSaIiEE4backEv
FNDA:7,_ZNSt6vectorIiSaIiEE4backEv
FN:1187,_ZNSt6vectorIiSaIiEE9push_backERKi
FNDA:147,_ZNSt6vectorIiSaIiEE9push_backERKi
FN:1225,_ZNSt6vectorIiSaIiEE8pop_backEv
FNDA:5,_ZNSt6vectorIiSaIiEE8pop_backEv
FN:1457,_ZNSt6vectorIiSaIiEE5eraseEN9__gnu_cxx17__normal_iteratorIPKiS1_EES6_
FNDA:39,_ZNSt6vectorIiSaIiEE5eraseEN9__gnu_cxx17__normal_iteratorIPKiS1_EES6_
FN:1603,_ZNSt6vectorIS_IiSaIiEESaIS1_EE21_M_default_initializeEm
FNDA:1,_ZNSt6vectorIS_IiSaIiEESaIS1_EE21_M_default_initializeEm
FN:1756,_ZNKSt6vectorIiSaIiEE12_M_check_lenEmPKc
FNDA:143,_ZNKSt6vectorIiSaIiEE12_M_check_lenEmPKc
FN:1767,_ZNSt6vectorIS_IiSaIiEESaIS1_EE17_S_check_init_lenEmRKS2_
FNDA:4,_ZNSt6vectorIS_IiSaIiEESaIS1_EE17_S_check_init_lenEmRKS2_
FN:1776,_ZNSt6vectorIS_IiSaIiEESaIS1_EE11_S_max_sizeERKS2_
FNDA:4,_ZNSt6vectorIS_IiSaIiEESaIS1_EE11_S_max_sizeERKS2_
FN:1776,_ZNSt6vectorIiSaIiEE11_S_max_sizeERKS0_
FNDA:294,_ZNSt6vectorIiSaIiEE11_S_max_sizeERKS0_
FN:1792,_ZNSt6vectorIiSaIiEE15_M_erase_at_endEPi
FNDA:39,_ZNSt6vectorIiSaIiEE15_M_erase_at_endEPi
DA:97,4
DA:98,4
DA:99,4
DA:97,170
DA:98,170
DA:99,170
DA:102,2
DA:103,2
DA:104,2
DA:105,2
DA:131,83
DA:133,83
DA:134,83
DA:136,4
DA:137,4
DA:138,4
DA:143,2
DA:144,2
DA:145,2
DA:276,8
DA:277,8
DA:276,585
DA:277,585
DA:280,368
DA:281,368
DA:288,83
DA:303,4
DA:304,4
DA:305,4
DA:308,2
DA:333,4
DA:335,4
DA:336,4
DA:337,4
DA:333,171
DA:335,171
DA:336,171
DA:337,171
DA:343,4
DA:346,4
DA:343,230
DA:346,230
DA:350,4
DA:353,4
DA:354,4
DA:355,4
DA:350,315
DA:353,315
DA:354,206
DA:355,315
DA:359,4
DA:361,4
DA:362,4
DA:363,4
DA:364,4
DA:453,285
DA:456,285
DA:465,285
DA:469,285
DA:487,83
DA:510,1
DA:511,1
DA:512,1
DA:572,2
DA:678,4
DA:680,4
DA:681,4
DA:683,4
DA:678,171
DA:680,171
DA:681,171
DA:683,171
DA:811,327
DA:812,327
DA:820,148
DA:821,148
DA:820,5
DA:821,5
DA:829,412
DA:830,412
DA:838,148
DA:839,148
DA:838,5
DA:839,5
DA:884,39
DA:885,39
DA:918,671
DA:919,671
DA:923,288
DA:924,288
DA:1007,67
DA:1008,67
DA:1043,219
DA:1046,219
DA:1143,7
DA:1146,7
DA:1187,147
DA:1189,147
DA:1192,7
DA:1194,7
DA:1198,140
DA:1199,147
DA:1225,5
DA:1228,5
DA:1229,5
DA:1231,5
DA:1457,39
DA:1459,39
DA:1460,39
DA:1461,78
DA:1603,1
DA:1605,1
DA:1606,1
DA:1607,1
DA:1608,1
DA:1756,143
DA:1758,143
DA:1759,0
DA:1761,143
DA:1762,143
DA:1767,4
DA:1769,4
DA:1770,0
DA:1772,4
DA:1776,294
DA:1781,294
DA:1783,294
DA:1784,294
DA:1776,4
DA:1781,4
DA:1783,4
DA:1784,4
DA:1792,39
DA:1794,39
DA:1796,39
DA:1797,39
DA:1798,39
DA:1801,39
end_of_record
SF:/home/noam/Desktop/OS_updated/EX4/7/Server/EulerAlgorithm.cpp
FN:6,_ZN14EulerAlgorithmC2Ev
FNDA:1,_ZN14EulerAlgorithmC2Ev
FN:10,_ZN14EulerAlgorithm8activateB5cxx11ERK5Graph
FNDA:1,_ZN14EulerAlgorithm8activateB5cxx11ERK5Graph
FN:30,_ZN14EulerAlgorithm15findEulerEircleERK5Graph
FNDA:1,_ZN14EulerAlgorithm15findEulerEircleERK5Graph
FN:75,_ZN14EulerAlgorithm14hasEulerCircleERSt6vectorIS0_IiSaIiEESaIS2_EERK5Graph
FNDA:1,_ZN14EulerAlgorithm14hasEulerCircleERSt6vectorIS0_IiSaIiEESaIS2_EERK5Graph
DA:6,1
DA:8,1
DA:10,1
DA:12,1
DA:13,1
DA:14,1
DA:16,1
DA:17,7
DA:19,6
DA:21,1
DA:22,1
DA:25,0
DA:27,2
DA:28,1
DA:30,1
DA:32,1
DA:33,1
DA:34,6
DA:36,5
DA:37,5
DA:41,1
DA:43,0
DA:46,1
DA:47,1
DA:48,1
DA:49,1
DA:51,12
DA:53,11
DA:55,5
DA:56,5
DA:57,5
DA:60,5
DA:62,5
DA:66,6
DA:67,6
DA:68,6
DA:71,1
DA:72,1
DA:73,1
DA:75,1
DA:78,1
DA:79,6
DA:81,10
DA:82,5
DA:84,0
DA:87,1
end_of_record
SF:/usr/include/c++/11/bits/vector.tcc
FN:184,_ZNSt6vectorIiSaIiEE8_M_eraseEN9__gnu_cxx17__normal_iteratorIPiS1_EES5_
FNDA:39,_ZNSt6vectorIiSaIiEE8_M_eraseEN9__gnu_cxx17__normal_iteratorIPiS1_EES5_
FN:426,_ZNSt6vectorIiSaIiEE17_M_realloc_insertIJRKiEEEvN9__gnu_cxx17__normal_iteratorIPiS1_EEDpOT_
FNDA:140,_ZNSt6vectorIiSaIiEE17_M_realloc_insertIJRKiEEEvN9__gnu_cxx17__normal_iteratorIPiS1_EEDpOT_
DA:184,39
DA:187,39
DA:189,39
DA:190,0
DA:191,39
DA:193,39
DA:426,140
DA:436,140
DA:437,140
DA:438,140
DA:439,140
DA:440,140
DA:441,140
DA:449,140
DA:450,140
DA:456,140
DA:461,140
DA:462,140
DA:464,140
DA:466,140
DA:467,140
DA:500,140
DA:501,140
DA:502,140
DA:503,140
DA:504,140
DA:505,140
end_of_record
SF:/usr/include/c++/11/bits/stl_deque.h
FN:96,_ZSt16__deque_buf_sizem
FNDA:6,_ZSt16__deque_buf_sizem
FN:131,_ZNSt15_Deque_iteratorIiRiPiE14_S_buffer_sizeEv
FNDA:2,_ZNSt15_Deque_iteratorIiRiPiE14_S_buffer_sizeEv
FN:151,_ZNSt15_Deque_iteratorIiRiPiEC2Ev
FNDA:2,_ZNSt15_Deque_iteratorIiRiPiEC2Ev
FN:168,_ZNSt15_Deque_iteratorIiRiPiEC2ERKS2_
FNDA:9,_ZNSt15_Deque_iteratorIiRiPiEC2ERKS2_
FN:180,_ZNKSt15_Deque_iteratorIiRiPiEdeEv
FNDA:7,_ZNKSt15_Deque_iteratorIiRiPiEdeEv
FN:208,_ZNSt15_Deque_iteratorIiRiPiEmmEv
FNDA:7,_ZNSt15_Deque_iteratorIiRiPiEmmEv
FN:260,_ZNSt15_Deque_iteratorIiRiPiE11_M_set_nodeEPS1_
FNDA:2,_ZNSt15_Deque_iteratorIiRiPiE11_M_set_nodeEPS1_
[...]
FNDA:0,_ZN9__gnu_cxx17__normal_iteratorIPiSt6vectorIiSaIiEEEC2ERKS1_
FN:1042,_ZNK9__gnu_cxx17__normal_iteratorIPiSt6vectorIiSaIiEEEdeEv
FNDA:0,_ZNK9__gnu_cxx17__normal_iteratorIPiSt6vectorIiSaIiEEEdeEv
FN:1052,_ZN9__gnu_cxx17__normal_iteratorIPiSt6vectorIiSaIiEEEppEv
FNDA:0,_ZN9__gnu_cxx17__normal_iteratorIPiSt6vectorIiSaIiEEEppEv
FN:1105,_ZNK9__gnu_cxx17__normal_iteratorIPKiSt6vectorIiSaIiEEE4baseEv
FNDA:0,_ZNK9__gnu_cxx17__normal_iteratorIPKiSt6vectorIiSaIiEEE4baseEv
FN:1105,_ZNK9__gnu_cxx17__normal_iteratorIPiSt6vectorIiSaIiEEE4baseEv
FNDA:0,_ZNK9__gnu_cxx17__normal_iteratorIPiSt6vectorIiSaIiEEE4baseEv
FN:1179,_ZN9__gnu_cxxneIPiSt6vectorIiSaIiEEEEbRKNS_17__normal_iteratorIT_T0_EESA_
FNDA:0,_ZN9__gnu_cxxneIPiSt6vectorIiSaIiEEEEbRKNS_17__normal_iteratorIT_T0_EESA_
FN:1291,_ZSt12__niter_baseIPKiSt6vectorIiSaIiEEET_N9__gnu_cxx17__normal_iteratorIS5_T0_EE
FNDA:0,_ZSt12__niter_baseIPKiSt6vectorIiSaIiEEET_N9__gnu_cxx17__normal_iteratorIS5_T0_EE
DA:1027,0
DA:1028,0
DA:1027,0
DA:1028,0
DA:1042,0
DA:1043,0
DA:1052,0
DA:1054,0
DA:1055,0
DA:1105,0
DA:1106,0
DA:1105,0
DA:1106,0
DA:1179,0
DA:1182,0
DA:1291,0
DA:1293,0
end_of_record
SF:/usr/include/c++/11/bits/stl_construct.h
FN:109,_ZSt10_ConstructISt6vectorIiSaIiEEJRKS2_EEvPT_DpOT0_
FNDA:0,_ZSt10_ConstructISt6vectorIiSaIiEEJRKS2_EEvPT_DpOT0_
FN:109,_ZSt10_ConstructIiJEEvPT_DpOT0_
FNDA:0,_ZSt10_ConstructIiJEEvPT_DpOT0_
FN:146,_ZSt8_DestroyISt6vectorIiSaIiEEEvPT_
FNDA:0,_ZSt8_DestroyISt6vectorIiSaIiEEEvPT_
FN:160,_ZNSt12_Destroy_auxILb0EE9__destroyIPSt6vectorIiSaIiEEEEvT_S6_
FNDA:0,_ZNSt12_Destroy_auxILb0EE9__destroyIPSt6vectorIiSaIiEEEEvT_S6_
FN:172,_ZNSt12_Destroy_auxILb1EE9__destroyIPiEEvT_S3_
FNDA:0,_ZNSt12_Destroy_auxILb1EE9__destroyIPiEEvT_S3_
FN:182,_ZSt8_DestroyIPSt6vectorIiSaIiEEEvT_S4_
FNDA:0,_ZSt8_DestroyIPSt6vectorIiSaIiEEEvT_S4_
FN:182,_ZSt8_DestroyIPiEvT_S1_
FNDA:0,_ZSt8_DestroyIPiEvT_S1_
DA:109,0
DA:119,0
DA:120,0
DA:109,0
DA:119,0
DA:120,0
DA:146,0
DA:151,0
DA:153,0
DA:160,0
DA:162,0
DA:163,0
DA:164,0
DA:172,0
DA:182,0
DA:196,0
DA:197,0
DA:182,0
DA:196,0
DA:197,0
end_of_record
SF:/usr/include/c++/11/bits/stl_iterator_base_types.h
FN:238,_ZSt19__iterator_categoryIPiENSt15iterator_traitsIT_E17iterator_categoryERKS2_
FNDA:0,_ZSt19__iterator_categoryIPiENSt15iterator_traitsIT_E17iterator_categoryERKS2_
DA:238,0
DA:239,0
end_of_record
SF:/usr/include/c++/11/new
FN:174,_ZnwmPv
FNDA:0,_ZnwmPv
FN:180,_ZdlPvS_
FNDA:0,_ZdlPvS_
DA:174,0
DA:175,0
DA:180,0
end_of_record
SF:/usr/include/c++/11/iostream
end_of_record
SF:/usr/include/c++/11/bits/move.h
FN:49,_ZSt11__addressofISt6vectorIiSaIiEEEPT_RS3_
FNDA:0,_ZSt11__addressofISt6vectorIiSaIiEEEPT_RS3_
FN:49,_ZSt11__addressofIiEPT_RS0_
FNDA:0,_ZSt11__addressofIiEPT_RS0_
FN:77,_ZSt7forwardIRKSt6vectorIiSaIiEEEOT_RNSt16remove_referenceIS5_E4typeE
FNDA:0,_ZSt7forwardIRKSt6vectorIiSaIiEEEOT_RNSt16remove_referenceIS5_E4typeE
DA:49,0
DA:50,0
DA:49,0
DA:50,0
DA:77,0
DA:78,0
end_of_record
SF:/usr/include/c++/11/bits/cpp_type_traits.h
FN:560,_ZSt12__miter_baseIN9__gnu_cxx17__normal_iteratorIPKiSt6vectorIiSaIiEEEEET_S8_
FNDA:0,_ZSt12__miter_baseIN9__gnu_cxx17__normal_iteratorIPKiSt6vectorIiSaIiEEEEET_S8_
DA:560,0
DA:561,0
end_of_record
SF:/usr/include/c++/11/bits/stl_algobase.h
FN:230,_ZSt3minImERKT_S2_S2_
FNDA:0,_ZSt3minImERKT_S2_S2_
FN:313,_ZSt12__niter_baseIPiET_S1_
FNDA:0,_ZSt12__niter_baseIPiET_S1_
FN:335,_ZSt12__niter_wrapIPiET_RKS1_S1_
FNDA:0,_ZSt12__niter_wrapIPiET_RKS1_S1_
FN:420,_ZNSt11__copy_moveILb0ELb1ESt26random_access_iterator_tagE8__copy_mIiEEPT_PKS3_S6_S4_
FNDA:0,_ZNSt11__copy_moveILb0ELb1ESt26random_access_iterator_tagE8__copy_mIiEEPT_PKS3_S6_S4_
FN:486,_ZSt14__copy_move_a2ILb0EPKiPiET1_T0_S4_S3_
FNDA:0,_ZSt14__copy_move_a2ILb0EPKiPiET1_T0_S4_S3_
FN:521,_ZSt14__copy_move_a1ILb0EPKiPiET1_T0_S4_S3_
FNDA:0,_ZSt14__copy_move_a1ILb0EPKiPiET1_T0_S4_S3_
FN:527,_ZSt13__copy_move_aILb0EN9__gnu_cxx17__normal_iteratorIPKiSt6vectorIiSaIiEEEEPiET1_T0_SA_S9_
FNDA:0,_ZSt13__copy_move_aILb0EN9__gnu_cxx17__normal_iteratorIPKiSt6vectorIiSaIiEEEEPiET1_T0_SA_S9_
FN:611,_ZSt4copyIN9__gnu_cxx17__normal_iteratorIPKiSt6vectorIiSaIiEEEEPiET0_T_SA_S9_
FNDA:0,_ZSt4copyIN9__gnu_cxx17__normal_iteratorIPKiSt6vectorIiSaIiEEEEPiET0_T_SA_S9_
FN:919,_ZSt9__fill_a1IPiiEN9__gnu_cxx11__enable_ifIXsrSt11__is_scalarIT0_E7__valueEvE6__typeET_S8_RKS4_
FNDA:0,_ZSt9__fill_a1IPiiEN9__gnu_cxx11__enable_ifIXsrSt11__is_scalarIT0_E7__valueEvE6__typeET_S8_RKS4_
FN:968,_ZSt8__fill_aIPiiEvT_S1_RKT0_
FNDA:0,_ZSt8__fill_aIPiiEvT_S1_RKT0_
FN:1010,_ZSt17__size_to_integerm
FNDA:0,_ZSt17__size_to_integerm
FN:1109,_ZSt10__fill_n_aIPimiET_S1_T0_RKT1_St26random_access_iterator_tag
FNDA:0,_ZSt10__fill_n_aIPimiET_S1_T0_RKT1_St26random_access_iterator_tag
FN:1144,_ZSt6fill_nIPimiET_S1_T0_RKT1_
FNDA:0,_ZSt6fill_nIPimiET_S1_T0_RKT1_
DA:230,0
DA:235,0
DA:236,0
DA:237,0
DA:313,0
DA:315,0
DA:335,0
DA:336,0
DA:420,0
DA:429,0
DA:430,0
DA:431,0
DA:432,0
DA:486,0
DA:495,0
DA:521,0
DA:522,0
DA:527,0
DA:529,0
DA:532,0
DA:611,0
DA:620,0
DA:919,0
DA:922,0
DA:923,0
DA:924,0
DA:925,0
DA:968,0
DA:969,0
DA:1010,0
DA:1109,0
DA:1115,0
DA:1116,0
DA:1120,0
DA:1121,0
DA:1144,0
DA:1149,0
DA:1150,0
end_of_record
SF:/usr/include/c++/11/bits/stl_vector.h
FN:97,_ZNSt12_Vector_baseIiSaIiEE17_Vector_impl_dataC2Ev
FNDA:0,_ZNSt12_Vector_baseIiSaIiEE17_Vector_impl_dataC2Ev
FN:97,_ZNSt12_Vector_baseISt6vectorIiSaIiEESaIS2_EE17_Vector_impl_dataC2Ev
FNDA:0,_ZNSt12_Vector_baseISt6vectorIiSaIiEESaIS2_EE17_Vector_impl_dataC2Ev
FN:131,_ZNSt12_Vector_baseIiSaIiEE12_Vector_implC2Ev
FNDA:0,_ZNSt12_Vector_baseIiSaIiEE12_Vector_implC2Ev
FN:136,_ZNSt12_Vector_baseISt6vectorIiSaIiEESaIS2_EE12_Vector_implC2ERKS3_
FNDA:0,_ZNSt12_Vector_baseISt6vectorIiSaIiEESaIS2_EE12_Vector_implC2ERKS3_
FN:136,_ZNSt12_Vector_baseIiSaIiEE12_Vector_implC2ERKS0_
FNDA:0,_ZNSt12_Vector_baseIiSaIiEE12_Vector_implC2ERKS0_
FN:276,_ZNSt12_Vector_baseIiSaIiEE19_M_get_Tp_allocatorEv
FNDA:0,_ZNSt12_Vector_baseIiSaIiEE19_M_get_Tp_allocatorEv
FN:276,_ZNSt12_Vector_baseISt6vectorIiSaIiEESaIS2_EE19_M_get_Tp_allocatorEv
FNDA:0,_ZNSt12_Vector_baseISt6vectorIiSaIiEESaIS2_EE19_M_get_Tp_allocatorEv
FN:280,_ZNKSt12_Vector_baseIiSaIiEE19_M_get_Tp_allocatorEv
FNDA:0,_ZNKSt12_Vector_baseIiSaIiEE19_M_get_Tp_allocatorEv
FN:288,_ZNSt12_Vector_baseIiSaIiEEC2Ev
FNDA:0,_ZNSt12_Vector_baseIiSaIiEEC2Ev
FN:303,_ZNSt12_Vector_baseIiSaIiEEC2EmRKS0_
FNDA:0,_ZNSt12_Vector_baseIiSaIiEEC2EmRKS0_
FN:303,_ZNSt12_Vector_baseISt6vectorIiSaIiEESaIS2_EEC2EmRKS3_
FNDA:0,_ZNSt12_Vector_baseISt6vectorIiSaIiEESaIS2_EEC2EmRKS3_
FN:333,_ZNSt12_Vector_baseIiSaIiEED2Ev
FNDA:0,_ZNSt12_Vector_baseIiSaIiEED2Ev
FN:333,_ZNSt12_Vector_baseISt6vectorIiSaIiEESaIS2_EED2Ev
FNDA:0,_ZNSt12_Vector_baseISt6vectorIiSaIiEESaIS2_EED2Ev
FN:343,_ZNSt12_Vector_baseIiSaIiEE11_M_allocateEm
FNDA:0,_ZNSt12_Vector_baseIiSaIiEE11_M_allocateEm
FN:343,_ZNSt12_Vector_baseISt6vectorIiSaIiEESaIS2_EE11_M_allocateEm
FNDA:0,_ZNSt12_Vector_baseISt6vectorIiSaIiEESaIS2_EE11_M_allocateEm
FN:350,_ZNSt12_Vector_baseISt6vectorIiSaIiEESaIS2_EE13_M_deallocateEPS2_m
FNDA:0,_ZNSt12_Vector_baseISt6vectorIiSaIiEESaIS2_EE13_M_deallocateEPS2_m
FN:350,_ZNSt12_Vector_baseIiSaIiEE13_M_deallocateEPim
FNDA:0,_ZNSt12_Vector_baseIiSaIiEE13_M_deallocateEPim
FN:359,_ZNSt12_Vector_baseIiSaIiEE17_M_create_storageEm
FNDA:0,_ZNSt12_Vector_baseIiSaIiEE17_M_create_storageEm
FN:359,_ZNSt12_Vector_baseISt6vectorIiSaIiEESaIS2_EE17_M_create_storageEm
FNDA:0,_ZNSt12_Vector_baseISt6vectorIiSaIiEESaIS2_EE17_M_create_storageEm
FN:487,_ZNSt6vectorIiSaIiEEC2Ev
FNDA:0,_ZNSt6vectorIiSaIiEEC2Ev
FN:510,_ZNSt6vectorIiSaIiEEC2EmRKS0_
FNDA:0,_ZNSt6vectorIiSaIiEEC2EmRKS0_
FN:522,_ZNSt6vectorIiSaIiEEC2EmRKiRKS0_
FNDA:0,_ZNSt6vectorIiSaIiEEC2EmRKiRKS0_
FN:522,_ZNSt6vectorIS_IiSaIiEESaIS1_EEC2EmRKS1_RKS2_
FNDA:0,_ZNSt6vectorIS_IiSaIiEESaIS1_EEC2EmRKS1_RKS2_
FN:553,_ZNSt6vectorIiSaIiEEC2ERKS1_
FNDA:0,_ZNSt6vectorIiSaIiEEC2ERKS1_
FN:678,_ZNSt6vectorIiSaIiEED2Ev
FNDA:0,_ZNSt6vectorIiSaIiEED2Ev
FN:678,_ZNSt6vectorIS_IiSaIiEESaIS1_EED2Ev
FNDA:0,_ZNSt6vectorIS_IiSaIiEESaIS1_EED2Ev
FN:811,_ZNSt6vectorIiSaIiEE5beginEv
FNDA:0,_ZNSt6vectorIiSaIiEE5beginEv
FN:820,_ZNKSt6vectorIiSaIiEE5beginEv
FNDA:0,_ZNKSt6vectorIiSaIiEE5beginEv
FN:829,_ZNSt6vectorIiSaIiEE3endEv
FNDA:0,_ZNSt6vectorIiSaIiEE3endEv
FN:838,_ZNKSt6vectorIiSaIiEE3endEv
FNDA:0,_ZNKSt6vectorIiSaIiEE3endEv
FN:918,_ZNKSt6vectorIiSaIiEE4sizeEv
FNDA:0,_ZNKSt6vectorIiSaIiEE4sizeEv
FN:1593,_ZNSt6vectorIiSaIiEE18_M_fill_initializeEmRKi
FNDA:0,_ZNSt6vectorIiSaIiEE18_M_fill_initializeEmRKi
FN:1593,_ZNSt6vectorIS_IiSaIiEESaIS1_EE18_M_fill_initializeEmRKS1_
FNDA:0,_ZNSt6vectorIS_IiSaIiEESaIS1_EE18_M_fill_initializeEmRKS1_
FN:1603,_ZNSt6vectorIiSaIiEE21_M_default_initializeEm
FNDA:0,_ZNSt6vectorIiSaIiEE21_M_default_initializeEm
FN:1767,_ZNSt6vectorIiSaIiEE17_S_check_init_lenEmRKS0_
FNDA:0,_ZNSt6vectorIiSaIiEE17_S_check_init_lenEmRKS0_
FN:1767,_ZNSt6vectorIS_IiSaIiEESaIS1_EE17_S_check_init_lenEmRKS2_
FNDA:0,_ZNSt6vectorIS_IiSaIiEESaIS1_EE17_S_check_init_lenEmRKS2_
FN:1776,_ZNSt6vectorIiSaIiEE11_S_max_sizeERKS0_
FNDA:0,_ZNSt6vectorIiSaIiEE11_S_max_sizeERKS0_
FN:1776,_ZNSt6vectorIS_IiSaIiEESaIS1_EE11_S_max_sizeERKS2_
FNDA:0,_ZNSt6vectorIS_IiSaIiEESaIS1_EE11_S_max_sizeERKS2_
DA:97,0
DA:98,0
DA:99,0
DA:97,0
DA:98,0
DA:99,0
DA:131,0
DA:133,0
DA:134,0
DA:136,0
DA:137,0
DA:138,0
DA:136,0
DA:137,0
DA:138,0
DA:276,0
DA:277,0
DA:276,0
DA:277,0
DA:280,0
DA:281,0
DA:288,0
DA:303,0
DA:304,0
DA:305,0
DA:303,0
DA:304,0
DA:305,0
DA:333,0
DA:335,0
DA:336,0
DA:337,0
DA:333,0
DA:335,0
DA:336,0
DA:337,0
DA:343,0
DA:346,0
DA:343,0
DA:346,0
DA:350,0
DA:353,0
DA:354,0
DA:355,0
DA:350,0
DA:353,0
DA:354,0
DA:355,0
DA:359,0
DA:361,0
DA:362,0
DA:363,0
DA:364,0
DA:359,0
DA:361,0
DA:362,0
DA:363,0
DA:364,0
DA:487,0
DA:510,0
DA:511,0
DA:512,0
DA:522,0
DA:524,0
DA:525,0
DA:522,0
DA:524,0
DA:525,0
DA:553,0
DA:555,0
DA:557,0
DA:558,0
DA:560,0
DA:561,0
DA:678,0
DA:680,0
DA:681,0
DA:683,0
DA:678,0
DA:680,0
DA:681,0
DA:683,0
DA:811,0
DA:812,0
DA:820,0
DA:821,0
DA:829,0
DA:830,0
DA:838,0
DA:839,0
DA:918,0
DA:919,0
DA:1593,0
DA:1595,0
DA:1596,0
DA:1597,0
DA:1598,0
DA:1593,0
DA:1595,0
DA:1596,0
DA:1597,0
DA:1598,0
DA:1603,0
DA:1605,0
DA:1606,0
DA:1607,0
DA:1608,0
DA:1767,0
DA:1769,0
DA:1770,0
DA:1772,0
DA:1767,0
DA:1769,0
DA:1770,0
DA:1772,0
DA:1776,0
DA:1781,0
DA:1783,0
DA:1784,0
DA:1776,0
DA:1781,0
DA:1783,0
DA:1784,0
end_of_record
SF:/usr/include/c++/11/ext/new_allocator.h
FN:79,_ZN9__gnu_cxx13new_allocatorISt6vectorIiSaIiEEEC2Ev
FNDA:0,_ZN9__gnu_cxx13new_allocatorISt6vectorIiSaIiEEEC2Ev
FN:79,_ZN9__gnu_cxx13new_allocatorIiEC2Ev
FNDA:0,_ZN9__gnu_cxx13new_allocatorIiEC2Ev
FN:82,_ZN9__gnu_cxx13new_allocatorISt6vectorIiSaIiEEEC2ERKS4_
FNDA:0,_ZN9__gnu_cxx13new_allocatorISt6vectorIiSaIiEEEC2ERKS4_
FN:82,_ZN9__gnu_cxx13new_allocatorIiEC2ERKS1_
FNDA:0,_ZN9__gnu_cxx13new_allocatorIiEC2ERKS1_
FN:89,_ZN9__gnu_cxx13new_allocatorISt6vectorIiSaIiEEED2Ev
FNDA:0,_ZN9__gnu_cxx13new_allocatorISt6vectorIiSaIiEEED2Ev
FN:89,_ZN9__gnu_cxx13new_allocatorIiED2Ev
FNDA:0,_ZN9__gnu_cxx13new_allocatorIiED2Ev
FN:103,_ZN9__gnu_cxx13new_allocatorISt6vectorIiSaIiEEE8allocateEmPKv
FNDA:0,_ZN9__gnu_cxx13new_allocatorISt6vectorIiSaIiEEE8allocateEmPKv
FN:103,_ZN9__gnu_cxx13new_allocatorIiE8allocateEmPKv
FNDA:0,_ZN9__gnu_cxx13new_allocatorIiE8allocateEmPKv
FN:132,_ZN9__gnu_cxx13new_allocatorISt6vectorIiSaIiEEE10deallocateEPS3_m
FNDA:0,_ZN9__gnu_cxx13new_allocatorISt6vectorIiSaIiEEE10deallocateEPS3_m
FN:132,_ZN9__gnu_cxx13new_allocatorIiE10deallocateEPim
FNDA:0,_ZN9__gnu_cxx13new_allocatorIiE10deallocateEPim
FN:154,_ZNK9__gnu_cxx13new_allocatorISt6vectorIiSaIiEEE8max_sizeEv
FNDA:0,_ZNK9__gnu_cxx13new_allocatorISt6vectorIiSaIiEEE8max_sizeEv
FN:154,_ZNK9__gnu_cxx13new_allocatorIiE8max_sizeEv
FNDA:0,_ZNK9__gnu_cxx13new_allocatorIiE8max_sizeEv
FN:197,_ZNK9__gnu_cxx13new_allocatorISt6vectorIiSaIiEEE11_M_max_sizeEv
FNDA:0,_ZNK9__gnu_cxx13new_allocatorISt6vectorIiSaIiEEE11_M_max_sizeEv
FN:197,_ZNK9__gnu_cxx13new_allocatorIiE11_M_max_sizeEv
FNDA:0,_ZNK9__gnu_cxx13new_allocatorIiE11_M_max_sizeEv
DA:79,0
DA:79,0
DA:82,0
DA:82,0
DA:89,0
DA:89,0
DA:103,0
DA:111,0
DA:115,0
DA:116,0
DA:117,0
DA:127,0
DA:103,0
DA:111,0
DA:115,0
DA:116,0
DA:117,0
DA:127,0
DA:132,0
DA:145,0
DA:132,0
DA:145,0
DA:154,0
DA:155,0
DA:154,0
DA:155,0
DA:197,0
DA:200,0
DA:197,0
DA:200,0
end_of_record
SF:/usr/include/c++/11/bits/stl_uninitialized.h
FN:108,_ZNSt20__uninitialized_copyILb1EE13__uninit_copyIN9__gnu_cxx17__normal_iteratorIPKiSt6vectorIiSaIiEEEEPiEET0_T_SC_SB_
FNDA:0,_ZNSt20__uninitialized_copyILb1EE13__uninit_copyIN9__gnu_cxx17__normal_iteratorIPKiSt6vectorIiSaIiEEEEPiEET0_T_SC_SB_
FN:126,_ZSt18uninitialized_copyIN9__gnu_cxx17__normal_iteratorIPKiSt6vectorIiSaIiEEEEPiET0_T_SA_S9_
FNDA:0,_ZSt18uninitialized_copyIN9__gnu_cxx17__normal_iteratorIPKiSt6vectorIiSaIiEEEEPiET0_T_SA_S9_
FN:230,_ZNSt22__uninitialized_fill_nILb0EE15__uninit_fill_nIPSt6vectorIiSaIiEEmS4_EET_S6_T0_RKT1_
FNDA:0,_ZNSt22__uninitialized_fill_nILb0EE15__uninit_fill_nIPSt6vectorIiSaIiEEmS4_EET_S6_T0_RKT1_
FN:253,_ZNSt22__uninitialized_fill_nILb1EE15__uninit_fill_nIPimiEET_S3_T0_RKT1_
FNDA:0,_ZNSt22__uninitialized_fill_nILb1EE15__uninit_fill_nIPimiEET_S3_T0_RKT1_
FN:273,_ZSt20uninitialized_fill_nIPSt6vectorIiSaIiEEmS2_ET_S4_T0_RKT1_
FNDA:0,_ZSt20uninitialized_fill_nIPSt6vectorIiSaIiEEmS2_ET_S4_T0_RKT1_
FN:273,_ZSt20uninitialized_fill_nIPimiET_S1_T0_RKT1_
FNDA:0,_ZSt20uninitialized_fill_nIPimiET_S1_T0_RKT1_
FN:331,_ZSt22__uninitialized_copy_aIN9__gnu_cxx17__normal_iteratorIPKiSt6vectorIiSaIiEEEEPiiET0_T_SA_S9_RSaIT1_E
FNDA:0,_ZSt22__uninitialized_copy_aIN9__gnu_cxx17__normal_iteratorIPKiSt6vectorIiSaIiEEEEPiiET0_T_SA_S9_RSaIT1_E
FN:408,_ZSt24__uninitialized_fill_n_aIPSt6vectorIiSaIiEEmS2_S2_ET_S4_T0_RKT1_RSaIT2_E
FNDA:0,_ZSt24__uninitialized_fill_n_aIPSt6vectorIiSaIiEEmS2_S2_ET_S4_T0_RKT1_RSaIT2_E
FN:408,_ZSt24__uninitialized_fill_n_aIPimiiET_S1_T0_RKT1_RSaIT2_E
FNDA:0,_ZSt24__uninitialized_fill_n_aIPimiiET_S1_T0_RKT1_RSaIT2_E
FN:595,_ZNSt27__uninitialized_default_n_1ILb1EE18__uninit_default_nIPimEET_S3_T0_
FNDA:0,_ZNSt27__uninitialized_default_n_1ILb1EE18__uninit_default_nIPimEET_S3_T0_
FN:630,_ZSt25__uninitialized_default_nIPimET_S1_T0_
FNDA:0,_ZSt25__uninitialized_default_nIPimET_S1_T0_
FN:702,_ZSt27__uninitialized_default_n_aIPimiET_S1_T0_RSaIT1_E
FNDA:0,_ZSt27__uninitialized_default_n_aIPimiET_S1_T0_RSaIT1_E
DA:108,0
DA:110,0
DA:126,0
DA:145,0
DA:151,0
DA:230,0
DA:233,0
DA:236,0
DA:237,0
DA:238,0
DA:240,0
DA:242,0
DA:243,0
DA:253,0
DA:255,0
DA:273,0
DA:293,0
DA:297,0
DA:273,0
DA:293,0
DA:297,0
DA:331,0
DA:333,0
DA:408,0
DA:410,0
DA:408,0
DA:410,0
DA:595,0
DA:597,0
DA:600,0
DA:601,0
DA:602,0
DA:603,0
DA:605,0
DA:630,0
DA:635,0
DA:640,0
DA:702,0
DA:704,0
end_of_record
TN:
SF:/home/noam/Desktop/OS_updated/EX4/7/Server/Server.h
end_of_record
SF:/usr/include/c++/11/bits/alloc_traits.h
FN:495,_ZNSt16allocator_traitsISaI4EdgeEE10deallocateERS1_PS0_m
FNDA:0,_ZNSt16allocator_traitsISaI4EdgeEE10deallocateERS1_PS0_m
FN:845,_ZSt8_DestroyIP4EdgeS0_EvT_S2_RSaIT0_E
FNDA:0,_ZSt8_DestroyIP4EdgeS0_EvT_S2_RSaIT0_E
DA:495,0
DA:496,0
DA:845,0
DA:848,0
DA:849,0
end_of_record
SF:/usr/include/c++/11/bits/char_traits.h
FN:106,_ZN9__gnu_cxx11char_traitsIcE2eqERKcS3_
FNDA:0,_ZN9__gnu_cxx11char_traitsIcE2eqERKcS3_
FN:167,_ZN9__gnu_cxx11char_traitsIcE6lengthEPKc
FNDA:0,_ZN9__gnu_cxx11char_traitsIcE6lengthEPKc
FN:393,_ZNSt11char_traitsIcE6lengthEPKc
FNDA:0,_ZNSt11char_traitsIcE6lengthEPKc
DA:106,0
DA:107,0
DA:167,0
DA:170,0
DA:171,0
DA:172,0
DA:173,0
DA:290,0
DA:393,0
DA:396,0
DA:397,0
DA:399,0
end_of_record
SF:/usr/include/c++/11/bits/stl_iterator_base_funcs.h
FN:98,_ZSt10__distanceIPKcENSt15iterator_traitsIT_E15difference_typeES3_S3_St26random_access_iterator_tag
FNDA:0,_ZSt10__distanceIPKcENSt15iterator_traitsIT_E15difference_typeES3_S3_St26random_access_iterator_tag
FN:138,_ZSt8distanceIPKcENSt15iterator_traitsIT_E15difference_typeES3_S3_
FNDA:0,_ZSt8distanceIPKcENSt15iterator_traitsIT_E15difference_typeES3_S3_
DA:98,0
DA:104,0
DA:138,0
DA:141,0
DA:142,0
end_of_record
SF:/home/noam/Desktop/OS_updated/EX4/7/Server/Server.cpp
FN:22,_ZN6ServerC2Ev
FNDA:1,_ZN6ServerC2Ev
FN:26,_ZN6Server3runEv
FNDA:1,_ZN6Server3runEv
FN:92,_ZN6Server13handleCommandB5cxx11EPc
FNDA:31,_ZN6Server13handleCommandB5cxx11EPc
FN:125,_ZN6Server3addB5cxx11Ev
FNDA:16,_ZN6Server3addB5cxx11Ev
FN:143,_ZN6Server4addwB5cxx11Ev
FNDA:5,_ZN6Server4addwB5cxx11Ev
FN:167,_ZN6Server5cleanB5cxx11Ev
FNDA:4,_ZN6Server5cleanB5cxx11Ev
FN:179,main
FNDA:1,main
DA:22,1
DA:24,1
DA:26,1
DA:29,1
DA:37,1
DA:39,0
DA:40,0
DA:43,1
DA:45,1
DA:48,1
DA:50,1
DA:51,1
DA:52,1
DA:54,0
DA:55,0
DA:57,1
DA:59,0
DA:60,0
DA:62,1
DA:66,2
DA:67,2
DA:68,2
DA:70,0
DA:71,0
DA:73,2
DA:74,1
DA:77,1
DA:78,1
DA:79,32
DA:81,31
DA:82,31
DA:84,31
DA:85,31
DA:86,31
DA:88,1
DA:89,1
DA:90,1
DA:92,31
DA:94,31
DA:95,31
DA:97,0
DA:99,31
DA:101,16
DA:103,15
DA:105,5
DA:107,10
DA:109,4
DA:111,6
DA:113,1
DA:116,5
DA:117,5
DA:118,5
DA:120,5
DA:122,0
DA:125,16
DA:127,16
DA:128,16
DA:130,0
DA:132,16
DA:133,16
DA:134,16
DA:136,0
DA:138,16
DA:139,16
DA:140,16
DA:143,5
DA:145,5
DA:146,5
DA:148,0
DA:150,5
DA:151,5
DA:152,5
DA:154,0
DA:156,5
DA:157,5
DA:158,5
DA:160,0
DA:162,5
DA:163,5
DA:164,5
DA:167,4
DA:169,4
DA:170,4
DA:172,4
DA:173,4
DA:174,4
DA:176,0
DA:179,1
DA:181,1
DA:182,1
DA:183,1
DA:184,1
end_of_record
SF:/usr/include/c++/11/bits/stl_iterator_base_types.h
FN:238,_ZSt19__iterator_categoryIPKcENSt15iterator_traitsIT_E17iterator_categoryERKS3_
FNDA:0,_ZSt19__iterator_categoryIPKcENSt15iterator_traitsIT_E17iterator_categoryERKS3_
DA:238,0
DA:239,0
end_of_record
SF:/usr/include/c++/11/bits/allocator.h
FN:174,_ZNSaI4EdgeED2Ev
FNDA:0,_ZNSaI4EdgeED2Ev
DA:174,0
end_of_record
SF:/usr/include/c++/11/bits/stl_construct.h
FN:172,_ZNSt12_Destroy_auxILb1EE9__destroyIP4EdgeEEvT_S4_
FNDA:0,_ZNSt12_Destroy_auxILb1EE9__destroyIP4EdgeEEvT_S4_
FN:182,_ZSt8_DestroyIP4EdgeEvT_S2_
FNDA:0,_ZSt8_DestroyIP4EdgeEvT_S2_
DA:172,0
DA:182,0
DA:196,0
DA:197,0
end_of_record
SF:/usr/include/c++/11/ext/type_traits.h
FN:152,_ZN9__gnu_cxx17__is_null_pointerIKcEEbPT_
FNDA:0,_ZN9__gnu_cxx17__is_null_pointerIKcEEbPT_
DA:152,0
DA:153,0
end_of_record
SF:/usr/include/c++/11/iostream
end_of_record
SF:/home/noam/Desktop/OS_updated/EX4/7/Server/Graph.h
end_of_record
SF:/usr/include/c++/11/ext/new_allocator.h
FN:79,_ZN9__gnu_cxx13new_allocatorIcEC2Ev
FNDA:0,_ZN9__gnu_cxx13new_allocatorIcEC2Ev
FN:89,_ZN9__gnu_cxx13new_allocatorI4EdgeED2Ev
FNDA:0,_ZN9__gnu_cxx13new_allocatorI4EdgeED2Ev
FN:89,_ZN9__gnu_cxx13new_allocatorIcED2Ev
FNDA:0,_ZN9__gnu_cxx13new_allocatorIcED2Ev
FN:132,_ZN9__gnu_cxx13new_allocatorI4EdgeE10deallocateEPS1_m
FNDA:0,_ZN9__gnu_cxx13new_allocatorI4EdgeE10deallocateEPS1_m
DA:79,0
DA:89,0
DA:89,0
DA:132,0
DA:145,0
end_of_record
SF:/usr/include/c++/11/bits/stl_vector.h
FN:276,_ZNSt12_Vector_baseI4EdgeSaIS0_EE19_M_get_Tp_allocatorEv
FNDA:0,_ZNSt12_Vector_baseI4EdgeSaIS0_EE19_M_get_Tp_allocatorEv
FN:333,_ZNSt12_Vector_baseI4EdgeSaIS0_EED2Ev
FNDA:0,_ZNSt12_Vector_baseI4EdgeSaIS0_EED2Ev
FN:350,_ZNSt12_Vector_baseI4EdgeSaIS0_EE13_M_deallocateEPS0_m
FNDA:0,_ZNSt12_Vector_baseI4EdgeSaIS0_EE13_M_deallocateEPS0_m
FN:678,_ZNSt6vectorI4EdgeSaIS0_EED2Ev
FNDA:0,_ZNSt6vectorI4EdgeSaIS0_EED2Ev
DA:276,0
DA:277,0
DA:333,0
DA:335,0
DA:336,0
DA:337,0
DA:350,0
DA:353,0
DA:354,0
DA:355,0
DA:678,0
DA:680,0
DA:681,0
DA:683,0
end_of_record
SF:/usr/include/c++/11/bits/basic_string.h
FN:533,_ZNSt7__cxx1112basic_stringIcSt11char_traitsIcESaIcEEC2IS3_EEPKcRKS3_
FNDA:0,_ZNSt7__cxx1112basic_stringIcSt11char_traitsIcESaIcEEC2IS3_EEPKcRKS3_
DA:533,0
DA:534,0
DA:536,0
DA:539,0
DA:540,0
end_of_record
SF:/usr/include/c++/11/bits/basic_string.tcc
FN:206,_ZNSt7__cxx1112basic_stringIcSt11char_traitsIcESaIcEE12_M_constructIPKcEEvT_S8_St20forward_iterator_tag
FNDA:0,_ZNSt7__cxx1112basic_stringIcSt11char_traitsIcESaIcEE12_M_constructIPKcEEvT_S8_St20forward_iterator_tag
DA:206,0
DA:211,0
DA:212,0
DA:215,0
DA:217,0
DA:219,0
DA:220,0
DA:225,0
DA:226,0
DA:228,0
DA:229,0
DA:232,0
DA:233,0
end_of_record
TN:
SF:/home/noam/Desktop/OS_updated/EX4/7/Server/GraphAlgorithm.cpp
FN:3,_ZN14GraphAlgorithmC2Ev
FNDA:5,_ZN14GraphAlgorithmC2Ev
DA:3,5
DA:5,5
end_of_record
