TN:
SF:/usr/include/c++/11/ext/new_allocator.h
FN:79,_ZN9__gnu_cxx13new_allocatorIcEC2Ev
FNDA:0,_ZN9__gnu_cxx13new_allocatorIcEC2Ev
FN:89,_ZN9__gnu_cxx13new_allocatorIcED2Ev
FNDA:0,_ZN9__gnu_cxx13new_allocatorIcED2Ev
DA:79,0
DA:89,0
end_of_record
SF:/usr/include/c++/11/bits/basic_string.h
FN:6248,_ZSteqIcSt11char_traitsIcESaIcEEbRKNSt7__cxx1112basic_stringIT_T0_T1_EEPKS5_
FNDA:8,_ZSteqIcSt11char_traitsIcESaIcEEbRKNSt7__cxx1112basic_stringIT_T0_T1_EEPKS5_
DA:6248,8
DA:6250,8
end_of_record
SF:/usr/include/c++/11/bits/move.h
FN:104,_ZSt4moveIRSaIcEEONSt16remove_referenceIT_E4typeEOS3_
FNDA:0,_ZSt4moveIRSaIcEEONSt16remove_referenceIT_E4typeEOS3_
DA:104,0
DA:105,0
end_of_record
SF:/home/noam/Desktop/OS_updated/EX4/6/Client/Client.cpp
FN:21,_ZN6ClientC2Ev
FNDA:1,_ZN6ClientC2Ev
FN:25,_ZN6Client3runEv
FNDA:1,_ZN6Client3runEv
FN:73,main
FNDA:1,main
DA:21,1
DA:23,1
DA:25,1
DA:28,1
DA:32,1
DA:34,0
DA:35,0
DA:38,1
DA:39,1
DA:40,1
DA:42,1
DA:43,1
DA:44,1
DA:46,0
DA:47,0
DA:49,1
DA:50,1
DA:52,1
DA:55,8
DA:57,1
DA:58,1
DA:60,7
DA:61,7
DA:62,7
DA:64,7
DA:66,7
DA:68,7
DA:69,7
DA:70,1
DA:71,1
DA:73,1
DA:75,1
DA:76,1
DA:77,1
end_of_record
SF:/usr/include/c++/11/iostream
end_of_record
